This file contains any messages produced by compilers while
running configure, to aid debugging if configure makes a mistake.

It was created by cpplib configure  , which was
generated by GNU Autoconf 2.59.  Invocation command line was

  $ /home/zhangsiyu/pc018work-v15-at/apv5sdk-v15/build/gcc-4.3.3/toolchain_build_mips/gcc-4.3.3/libcpp/configure --cache-file=./config.cache --with-stabs --prefix=/home/zhangsiyu/pc018work-v15-at/apv5sdk-v15/build/gcc-4.3.3/build_mips/staging_dir/usr --with-sysroot=/home/zhangsiyu/pc018work-v15-at/apv5sdk-v15/build/gcc-4.3.3/toolchain_build_mips/uClibc_dev/ --disable-__cxa_atexit --enable-target-optspace --with-gnu-ld --disable-shared --disable-libssp --disable-tls --with-gmp=/home/zhangsiyu/pc018work-v15-at/apv5sdk-v15/build/gcc-4.3.3/toolchain_build_mips/gmp --with-mpfr=/home/zhangsiyu/pc018work-v15-at/apv5sdk-v15/build/gcc-4.3.3/toolchain_build_mips/mpfr --disable-nls --enable-threads --disable-multilib --disable-decimal-float --with-float=soft --with-abi=32 --with-tune=mips32r2 --enable-languages=c --program-transform-name=s,^,mips-linux-uclibc-, --build=i386-pc-linux-gnu --host=i386-pc-linux-gnu --target=mips-linux-uclibc --srcdir=/home/zhangsiyu/pc018work-v15-at/apv5sdk-v15/build/gcc-4.3.3/toolchain_build_mips/gcc-4.3.3/libcpp

## --------- ##
## Platform. ##
## --------- ##

hostname = debian
uname -m = i686
uname -r = 2.6.32-5-686
uname -s = Linux
uname -v = #1 SMP Mon Sep 23 23:00:18 UTC 2013

/usr/bin/uname -p = unknown
/bin/uname -X     = unknown

/bin/arch              = unknown
/usr/bin/arch -k       = unknown
/usr/convex/getsysinfo = unknown
hostinfo               = unknown
/bin/machine           = unknown
/usr/bin/oslevel       = unknown
/bin/universe          = unknown

PATH: /home/zhangsiyu/pc018work-v15-at/apv5sdk-v15/build/../build/util
PATH: /home/zhangsiyu/pc018work-v15-at/apv5sdk-v15/build/../build/gcc-4.3.3/build_mips/staging_dir/usr//bin
PATH: /home/zhangsiyu/pc018work-v15-at/apv5sdk-v15/build/../linux
PATH: /home/zhangsiyu/pc018work-v15-at/apv5sdk-v15/build/../build
PATH: /home/zhangsiyu/pc018work-v15-at/apv5sdk-v15/build/../boot/redboot/ecos/tools/bin
PATH: `pwd`
PATH: /opt/hisi-linux/x86-arm/arm-hisiv200-linux/target/bin
PATH: /usr/local/bin
PATH: /usr/bin
PATH: /bin
PATH: /usr/local/games
PATH: /usr/games


## ----------- ##
## Core tests. ##
## ----------- ##

configure:1234: creating cache ./config.cache
configure:1365: checking build system type
configure:1383: result: i386-pc-linux-gnu
configure:1391: checking host system type
configure:1405: result: i386-pc-linux-gnu
configure:1413: checking target system type
configure:1427: result: mips-unknown-linux-uclibc
configure:1443: checking whether make sets $(MAKE)
configure:1463: result: yes
configure:1485: checking for a BSD-compatible install
configure:1540: result: /usr/bin/install -c
configure:1559: checking for i386-pc-linux-gnu-gcc
configure:1585: result: /usr/bin/gcc -I/home/zhangsiyu/pc018work-v15-at/apv5sdk-v15/build/gcc-4.3.3/build_mips/host_dir/include -I/home/zhangsiyu/pc018work-v15-at/apv5sdk-v15/build/gcc-4.3.3/build_mips/host_dir/usr/include
configure:1867: checking for C compiler version
configure:1870: /usr/bin/gcc -I/home/zhangsiyu/pc018work-v15-at/apv5sdk-v15/build/gcc-4.3.3/build_mips/host_dir/include -I/home/zhangsiyu/pc018work-v15-at/apv5sdk-v15/build/gcc-4.3.3/build_mips/host_dir/usr/include --version </dev/null >&5
gcc (Debian 4.4.5-8) 4.4.5
Copyright (C) 2010 Free Software Foundation, Inc.
This is free software; see the source for copying conditions.  There is NO
warranty; not even for MERCHANTABILITY or FITNESS FOR A PARTICULAR PURPOSE.

configure:1873: $? = 0
configure:1875: /usr/bin/gcc -I/home/zhangsiyu/pc018work-v15-at/apv5sdk-v15/build/gcc-4.3.3/build_mips/host_dir/include -I/home/zhangsiyu/pc018work-v15-at/apv5sdk-v15/build/gcc-4.3.3/build_mips/host_dir/usr/include -v </dev/null >&5
Using built-in specs.
Target: i486-linux-gnu
Configured with: ../src/configure -v --with-pkgversion='Debian 4.4.5-8' --with-bugurl=file:///usr/share/doc/gcc-4.4/README.Bugs --enable-languages=c,c++,fortran,objc,obj-c++ --prefix=/usr --program-suffix=-4.4 --enable-shared --enable-multiarch --enable-linker-build-id --with-system-zlib --libexecdir=/usr/lib --without-included-gettext --enable-threads=posix --with-gxx-include-dir=/usr/include/c++/4.4 --libdir=/usr/lib --enable-nls --enable-clocale=gnu --enable-libstdcxx-debug --enable-objc-gc --enable-targets=all --with-arch-32=i586 --with-tune=generic --enable-checking=release --build=i486-linux-gnu --host=i486-linux-gnu --target=i486-linux-gnu
Thread model: posix
gcc version 4.4.5 (Debian 4.4.5-8) 
configure:1878: $? = 0
configure:1880: /usr/bin/gcc -I/home/zhangsiyu/pc018work-v15-at/apv5sdk-v15/build/gcc-4.3.3/build_mips/host_dir/include -I/home/zhangsiyu/pc018work-v15-at/apv5sdk-v15/build/gcc-4.3.3/build_mips/host_dir/usr/include -V </dev/null >&5
gcc: '-V' must come at the start of the command line
configure:1883: $? = 1
configure:1906: checking for C compiler default output file name
configure:1909: /usr/bin/gcc -I/home/zhangsiyu/pc018work-v15-at/apv5sdk-v15/build/gcc-4.3.3/build_mips/host_dir/include -I/home/zhangsiyu/pc018work-v15-at/apv5sdk-v15/build/gcc-4.3.3/build_mips/host_dir/usr/include -g -O2   conftest.c  >&5
configure:1912: $? = 0
configure:1958: result: a.out
configure:1963: checking whether the C compiler works
configure:1969: ./a.out
configure:1972: $? = 0
configure:1989: result: yes
configure:1996: checking whether we are cross compiling
configure:1998: result: no
configure:2001: checking for suffix of executables
configure:2003: /usr/bin/gcc -I/home/zhangsiyu/pc018work-v15-at/apv5sdk-v15/build/gcc-4.3.3/build_mips/host_dir/include -I/home/zhangsiyu/pc018work-v15-at/apv5sdk-v15/build/gcc-4.3.3/build_mips/host_dir/usr/include -o conftest -g -O2   conftest.c  >&5
configure:2006: $? = 0
configure:2031: result: 
configure:2037: checking for suffix of object files
configure:2058: /usr/bin/gcc -I/home/zhangsiyu/pc018work-v15-at/apv5sdk-v15/build/gcc-4.3.3/build_mips/host_dir/include -I/home/zhangsiyu/pc018work-v15-at/apv5sdk-v15/build/gcc-4.3.3/build_mips/host_dir/usr/include -c -g -O2  conftest.c >&5
configure:2061: $? = 0
configure:2083: result: o
configure:2087: checking whether we are using the GNU C compiler
configure:2111: /usr/bin/gcc -I/home/zhangsiyu/pc018work-v15-at/apv5sdk-v15/build/gcc-4.3.3/build_mips/host_dir/include -I/home/zhangsiyu/pc018work-v15-at/apv5sdk-v15/build/gcc-4.3.3/build_mips/host_dir/usr/include -c -g -O2  conftest.c >&5
configure:2117: $? = 0
configure:2121: test -z 
			 || test ! -s conftest.err
configure:2124: $? = 0
configure:2127: test -s conftest.o
configure:2130: $? = 0
configure:2143: result: yes
configure:2149: checking whether /usr/bin/gcc -I/home/zhangsiyu/pc018work-v15-at/apv5sdk-v15/build/gcc-4.3.3/build_mips/host_dir/include -I/home/zhangsiyu/pc018work-v15-at/apv5sdk-v15/build/gcc-4.3.3/build_mips/host_dir/usr/include accepts -g
configure:2170: /usr/bin/gcc -I/home/zhangsiyu/pc018work-v15-at/apv5sdk-v15/build/gcc-4.3.3/build_mips/host_dir/include -I/home/zhangsiyu/pc018work-v15-at/apv5sdk-v15/build/gcc-4.3.3/build_mips/host_dir/usr/include -c -g  conftest.c >&5
configure:2176: $? = 0
configure:2180: test -z 
			 || test ! -s conftest.err
configure:2183: $? = 0
configure:2186: test -s conftest.o
configure:2189: $? = 0
configure:2200: result: yes
configure:2217: checking for /usr/bin/gcc -I/home/zhangsiyu/pc018work-v15-at/apv5sdk-v15/build/gcc-4.3.3/build_mips/host_dir/include -I/home/zhangsiyu/pc018work-v15-at/apv5sdk-v15/build/gcc-4.3.3/build_mips/host_dir/usr/include option to accept ANSI C
configure:2287: /usr/bin/gcc -I/home/zhangsiyu/pc018work-v15-at/apv5sdk-v15/build/gcc-4.3.3/build_mips/host_dir/include -I/home/zhangsiyu/pc018work-v15-at/apv5sdk-v15/build/gcc-4.3.3/build_mips/host_dir/usr/include  -c -g -O2  conftest.c >&5
configure:2293: $? = 0
configure:2297: test -z 
			 || test ! -s conftest.err
configure:2300: $? = 0
configure:2303: test -s conftest.o
configure:2306: $? = 0
configure:2324: result: none needed
configure:2342: /usr/bin/gcc -I/home/zhangsiyu/pc018work-v15-at/apv5sdk-v15/build/gcc-4.3.3/build_mips/host_dir/include -I/home/zhangsiyu/pc018work-v15-at/apv5sdk-v15/build/gcc-4.3.3/build_mips/host_dir/usr/include -c -g -O2  conftest.c >&5
conftest.c:2: error: expected '=', ',', ';', 'asm' or '__attribute__' before 'me'
configure:2348: $? = 1
configure: failed program was:
| #ifndef __cplusplus
|   choke me
| #endif
configure:2484: checking for i386-pc-linux-gnu-ranlib
configure:2510: result: ranlib
configure:2567: checking for aclocal
configure:2583: found /usr/local/bin/aclocal
configure:2593: result: aclocal
configure:2608: checking for autoconf
configure:2624: found /usr/bin/autoconf
configure:2634: result: autoconf
configure:2649: checking for autoheader
configure:2665: found /usr/bin/autoheader
configure:2675: result: autoheader
configure:2698: checking whether /usr/bin/gcc -I/home/zhangsiyu/pc018work-v15-at/apv5sdk-v15/build/gcc-4.3.3/build_mips/host_dir/include -I/home/zhangsiyu/pc018work-v15-at/apv5sdk-v15/build/gcc-4.3.3/build_mips/host_dir/usr/include supports -W
configure:2720: /usr/bin/gcc -I/home/zhangsiyu/pc018work-v15-at/apv5sdk-v15/build/gcc-4.3.3/build_mips/host_dir/include -I/home/zhangsiyu/pc018work-v15-at/apv5sdk-v15/build/gcc-4.3.3/build_mips/host_dir/usr/include -c -W  conftest.c >&5
configure:2726: $? = 0
configure:2730: test -z 
			 || test ! -s conftest.err
configure:2733: $? = 0
configure:2736: test -s conftest.o
configure:2739: $? = 0
configure:2751: result: yes
configure:2698: checking whether /usr/bin/gcc -I/home/zhangsiyu/pc018work-v15-at/apv5sdk-v15/build/gcc-4.3.3/build_mips/host_dir/include -I/home/zhangsiyu/pc018work-v15-at/apv5sdk-v15/build/gcc-4.3.3/build_mips/host_dir/usr/include supports -Wall
configure:2720: /usr/bin/gcc -I/home/zhangsiyu/pc018work-v15-at/apv5sdk-v15/build/gcc-4.3.3/build_mips/host_dir/include -I/home/zhangsiyu/pc018work-v15-at/apv5sdk-v15/build/gcc-4.3.3/build_mips/host_dir/usr/include -c -Wall  conftest.c >&5
configure:2726: $? = 0
configure:2730: test -z 
			 || test ! -s conftest.err
configure:2733: $? = 0
configure:2736: test -s conftest.o
configure:2739: $? = 0
configure:2751: result: yes
configure:2698: checking whether /usr/bin/gcc -I/home/zhangsiyu/pc018work-v15-at/apv5sdk-v15/build/gcc-4.3.3/build_mips/host_dir/include -I/home/zhangsiyu/pc018work-v15-at/apv5sdk-v15/build/gcc-4.3.3/build_mips/host_dir/usr/include supports -Wwrite-strings
configure:2720: /usr/bin/gcc -I/home/zhangsiyu/pc018work-v15-at/apv5sdk-v15/build/gcc-4.3.3/build_mips/host_dir/include -I/home/zhangsiyu/pc018work-v15-at/apv5sdk-v15/build/gcc-4.3.3/build_mips/host_dir/usr/include -c -Wwrite-strings  conftest.c >&5
configure:2726: $? = 0
configure:2730: test -z 
			 || test ! -s conftest.err
configure:2733: $? = 0
configure:2736: test -s conftest.o
configure:2739: $? = 0
configure:2751: result: yes
configure:2698: checking whether /usr/bin/gcc -I/home/zhangsiyu/pc018work-v15-at/apv5sdk-v15/build/gcc-4.3.3/build_mips/host_dir/include -I/home/zhangsiyu/pc018work-v15-at/apv5sdk-v15/build/gcc-4.3.3/build_mips/host_dir/usr/include supports -Wstrict-prototypes
configure:2720: /usr/bin/gcc -I/home/zhangsiyu/pc018work-v15-at/apv5sdk-v15/build/gcc-4.3.3/build_mips/host_dir/include -I/home/zhangsiyu/pc018work-v15-at/apv5sdk-v15/build/gcc-4.3.3/build_mips/host_dir/usr/include -c -Wstrict-prototypes  conftest.c >&5
conftest.c:12: warning: function declaration isn't a prototype
configure:2726: $? = 0
configure:2730: test -z 
			 || test ! -s conftest.err
configure:2733: $? = 0
configure:2736: test -s conftest.o
configure:2739: $? = 0
configure:2751: result: yes
configure:2698: checking whether /usr/bin/gcc -I/home/zhangsiyu/pc018work-v15-at/apv5sdk-v15/build/gcc-4.3.3/build_mips/host_dir/include -I/home/zhangsiyu/pc018work-v15-at/apv5sdk-v15/build/gcc-4.3.3/build_mips/host_dir/usr/include supports -Wmissing-prototypes
configure:2720: /usr/bin/gcc -I/home/zhangsiyu/pc018work-v15-at/apv5sdk-v15/build/gcc-4.3.3/build_mips/host_dir/include -I/home/zhangsiyu/pc018work-v15-at/apv5sdk-v15/build/gcc-4.3.3/build_mips/host_dir/usr/include -c -Wmissing-prototypes  conftest.c >&5
configure:2726: $? = 0
configure:2730: test -z 
			 || test ! -s conftest.err
configure:2733: $? = 0
configure:2736: test -s conftest.o
configure:2739: $? = 0
configure:2751: result: yes
configure:2698: checking whether /usr/bin/gcc -I/home/zhangsiyu/pc018work-v15-at/apv5sdk-v15/build/gcc-4.3.3/build_mips/host_dir/include -I/home/zhangsiyu/pc018work-v15-at/apv5sdk-v15/build/gcc-4.3.3/build_mips/host_dir/usr/include supports -Wold-style-definition
configure:2720: /usr/bin/gcc -I/home/zhangsiyu/pc018work-v15-at/apv5sdk-v15/build/gcc-4.3.3/build_mips/host_dir/include -I/home/zhangsiyu/pc018work-v15-at/apv5sdk-v15/build/gcc-4.3.3/build_mips/host_dir/usr/include -c -Wold-style-definition  conftest.c >&5
conftest.c: In function 'main':
conftest.c:11: warning: old-style function definition
configure:2726: $? = 0
configure:2730: test -z 
			 || test ! -s conftest.err
configure:2733: $? = 0
configure:2736: test -s conftest.o
configure:2739: $? = 0
configure:2751: result: yes
configure:2698: checking whether /usr/bin/gcc -I/home/zhangsiyu/pc018work-v15-at/apv5sdk-v15/build/gcc-4.3.3/build_mips/host_dir/include -I/home/zhangsiyu/pc018work-v15-at/apv5sdk-v15/build/gcc-4.3.3/build_mips/host_dir/usr/include supports -Wmissing-format-attribute
configure:2720: /usr/bin/gcc -I/home/zhangsiyu/pc018work-v15-at/apv5sdk-v15/build/gcc-4.3.3/build_mips/host_dir/include -I/home/zhangsiyu/pc018work-v15-at/apv5sdk-v15/build/gcc-4.3.3/build_mips/host_dir/usr/include -c -Wmissing-format-attribute  conftest.c >&5
configure:2726: $? = 0
configure:2730: test -z 
			 || test ! -s conftest.err
configure:2733: $? = 0
configure:2736: test -s conftest.o
configure:2739: $? = 0
configure:2751: result: yes
configure:2762: checking whether /usr/bin/gcc -I/home/zhangsiyu/pc018work-v15-at/apv5sdk-v15/build/gcc-4.3.3/build_mips/host_dir/include -I/home/zhangsiyu/pc018work-v15-at/apv5sdk-v15/build/gcc-4.3.3/build_mips/host_dir/usr/include supports -pedantic -Wno-long-long
configure:2785: /usr/bin/gcc -I/home/zhangsiyu/pc018work-v15-at/apv5sdk-v15/build/gcc-4.3.3/build_mips/host_dir/include -I/home/zhangsiyu/pc018work-v15-at/apv5sdk-v15/build/gcc-4.3.3/build_mips/host_dir/usr/include -c -pedantic -Wno-long-long  conftest.c >&5
configure:2791: $? = 0
configure:2795: test -z 
			 || test ! -s conftest.err
configure:2798: $? = 0
configure:2801: test -s conftest.o
configure:2804: $? = 0
configure:2816: result: yes
configure:2862: checking dependency style of /usr/bin/gcc -I/home/zhangsiyu/pc018work-v15-at/apv5sdk-v15/build/gcc-4.3.3/build_mips/host_dir/include -I/home/zhangsiyu/pc018work-v15-at/apv5sdk-v15/build/gcc-4.3.3/build_mips/host_dir/usr/include
configure:2893: trying gcc3
| depmode=gcc3 source=sub/conftest.c object=sub/conftest.o depfile=sub/conftest.Po tmpdepfile=sub/conftest.TPo /bin/sh ./depcomp /usr/bin/gcc -I/home/zhangsiyu/pc018work-v15-at/apv5sdk-v15/build/gcc-4.3.3/build_mips/host_dir/include -I/home/zhangsiyu/pc018work-v15-at/apv5sdk-v15/build/gcc-4.3.3/build_mips/host_dir/usr/include -c -o sub/conftest.o sub/conftest.c
configure:2932: success
configure:2947: result: gcc3
configure:2959: checking whether time.h and sys/time.h may both be included
configure:2984: /usr/bin/gcc -I/home/zhangsiyu/pc018work-v15-at/apv5sdk-v15/build/gcc-4.3.3/build_mips/host_dir/include -I/home/zhangsiyu/pc018work-v15-at/apv5sdk-v15/build/gcc-4.3.3/build_mips/host_dir/usr/include -c -g -O2  conftest.c >&5
configure:2990: $? = 0
configure:2994: test -z 
			 || test ! -s conftest.err
configure:2997: $? = 0
configure:3000: test -s conftest.o
configure:3003: $? = 0
configure:3014: result: yes
configure:3024: checking whether string.h and strings.h may both be included
configure:3046: /usr/bin/gcc -I/home/zhangsiyu/pc018work-v15-at/apv5sdk-v15/build/gcc-4.3.3/build_mips/host_dir/include -I/home/zhangsiyu/pc018work-v15-at/apv5sdk-v15/build/gcc-4.3.3/build_mips/host_dir/usr/include -c -g -O2  conftest.c >&5
configure:3052: $? = 0
configure:3056: test -z 
			 || test ! -s conftest.err
configure:3059: $? = 0
configure:3062: test -s conftest.o
configure:3065: $? = 0
configure:3076: result: yes
configure:3091: checking how to run the C preprocessor
configure:3126: /usr/bin/gcc -I/home/zhangsiyu/pc018work-v15-at/apv5sdk-v15/build/gcc-4.3.3/build_mips/host_dir/include -I/home/zhangsiyu/pc018work-v15-at/apv5sdk-v15/build/gcc-4.3.3/build_mips/host_dir/usr/include -E  conftest.c
configure:3132: $? = 0
configure:3164: /usr/bin/gcc -I/home/zhangsiyu/pc018work-v15-at/apv5sdk-v15/build/gcc-4.3.3/build_mips/host_dir/include -I/home/zhangsiyu/pc018work-v15-at/apv5sdk-v15/build/gcc-4.3.3/build_mips/host_dir/usr/include -E  conftest.c
conftest.c:11:28: error: ac_nonexistent.h: No such file or directory
configure:3170: $? = 1
configure: failed program was:
| /* confdefs.h.  */
| 
| #define PACKAGE_NAME "cpplib"
| #define PACKAGE_TARNAME "cpplib"
| #define PACKAGE_VERSION " "
| #define PACKAGE_STRING "cpplib  "
| #define PACKAGE_BUGREPORT "gcc-bugs@gcc.gnu.org"
| #define TIME_WITH_SYS_TIME 1
| #define STRING_WITH_STRINGS 1
| /* end confdefs.h.  */
| #include <ac_nonexistent.h>
configure:3209: result: /usr/bin/gcc -I/home/zhangsiyu/pc018work-v15-at/apv5sdk-v15/build/gcc-4.3.3/build_mips/host_dir/include -I/home/zhangsiyu/pc018work-v15-at/apv5sdk-v15/build/gcc-4.3.3/build_mips/host_dir/usr/include -E
configure:3233: /usr/bin/gcc -I/home/zhangsiyu/pc018work-v15-at/apv5sdk-v15/build/gcc-4.3.3/build_mips/host_dir/include -I/home/zhangsiyu/pc018work-v15-at/apv5sdk-v15/build/gcc-4.3.3/build_mips/host_dir/usr/include -E  conftest.c
configure:3239: $? = 0
configure:3271: /usr/bin/gcc -I/home/zhangsiyu/pc018work-v15-at/apv5sdk-v15/build/gcc-4.3.3/build_mips/host_dir/include -I/home/zhangsiyu/pc018work-v15-at/apv5sdk-v15/build/gcc-4.3.3/build_mips/host_dir/usr/include -E  conftest.c
conftest.c:11:28: error: ac_nonexistent.h: No such file or directory
configure:3277: $? = 1
configure: failed program was:
| /* confdefs.h.  */
| 
| #define PACKAGE_NAME "cpplib"
| #define PACKAGE_TARNAME "cpplib"
| #define PACKAGE_VERSION " "
| #define PACKAGE_STRING "cpplib  "
| #define PACKAGE_BUGREPORT "gcc-bugs@gcc.gnu.org"
| #define TIME_WITH_SYS_TIME 1
| #define STRING_WITH_STRINGS 1
| /* end confdefs.h.  */
| #include <ac_nonexistent.h>
configure:3321: checking for egrep
configure:3331: result: grep -E
configure:3336: checking for ANSI C header files
configure:3361: /usr/bin/gcc -I/home/zhangsiyu/pc018work-v15-at/apv5sdk-v15/build/gcc-4.3.3/build_mips/host_dir/include -I/home/zhangsiyu/pc018work-v15-at/apv5sdk-v15/build/gcc-4.3.3/build_mips/host_dir/usr/include -c -g -O2  conftest.c >&5
configure:3367: $? = 0
configure:3371: test -z 
			 || test ! -s conftest.err
configure:3374: $? = 0
configure:3377: test -s conftest.o
configure:3380: $? = 0
configure:3469: /usr/bin/gcc -I/home/zhangsiyu/pc018work-v15-at/apv5sdk-v15/build/gcc-4.3.3/build_mips/host_dir/include -I/home/zhangsiyu/pc018work-v15-at/apv5sdk-v15/build/gcc-4.3.3/build_mips/host_dir/usr/include -o conftest -g -O2   conftest.c  >&5
conftest.c: In function 'main':
conftest.c:28: warning: incompatible implicit declaration of built-in function 'exit'
configure:3472: $? = 0
configure:3474: ./conftest
configure:3477: $? = 0
configure:3492: result: yes
configure:3516: checking for sys/types.h
configure:3532: /usr/bin/gcc -I/home/zhangsiyu/pc018work-v15-at/apv5sdk-v15/build/gcc-4.3.3/build_mips/host_dir/include -I/home/zhangsiyu/pc018work-v15-at/apv5sdk-v15/build/gcc-4.3.3/build_mips/host_dir/usr/include -c -g -O2  conftest.c >&5
configure:3538: $? = 0
configure:3542: test -z 
			 || test ! -s conftest.err
configure:3545: $? = 0
configure:3548: test -s conftest.o
configure:3551: $? = 0
configure:3562: result: yes
configure:3516: checking for sys/stat.h
configure:3532: /usr/bin/gcc -I/home/zhangsiyu/pc018work-v15-at/apv5sdk-v15/build/gcc-4.3.3/build_mips/host_dir/include -I/home/zhangsiyu/pc018work-v15-at/apv5sdk-v15/build/gcc-4.3.3/build_mips/host_dir/usr/include -c -g -O2  conftest.c >&5
configure:3538: $? = 0
configure:3542: test -z 
			 || test ! -s conftest.err
configure:3545: $? = 0
configure:3548: test -s conftest.o
configure:3551: $? = 0
configure:3562: result: yes
configure:3516: checking for stdlib.h
configure:3532: /usr/bin/gcc -I/home/zhangsiyu/pc018work-v15-at/apv5sdk-v15/build/gcc-4.3.3/build_mips/host_dir/include -I/home/zhangsiyu/pc018work-v15-at/apv5sdk-v15/build/gcc-4.3.3/build_mips/host_dir/usr/include -c -g -O2  conftest.c >&5
configure:3538: $? = 0
configure:3542: test -z 
			 || test ! -s conftest.err
configure:3545: $? = 0
configure:3548: test -s conftest.o
configure:3551: $? = 0
configure:3562: result: yes
configure:3516: checking for string.h
configure:3532: /usr/bin/gcc -I/home/zhangsiyu/pc018work-v15-at/apv5sdk-v15/build/gcc-4.3.3/build_mips/host_dir/include -I/home/zhangsiyu/pc018work-v15-at/apv5sdk-v15/build/gcc-4.3.3/build_mips/host_dir/usr/include -c -g -O2  conftest.c >&5
configure:3538: $? = 0
configure:3542: test -z 
			 || test ! -s conftest.err
configure:3545: $? = 0
configure:3548: test -s conftest.o
configure:3551: $? = 0
configure:3562: result: yes
configure:3516: checking for memory.h
configure:3532: /usr/bin/gcc -I/home/zhangsiyu/pc018work-v15-at/apv5sdk-v15/build/gcc-4.3.3/build_mips/host_dir/include -I/home/zhangsiyu/pc018work-v15-at/apv5sdk-v15/build/gcc-4.3.3/build_mips/host_dir/usr/include -c -g -O2  conftest.c >&5
configure:3538: $? = 0
configure:3542: test -z 
			 || test ! -s conftest.err
configure:3545: $? = 0
configure:3548: test -s conftest.o
configure:3551: $? = 0
configure:3562: result: yes
configure:3516: checking for strings.h
configure:3532: /usr/bin/gcc -I/home/zhangsiyu/pc018work-v15-at/apv5sdk-v15/build/gcc-4.3.3/build_mips/host_dir/include -I/home/zhangsiyu/pc018work-v15-at/apv5sdk-v15/build/gcc-4.3.3/build_mips/host_dir/usr/include -c -g -O2  conftest.c >&5
configure:3538: $? = 0
configure:3542: test -z 
			 || test ! -s conftest.err
configure:3545: $? = 0
configure:3548: test -s conftest.o
configure:3551: $? = 0
configure:3562: result: yes
configure:3516: checking for inttypes.h
configure:3532: /usr/bin/gcc -I/home/zhangsiyu/pc018work-v15-at/apv5sdk-v15/build/gcc-4.3.3/build_mips/host_dir/include -I/home/zhangsiyu/pc018work-v15-at/apv5sdk-v15/build/gcc-4.3.3/build_mips/host_dir/usr/include -c -g -O2  conftest.c >&5
configure:3538: $? = 0
configure:3542: test -z 
			 || test ! -s conftest.err
configure:3545: $? = 0
configure:3548: test -s conftest.o
configure:3551: $? = 0
configure:3562: result: yes
configure:3516: checking for stdint.h
configure:3532: /usr/bin/gcc -I/home/zhangsiyu/pc018work-v15-at/apv5sdk-v15/build/gcc-4.3.3/build_mips/host_dir/include -I/home/zhangsiyu/pc018work-v15-at/apv5sdk-v15/build/gcc-4.3.3/build_mips/host_dir/usr/include -c -g -O2  conftest.c >&5
configure:3538: $? = 0
configure:3542: test -z 
			 || test ! -s conftest.err
configure:3545: $? = 0
configure:3548: test -s conftest.o
configure:3551: $? = 0
configure:3562: result: yes
configure:3516: checking for unistd.h
configure:3532: /usr/bin/gcc -I/home/zhangsiyu/pc018work-v15-at/apv5sdk-v15/build/gcc-4.3.3/build_mips/host_dir/include -I/home/zhangsiyu/pc018work-v15-at/apv5sdk-v15/build/gcc-4.3.3/build_mips/host_dir/usr/include -c -g -O2  conftest.c >&5
configure:3538: $? = 0
configure:3542: test -z 
			 || test ! -s conftest.err
configure:3545: $? = 0
configure:3548: test -s conftest.o
configure:3551: $? = 0
configure:3562: result: yes
configure:3598: checking iconv.h usability
configure:3610: /usr/bin/gcc -I/home/zhangsiyu/pc018work-v15-at/apv5sdk-v15/build/gcc-4.3.3/build_mips/host_dir/include -I/home/zhangsiyu/pc018work-v15-at/apv5sdk-v15/build/gcc-4.3.3/build_mips/host_dir/usr/include -c -g -O2  conftest.c >&5
configure:3616: $? = 0
configure:3620: test -z 
			 || test ! -s conftest.err
configure:3623: $? = 0
configure:3626: test -s conftest.o
configure:3629: $? = 0
configure:3639: result: yes
configure:3643: checking iconv.h presence
configure:3653: /usr/bin/gcc -I/home/zhangsiyu/pc018work-v15-at/apv5sdk-v15/build/gcc-4.3.3/build_mips/host_dir/include -I/home/zhangsiyu/pc018work-v15-at/apv5sdk-v15/build/gcc-4.3.3/build_mips/host_dir/usr/include -E  conftest.c
configure:3659: $? = 0
configure:3679: result: yes
configure:3714: checking for iconv.h
configure:3721: result: yes
configure:3598: checking locale.h usability
configure:3610: /usr/bin/gcc -I/home/zhangsiyu/pc018work-v15-at/apv5sdk-v15/build/gcc-4.3.3/build_mips/host_dir/include -I/home/zhangsiyu/pc018work-v15-at/apv5sdk-v15/build/gcc-4.3.3/build_mips/host_dir/usr/include -c -g -O2  conftest.c >&5
configure:3616: $? = 0
configure:3620: test -z 
			 || test ! -s conftest.err
configure:3623: $? = 0
configure:3626: test -s conftest.o
configure:3629: $? = 0
configure:3639: result: yes
configure:3643: checking locale.h presence
configure:3653: /usr/bin/gcc -I/home/zhangsiyu/pc018work-v15-at/apv5sdk-v15/build/gcc-4.3.3/build_mips/host_dir/include -I/home/zhangsiyu/pc018work-v15-at/apv5sdk-v15/build/gcc-4.3.3/build_mips/host_dir/usr/include -E  conftest.c
configure:3659: $? = 0
configure:3679: result: yes
configure:3714: checking for locale.h
configure:3721: result: yes
configure:3598: checking fcntl.h usability
configure:3610: /usr/bin/gcc -I/home/zhangsiyu/pc018work-v15-at/apv5sdk-v15/build/gcc-4.3.3/build_mips/host_dir/include -I/home/zhangsiyu/pc018work-v15-at/apv5sdk-v15/build/gcc-4.3.3/build_mips/host_dir/usr/include -c -g -O2  conftest.c >&5
configure:3616: $? = 0
configure:3620: test -z 
			 || test ! -s conftest.err
configure:3623: $? = 0
configure:3626: test -s conftest.o
configure:3629: $? = 0
configure:3639: result: yes
configure:3643: checking fcntl.h presence
configure:3653: /usr/bin/gcc -I/home/zhangsiyu/pc018work-v15-at/apv5sdk-v15/build/gcc-4.3.3/build_mips/host_dir/include -I/home/zhangsiyu/pc018work-v15-at/apv5sdk-v15/build/gcc-4.3.3/build_mips/host_dir/usr/include -E  conftest.c
configure:3659: $? = 0
configure:3679: result: yes
configure:3714: checking for fcntl.h
configure:3721: result: yes
configure:3598: checking limits.h usability
configure:3610: /usr/bin/gcc -I/home/zhangsiyu/pc018work-v15-at/apv5sdk-v15/build/gcc-4.3.3/build_mips/host_dir/include -I/home/zhangsiyu/pc018work-v15-at/apv5sdk-v15/build/gcc-4.3.3/build_mips/host_dir/usr/include -c -g -O2  conftest.c >&5
configure:3616: $? = 0
configure:3620: test -z 
			 || test ! -s conftest.err
configure:3623: $? = 0
configure:3626: test -s conftest.o
configure:3629: $? = 0
configure:3639: result: yes
configure:3643: checking limits.h presence
configure:3653: /usr/bin/gcc -I/home/zhangsiyu/pc018work-v15-at/apv5sdk-v15/build/gcc-4.3.3/build_mips/host_dir/include -I/home/zhangsiyu/pc018work-v15-at/apv5sdk-v15/build/gcc-4.3.3/build_mips/host_dir/usr/include -E  conftest.c
configure:3659: $? = 0
configure:3679: result: yes
configure:3714: checking for limits.h
configure:3721: result: yes
configure:3598: checking stddef.h usability
configure:3610: /usr/bin/gcc -I/home/zhangsiyu/pc018work-v15-at/apv5sdk-v15/build/gcc-4.3.3/build_mips/host_dir/include -I/home/zhangsiyu/pc018work-v15-at/apv5sdk-v15/build/gcc-4.3.3/build_mips/host_dir/usr/include -c -g -O2  conftest.c >&5
configure:3616: $? = 0
configure:3620: test -z 
			 || test ! -s conftest.err
configure:3623: $? = 0
configure:3626: test -s conftest.o
configure:3629: $? = 0
configure:3639: result: yes
configure:3643: checking stddef.h presence
configure:3653: /usr/bin/gcc -I/home/zhangsiyu/pc018work-v15-at/apv5sdk-v15/build/gcc-4.3.3/build_mips/host_dir/include -I/home/zhangsiyu/pc018work-v15-at/apv5sdk-v15/build/gcc-4.3.3/build_mips/host_dir/usr/include -E  conftest.c
configure:3659: $? = 0
configure:3679: result: yes
configure:3714: checking for stddef.h
configure:3721: result: yes
configure:3589: checking for stdlib.h
configure:3594: result: yes
configure:3589: checking for strings.h
configure:3594: result: yes
configure:3589: checking for string.h
configure:3594: result: yes
configure:3598: checking sys/file.h usability
configure:3610: /usr/bin/gcc -I/home/zhangsiyu/pc018work-v15-at/apv5sdk-v15/build/gcc-4.3.3/build_mips/host_dir/include -I/home/zhangsiyu/pc018work-v15-at/apv5sdk-v15/build/gcc-4.3.3/build_mips/host_dir/usr/include -c -g -O2  conftest.c >&5
configure:3616: $? = 0
configure:3620: test -z 
			 || test ! -s conftest.err
configure:3623: $? = 0
configure:3626: test -s conftest.o
configure:3629: $? = 0
configure:3639: result: yes
configure:3643: checking sys/file.h presence
configure:3653: /usr/bin/gcc -I/home/zhangsiyu/pc018work-v15-at/apv5sdk-v15/build/gcc-4.3.3/build_mips/host_dir/include -I/home/zhangsiyu/pc018work-v15-at/apv5sdk-v15/build/gcc-4.3.3/build_mips/host_dir/usr/include -E  conftest.c
configure:3659: $? = 0
configure:3679: result: yes
configure:3714: checking for sys/file.h
configure:3721: result: yes
configure:3589: checking for unistd.h
configure:3594: result: yes
configure:3736: checking for an ANSI C-conforming const
configure:3803: /usr/bin/gcc -I/home/zhangsiyu/pc018work-v15-at/apv5sdk-v15/build/gcc-4.3.3/build_mips/host_dir/include -I/home/zhangsiyu/pc018work-v15-at/apv5sdk-v15/build/gcc-4.3.3/build_mips/host_dir/usr/include -c -g -O2  conftest.c >&5
configure:3809: $? = 0
configure:3813: test -z 
			 || test ! -s conftest.err
configure:3816: $? = 0
configure:3819: test -s conftest.o
configure:3822: $? = 0
configure:3833: result: yes
configure:3843: checking for inline
configure:3864: /usr/bin/gcc -I/home/zhangsiyu/pc018work-v15-at/apv5sdk-v15/build/gcc-4.3.3/build_mips/host_dir/include -I/home/zhangsiyu/pc018work-v15-at/apv5sdk-v15/build/gcc-4.3.3/build_mips/host_dir/usr/include -c -g -O2  conftest.c >&5
configure:3870: $? = 0
configure:3874: test -z 
			 || test ! -s conftest.err
configure:3877: $? = 0
configure:3880: test -s conftest.o
configure:3883: $? = 0
configure:3895: result: inline
configure:3914: checking for obstacks
configure:3935: /usr/bin/gcc -I/home/zhangsiyu/pc018work-v15-at/apv5sdk-v15/build/gcc-4.3.3/build_mips/host_dir/include -I/home/zhangsiyu/pc018work-v15-at/apv5sdk-v15/build/gcc-4.3.3/build_mips/host_dir/usr/include -o conftest -g -O2   conftest.c  >&5
configure:3941: $? = 0
configure:3945: test -z 
			 || test ! -s conftest.err
configure:3948: $? = 0
configure:3951: test -s conftest
configure:3954: $? = 0
configure:3966: result: yes
configure:3985: checking for off_t
configure:4009: /usr/bin/gcc -I/home/zhangsiyu/pc018work-v15-at/apv5sdk-v15/build/gcc-4.3.3/build_mips/host_dir/include -I/home/zhangsiyu/pc018work-v15-at/apv5sdk-v15/build/gcc-4.3.3/build_mips/host_dir/usr/include -c -g -O2  conftest.c >&5
configure:4015: $? = 0
configure:4019: test -z 
			 || test ! -s conftest.err
configure:4022: $? = 0
configure:4025: test -s conftest.o
configure:4028: $? = 0
configure:4039: result: yes
configure:4051: checking for size_t
configure:4075: /usr/bin/gcc -I/home/zhangsiyu/pc018work-v15-at/apv5sdk-v15/build/gcc-4.3.3/build_mips/host_dir/include -I/home/zhangsiyu/pc018work-v15-at/apv5sdk-v15/build/gcc-4.3.3/build_mips/host_dir/usr/include -c -g -O2  conftest.c >&5
configure:4081: $? = 0
configure:4085: test -z 
			 || test ! -s conftest.err
configure:4088: $? = 0
configure:4091: test -s conftest.o
configure:4094: $? = 0
configure:4105: result: yes
configure:4117: checking for ssize_t
configure:4141: /usr/bin/gcc -I/home/zhangsiyu/pc018work-v15-at/apv5sdk-v15/build/gcc-4.3.3/build_mips/host_dir/include -I/home/zhangsiyu/pc018work-v15-at/apv5sdk-v15/build/gcc-4.3.3/build_mips/host_dir/usr/include -c -g -O2  conftest.c >&5
configure:4147: $? = 0
configure:4151: test -z 
			 || test ! -s conftest.err
configure:4154: $? = 0
configure:4157: test -s conftest.o
configure:4160: $? = 0
configure:4171: result: yes
configure:4183: checking whether struct tm is in sys/time.h or time.h
configure:4206: /usr/bin/gcc -I/home/zhangsiyu/pc018work-v15-at/apv5sdk-v15/build/gcc-4.3.3/build_mips/host_dir/include -I/home/zhangsiyu/pc018work-v15-at/apv5sdk-v15/build/gcc-4.3.3/build_mips/host_dir/usr/include -c -g -O2  conftest.c >&5
configure:4212: $? = 0
configure:4216: test -z 
			 || test ! -s conftest.err
configure:4219: $? = 0
configure:4222: test -s conftest.o
configure:4225: $? = 0
configure:4236: result: time.h
configure:4246: checking for int
configure:4270: /usr/bin/gcc -I/home/zhangsiyu/pc018work-v15-at/apv5sdk-v15/build/gcc-4.3.3/build_mips/host_dir/include -I/home/zhangsiyu/pc018work-v15-at/apv5sdk-v15/build/gcc-4.3.3/build_mips/host_dir/usr/include -c -g -O2  conftest.c >&5
configure:4276: $? = 0
configure:4280: test -z 
			 || test ! -s conftest.err
configure:4283: $? = 0
configure:4286: test -s conftest.o
configure:4289: $? = 0
configure:4300: result: yes
configure:4303: checking size of int
configure:4622: /usr/bin/gcc -I/home/zhangsiyu/pc018work-v15-at/apv5sdk-v15/build/gcc-4.3.3/build_mips/host_dir/include -I/home/zhangsiyu/pc018work-v15-at/apv5sdk-v15/build/gcc-4.3.3/build_mips/host_dir/usr/include -o conftest -g -O2   conftest.c  >&5
configure:4625: $? = 0
configure:4627: ./conftest
configure:4630: $? = 0
configure:4653: result: 4
configure:4660: checking for long
configure:4684: /usr/bin/gcc -I/home/zhangsiyu/pc018work-v15-at/apv5sdk-v15/build/gcc-4.3.3/build_mips/host_dir/include -I/home/zhangsiyu/pc018work-v15-at/apv5sdk-v15/build/gcc-4.3.3/build_mips/host_dir/usr/include -c -g -O2  conftest.c >&5
configure:4690: $? = 0
configure:4694: test -z 
			 || test ! -s conftest.err
configure:4697: $? = 0
configure:4700: test -s conftest.o
configure:4703: $? = 0
configure:4714: result: yes
configure:4717: checking size of long
configure:5036: /usr/bin/gcc -I/home/zhangsiyu/pc018work-v15-at/apv5sdk-v15/build/gcc-4.3.3/build_mips/host_dir/include -I/home/zhangsiyu/pc018work-v15-at/apv5sdk-v15/build/gcc-4.3.3/build_mips/host_dir/usr/include -o conftest -g -O2   conftest.c  >&5
configure:5039: $? = 0
configure:5041: ./conftest
configure:5044: $? = 0
configure:5067: result: 4
configure:5094: checking for clearerr_unlocked
configure:5151: /usr/bin/gcc -I/home/zhangsiyu/pc018work-v15-at/apv5sdk-v15/build/gcc-4.3.3/build_mips/host_dir/include -I/home/zhangsiyu/pc018work-v15-at/apv5sdk-v15/build/gcc-4.3.3/build_mips/host_dir/usr/include -o conftest -g -O2   conftest.c  >&5
configure:5157: $? = 0
configure:5161: test -z 
			 || test ! -s conftest.err
configure:5164: $? = 0
configure:5167: test -s conftest
configure:5170: $? = 0
configure:5182: result: yes
configure:5094: checking for feof_unlocked
configure:5151: /usr/bin/gcc -I/home/zhangsiyu/pc018work-v15-at/apv5sdk-v15/build/gcc-4.3.3/build_mips/host_dir/include -I/home/zhangsiyu/pc018work-v15-at/apv5sdk-v15/build/gcc-4.3.3/build_mips/host_dir/usr/include -o conftest -g -O2   conftest.c  >&5
configure:5157: $? = 0
configure:5161: test -z 
			 || test ! -s conftest.err
configure:5164: $? = 0
configure:5167: test -s conftest
configure:5170: $? = 0
configure:5182: result: yes
configure:5094: checking for ferror_unlocked
configure:5151: /usr/bin/gcc -I/home/zhangsiyu/pc018work-v15-at/apv5sdk-v15/build/gcc-4.3.3/build_mips/host_dir/include -I/home/zhangsiyu/pc018work-v15-at/apv5sdk-v15/build/gcc-4.3.3/build_mips/host_dir/usr/include -o conftest -g -O2   conftest.c  >&5
configure:5157: $? = 0
configure:5161: test -z 
			 || test ! -s conftest.err
configure:5164: $? = 0
configure:5167: test -s conftest
configure:5170: $? = 0
configure:5182: result: yes
configure:5094: checking for fflush_unlocked
configure:5151: /usr/bin/gcc -I/home/zhangsiyu/pc018work-v15-at/apv5sdk-v15/build/gcc-4.3.3/build_mips/host_dir/include -I/home/zhangsiyu/pc018work-v15-at/apv5sdk-v15/build/gcc-4.3.3/build_mips/host_dir/usr/include -o conftest -g -O2   conftest.c  >&5
configure:5157: $? = 0
configure:5161: test -z 
			 || test ! -s conftest.err
configure:5164: $? = 0
configure:5167: test -s conftest
configure:5170: $? = 0
configure:5182: result: yes
configure:5094: checking for fgetc_unlocked
configure:5151: /usr/bin/gcc -I/home/zhangsiyu/pc018work-v15-at/apv5sdk-v15/build/gcc-4.3.3/build_mips/host_dir/include -I/home/zhangsiyu/pc018work-v15-at/apv5sdk-v15/build/gcc-4.3.3/build_mips/host_dir/usr/include -o conftest -g -O2   conftest.c  >&5
configure:5157: $? = 0
configure:5161: test -z 
			 || test ! -s conftest.err
configure:5164: $? = 0
configure:5167: test -s conftest
configure:5170: $? = 0
configure:5182: result: yes
configure:5094: checking for fgets_unlocked
configure:5151: /usr/bin/gcc -I/home/zhangsiyu/pc018work-v15-at/apv5sdk-v15/build/gcc-4.3.3/build_mips/host_dir/include -I/home/zhangsiyu/pc018work-v15-at/apv5sdk-v15/build/gcc-4.3.3/build_mips/host_dir/usr/include -o conftest -g -O2   conftest.c  >&5
configure:5157: $? = 0
configure:5161: test -z 
			 || test ! -s conftest.err
configure:5164: $? = 0
configure:5167: test -s conftest
configure:5170: $? = 0
configure:5182: result: yes
configure:5094: checking for fileno_unlocked
configure:5151: /usr/bin/gcc -I/home/zhangsiyu/pc018work-v15-at/apv5sdk-v15/build/gcc-4.3.3/build_mips/host_dir/include -I/home/zhangsiyu/pc018work-v15-at/apv5sdk-v15/build/gcc-4.3.3/build_mips/host_dir/usr/include -o conftest -g -O2   conftest.c  >&5
configure:5157: $? = 0
configure:5161: test -z 
			 || test ! -s conftest.err
configure:5164: $? = 0
configure:5167: test -s conftest
configure:5170: $? = 0
configure:5182: result: yes
configure:5094: checking for fprintf_unlocked
configure:5151: /usr/bin/gcc -I/home/zhangsiyu/pc018work-v15-at/apv5sdk-v15/build/gcc-4.3.3/build_mips/host_dir/include -I/home/zhangsiyu/pc018work-v15-at/apv5sdk-v15/build/gcc-4.3.3/build_mips/host_dir/usr/include -o conftest -g -O2   conftest.c  >&5
conftest.c:65: warning: conflicting types for built-in function 'fprintf_unlocked'
/tmp/cc5etTmO.o: In function `main':
/home/zhangsiyu/pc018work-v15-at/apv5sdk-v15/build/gcc-4.3.3/toolchain_build_mips/gcc-4.3.3-initial/libcpp/conftest.c:80: undefined reference to `fprintf_unlocked'
/tmp/cc5etTmO.o:(.data+0x0): undefined reference to `fprintf_unlocked'
collect2: ld returned 1 exit status
configure:5157: $? = 1
configure: failed program was:
| /* confdefs.h.  */
| 
| #define PACKAGE_NAME "cpplib"
| #define PACKAGE_TARNAME "cpplib"
| #define PACKAGE_VERSION " "
| #define PACKAGE_STRING "cpplib  "
| #define PACKAGE_BUGREPORT "gcc-bugs@gcc.gnu.org"
| #define TIME_WITH_SYS_TIME 1
| #define STRING_WITH_STRINGS 1
| #define STDC_HEADERS 1
| #define HAVE_SYS_TYPES_H 1
| #define HAVE_SYS_STAT_H 1
| #define HAVE_STDLIB_H 1
| #define HAVE_STRING_H 1
| #define HAVE_MEMORY_H 1
| #define HAVE_STRINGS_H 1
| #define HAVE_INTTYPES_H 1
| #define HAVE_STDINT_H 1
| #define HAVE_UNISTD_H 1
| #define HAVE_ICONV_H 1
| #define HAVE_LOCALE_H 1
| #define HAVE_FCNTL_H 1
| #define HAVE_LIMITS_H 1
| #define HAVE_STDDEF_H 1
| #define HAVE_STDLIB_H 1
| #define HAVE_STRINGS_H 1
| #define HAVE_STRING_H 1
| #define HAVE_SYS_FILE_H 1
| #define HAVE_UNISTD_H 1
| #define HAVE_OBSTACK 1
| #define SIZEOF_INT 4
| #define SIZEOF_LONG 4
| #define HAVE_CLEARERR_UNLOCKED 1
| #define HAVE_FEOF_UNLOCKED 1
| #define HAVE_FERROR_UNLOCKED 1
| #define HAVE_FFLUSH_UNLOCKED 1
| #define HAVE_FGETC_UNLOCKED 1
| #define HAVE_FGETS_UNLOCKED 1
| #define HAVE_FILENO_UNLOCKED 1
| /* end confdefs.h.  */
| /* Define fprintf_unlocked to an innocuous variant, in case <limits.h> declares fprintf_unlocked.
|    For example, HP-UX 11i <limits.h> declares gettimeofday.  */
| #define fprintf_unlocked innocuous_fprintf_unlocked
| 
| /* System header to define __stub macros and hopefully few prototypes,
|     which can conflict with char fprintf_unlocked (); below.
|     Prefer <limits.h> to <assert.h> if __STDC__ is defined, since
|     <limits.h> exists even on freestanding compilers.  */
| 
| #ifdef __STDC__
| # include <limits.h>
| #else
| # include <assert.h>
| #endif
| 
| #undef fprintf_unlocked
| 
| /* Override any gcc2 internal prototype to avoid an error.  */
| #ifdef __cplusplus
| extern "C"
| {
| #endif
| /* We use char because int might match the return type of a gcc2
|    builtin and then its argument prototype would still apply.  */
| char fprintf_unlocked ();
| /* The GNU C library defines this for functions which it implements
|     to always fail with ENOSYS.  Some functions are actually named
|     something starting with __ and the normal name is an alias.  */
| #if defined (__stub_fprintf_unlocked) || defined (__stub___fprintf_unlocked)
| choke me
| #else
| char (*f) () = fprintf_unlocked;
| #endif
| #ifdef __cplusplus
| }
| #endif
| 
| int
| main ()
| {
| return f != fprintf_unlocked;
|   ;
|   return 0;
| }
configure:5182: result: no
configure:5094: checking for fputc_unlocked
configure:5151: /usr/bin/gcc -I/home/zhangsiyu/pc018work-v15-at/apv5sdk-v15/build/gcc-4.3.3/build_mips/host_dir/include -I/home/zhangsiyu/pc018work-v15-at/apv5sdk-v15/build/gcc-4.3.3/build_mips/host_dir/usr/include -o conftest -g -O2   conftest.c  >&5
conftest.c:65: warning: conflicting types for built-in function 'fputc_unlocked'
configure:5157: $? = 0
configure:5161: test -z 
			 || test ! -s conftest.err
configure:5164: $? = 0
configure:5167: test -s conftest
configure:5170: $? = 0
configure:5182: result: yes
configure:5094: checking for fputs_unlocked
configure:5151: /usr/bin/gcc -I/home/zhangsiyu/pc018work-v15-at/apv5sdk-v15/build/gcc-4.3.3/build_mips/host_dir/include -I/home/zhangsiyu/pc018work-v15-at/apv5sdk-v15/build/gcc-4.3.3/build_mips/host_dir/usr/include -o conftest -g -O2   conftest.c  >&5
conftest.c:66: warning: conflicting types for built-in function 'fputs_unlocked'
configure:5157: $? = 0
configure:5161: test -z 
			 || test ! -s conftest.err
configure:5164: $? = 0
configure:5167: test -s conftest
configure:5170: $? = 0
configure:5182: result: yes
configure:5094: checking for fread_unlocked
configure:5151: /usr/bin/gcc -I/home/zhangsiyu/pc018work-v15-at/apv5sdk-v15/build/gcc-4.3.3/build_mips/host_dir/include -I/home/zhangsiyu/pc018work-v15-at/apv5sdk-v15/build/gcc-4.3.3/build_mips/host_dir/usr/include -o conftest -g -O2   conftest.c  >&5
configure:5157: $? = 0
configure:5161: test -z 
			 || test ! -s conftest.err
configure:5164: $? = 0
configure:5167: test -s conftest
configure:5170: $? = 0
configure:5182: result: yes
configure:5094: checking for fwrite_unlocked
configure:5151: /usr/bin/gcc -I/home/zhangsiyu/pc018work-v15-at/apv5sdk-v15/build/gcc-4.3.3/build_mips/host_dir/include -I/home/zhangsiyu/pc018work-v15-at/apv5sdk-v15/build/gcc-4.3.3/build_mips/host_dir/usr/include -o conftest -g -O2   conftest.c  >&5
conftest.c:68: warning: conflicting types for built-in function 'fwrite_unlocked'
configure:5157: $? = 0
configure:5161: test -z 
			 || test ! -s conftest.err
configure:5164: $? = 0
configure:5167: test -s conftest
configure:5170: $? = 0
configure:5182: result: yes
configure:5094: checking for getchar_unlocked
configure:5151: /usr/bin/gcc -I/home/zhangsiyu/pc018work-v15-at/apv5sdk-v15/build/gcc-4.3.3/build_mips/host_dir/include -I/home/zhangsiyu/pc018work-v15-at/apv5sdk-v15/build/gcc-4.3.3/build_mips/host_dir/usr/include -o conftest -g -O2   conftest.c  >&5
configure:5157: $? = 0
configure:5161: test -z 
			 || test ! -s conftest.err
configure:5164: $? = 0
configure:5167: test -s conftest
configure:5170: $? = 0
configure:5182: result: yes
configure:5094: checking for getc_unlocked
configure:5151: /usr/bin/gcc -I/home/zhangsiyu/pc018work-v15-at/apv5sdk-v15/build/gcc-4.3.3/build_mips/host_dir/include -I/home/zhangsiyu/pc018work-v15-at/apv5sdk-v15/build/gcc-4.3.3/build_mips/host_dir/usr/include -o conftest -g -O2   conftest.c  >&5
configure:5157: $? = 0
configure:5161: test -z 
			 || test ! -s conftest.err
configure:5164: $? = 0
configure:5167: test -s conftest
configure:5170: $? = 0
configure:5182: result: yes
configure:5094: checking for putchar_unlocked
configure:5151: /usr/bin/gcc -I/home/zhangsiyu/pc018work-v15-at/apv5sdk-v15/build/gcc-4.3.3/build_mips/host_dir/include -I/home/zhangsiyu/pc018work-v15-at/apv5sdk-v15/build/gcc-4.3.3/build_mips/host_dir/usr/include -o conftest -g -O2   conftest.c  >&5
conftest.c:71: warning: conflicting types for built-in function 'putchar_unlocked'
configure:5157: $? = 0
configure:5161: test -z 
			 || test ! -s conftest.err
configure:5164: $? = 0
configure:5167: test -s conftest
configure:5170: $? = 0
configure:5182: result: yes
configure:5094: checking for putc_unlocked
configure:5151: /usr/bin/gcc -I/home/zhangsiyu/pc018work-v15-at/apv5sdk-v15/build/gcc-4.3.3/build_mips/host_dir/include -I/home/zhangsiyu/pc018work-v15-at/apv5sdk-v15/build/gcc-4.3.3/build_mips/host_dir/usr/include -o conftest -g -O2   conftest.c  >&5
conftest.c:72: warning: conflicting types for built-in function 'putc_unlocked'
configure:5157: $? = 0
configure:5161: test -z 
			 || test ! -s conftest.err
configure:5164: $? = 0
configure:5167: test -s conftest
configure:5170: $? = 0
configure:5182: result: yes
configure:5192: checking whether abort is declared
configure:5216: /usr/bin/gcc -I/home/zhangsiyu/pc018work-v15-at/apv5sdk-v15/build/gcc-4.3.3/build_mips/host_dir/include -I/home/zhangsiyu/pc018work-v15-at/apv5sdk-v15/build/gcc-4.3.3/build_mips/host_dir/usr/include -c -g -O2  conftest.c >&5
configure:5222: $? = 0
configure:5226: test -z 
			 || test ! -s conftest.err
configure:5229: $? = 0
configure:5232: test -s conftest.o
configure:5235: $? = 0
configure:5246: result: yes
configure:5262: checking whether asprintf is declared
configure:5286: /usr/bin/gcc -I/home/zhangsiyu/pc018work-v15-at/apv5sdk-v15/build/gcc-4.3.3/build_mips/host_dir/include -I/home/zhangsiyu/pc018work-v15-at/apv5sdk-v15/build/gcc-4.3.3/build_mips/host_dir/usr/include -c -g -O2  conftest.c >&5
conftest.c: In function 'main':
conftest.c:88: error: 'asprintf' undeclared (first use in this function)
conftest.c:88: error: (Each undeclared identifier is reported only once
conftest.c:88: error: for each function it appears in.)
configure:5292: $? = 1
configure: failed program was:
| /* confdefs.h.  */
| 
| #define PACKAGE_NAME "cpplib"
| #define PACKAGE_TARNAME "cpplib"
| #define PACKAGE_VERSION " "
| #define PACKAGE_STRING "cpplib  "
| #define PACKAGE_BUGREPORT "gcc-bugs@gcc.gnu.org"
| #define TIME_WITH_SYS_TIME 1
| #define STRING_WITH_STRINGS 1
| #define STDC_HEADERS 1
| #define HAVE_SYS_TYPES_H 1
| #define HAVE_SYS_STAT_H 1
| #define HAVE_STDLIB_H 1
| #define HAVE_STRING_H 1
| #define HAVE_MEMORY_H 1
| #define HAVE_STRINGS_H 1
| #define HAVE_INTTYPES_H 1
| #define HAVE_STDINT_H 1
| #define HAVE_UNISTD_H 1
| #define HAVE_ICONV_H 1
| #define HAVE_LOCALE_H 1
| #define HAVE_FCNTL_H 1
| #define HAVE_LIMITS_H 1
| #define HAVE_STDDEF_H 1
| #define HAVE_STDLIB_H 1
| #define HAVE_STRINGS_H 1
| #define HAVE_STRING_H 1
| #define HAVE_SYS_FILE_H 1
| #define HAVE_UNISTD_H 1
| #define HAVE_OBSTACK 1
| #define SIZEOF_INT 4
| #define SIZEOF_LONG 4
| #define HAVE_CLEARERR_UNLOCKED 1
| #define HAVE_FEOF_UNLOCKED 1
| #define HAVE_FERROR_UNLOCKED 1
| #define HAVE_FFLUSH_UNLOCKED 1
| #define HAVE_FGETC_UNLOCKED 1
| #define HAVE_FGETS_UNLOCKED 1
| #define HAVE_FILENO_UNLOCKED 1
| #define HAVE_FPUTC_UNLOCKED 1
| #define HAVE_FPUTS_UNLOCKED 1
| #define HAVE_FREAD_UNLOCKED 1
| #define HAVE_FWRITE_UNLOCKED 1
| #define HAVE_GETCHAR_UNLOCKED 1
| #define HAVE_GETC_UNLOCKED 1
| #define HAVE_PUTCHAR_UNLOCKED 1
| #define HAVE_PUTC_UNLOCKED 1
| #define HAVE_DECL_ABORT 1
| /* end confdefs.h.  */
| #include <stdio.h>
| #if HAVE_SYS_TYPES_H
| # include <sys/types.h>
| #endif
| #if HAVE_SYS_STAT_H
| # include <sys/stat.h>
| #endif
| #if STDC_HEADERS
| # include <stdlib.h>
| # include <stddef.h>
| #else
| # if HAVE_STDLIB_H
| #  include <stdlib.h>
| # endif
| #endif
| #if HAVE_STRING_H
| # if !STDC_HEADERS && HAVE_MEMORY_H
| #  include <memory.h>
| # endif
| # include <string.h>
| #endif
| #if HAVE_STRINGS_H
| # include <strings.h>
| #endif
| #if HAVE_INTTYPES_H
| # include <inttypes.h>
| #else
| # if HAVE_STDINT_H
| #  include <stdint.h>
| # endif
| #endif
| #if HAVE_UNISTD_H
| # include <unistd.h>
| #endif
| int
| main ()
| {
| #ifndef asprintf
|   char *p = (char *) asprintf;
| #endif
| 
|   ;
|   return 0;
| }
configure:5316: result: no
configure:5332: checking whether basename is declared
configure:5356: /usr/bin/gcc -I/home/zhangsiyu/pc018work-v15-at/apv5sdk-v15/build/gcc-4.3.3/build_mips/host_dir/include -I/home/zhangsiyu/pc018work-v15-at/apv5sdk-v15/build/gcc-4.3.3/build_mips/host_dir/usr/include -c -g -O2  conftest.c >&5
conftest.c: In function 'main':
conftest.c:89: error: 'basename' undeclared (first use in this function)
conftest.c:89: error: (Each undeclared identifier is reported only once
conftest.c:89: error: for each function it appears in.)
configure:5362: $? = 1
configure: failed program was:
| /* confdefs.h.  */
| 
| #define PACKAGE_NAME "cpplib"
| #define PACKAGE_TARNAME "cpplib"
| #define PACKAGE_VERSION " "
| #define PACKAGE_STRING "cpplib  "
| #define PACKAGE_BUGREPORT "gcc-bugs@gcc.gnu.org"
| #define TIME_WITH_SYS_TIME 1
| #define STRING_WITH_STRINGS 1
| #define STDC_HEADERS 1
| #define HAVE_SYS_TYPES_H 1
| #define HAVE_SYS_STAT_H 1
| #define HAVE_STDLIB_H 1
| #define HAVE_STRING_H 1
| #define HAVE_MEMORY_H 1
| #define HAVE_STRINGS_H 1
| #define HAVE_INTTYPES_H 1
| #define HAVE_STDINT_H 1
| #define HAVE_UNISTD_H 1
| #define HAVE_ICONV_H 1
| #define HAVE_LOCALE_H 1
| #define HAVE_FCNTL_H 1
| #define HAVE_LIMITS_H 1
| #define HAVE_STDDEF_H 1
| #define HAVE_STDLIB_H 1
| #define HAVE_STRINGS_H 1
| #define HAVE_STRING_H 1
| #define HAVE_SYS_FILE_H 1
| #define HAVE_UNISTD_H 1
| #define HAVE_OBSTACK 1
| #define SIZEOF_INT 4
| #define SIZEOF_LONG 4
| #define HAVE_CLEARERR_UNLOCKED 1
| #define HAVE_FEOF_UNLOCKED 1
| #define HAVE_FERROR_UNLOCKED 1
| #define HAVE_FFLUSH_UNLOCKED 1
| #define HAVE_FGETC_UNLOCKED 1
| #define HAVE_FGETS_UNLOCKED 1
| #define HAVE_FILENO_UNLOCKED 1
| #define HAVE_FPUTC_UNLOCKED 1
| #define HAVE_FPUTS_UNLOCKED 1
| #define HAVE_FREAD_UNLOCKED 1
| #define HAVE_FWRITE_UNLOCKED 1
| #define HAVE_GETCHAR_UNLOCKED 1
| #define HAVE_GETC_UNLOCKED 1
| #define HAVE_PUTCHAR_UNLOCKED 1
| #define HAVE_PUTC_UNLOCKED 1
| #define HAVE_DECL_ABORT 1
| #define HAVE_DECL_ASPRINTF 0
| /* end confdefs.h.  */
| #include <stdio.h>
| #if HAVE_SYS_TYPES_H
| # include <sys/types.h>
| #endif
| #if HAVE_SYS_STAT_H
| # include <sys/stat.h>
| #endif
| #if STDC_HEADERS
| # include <stdlib.h>
| # include <stddef.h>
| #else
| # if HAVE_STDLIB_H
| #  include <stdlib.h>
| # endif
| #endif
| #if HAVE_STRING_H
| # if !STDC_HEADERS && HAVE_MEMORY_H
| #  include <memory.h>
| # endif
| # include <string.h>
| #endif
| #if HAVE_STRINGS_H
| # include <strings.h>
| #endif
| #if HAVE_INTTYPES_H
| # include <inttypes.h>
| #else
| # if HAVE_STDINT_H
| #  include <stdint.h>
| # endif
| #endif
| #if HAVE_UNISTD_H
| # include <unistd.h>
| #endif
| int
| main ()
| {
| #ifndef basename
|   char *p = (char *) basename;
| #endif
| 
|   ;
|   return 0;
| }
configure:5386: result: no
configure:5402: checking whether errno is declared
configure:5426: /usr/bin/gcc -I/home/zhangsiyu/pc018work-v15-at/apv5sdk-v15/build/gcc-4.3.3/build_mips/host_dir/include -I/home/zhangsiyu/pc018work-v15-at/apv5sdk-v15/build/gcc-4.3.3/build_mips/host_dir/usr/include -c -g -O2  conftest.c >&5
conftest.c: In function 'main':
conftest.c:90: error: 'errno' undeclared (first use in this function)
conftest.c:90: error: (Each undeclared identifier is reported only once
conftest.c:90: error: for each function it appears in.)
configure:5432: $? = 1
configure: failed program was:
| /* confdefs.h.  */
| 
| #define PACKAGE_NAME "cpplib"
| #define PACKAGE_TARNAME "cpplib"
| #define PACKAGE_VERSION " "
| #define PACKAGE_STRING "cpplib  "
| #define PACKAGE_BUGREPORT "gcc-bugs@gcc.gnu.org"
| #define TIME_WITH_SYS_TIME 1
| #define STRING_WITH_STRINGS 1
| #define STDC_HEADERS 1
| #define HAVE_SYS_TYPES_H 1
| #define HAVE_SYS_STAT_H 1
| #define HAVE_STDLIB_H 1
| #define HAVE_STRING_H 1
| #define HAVE_MEMORY_H 1
| #define HAVE_STRINGS_H 1
| #define HAVE_INTTYPES_H 1
| #define HAVE_STDINT_H 1
| #define HAVE_UNISTD_H 1
| #define HAVE_ICONV_H 1
| #define HAVE_LOCALE_H 1
| #define HAVE_FCNTL_H 1
| #define HAVE_LIMITS_H 1
| #define HAVE_STDDEF_H 1
| #define HAVE_STDLIB_H 1
| #define HAVE_STRINGS_H 1
| #define HAVE_STRING_H 1
| #define HAVE_SYS_FILE_H 1
| #define HAVE_UNISTD_H 1
| #define HAVE_OBSTACK 1
| #define SIZEOF_INT 4
| #define SIZEOF_LONG 4
| #define HAVE_CLEARERR_UNLOCKED 1
| #define HAVE_FEOF_UNLOCKED 1
| #define HAVE_FERROR_UNLOCKED 1
| #define HAVE_FFLUSH_UNLOCKED 1
| #define HAVE_FGETC_UNLOCKED 1
| #define HAVE_FGETS_UNLOCKED 1
| #define HAVE_FILENO_UNLOCKED 1
| #define HAVE_FPUTC_UNLOCKED 1
| #define HAVE_FPUTS_UNLOCKED 1
| #define HAVE_FREAD_UNLOCKED 1
| #define HAVE_FWRITE_UNLOCKED 1
| #define HAVE_GETCHAR_UNLOCKED 1
| #define HAVE_GETC_UNLOCKED 1
| #define HAVE_PUTCHAR_UNLOCKED 1
| #define HAVE_PUTC_UNLOCKED 1
| #define HAVE_DECL_ABORT 1
| #define HAVE_DECL_ASPRINTF 0
| #define HAVE_DECL_BASENAME 0
| /* end confdefs.h.  */
| #include <stdio.h>
| #if HAVE_SYS_TYPES_H
| # include <sys/types.h>
| #endif
| #if HAVE_SYS_STAT_H
| # include <sys/stat.h>
| #endif
| #if STDC_HEADERS
| # include <stdlib.h>
| # include <stddef.h>
| #else
| # if HAVE_STDLIB_H
| #  include <stdlib.h>
| # endif
| #endif
| #if HAVE_STRING_H
| # if !STDC_HEADERS && HAVE_MEMORY_H
| #  include <memory.h>
| # endif
| # include <string.h>
| #endif
| #if HAVE_STRINGS_H
| # include <strings.h>
| #endif
| #if HAVE_INTTYPES_H
| # include <inttypes.h>
| #else
| # if HAVE_STDINT_H
| #  include <stdint.h>
| # endif
| #endif
| #if HAVE_UNISTD_H
| # include <unistd.h>
| #endif
| int
| main ()
| {
| #ifndef errno
|   char *p = (char *) errno;
| #endif
| 
|   ;
|   return 0;
| }
configure:5456: result: no
configure:5472: checking whether getopt is declared
configure:5496: /usr/bin/gcc -I/home/zhangsiyu/pc018work-v15-at/apv5sdk-v15/build/gcc-4.3.3/build_mips/host_dir/include -I/home/zhangsiyu/pc018work-v15-at/apv5sdk-v15/build/gcc-4.3.3/build_mips/host_dir/usr/include -c -g -O2  conftest.c >&5
configure:5502: $? = 0
configure:5506: test -z 
			 || test ! -s conftest.err
configure:5509: $? = 0
configure:5512: test -s conftest.o
configure:5515: $? = 0
configure:5526: result: yes
configure:5542: checking whether clearerr_unlocked is declared
configure:5566: /usr/bin/gcc -I/home/zhangsiyu/pc018work-v15-at/apv5sdk-v15/build/gcc-4.3.3/build_mips/host_dir/include -I/home/zhangsiyu/pc018work-v15-at/apv5sdk-v15/build/gcc-4.3.3/build_mips/host_dir/usr/include -c -g -O2  conftest.c >&5
configure:5572: $? = 0
configure:5576: test -z 
			 || test ! -s conftest.err
configure:5579: $? = 0
configure:5582: test -s conftest.o
configure:5585: $? = 0
configure:5596: result: yes
configure:5612: checking whether feof_unlocked is declared
configure:5636: /usr/bin/gcc -I/home/zhangsiyu/pc018work-v15-at/apv5sdk-v15/build/gcc-4.3.3/build_mips/host_dir/include -I/home/zhangsiyu/pc018work-v15-at/apv5sdk-v15/build/gcc-4.3.3/build_mips/host_dir/usr/include -c -g -O2  conftest.c >&5
configure:5642: $? = 0
configure:5646: test -z 
			 || test ! -s conftest.err
configure:5649: $? = 0
configure:5652: test -s conftest.o
configure:5655: $? = 0
configure:5666: result: yes
configure:5682: checking whether ferror_unlocked is declared
configure:5706: /usr/bin/gcc -I/home/zhangsiyu/pc018work-v15-at/apv5sdk-v15/build/gcc-4.3.3/build_mips/host_dir/include -I/home/zhangsiyu/pc018work-v15-at/apv5sdk-v15/build/gcc-4.3.3/build_mips/host_dir/usr/include -c -g -O2  conftest.c >&5
configure:5712: $? = 0
configure:5716: test -z 
			 || test ! -s conftest.err
configure:5719: $? = 0
configure:5722: test -s conftest.o
configure:5725: $? = 0
configure:5736: result: yes
configure:5752: checking whether fflush_unlocked is declared
configure:5776: /usr/bin/gcc -I/home/zhangsiyu/pc018work-v15-at/apv5sdk-v15/build/gcc-4.3.3/build_mips/host_dir/include -I/home/zhangsiyu/pc018work-v15-at/apv5sdk-v15/build/gcc-4.3.3/build_mips/host_dir/usr/include -c -g -O2  conftest.c >&5
configure:5782: $? = 0
configure:5786: test -z 
			 || test ! -s conftest.err
configure:5789: $? = 0
configure:5792: test -s conftest.o
configure:5795: $? = 0
configure:5806: result: yes
configure:5822: checking whether fgetc_unlocked is declared
configure:5846: /usr/bin/gcc -I/home/zhangsiyu/pc018work-v15-at/apv5sdk-v15/build/gcc-4.3.3/build_mips/host_dir/include -I/home/zhangsiyu/pc018work-v15-at/apv5sdk-v15/build/gcc-4.3.3/build_mips/host_dir/usr/include -c -g -O2  conftest.c >&5
configure:5852: $? = 0
configure:5856: test -z 
			 || test ! -s conftest.err
configure:5859: $? = 0
configure:5862: test -s conftest.o
configure:5865: $? = 0
configure:5876: result: yes
configure:5892: checking whether fgets_unlocked is declared
configure:5916: /usr/bin/gcc -I/home/zhangsiyu/pc018work-v15-at/apv5sdk-v15/build/gcc-4.3.3/build_mips/host_dir/include -I/home/zhangsiyu/pc018work-v15-at/apv5sdk-v15/build/gcc-4.3.3/build_mips/host_dir/usr/include -c -g -O2  conftest.c >&5
conftest.c: In function 'main':
conftest.c:97: error: 'fgets_unlocked' undeclared (first use in this function)
conftest.c:97: error: (Each undeclared identifier is reported only once
conftest.c:97: error: for each function it appears in.)
configure:5922: $? = 1
configure: failed program was:
| /* confdefs.h.  */
| 
| #define PACKAGE_NAME "cpplib"
| #define PACKAGE_TARNAME "cpplib"
| #define PACKAGE_VERSION " "
| #define PACKAGE_STRING "cpplib  "
| #define PACKAGE_BUGREPORT "gcc-bugs@gcc.gnu.org"
| #define TIME_WITH_SYS_TIME 1
| #define STRING_WITH_STRINGS 1
| #define STDC_HEADERS 1
| #define HAVE_SYS_TYPES_H 1
| #define HAVE_SYS_STAT_H 1
| #define HAVE_STDLIB_H 1
| #define HAVE_STRING_H 1
| #define HAVE_MEMORY_H 1
| #define HAVE_STRINGS_H 1
| #define HAVE_INTTYPES_H 1
| #define HAVE_STDINT_H 1
| #define HAVE_UNISTD_H 1
| #define HAVE_ICONV_H 1
| #define HAVE_LOCALE_H 1
| #define HAVE_FCNTL_H 1
| #define HAVE_LIMITS_H 1
| #define HAVE_STDDEF_H 1
| #define HAVE_STDLIB_H 1
| #define HAVE_STRINGS_H 1
| #define HAVE_STRING_H 1
| #define HAVE_SYS_FILE_H 1
| #define HAVE_UNISTD_H 1
| #define HAVE_OBSTACK 1
| #define SIZEOF_INT 4
| #define SIZEOF_LONG 4
| #define HAVE_CLEARERR_UNLOCKED 1
| #define HAVE_FEOF_UNLOCKED 1
| #define HAVE_FERROR_UNLOCKED 1
| #define HAVE_FFLUSH_UNLOCKED 1
| #define HAVE_FGETC_UNLOCKED 1
| #define HAVE_FGETS_UNLOCKED 1
| #define HAVE_FILENO_UNLOCKED 1
| #define HAVE_FPUTC_UNLOCKED 1
| #define HAVE_FPUTS_UNLOCKED 1
| #define HAVE_FREAD_UNLOCKED 1
| #define HAVE_FWRITE_UNLOCKED 1
| #define HAVE_GETCHAR_UNLOCKED 1
| #define HAVE_GETC_UNLOCKED 1
| #define HAVE_PUTCHAR_UNLOCKED 1
| #define HAVE_PUTC_UNLOCKED 1
| #define HAVE_DECL_ABORT 1
| #define HAVE_DECL_ASPRINTF 0
| #define HAVE_DECL_BASENAME 0
| #define HAVE_DECL_ERRNO 0
| #define HAVE_DECL_GETOPT 1
| #define HAVE_DECL_CLEARERR_UNLOCKED 1
| #define HAVE_DECL_FEOF_UNLOCKED 1
| #define HAVE_DECL_FERROR_UNLOCKED 1
| #define HAVE_DECL_FFLUSH_UNLOCKED 1
| #define HAVE_DECL_FGETC_UNLOCKED 1
| /* end confdefs.h.  */
| #include <stdio.h>
| #if HAVE_SYS_TYPES_H
| # include <sys/types.h>
| #endif
| #if HAVE_SYS_STAT_H
| # include <sys/stat.h>
| #endif
| #if STDC_HEADERS
| # include <stdlib.h>
| # include <stddef.h>
| #else
| # if HAVE_STDLIB_H
| #  include <stdlib.h>
| # endif
| #endif
| #if HAVE_STRING_H
| # if !STDC_HEADERS && HAVE_MEMORY_H
| #  include <memory.h>
| # endif
| # include <string.h>
| #endif
| #if HAVE_STRINGS_H
| # include <strings.h>
| #endif
| #if HAVE_INTTYPES_H
| # include <inttypes.h>
| #else
| # if HAVE_STDINT_H
| #  include <stdint.h>
| # endif
| #endif
| #if HAVE_UNISTD_H
| # include <unistd.h>
| #endif
| int
| main ()
| {
| #ifndef fgets_unlocked
|   char *p = (char *) fgets_unlocked;
| #endif
| 
|   ;
|   return 0;
| }
configure:5946: result: no
configure:5962: checking whether fileno_unlocked is declared
configure:5986: /usr/bin/gcc -I/home/zhangsiyu/pc018work-v15-at/apv5sdk-v15/build/gcc-4.3.3/build_mips/host_dir/include -I/home/zhangsiyu/pc018work-v15-at/apv5sdk-v15/build/gcc-4.3.3/build_mips/host_dir/usr/include -c -g -O2  conftest.c >&5
configure:5992: $? = 0
configure:5996: test -z 
			 || test ! -s conftest.err
configure:5999: $? = 0
configure:6002: test -s conftest.o
configure:6005: $? = 0
configure:6016: result: yes
configure:6032: checking whether fprintf_unlocked is declared
configure:6056: /usr/bin/gcc -I/home/zhangsiyu/pc018work-v15-at/apv5sdk-v15/build/gcc-4.3.3/build_mips/host_dir/include -I/home/zhangsiyu/pc018work-v15-at/apv5sdk-v15/build/gcc-4.3.3/build_mips/host_dir/usr/include -c -g -O2  conftest.c >&5
conftest.c: In function 'main':
conftest.c:99: error: 'fprintf_unlocked' undeclared (first use in this function)
conftest.c:99: error: (Each undeclared identifier is reported only once
conftest.c:99: error: for each function it appears in.)
configure:6062: $? = 1
configure: failed program was:
| /* confdefs.h.  */
| 
| #define PACKAGE_NAME "cpplib"
| #define PACKAGE_TARNAME "cpplib"
| #define PACKAGE_VERSION " "
| #define PACKAGE_STRING "cpplib  "
| #define PACKAGE_BUGREPORT "gcc-bugs@gcc.gnu.org"
| #define TIME_WITH_SYS_TIME 1
| #define STRING_WITH_STRINGS 1
| #define STDC_HEADERS 1
| #define HAVE_SYS_TYPES_H 1
| #define HAVE_SYS_STAT_H 1
| #define HAVE_STDLIB_H 1
| #define HAVE_STRING_H 1
| #define HAVE_MEMORY_H 1
| #define HAVE_STRINGS_H 1
| #define HAVE_INTTYPES_H 1
| #define HAVE_STDINT_H 1
| #define HAVE_UNISTD_H 1
| #define HAVE_ICONV_H 1
| #define HAVE_LOCALE_H 1
| #define HAVE_FCNTL_H 1
| #define HAVE_LIMITS_H 1
| #define HAVE_STDDEF_H 1
| #define HAVE_STDLIB_H 1
| #define HAVE_STRINGS_H 1
| #define HAVE_STRING_H 1
| #define HAVE_SYS_FILE_H 1
| #define HAVE_UNISTD_H 1
| #define HAVE_OBSTACK 1
| #define SIZEOF_INT 4
| #define SIZEOF_LONG 4
| #define HAVE_CLEARERR_UNLOCKED 1
| #define HAVE_FEOF_UNLOCKED 1
| #define HAVE_FERROR_UNLOCKED 1
| #define HAVE_FFLUSH_UNLOCKED 1
| #define HAVE_FGETC_UNLOCKED 1
| #define HAVE_FGETS_UNLOCKED 1
| #define HAVE_FILENO_UNLOCKED 1
| #define HAVE_FPUTC_UNLOCKED 1
| #define HAVE_FPUTS_UNLOCKED 1
| #define HAVE_FREAD_UNLOCKED 1
| #define HAVE_FWRITE_UNLOCKED 1
| #define HAVE_GETCHAR_UNLOCKED 1
| #define HAVE_GETC_UNLOCKED 1
| #define HAVE_PUTCHAR_UNLOCKED 1
| #define HAVE_PUTC_UNLOCKED 1
| #define HAVE_DECL_ABORT 1
| #define HAVE_DECL_ASPRINTF 0
| #define HAVE_DECL_BASENAME 0
| #define HAVE_DECL_ERRNO 0
| #define HAVE_DECL_GETOPT 1
| #define HAVE_DECL_CLEARERR_UNLOCKED 1
| #define HAVE_DECL_FEOF_UNLOCKED 1
| #define HAVE_DECL_FERROR_UNLOCKED 1
| #define HAVE_DECL_FFLUSH_UNLOCKED 1
| #define HAVE_DECL_FGETC_UNLOCKED 1
| #define HAVE_DECL_FGETS_UNLOCKED 0
| #define HAVE_DECL_FILENO_UNLOCKED 1
| /* end confdefs.h.  */
| #include <stdio.h>
| #if HAVE_SYS_TYPES_H
| # include <sys/types.h>
| #endif
| #if HAVE_SYS_STAT_H
| # include <sys/stat.h>
| #endif
| #if STDC_HEADERS
| # include <stdlib.h>
| # include <stddef.h>
| #else
| # if HAVE_STDLIB_H
| #  include <stdlib.h>
| # endif
| #endif
| #if HAVE_STRING_H
| # if !STDC_HEADERS && HAVE_MEMORY_H
| #  include <memory.h>
| # endif
| # include <string.h>
| #endif
| #if HAVE_STRINGS_H
| # include <strings.h>
| #endif
| #if HAVE_INTTYPES_H
| # include <inttypes.h>
| #else
| # if HAVE_STDINT_H
| #  include <stdint.h>
| # endif
| #endif
| #if HAVE_UNISTD_H
| # include <unistd.h>
| #endif
| int
| main ()
| {
| #ifndef fprintf_unlocked
|   char *p = (char *) fprintf_unlocked;
| #endif
| 
|   ;
|   return 0;
| }
configure:6086: result: no
configure:6102: checking whether fputc_unlocked is declared
configure:6126: /usr/bin/gcc -I/home/zhangsiyu/pc018work-v15-at/apv5sdk-v15/build/gcc-4.3.3/build_mips/host_dir/include -I/home/zhangsiyu/pc018work-v15-at/apv5sdk-v15/build/gcc-4.3.3/build_mips/host_dir/usr/include -c -g -O2  conftest.c >&5
configure:6132: $? = 0
configure:6136: test -z 
			 || test ! -s conftest.err
configure:6139: $? = 0
configure:6142: test -s conftest.o
configure:6145: $? = 0
configure:6156: result: yes
configure:6172: checking whether fputs_unlocked is declared
configure:6196: /usr/bin/gcc -I/home/zhangsiyu/pc018work-v15-at/apv5sdk-v15/build/gcc-4.3.3/build_mips/host_dir/include -I/home/zhangsiyu/pc018work-v15-at/apv5sdk-v15/build/gcc-4.3.3/build_mips/host_dir/usr/include -c -g -O2  conftest.c >&5
conftest.c: In function 'main':
conftest.c:101: error: 'fputs_unlocked' undeclared (first use in this function)
conftest.c:101: error: (Each undeclared identifier is reported only once
conftest.c:101: error: for each function it appears in.)
configure:6202: $? = 1
configure: failed program was:
| /* confdefs.h.  */
| 
| #define PACKAGE_NAME "cpplib"
| #define PACKAGE_TARNAME "cpplib"
| #define PACKAGE_VERSION " "
| #define PACKAGE_STRING "cpplib  "
| #define PACKAGE_BUGREPORT "gcc-bugs@gcc.gnu.org"
| #define TIME_WITH_SYS_TIME 1
| #define STRING_WITH_STRINGS 1
| #define STDC_HEADERS 1
| #define HAVE_SYS_TYPES_H 1
| #define HAVE_SYS_STAT_H 1
| #define HAVE_STDLIB_H 1
| #define HAVE_STRING_H 1
| #define HAVE_MEMORY_H 1
| #define HAVE_STRINGS_H 1
| #define HAVE_INTTYPES_H 1
| #define HAVE_STDINT_H 1
| #define HAVE_UNISTD_H 1
| #define HAVE_ICONV_H 1
| #define HAVE_LOCALE_H 1
| #define HAVE_FCNTL_H 1
| #define HAVE_LIMITS_H 1
| #define HAVE_STDDEF_H 1
| #define HAVE_STDLIB_H 1
| #define HAVE_STRINGS_H 1
| #define HAVE_STRING_H 1
| #define HAVE_SYS_FILE_H 1
| #define HAVE_UNISTD_H 1
| #define HAVE_OBSTACK 1
| #define SIZEOF_INT 4
| #define SIZEOF_LONG 4
| #define HAVE_CLEARERR_UNLOCKED 1
| #define HAVE_FEOF_UNLOCKED 1
| #define HAVE_FERROR_UNLOCKED 1
| #define HAVE_FFLUSH_UNLOCKED 1
| #define HAVE_FGETC_UNLOCKED 1
| #define HAVE_FGETS_UNLOCKED 1
| #define HAVE_FILENO_UNLOCKED 1
| #define HAVE_FPUTC_UNLOCKED 1
| #define HAVE_FPUTS_UNLOCKED 1
| #define HAVE_FREAD_UNLOCKED 1
| #define HAVE_FWRITE_UNLOCKED 1
| #define HAVE_GETCHAR_UNLOCKED 1
| #define HAVE_GETC_UNLOCKED 1
| #define HAVE_PUTCHAR_UNLOCKED 1
| #define HAVE_PUTC_UNLOCKED 1
| #define HAVE_DECL_ABORT 1
| #define HAVE_DECL_ASPRINTF 0
| #define HAVE_DECL_BASENAME 0
| #define HAVE_DECL_ERRNO 0
| #define HAVE_DECL_GETOPT 1
| #define HAVE_DECL_CLEARERR_UNLOCKED 1
| #define HAVE_DECL_FEOF_UNLOCKED 1
| #define HAVE_DECL_FERROR_UNLOCKED 1
| #define HAVE_DECL_FFLUSH_UNLOCKED 1
| #define HAVE_DECL_FGETC_UNLOCKED 1
| #define HAVE_DECL_FGETS_UNLOCKED 0
| #define HAVE_DECL_FILENO_UNLOCKED 1
| #define HAVE_DECL_FPRINTF_UNLOCKED 0
| #define HAVE_DECL_FPUTC_UNLOCKED 1
| /* end confdefs.h.  */
| #include <stdio.h>
| #if HAVE_SYS_TYPES_H
| # include <sys/types.h>
| #endif
| #if HAVE_SYS_STAT_H
| # include <sys/stat.h>
| #endif
| #if STDC_HEADERS
| # include <stdlib.h>
| # include <stddef.h>
| #else
| # if HAVE_STDLIB_H
| #  include <stdlib.h>
| # endif
| #endif
| #if HAVE_STRING_H
| # if !STDC_HEADERS && HAVE_MEMORY_H
| #  include <memory.h>
| # endif
| # include <string.h>
| #endif
| #if HAVE_STRINGS_H
| # include <strings.h>
| #endif
| #if HAVE_INTTYPES_H
| # include <inttypes.h>
| #else
| # if HAVE_STDINT_H
| #  include <stdint.h>
| # endif
| #endif
| #if HAVE_UNISTD_H
| # include <unistd.h>
| #endif
| int
| main ()
| {
| #ifndef fputs_unlocked
|   char *p = (char *) fputs_unlocked;
| #endif
| 
|   ;
|   return 0;
| }
configure:6226: result: no
configure:6242: checking whether fread_unlocked is declared
configure:6266: /usr/bin/gcc -I/home/zhangsiyu/pc018work-v15-at/apv5sdk-v15/build/gcc-4.3.3/build_mips/host_dir/include -I/home/zhangsiyu/pc018work-v15-at/apv5sdk-v15/build/gcc-4.3.3/build_mips/host_dir/usr/include -c -g -O2  conftest.c >&5
configure:6272: $? = 0
configure:6276: test -z 
			 || test ! -s conftest.err
configure:6279: $? = 0
configure:6282: test -s conftest.o
configure:6285: $? = 0
configure:6296: result: yes
configure:6312: checking whether fwrite_unlocked is declared
configure:6336: /usr/bin/gcc -I/home/zhangsiyu/pc018work-v15-at/apv5sdk-v15/build/gcc-4.3.3/build_mips/host_dir/include -I/home/zhangsiyu/pc018work-v15-at/apv5sdk-v15/build/gcc-4.3.3/build_mips/host_dir/usr/include -c -g -O2  conftest.c >&5
configure:6342: $? = 0
configure:6346: test -z 
			 || test ! -s conftest.err
configure:6349: $? = 0
configure:6352: test -s conftest.o
configure:6355: $? = 0
configure:6366: result: yes
configure:6382: checking whether getchar_unlocked is declared
configure:6406: /usr/bin/gcc -I/home/zhangsiyu/pc018work-v15-at/apv5sdk-v15/build/gcc-4.3.3/build_mips/host_dir/include -I/home/zhangsiyu/pc018work-v15-at/apv5sdk-v15/build/gcc-4.3.3/build_mips/host_dir/usr/include -c -g -O2  conftest.c >&5
configure:6412: $? = 0
configure:6416: test -z 
			 || test ! -s conftest.err
configure:6419: $? = 0
configure:6422: test -s conftest.o
configure:6425: $? = 0
configure:6436: result: yes
configure:6452: checking whether getc_unlocked is declared
configure:6476: /usr/bin/gcc -I/home/zhangsiyu/pc018work-v15-at/apv5sdk-v15/build/gcc-4.3.3/build_mips/host_dir/include -I/home/zhangsiyu/pc018work-v15-at/apv5sdk-v15/build/gcc-4.3.3/build_mips/host_dir/usr/include -c -g -O2  conftest.c >&5
configure:6482: $? = 0
configure:6486: test -z 
			 || test ! -s conftest.err
configure:6489: $? = 0
configure:6492: test -s conftest.o
configure:6495: $? = 0
configure:6506: result: yes
configure:6522: checking whether putchar_unlocked is declared
configure:6546: /usr/bin/gcc -I/home/zhangsiyu/pc018work-v15-at/apv5sdk-v15/build/gcc-4.3.3/build_mips/host_dir/include -I/home/zhangsiyu/pc018work-v15-at/apv5sdk-v15/build/gcc-4.3.3/build_mips/host_dir/usr/include -c -g -O2  conftest.c >&5
configure:6552: $? = 0
configure:6556: test -z 
			 || test ! -s conftest.err
configure:6559: $? = 0
configure:6562: test -s conftest.o
configure:6565: $? = 0
configure:6576: result: yes
configure:6592: checking whether putc_unlocked is declared
configure:6616: /usr/bin/gcc -I/home/zhangsiyu/pc018work-v15-at/apv5sdk-v15/build/gcc-4.3.3/build_mips/host_dir/include -I/home/zhangsiyu/pc018work-v15-at/apv5sdk-v15/build/gcc-4.3.3/build_mips/host_dir/usr/include -c -g -O2  conftest.c >&5
configure:6622: $? = 0
configure:6626: test -z 
			 || test ! -s conftest.err
configure:6629: $? = 0
configure:6632: test -s conftest.o
configure:6635: $? = 0
configure:6646: result: yes
configure:6662: checking whether vasprintf is declared
configure:6686: /usr/bin/gcc -I/home/zhangsiyu/pc018work-v15-at/apv5sdk-v15/build/gcc-4.3.3/build_mips/host_dir/include -I/home/zhangsiyu/pc018work-v15-at/apv5sdk-v15/build/gcc-4.3.3/build_mips/host_dir/usr/include -c -g -O2  conftest.c >&5
conftest.c: In function 'main':
conftest.c:108: error: 'vasprintf' undeclared (first use in this function)
conftest.c:108: error: (Each undeclared identifier is reported only once
conftest.c:108: error: for each function it appears in.)
configure:6692: $? = 1
configure: failed program was:
| /* confdefs.h.  */
| 
| #define PACKAGE_NAME "cpplib"
| #define PACKAGE_TARNAME "cpplib"
| #define PACKAGE_VERSION " "
| #define PACKAGE_STRING "cpplib  "
| #define PACKAGE_BUGREPORT "gcc-bugs@gcc.gnu.org"
| #define TIME_WITH_SYS_TIME 1
| #define STRING_WITH_STRINGS 1
| #define STDC_HEADERS 1
| #define HAVE_SYS_TYPES_H 1
| #define HAVE_SYS_STAT_H 1
| #define HAVE_STDLIB_H 1
| #define HAVE_STRING_H 1
| #define HAVE_MEMORY_H 1
| #define HAVE_STRINGS_H 1
| #define HAVE_INTTYPES_H 1
| #define HAVE_STDINT_H 1
| #define HAVE_UNISTD_H 1
| #define HAVE_ICONV_H 1
| #define HAVE_LOCALE_H 1
| #define HAVE_FCNTL_H 1
| #define HAVE_LIMITS_H 1
| #define HAVE_STDDEF_H 1
| #define HAVE_STDLIB_H 1
| #define HAVE_STRINGS_H 1
| #define HAVE_STRING_H 1
| #define HAVE_SYS_FILE_H 1
| #define HAVE_UNISTD_H 1
| #define HAVE_OBSTACK 1
| #define SIZEOF_INT 4
| #define SIZEOF_LONG 4
| #define HAVE_CLEARERR_UNLOCKED 1
| #define HAVE_FEOF_UNLOCKED 1
| #define HAVE_FERROR_UNLOCKED 1
| #define HAVE_FFLUSH_UNLOCKED 1
| #define HAVE_FGETC_UNLOCKED 1
| #define HAVE_FGETS_UNLOCKED 1
| #define HAVE_FILENO_UNLOCKED 1
| #define HAVE_FPUTC_UNLOCKED 1
| #define HAVE_FPUTS_UNLOCKED 1
| #define HAVE_FREAD_UNLOCKED 1
| #define HAVE_FWRITE_UNLOCKED 1
| #define HAVE_GETCHAR_UNLOCKED 1
| #define HAVE_GETC_UNLOCKED 1
| #define HAVE_PUTCHAR_UNLOCKED 1
| #define HAVE_PUTC_UNLOCKED 1
| #define HAVE_DECL_ABORT 1
| #define HAVE_DECL_ASPRINTF 0
| #define HAVE_DECL_BASENAME 0
| #define HAVE_DECL_ERRNO 0
| #define HAVE_DECL_GETOPT 1
| #define HAVE_DECL_CLEARERR_UNLOCKED 1
| #define HAVE_DECL_FEOF_UNLOCKED 1
| #define HAVE_DECL_FERROR_UNLOCKED 1
| #define HAVE_DECL_FFLUSH_UNLOCKED 1
| #define HAVE_DECL_FGETC_UNLOCKED 1
| #define HAVE_DECL_FGETS_UNLOCKED 0
| #define HAVE_DECL_FILENO_UNLOCKED 1
| #define HAVE_DECL_FPRINTF_UNLOCKED 0
| #define HAVE_DECL_FPUTC_UNLOCKED 1
| #define HAVE_DECL_FPUTS_UNLOCKED 0
| #define HAVE_DECL_FREAD_UNLOCKED 1
| #define HAVE_DECL_FWRITE_UNLOCKED 1
| #define HAVE_DECL_GETCHAR_UNLOCKED 1
| #define HAVE_DECL_GETC_UNLOCKED 1
| #define HAVE_DECL_PUTCHAR_UNLOCKED 1
| #define HAVE_DECL_PUTC_UNLOCKED 1
| /* end confdefs.h.  */
| #include <stdio.h>
| #if HAVE_SYS_TYPES_H
| # include <sys/types.h>
| #endif
| #if HAVE_SYS_STAT_H
| # include <sys/stat.h>
| #endif
| #if STDC_HEADERS
| # include <stdlib.h>
| # include <stddef.h>
| #else
| # if HAVE_STDLIB_H
| #  include <stdlib.h>
| # endif
| #endif
| #if HAVE_STRING_H
| # if !STDC_HEADERS && HAVE_MEMORY_H
| #  include <memory.h>
| # endif
| # include <string.h>
| #endif
| #if HAVE_STRINGS_H
| # include <strings.h>
| #endif
| #if HAVE_INTTYPES_H
| # include <inttypes.h>
| #else
| # if HAVE_STDINT_H
| #  include <stdint.h>
| # endif
| #endif
| #if HAVE_UNISTD_H
| # include <unistd.h>
| #endif
| int
| main ()
| {
| #ifndef vasprintf
|   char *p = (char *) vasprintf;
| #endif
| 
|   ;
|   return 0;
| }
configure:6716: result: no
configure:6738: checking for working alloca.h
configure:6759: /usr/bin/gcc -I/home/zhangsiyu/pc018work-v15-at/apv5sdk-v15/build/gcc-4.3.3/build_mips/host_dir/include -I/home/zhangsiyu/pc018work-v15-at/apv5sdk-v15/build/gcc-4.3.3/build_mips/host_dir/usr/include -o conftest -g -O2   conftest.c  >&5
configure:6765: $? = 0
configure:6769: test -z 
			 || test ! -s conftest.err
configure:6772: $? = 0
configure:6775: test -s conftest
configure:6778: $? = 0
configure:6790: result: yes
configure:6800: checking for alloca
configure:6841: /usr/bin/gcc -I/home/zhangsiyu/pc018work-v15-at/apv5sdk-v15/build/gcc-4.3.3/build_mips/host_dir/include -I/home/zhangsiyu/pc018work-v15-at/apv5sdk-v15/build/gcc-4.3.3/build_mips/host_dir/usr/include -o conftest -g -O2   conftest.c  >&5
configure:6847: $? = 0
configure:6851: test -z 
			 || test ! -s conftest.err
configure:6854: $? = 0
configure:6857: test -s conftest
configure:6860: $? = 0
configure:6872: result: yes
configure:7095: checking for ANSI C header files
configure:7251: result: yes
configure:7262: checking for nl_langinfo and CODESET
configure:7283: /usr/bin/gcc -I/home/zhangsiyu/pc018work-v15-at/apv5sdk-v15/build/gcc-4.3.3/build_mips/host_dir/include -I/home/zhangsiyu/pc018work-v15-at/apv5sdk-v15/build/gcc-4.3.3/build_mips/host_dir/usr/include -o conftest -g -O2   conftest.c  >&5
configure:7289: $? = 0
configure:7293: test -z 
			 || test ! -s conftest.err
configure:7296: $? = 0
configure:7299: test -s conftest
configure:7302: $? = 0
configure:7315: result: yes
configure:7338: checking whether NLS is requested
configure:7341: result: no
configure:7398: checking for uchar
configure:7422: /usr/bin/gcc -I/home/zhangsiyu/pc018work-v15-at/apv5sdk-v15/build/gcc-4.3.3/build_mips/host_dir/include -I/home/zhangsiyu/pc018work-v15-at/apv5sdk-v15/build/gcc-4.3.3/build_mips/host_dir/usr/include -c -g -O2  conftest.c >&5
conftest.c: In function 'main':
conftest.c:81: error: 'uchar' undeclared (first use in this function)
conftest.c:81: error: (Each undeclared identifier is reported only once
conftest.c:81: error: for each function it appears in.)
conftest.c:81: error: expected expression before ')' token
configure:7428: $? = 1
configure: failed program was:
| /* confdefs.h.  */
| 
| #define PACKAGE_NAME "cpplib"
| #define PACKAGE_TARNAME "cpplib"
| #define PACKAGE_VERSION " "
| #define PACKAGE_STRING "cpplib  "
| #define PACKAGE_BUGREPORT "gcc-bugs@gcc.gnu.org"
| #define TIME_WITH_SYS_TIME 1
| #define STRING_WITH_STRINGS 1
| #define STDC_HEADERS 1
| #define HAVE_SYS_TYPES_H 1
| #define HAVE_SYS_STAT_H 1
| #define HAVE_STDLIB_H 1
| #define HAVE_STRING_H 1
| #define HAVE_MEMORY_H 1
| #define HAVE_STRINGS_H 1
| #define HAVE_INTTYPES_H 1
| #define HAVE_STDINT_H 1
| #define HAVE_UNISTD_H 1
| #define HAVE_ICONV_H 1
| #define HAVE_LOCALE_H 1
| #define HAVE_FCNTL_H 1
| #define HAVE_LIMITS_H 1
| #define HAVE_STDDEF_H 1
| #define HAVE_STDLIB_H 1
| #define HAVE_STRINGS_H 1
| #define HAVE_STRING_H 1
| #define HAVE_SYS_FILE_H 1
| #define HAVE_UNISTD_H 1
| #define HAVE_OBSTACK 1
| #define SIZEOF_INT 4
| #define SIZEOF_LONG 4
| #define HAVE_CLEARERR_UNLOCKED 1
| #define HAVE_FEOF_UNLOCKED 1
| #define HAVE_FERROR_UNLOCKED 1
| #define HAVE_FFLUSH_UNLOCKED 1
| #define HAVE_FGETC_UNLOCKED 1
| #define HAVE_FGETS_UNLOCKED 1
| #define HAVE_FILENO_UNLOCKED 1
| #define HAVE_FPUTC_UNLOCKED 1
| #define HAVE_FPUTS_UNLOCKED 1
| #define HAVE_FREAD_UNLOCKED 1
| #define HAVE_FWRITE_UNLOCKED 1
| #define HAVE_GETCHAR_UNLOCKED 1
| #define HAVE_GETC_UNLOCKED 1
| #define HAVE_PUTCHAR_UNLOCKED 1
| #define HAVE_PUTC_UNLOCKED 1
| #define HAVE_DECL_ABORT 1
| #define HAVE_DECL_ASPRINTF 0
| #define HAVE_DECL_BASENAME 0
| #define HAVE_DECL_ERRNO 0
| #define HAVE_DECL_GETOPT 1
| #define HAVE_DECL_CLEARERR_UNLOCKED 1
| #define HAVE_DECL_FEOF_UNLOCKED 1
| #define HAVE_DECL_FERROR_UNLOCKED 1
| #define HAVE_DECL_FFLUSH_UNLOCKED 1
| #define HAVE_DECL_FGETC_UNLOCKED 1
| #define HAVE_DECL_FGETS_UNLOCKED 0
| #define HAVE_DECL_FILENO_UNLOCKED 1
| #define HAVE_DECL_FPRINTF_UNLOCKED 0
| #define HAVE_DECL_FPUTC_UNLOCKED 1
| #define HAVE_DECL_FPUTS_UNLOCKED 0
| #define HAVE_DECL_FREAD_UNLOCKED 1
| #define HAVE_DECL_FWRITE_UNLOCKED 1
| #define HAVE_DECL_GETCHAR_UNLOCKED 1
| #define HAVE_DECL_GETC_UNLOCKED 1
| #define HAVE_DECL_PUTCHAR_UNLOCKED 1
| #define HAVE_DECL_PUTC_UNLOCKED 1
| #define HAVE_DECL_VASPRINTF 0
| #define HAVE_ALLOCA_H 1
| #define HAVE_ALLOCA 1
| #define STDC_HEADERS 1
| #define HAVE_LANGINFO_CODESET 1
| /* end confdefs.h.  */
| 
| #include <sys/types.h>
| 
| int
| main ()
| {
| if ((uchar *)0) return 0;
|  if (sizeof(uchar)) return 0;
|   ;
|   return 0;
| }
configure:7452: result: 
configure:7502: checking for ld used by GCC
configure:7565: result: /usr/bin/ld -L/home/zhangsiyu/pc018work-v15-at/apv5sdk-v15/build/gcc-4.3.3/build_mips/host_dir/lib -L/home/zhangsiyu/pc018work-v15-at/apv5sdk-v15/build/gcc-4.3.3/build_mips/host_dir/usr/lib
configure:7574: checking if the linker (/usr/bin/ld -L/home/zhangsiyu/pc018work-v15-at/apv5sdk-v15/build/gcc-4.3.3/build_mips/host_dir/lib -L/home/zhangsiyu/pc018work-v15-at/apv5sdk-v15/build/gcc-4.3.3/build_mips/host_dir/usr/lib) is GNU ld
GNU ld (GNU Binutils for Debian) 2.20.1-system.20100303
configure:7586: result: yes
configure:7592: checking for shared library run path origin
configure:7605: result: done
configure:8035: checking for iconv
configure:8062: /usr/bin/gcc -I/home/zhangsiyu/pc018work-v15-at/apv5sdk-v15/build/gcc-4.3.3/build_mips/host_dir/include -I/home/zhangsiyu/pc018work-v15-at/apv5sdk-v15/build/gcc-4.3.3/build_mips/host_dir/usr/include -o conftest -g -O2   conftest.c  >&5
configure:8068: $? = 0
configure:8072: test -z 
			 || test ! -s conftest.err
configure:8075: $? = 0
configure:8078: test -s conftest
configure:8081: $? = 0
configure:8147: result: yes
configure:8170: checking for iconv declaration
configure:8204: /usr/bin/gcc -I/home/zhangsiyu/pc018work-v15-at/apv5sdk-v15/build/gcc-4.3.3/build_mips/host_dir/include -I/home/zhangsiyu/pc018work-v15-at/apv5sdk-v15/build/gcc-4.3.3/build_mips/host_dir/usr/include -c -g -O2  conftest.c >&5
configure:8210: $? = 0
configure:8214: test -z 
			 || test ! -s conftest.err
configure:8217: $? = 0
configure:8220: test -s conftest.o
configure:8223: $? = 0
configure:8238: result: 
         extern size_t iconv (iconv_t cd, char * *inbuf, size_t *inbytesleft, char * *outbuf, size_t *outbytesleft);
configure:8441: creating ./config.status

## ---------------------- ##
## Running config.status. ##
## ---------------------- ##

This file was extended by cpplib config.status  , which was
generated by GNU Autoconf 2.59.  Invocation command line was

  CONFIG_FILES    = 
  CONFIG_HEADERS  = 
  CONFIG_LINKS    = 
  CONFIG_COMMANDS = 
  $ ./config.status 

on debian

config.status:703: creating Makefile
config.status:800: creating config.h
config.status:1202: executing depdir commands

## ---------------- ##
## Cache variables. ##
## ---------------- ##

ac_cv_build=i386-pc-linux-gnu
ac_cv_build_alias=i386-pc-linux-gnu
ac_cv_c_compiler_gnu=yes
ac_cv_c_const=yes
ac_cv_c_inline=inline
ac_cv_env_CC_set=set
ac_cv_env_CC_value='/usr/bin/gcc -I/home/zhangsiyu/pc018work-v15-at/apv5sdk-v15/build/gcc-4.3.3/build_mips/host_dir/include -I/home/zhangsiyu/pc018work-v15-at/apv5sdk-v15/build/gcc-4.3.3/build_mips/host_dir/usr/include'
ac_cv_env_CFLAGS_set=set
ac_cv_env_CFLAGS_value='-g -O2'
ac_cv_env_CPPFLAGS_set=
ac_cv_env_CPPFLAGS_value=
ac_cv_env_CPP_set=
ac_cv_env_CPP_value=
ac_cv_env_LDFLAGS_set=set
ac_cv_env_LDFLAGS_value=
ac_cv_env_build_alias_set=set
ac_cv_env_build_alias_value=i386-pc-linux-gnu
ac_cv_env_host_alias_set=set
ac_cv_env_host_alias_value=i386-pc-linux-gnu
ac_cv_env_target_alias_set=set
ac_cv_env_target_alias_value=mips-linux-uclibc
ac_cv_exeext=
ac_cv_func_alloca_works=yes
ac_cv_func_clearerr_unlocked=yes
ac_cv_func_feof_unlocked=yes
ac_cv_func_ferror_unlocked=yes
ac_cv_func_fflush_unlocked=yes
ac_cv_func_fgetc_unlocked=yes
ac_cv_func_fgets_unlocked=yes
ac_cv_func_fileno_unlocked=yes
ac_cv_func_fprintf_unlocked=no
ac_cv_func_fputc_unlocked=yes
ac_cv_func_fputs_unlocked=yes
ac_cv_func_fread_unlocked=yes
ac_cv_func_fwrite_unlocked=yes
ac_cv_func_getc_unlocked=yes
ac_cv_func_getchar_unlocked=yes
ac_cv_func_obstack=yes
ac_cv_func_putc_unlocked=yes
ac_cv_func_putchar_unlocked=yes
ac_cv_have_decl_abort=yes
ac_cv_have_decl_asprintf=no
ac_cv_have_decl_basename=no
ac_cv_have_decl_clearerr_unlocked=yes
ac_cv_have_decl_errno=no
ac_cv_have_decl_feof_unlocked=yes
ac_cv_have_decl_ferror_unlocked=yes
ac_cv_have_decl_fflush_unlocked=yes
ac_cv_have_decl_fgetc_unlocked=yes
ac_cv_have_decl_fgets_unlocked=no
ac_cv_have_decl_fileno_unlocked=yes
ac_cv_have_decl_fprintf_unlocked=no
ac_cv_have_decl_fputc_unlocked=yes
ac_cv_have_decl_fputs_unlocked=no
ac_cv_have_decl_fread_unlocked=yes
ac_cv_have_decl_fwrite_unlocked=yes
ac_cv_have_decl_getc_unlocked=yes
ac_cv_have_decl_getchar_unlocked=yes
ac_cv_have_decl_getopt=yes
ac_cv_have_decl_putc_unlocked=yes
ac_cv_have_decl_putchar_unlocked=yes
ac_cv_have_decl_vasprintf=no
ac_cv_header_fcntl_h=yes
ac_cv_header_iconv_h=yes
ac_cv_header_inttypes_h=yes
ac_cv_header_limits_h=yes
ac_cv_header_locale_h=yes
ac_cv_header_memory_h=yes
ac_cv_header_stdc=yes
ac_cv_header_stddef_h=yes
ac_cv_header_stdint_h=yes
ac_cv_header_stdlib_h=yes
ac_cv_header_string_h=yes
ac_cv_header_strings_h=yes
ac_cv_header_sys_file_h=yes
ac_cv_header_sys_stat_h=yes
ac_cv_header_sys_types_h=yes
ac_cv_header_time=yes
ac_cv_header_unistd_h=yes
ac_cv_host=i386-pc-linux-gnu
ac_cv_host_alias=i386-pc-linux-gnu
ac_cv_objext=o
ac_cv_path_install='/usr/bin/install -c'
ac_cv_prog_ACLOCAL=aclocal
ac_cv_prog_AUTOCONF=autoconf
ac_cv_prog_AUTOHEADER=autoheader
ac_cv_prog_CC='/usr/bin/gcc -I/home/zhangsiyu/pc018work-v15-at/apv5sdk-v15/build/gcc-4.3.3/build_mips/host_dir/include -I/home/zhangsiyu/pc018work-v15-at/apv5sdk-v15/build/gcc-4.3.3/build_mips/host_dir/usr/include'
ac_cv_prog_CPP='/usr/bin/gcc -I/home/zhangsiyu/pc018work-v15-at/apv5sdk-v15/build/gcc-4.3.3/build_mips/host_dir/include -I/home/zhangsiyu/pc018work-v15-at/apv5sdk-v15/build/gcc-4.3.3/build_mips/host_dir/usr/include -E'
ac_cv_prog_RANLIB=ranlib
ac_cv_prog_cc_g=yes
ac_cv_prog_cc_stdc=
ac_cv_prog_egrep='grep -E'
ac_cv_prog_make_make_set=yes
ac_cv_sizeof_int=4
ac_cv_sizeof_long=4
ac_cv_struct_tm=time.h
ac_cv_target=mips-unknown-linux-uclibc
ac_cv_target_alias=mips-linux-uclibc
ac_cv_type_int=yes
ac_cv_type_long=yes
ac_cv_type_off_t=yes
ac_cv_type_size_t=yes
ac_cv_type_ssize_t=yes
ac_cv_type_uchar=no
ac_cv_working_alloca_h=yes
acl_cv_hardcode_direct=no
acl_cv_hardcode_libdir_flag_spec='${wl}-rpath ${wl}$libdir'
acl_cv_hardcode_libdir_separator=
acl_cv_hardcode_minus_L=no
acl_cv_libext=a
acl_cv_path_LD='/usr/bin/ld -L/home/zhangsiyu/pc018work-v15-at/apv5sdk-v15/build/gcc-4.3.3/build_mips/host_dir/lib -L/home/zhangsiyu/pc018work-v15-at/apv5sdk-v15/build/gcc-4.3.3/build_mips/host_dir/usr/lib'
acl_cv_prog_gnu_ld=yes
acl_cv_rpath=done
acl_cv_shlibext=so
acl_cv_wl=-Wl,
acx_cv_prog_cc_pedantic__Wno_long_long=yes
acx_cv_prog_cc_warning__W=yes
acx_cv_prog_cc_warning__Wall=yes
acx_cv_prog_cc_warning__Wmissing_format_attribute=yes
acx_cv_prog_cc_warning__Wmissing_prototypes=yes
acx_cv_prog_cc_warning__Wold_style_definition=yes
acx_cv_prog_cc_warning__Wstrict_prototypes=yes
acx_cv_prog_cc_warning__Wwrite_strings=yes
am_cv_CC_dependencies_compiler_type=gcc3
am_cv_func_iconv=yes
am_cv_langinfo_codeset=yes
am_cv_lib_iconv=no
am_cv_proto_iconv='extern size_t iconv (iconv_t cd, char * *inbuf, size_t *inbytesleft, char * *outbuf, size_t *outbytesleft);'
am_cv_proto_iconv_arg1=
gcc_cv_header_string=yes

## ----------------- ##
## Output variables. ##
## ----------------- ##

ACLOCAL='aclocal'
ALLOCA=''
AUTOCONF='autoconf'
AUTOHEADER='autoheader'
CATALOGS=''
CATOBJEXT=''
CC='/usr/bin/gcc -I/home/zhangsiyu/pc018work-v15-at/apv5sdk-v15/build/gcc-4.3.3/build_mips/host_dir/include -I/home/zhangsiyu/pc018work-v15-at/apv5sdk-v15/build/gcc-4.3.3/build_mips/host_dir/usr/include'
CCDEPMODE='depmode=gcc3'
CFLAGS='-g -O2'
CPP='/usr/bin/gcc -I/home/zhangsiyu/pc018work-v15-at/apv5sdk-v15/build/gcc-4.3.3/build_mips/host_dir/include -I/home/zhangsiyu/pc018work-v15-at/apv5sdk-v15/build/gcc-4.3.3/build_mips/host_dir/usr/include -E'
CPPFLAGS=''
DATADIRNAME=''
DEFS='-DHAVE_CONFIG_H'
DEPDIR='.deps'
ECHO_C=''
ECHO_N='-n'
ECHO_T=''
EGREP='grep -E'
EXEEXT=''
GENCAT=''
GMSGFMT='/usr/bin/msgfmt'
INCINTL=''
INSTALL_DATA='${INSTALL} -m 644'
INSTALL_PROGRAM='${INSTALL}'
INSTALL_SCRIPT='${INSTALL}'
INSTOBJEXT=''
LDFLAGS=''
LIBICONV=''
LIBINTL=''
LIBINTL_DEP=''
LIBOBJS=''
LIBS=''
LTLIBICONV=''
LTLIBOBJS=''
MAINT='#'
OBJEXT='o'
PACKAGE='cpplib'
PACKAGE_BUGREPORT='gcc-bugs@gcc.gnu.org'
PACKAGE_NAME='cpplib'
PACKAGE_STRING='cpplib  '
PACKAGE_TARNAME='cpplib'
PACKAGE_VERSION=' '
PATH_SEPARATOR=':'
POSUB=''
RANLIB='ranlib'
SET_MAKE=''
SHELL='/bin/sh'
USED_CATALOGS=''
USE_NLS='no'
WARN_CFLAGS='-W -Wall -Wwrite-strings -Wstrict-prototypes -Wmissing-prototypes -Wold-style-definition -Wmissing-format-attribute'
WARN_PEDANTIC='-pedantic -Wno-long-long'
WERROR=''
XGETTEXT='/usr/bin/xgettext'
ac_ct_CC=''
ac_ct_RANLIB=''
am__leading_dot='.'
bindir='${exec_prefix}/bin'
build='i386-pc-linux-gnu'
build_alias='i386-pc-linux-gnu'
build_cpu='i386'
build_os='linux-gnu'
build_vendor='pc'
datadir='${prefix}/share'
exec_prefix='${prefix}'
host='i386-pc-linux-gnu'
host_alias='i386-pc-linux-gnu'
host_cpu='i386'
host_os='linux-gnu'
host_vendor='pc'
includedir='${prefix}/include'
infodir='${prefix}/info'
libdir='${exec_prefix}/lib'
libexecdir='${exec_prefix}/libexec'
localstatedir='${prefix}/var'
mandir='${prefix}/man'
oldincludedir='/usr/include'
prefix='/home/zhangsiyu/pc018work-v15-at/apv5sdk-v15/build/gcc-4.3.3/build_mips/staging_dir/usr'
program_transform_name='s,^,mips-linux-uclibc-,'
sbindir='${exec_prefix}/sbin'
sharedstatedir='${prefix}/com'
sysconfdir='${prefix}/etc'
target='mips-unknown-linux-uclibc'
target_alias='mips-linux-uclibc'
target_cpu='mips'
target_os='linux-uclibc'
target_vendor='unknown'

## ----------- ##
## confdefs.h. ##
## ----------- ##

#define HAVE_ALLOCA 1
#define HAVE_ALLOCA_H 1
#define HAVE_CLEARERR_UNLOCKED 1
#define HAVE_DECL_ABORT 1
#define HAVE_DECL_ASPRINTF 0
#define HAVE_DECL_BASENAME 0
#define HAVE_DECL_CLEARERR_UNLOCKED 1
#define HAVE_DECL_ERRNO 0
#define HAVE_DECL_FEOF_UNLOCKED 1
#define HAVE_DECL_FERROR_UNLOCKED 1
#define HAVE_DECL_FFLUSH_UNLOCKED 1
#define HAVE_DECL_FGETC_UNLOCKED 1
#define HAVE_DECL_FGETS_UNLOCKED 0
#define HAVE_DECL_FILENO_UNLOCKED 1
#define HAVE_DECL_FPRINTF_UNLOCKED 0
#define HAVE_DECL_FPUTC_UNLOCKED 1
#define HAVE_DECL_FPUTS_UNLOCKED 0
#define HAVE_DECL_FREAD_UNLOCKED 1
#define HAVE_DECL_FWRITE_UNLOCKED 1
#define HAVE_DECL_GETCHAR_UNLOCKED 1
#define HAVE_DECL_GETC_UNLOCKED 1
#define HAVE_DECL_GETOPT 1
#define HAVE_DECL_PUTCHAR_UNLOCKED 1
#define HAVE_DECL_PUTC_UNLOCKED 1
#define HAVE_DECL_VASPRINTF 0
#define HAVE_FCNTL_H 1
#define HAVE_FEOF_UNLOCKED 1
#define HAVE_FERROR_UNLOCKED 1
#define HAVE_FFLUSH_UNLOCKED 1
#define HAVE_FGETC_UNLOCKED 1
#define HAVE_FGETS_UNLOCKED 1
#define HAVE_FILENO_UNLOCKED 1
#define HAVE_FPUTC_UNLOCKED 1
#define HAVE_FPUTS_UNLOCKED 1
#define HAVE_FREAD_UNLOCKED 1
#define HAVE_FWRITE_UNLOCKED 1
#define HAVE_GETCHAR_UNLOCKED 1
#define HAVE_GETC_UNLOCKED 1
#define HAVE_ICONV 1
#define HAVE_ICONV_H 1
#define HAVE_INTTYPES_H 1
#define HAVE_LANGINFO_CODESET 1
#define HAVE_LIMITS_H 1
#define HAVE_LOCALE_H 1
#define HAVE_MEMORY_H 1
#define HAVE_OBSTACK 1
#define HAVE_PUTCHAR_UNLOCKED 1
#define HAVE_PUTC_UNLOCKED 1
#define HAVE_STDDEF_H 1
#define HAVE_STDINT_H 1
#define HAVE_STDLIB_H 1
#define HAVE_STDLIB_H 1
#define HAVE_STRINGS_H 1
#define HAVE_STRINGS_H 1
#define HAVE_STRING_H 1
#define HAVE_STRING_H 1
#define HAVE_SYS_FILE_H 1
#define HAVE_SYS_STAT_H 1
#define HAVE_SYS_TYPES_H 1
#define HAVE_UNISTD_H 1
#define HAVE_UNISTD_H 1
#define HOST_WIDE_INT long long
#define ICONV_CONST 
#define PACKAGE "cpplib"
#define PACKAGE_BUGREPORT "gcc-bugs@gcc.gnu.org"
#define PACKAGE_NAME "cpplib"
#define PACKAGE_STRING "cpplib  "
#define PACKAGE_TARNAME "cpplib"
#define PACKAGE_VERSION " "
#define SIZEOF_INT 4
#define SIZEOF_LONG 4
#define STDC_HEADERS 1
#define STDC_HEADERS 1
#define STRING_WITH_STRINGS 1
#define TIME_WITH_SYS_TIME 1

configure: exit 0
