This file contains any messages produced by compilers while
running configure, to aid debugging if configure makes a mistake.

It was created by configure, which was
generated by GNU Autoconf 2.59.  Invocation command line was

  $ /home/zhangsiyu/pc018work-v15-at/apv5sdk-v15/build/gcc-4.3.3/toolchain_build_mips/gdb-6.8/configure --cache-file=/dev/null --prefix=/home/zhangsiyu/pc018work-v15-at/apv5sdk-v15/build/gcc-4.3.3/build_mips/staging_dir --build=i386-pc-linux-gnu --host=i386-pc-linux-gnu --target=mips-linux-uclibc --disable-nls --without-uiout --disable-tui --disable-gdbtk --without-x --without-included-gettext --enable-threads --disable-werror

## --------- ##
## Platform. ##
## --------- ##

hostname = debian
uname -m = i686
uname -r = 2.6.32-5-686
uname -s = Linux
uname -v = #1 SMP Mon Sep 23 23:00:18 UTC 2013

/usr/bin/uname -p = unknown
/bin/uname -X     = unknown

/bin/arch              = unknown
/usr/bin/arch -k       = unknown
/usr/convex/getsysinfo = unknown
hostinfo               = unknown
/bin/machine           = unknown
/usr/bin/oslevel       = unknown
/bin/universe          = unknown

PATH: /home/zhangsiyu/pc018work-v15-at/apv5sdk-v15/build/../build/util
PATH: /home/zhangsiyu/pc018work-v15-at/apv5sdk-v15/build/../build/gcc-4.3.3/build_mips/staging_dir/usr//bin
PATH: /home/zhangsiyu/pc018work-v15-at/apv5sdk-v15/build/../linux
PATH: /home/zhangsiyu/pc018work-v15-at/apv5sdk-v15/build/../build
PATH: /home/zhangsiyu/pc018work-v15-at/apv5sdk-v15/build/../boot/redboot/ecos/tools/bin
PATH: `pwd`
PATH: /opt/hisi-linux/x86-arm/arm-hisiv200-linux/target/bin
PATH: /usr/local/bin
PATH: /usr/bin
PATH: /bin
PATH: /usr/local/games
PATH: /usr/games


## ----------- ##
## Core tests. ##
## ----------- ##

configure:1505: checking build system type
configure:1523: result: i386-pc-linux-gnu
configure:1558: checking host system type
configure:1572: result: i386-pc-linux-gnu
configure:1580: checking target system type
configure:1594: result: mips-unknown-linux-uclibc
configure:1637: checking for a BSD-compatible install
configure:1692: result: /usr/bin/install -c
configure:1703: checking whether ln works
configure:1725: result: yes
configure:1729: checking whether ln -s works
configure:1733: result: yes
configure:2847: checking for i386-pc-linux-gnu-gcc
configure:2876: result: no
configure:2885: checking for gcc
configure:2901: found /usr/bin/gcc
configure:2911: result: gcc
configure:3155: checking for C compiler version
configure:3158: gcc --version </dev/null >&5
gcc (Debian 4.4.5-8) 4.4.5
Copyright (C) 2010 Free Software Foundation, Inc.
This is free software; see the source for copying conditions.  There is NO
warranty; not even for MERCHANTABILITY or FITNESS FOR A PARTICULAR PURPOSE.

configure:3161: $? = 0
configure:3163: gcc -v </dev/null >&5
Using built-in specs.
Target: i486-linux-gnu
Configured with: ../src/configure -v --with-pkgversion='Debian 4.4.5-8' --with-bugurl=file:///usr/share/doc/gcc-4.4/README.Bugs --enable-languages=c,c++,fortran,objc,obj-c++ --prefix=/usr --program-suffix=-4.4 --enable-shared --enable-multiarch --enable-linker-build-id --with-system-zlib --libexecdir=/usr/lib --without-included-gettext --enable-threads=posix --with-gxx-include-dir=/usr/include/c++/4.4 --libdir=/usr/lib --enable-nls --enable-clocale=gnu --enable-libstdcxx-debug --enable-objc-gc --enable-targets=all --with-arch-32=i586 --with-tune=generic --enable-checking=release --build=i486-linux-gnu --host=i486-linux-gnu --target=i486-linux-gnu
Thread model: posix
gcc version 4.4.5 (Debian 4.4.5-8) 
configure:3166: $? = 0
configure:3168: gcc -V </dev/null >&5
gcc: '-V' option must have argument
configure:3171: $? = 1
configure:3194: checking for C compiler default output file name
configure:3197: gcc    conftest.c  >&5
configure:3200: $? = 0
configure:3246: result: a.out
configure:3251: checking whether the C compiler works
configure:3257: ./a.out
configure:3260: $? = 0
configure:3277: result: yes
configure:3284: checking whether we are cross compiling
configure:3286: result: no
configure:3289: checking for suffix of executables
configure:3291: gcc -o conftest    conftest.c  >&5
configure:3294: $? = 0
configure:3319: result: 
configure:3325: checking for suffix of object files
configure:3346: gcc -c   conftest.c >&5
configure:3349: $? = 0
configure:3371: result: o
configure:3375: checking whether we are using the GNU C compiler
configure:3399: gcc -c   conftest.c >&5
configure:3405: $? = 0
configure:3409: test -z 
			 || test ! -s conftest.err
configure:3412: $? = 0
configure:3415: test -s conftest.o
configure:3418: $? = 0
configure:3431: result: yes
configure:3437: checking whether gcc accepts -g
configure:3458: gcc -c -g  conftest.c >&5
configure:3464: $? = 0
configure:3468: test -z 
			 || test ! -s conftest.err
configure:3471: $? = 0
configure:3474: test -s conftest.o
configure:3477: $? = 0
configure:3488: result: yes
configure:3505: checking for gcc option to accept ANSI C
configure:3575: gcc  -c -g -O2  conftest.c >&5
configure:3581: $? = 0
configure:3585: test -z 
			 || test ! -s conftest.err
configure:3588: $? = 0
configure:3591: test -s conftest.o
configure:3594: $? = 0
configure:3612: result: none needed
configure:3630: gcc -c -g -O2  conftest.c >&5
conftest.c:2: error: expected '=', ',', ';', 'asm' or '__attribute__' before 'me'
configure:3636: $? = 1
configure: failed program was:
| #ifndef __cplusplus
|   choke me
| #endif
configure:3779: checking for i386-pc-linux-gnu-g++
configure:3808: result: no
configure:3779: checking for i386-pc-linux-gnu-c++
configure:3808: result: no
configure:3779: checking for i386-pc-linux-gnu-gpp
configure:3808: result: no
configure:3779: checking for i386-pc-linux-gnu-aCC
configure:3808: result: no
configure:3779: checking for i386-pc-linux-gnu-CC
configure:3808: result: no
configure:3779: checking for i386-pc-linux-gnu-cxx
configure:3808: result: no
configure:3779: checking for i386-pc-linux-gnu-cc++
configure:3808: result: no
configure:3779: checking for i386-pc-linux-gnu-cl
configure:3808: result: no
configure:3779: checking for i386-pc-linux-gnu-FCC
configure:3808: result: no
configure:3779: checking for i386-pc-linux-gnu-KCC
configure:3808: result: no
configure:3779: checking for i386-pc-linux-gnu-RCC
configure:3808: result: no
configure:3779: checking for i386-pc-linux-gnu-xlC_r
configure:3808: result: no
configure:3779: checking for i386-pc-linux-gnu-xlC
configure:3808: result: no
configure:3821: checking for g++
configure:3837: found /usr/bin/g++
configure:3847: result: g++
configure:3863: checking for C++ compiler version
configure:3866: g++ --version </dev/null >&5
g++ (Debian 4.4.5-8) 4.4.5
Copyright (C) 2010 Free Software Foundation, Inc.
This is free software; see the source for copying conditions.  There is NO
warranty; not even for MERCHANTABILITY or FITNESS FOR A PARTICULAR PURPOSE.

configure:3869: $? = 0
configure:3871: g++ -v </dev/null >&5
Using built-in specs.
Target: i486-linux-gnu
Configured with: ../src/configure -v --with-pkgversion='Debian 4.4.5-8' --with-bugurl=file:///usr/share/doc/gcc-4.4/README.Bugs --enable-languages=c,c++,fortran,objc,obj-c++ --prefix=/usr --program-suffix=-4.4 --enable-shared --enable-multiarch --enable-linker-build-id --with-system-zlib --libexecdir=/usr/lib --without-included-gettext --enable-threads=posix --with-gxx-include-dir=/usr/include/c++/4.4 --libdir=/usr/lib --enable-nls --enable-clocale=gnu --enable-libstdcxx-debug --enable-objc-gc --enable-targets=all --with-arch-32=i586 --with-tune=generic --enable-checking=release --build=i486-linux-gnu --host=i486-linux-gnu --target=i486-linux-gnu
Thread model: posix
gcc version 4.4.5 (Debian 4.4.5-8) 
configure:3874: $? = 0
configure:3876: g++ -V </dev/null >&5
g++: '-V' option must have argument
configure:3879: $? = 1
configure:3882: checking whether we are using the GNU C++ compiler
configure:3906: g++ -c   conftest.cc >&5
configure:3912: $? = 0
configure:3916: test -z 
			 || test ! -s conftest.err
configure:3919: $? = 0
configure:3922: test -s conftest.o
configure:3925: $? = 0
configure:3938: result: yes
configure:3944: checking whether g++ accepts -g
configure:3965: g++ -c -g  conftest.cc >&5
configure:3971: $? = 0
configure:3975: test -z 
			 || test ! -s conftest.err
configure:3978: $? = 0
configure:3981: test -s conftest.o
configure:3984: $? = 0
configure:3995: result: yes
configure:4037: g++ -c -g -O2  conftest.cc >&5
configure:4043: $? = 0
configure:4047: test -z 
			 || test ! -s conftest.err
configure:4050: $? = 0
configure:4053: test -s conftest.o
configure:4056: $? = 0
configure:4082: g++ -c -g -O2  conftest.cc >&5
conftest.cc: In function 'int main()':
conftest.cc:13: error: 'exit' was not declared in this scope
configure:4088: $? = 1
configure: failed program was:
| /* confdefs.h.  */
| 
| #define PACKAGE_NAME ""
| #define PACKAGE_TARNAME ""
| #define PACKAGE_VERSION ""
| #define PACKAGE_STRING ""
| #define PACKAGE_BUGREPORT ""
| /* end confdefs.h.  */
| 
| int
| main ()
| {
| exit (42);
|   ;
|   return 0;
| }
configure:4037: g++ -c -g -O2  conftest.cc >&5
conftest.cc:9: error: 'void std::exit(int)' should have been declared inside 'std'
configure:4043: $? = 1
configure: failed program was:
| /* confdefs.h.  */
| 
| #define PACKAGE_NAME ""
| #define PACKAGE_TARNAME ""
| #define PACKAGE_VERSION ""
| #define PACKAGE_STRING ""
| #define PACKAGE_BUGREPORT ""
| /* end confdefs.h.  */
| extern "C" void std::exit (int) throw (); using std::exit;
| #include <stdlib.h>
| int
| main ()
| {
| exit (42);
|   ;
|   return 0;
| }
configure:4037: g++ -c -g -O2  conftest.cc >&5
conftest.cc:9: error: 'void std::exit(int)' should have been declared inside 'std'
In file included from conftest.cc:10:
/usr/include/stdlib.h:543: error: declaration of 'void std::exit(int) throw ()' throws different exceptions
conftest.cc:9: error: from previous declaration 'void std::exit(int)'
configure:4043: $? = 1
configure: failed program was:
| /* confdefs.h.  */
| 
| #define PACKAGE_NAME ""
| #define PACKAGE_TARNAME ""
| #define PACKAGE_VERSION ""
| #define PACKAGE_STRING ""
| #define PACKAGE_BUGREPORT ""
| /* end confdefs.h.  */
| extern "C" void std::exit (int); using std::exit;
| #include <stdlib.h>
| int
| main ()
| {
| exit (42);
|   ;
|   return 0;
| }
configure:4037: g++ -c -g -O2  conftest.cc >&5
configure:4043: $? = 0
configure:4047: test -z 
			 || test ! -s conftest.err
configure:4050: $? = 0
configure:4053: test -s conftest.o
configure:4056: $? = 0
configure:4082: g++ -c -g -O2  conftest.cc >&5
configure:4088: $? = 0
configure:4092: test -z 
			 || test ! -s conftest.err
configure:4095: $? = 0
configure:4098: test -s conftest.o
configure:4101: $? = 0
configure:4150: checking for i386-pc-linux-gnu-gnatbind
configure:4179: result: no
configure:4188: checking for gnatbind
configure:4215: result: no
configure:4230: checking for i386-pc-linux-gnu-gnatmake
configure:4259: result: no
configure:4268: checking for gnatmake
configure:4295: result: no
configure:4307: checking whether compiler driver understands Ada
configure:4330: result: no
configure:4339: checking how to compare bootstrapped objects
configure:4364: result: cmp --ignore-initial=16 $$f1 $$f2
configure:6003: checking for bison
configure:6019: found /usr/local/bin/bison
configure:6029: result: bison -y
configure:6049: checking for bison
configure:6065: found /usr/local/bin/bison
configure:6075: result: bison
configure:6094: checking for gm4
configure:6123: result: no
configure:6094: checking for gnum4
configure:6123: result: no
configure:6094: checking for m4
configure:6110: found /usr/bin/m4
configure:6120: result: m4
configure:6139: checking for flex
configure:6155: found /usr/bin/flex
configure:6165: result: flex
configure:6185: checking for flex
configure:6201: found /usr/bin/flex
configure:6211: result: flex
configure:6230: checking for makeinfo
configure:6246: found /usr/bin/makeinfo
configure:6256: result: makeinfo
configure:6289: checking for expect
configure:6318: result: no
configure:6336: checking for runtest
configure:6365: result: no
configure:6438: checking for i386-pc-linux-gnu-ar
configure:6467: result: no
configure:6475: checking for ar
configure:6491: found /usr/bin/ar
configure:6501: result: ar
configure:6573: checking for i386-pc-linux-gnu-as
configure:6602: result: no
configure:6610: checking for as
configure:6626: found /usr/bin/as
configure:6636: result: as
configure:6708: checking for i386-pc-linux-gnu-dlltool
configure:6737: result: no
configure:6745: checking for dlltool
configure:6774: result: no
configure:6843: checking for i386-pc-linux-gnu-ld
configure:6872: result: no
configure:6880: checking for ld
configure:6896: found /usr/bin/ld
configure:6906: result: ld
configure:6978: checking for i386-pc-linux-gnu-lipo
configure:7007: result: no
configure:7015: checking for lipo
configure:7044: result: no
configure:7113: checking for i386-pc-linux-gnu-nm
configure:7142: result: no
configure:7150: checking for nm
configure:7166: found /usr/bin/nm
configure:7176: result: nm
configure:7248: checking for i386-pc-linux-gnu-ranlib
configure:7277: result: no
configure:7285: checking for ranlib
configure:7301: found /usr/bin/ranlib
configure:7311: result: ranlib
configure:7338: checking for strip
configure:7364: result: mips-linux-uclibc-strip
configure:7378: checking for i386-pc-linux-gnu-strip
configure:7404: result: mips-linux-uclibc-strip
configure:7508: checking for i386-pc-linux-gnu-windres
configure:7537: result: no
configure:7545: checking for windres
configure:7574: result: no
configure:7643: checking for i386-pc-linux-gnu-windmc
configure:7672: result: no
configure:7680: checking for windmc
configure:7709: result: no
configure:7778: checking for i386-pc-linux-gnu-objcopy
configure:7807: result: no
configure:7815: checking for objcopy
configure:7831: found /usr/bin/objcopy
configure:7841: result: objcopy
configure:7913: checking for i386-pc-linux-gnu-objdump
configure:7942: result: no
configure:7950: checking for objdump
configure:7966: found /usr/bin/objdump
configure:7976: result: objdump
configure:8087: checking for mips-linux-uclibc-cc
configure:8103: found /home/zhangsiyu/pc018work-v15-at/apv5sdk-v15/build/../build/gcc-4.3.3/build_mips/staging_dir/usr//bin/mips-linux-uclibc-cc
configure:8113: result: mips-linux-uclibc-cc
configure:8242: checking for mips-linux-uclibc-c++
configure:8271: result: no
configure:8242: checking for mips-linux-uclibc-g++
configure:8271: result: no
configure:8242: checking for mips-linux-uclibc-cxx
configure:8271: result: no
configure:8242: checking for mips-linux-uclibc-gxx
configure:8271: result: no
configure:8397: checking for mips-linux-uclibc-gcc
configure:8413: found /home/zhangsiyu/pc018work-v15-at/apv5sdk-v15/build/../build/gcc-4.3.3/build_mips/staging_dir/usr//bin/mips-linux-uclibc-gcc
configure:8423: result: mips-linux-uclibc-gcc
configure:8547: checking for mips-linux-uclibc-gcj
configure:8576: result: no
configure:8702: checking for mips-linux-uclibc-gfortran
configure:8731: result: no
configure:8936: checking for mips-linux-uclibc-ar
configure:8952: found /home/zhangsiyu/pc018work-v15-at/apv5sdk-v15/build/../build/gcc-4.3.3/build_mips/staging_dir/usr//bin/mips-linux-uclibc-ar
configure:8962: result: mips-linux-uclibc-ar
configure:9159: checking for mips-linux-uclibc-as
configure:9175: found /home/zhangsiyu/pc018work-v15-at/apv5sdk-v15/build/../build/gcc-4.3.3/build_mips/staging_dir/usr//bin/mips-linux-uclibc-as
configure:9185: result: mips-linux-uclibc-as
configure:9382: checking for mips-linux-uclibc-dlltool
configure:9411: result: no
configure:9605: checking for mips-linux-uclibc-ld
configure:9621: found /home/zhangsiyu/pc018work-v15-at/apv5sdk-v15/build/../build/gcc-4.3.3/build_mips/staging_dir/usr//bin/mips-linux-uclibc-ld
configure:9631: result: mips-linux-uclibc-ld
configure:9828: checking for mips-linux-uclibc-lipo
configure:9857: result: no
configure:10051: checking for mips-linux-uclibc-nm
configure:10067: found /home/zhangsiyu/pc018work-v15-at/apv5sdk-v15/build/../build/gcc-4.3.3/build_mips/staging_dir/usr//bin/mips-linux-uclibc-nm
configure:10077: result: mips-linux-uclibc-nm
configure:10274: checking for mips-linux-uclibc-objdump
configure:10290: found /home/zhangsiyu/pc018work-v15-at/apv5sdk-v15/build/../build/gcc-4.3.3/build_mips/staging_dir/usr//bin/mips-linux-uclibc-objdump
configure:10300: result: mips-linux-uclibc-objdump
configure:10497: checking for mips-linux-uclibc-ranlib
configure:10513: found /home/zhangsiyu/pc018work-v15-at/apv5sdk-v15/build/../build/gcc-4.3.3/build_mips/staging_dir/usr//bin/mips-linux-uclibc-ranlib
configure:10523: result: mips-linux-uclibc-ranlib
configure:10720: checking for mips-linux-uclibc-strip
configure:10736: found /home/zhangsiyu/pc018work-v15-at/apv5sdk-v15/build/../build/gcc-4.3.3/build_mips/staging_dir/usr//bin/mips-linux-uclibc-strip
configure:10746: result: mips-linux-uclibc-strip
configure:10943: checking for mips-linux-uclibc-windres
configure:10972: result: no
configure:11166: checking for mips-linux-uclibc-windmc
configure:11195: result: no
configure:11259: checking where to find the target ar
configure:11296: result: pre-installed
configure:11301: checking where to find the target as
configure:11338: result: pre-installed
configure:11343: checking where to find the target cc
configure:11380: result: pre-installed
configure:11385: checking where to find the target c++
configure:11425: result: pre-installed
configure:11430: checking where to find the target c++ for libstdc++
configure:11470: result: pre-installed
configure:11475: checking where to find the target dlltool
configure:11512: result: pre-installed
configure:11517: checking where to find the target gcc
configure:11554: result: pre-installed
configure:11559: checking where to find the target gcj
configure:11599: result: pre-installed
configure:11604: checking where to find the target gfortran
configure:11644: result: pre-installed
configure:11649: checking where to find the target ld
configure:11686: result: pre-installed
configure:11691: checking where to find the target lipo
configure:11717: result: pre-installed
configure:11722: checking where to find the target nm
configure:11759: result: pre-installed
configure:11764: checking where to find the target objdump
configure:11801: result: pre-installed
configure:11806: checking where to find the target ranlib
configure:11843: result: pre-installed
configure:11848: checking where to find the target strip
configure:11885: result: pre-installed
configure:11890: checking where to find the target windres
configure:11927: result: pre-installed
configure:11932: checking where to find the target windmc
configure:11969: result: pre-installed
configure:12002: checking whether to enable maintainer-specific portions of Makefiles
configure:12011: result: no
configure:12044: checking whether -fkeep-inline-functions is supported
configure:12068: gcc -c -g -O2 -fkeep-inline-functions  conftest.c >&5
configure:12074: $? = 0
configure:12078: test -z 
			 || test ! -s conftest.err
configure:12081: $? = 0
configure:12084: test -s conftest.o
configure:12087: $? = 0
configure:12089: result: yes
configure:12306: creating ./config.status

## ---------------------- ##
## Running config.status. ##
## ---------------------- ##

This file was extended by config.status, which was
generated by GNU Autoconf 2.59.  Invocation command line was

  CONFIG_FILES    = 
  CONFIG_HEADERS  = 
  CONFIG_LINKS    = 
  CONFIG_COMMANDS = 
  $ ./config.status 

on debian

config.status:764: creating Makefile

## ---------------- ##
## Cache variables. ##
## ---------------- ##

ac_cv_build=i386-pc-linux-gnu
ac_cv_build_alias=i386-pc-linux-gnu
ac_cv_c_compiler_gnu=yes
ac_cv_cxx_compiler_gnu=yes
ac_cv_env_AR_FOR_TARGET_set=
ac_cv_env_AR_FOR_TARGET_value=
ac_cv_env_AR_set=
ac_cv_env_AR_value=
ac_cv_env_AS_FOR_TARGET_set=
ac_cv_env_AS_FOR_TARGET_value=
ac_cv_env_AS_set=
ac_cv_env_AS_value=
ac_cv_env_CC_FOR_TARGET_set=
ac_cv_env_CC_FOR_TARGET_value=
ac_cv_env_CC_set=
ac_cv_env_CC_value=
ac_cv_env_CFLAGS_set=
ac_cv_env_CFLAGS_value=
ac_cv_env_CPPFLAGS_set=
ac_cv_env_CPPFLAGS_value=
ac_cv_env_CXXFLAGS_set=
ac_cv_env_CXXFLAGS_value=
ac_cv_env_CXX_FOR_TARGET_set=
ac_cv_env_CXX_FOR_TARGET_value=
ac_cv_env_CXX_set=
ac_cv_env_CXX_value=
ac_cv_env_DLLTOOL_FOR_TARGET_set=
ac_cv_env_DLLTOOL_FOR_TARGET_value=
ac_cv_env_DLLTOOL_set=
ac_cv_env_DLLTOOL_value=
ac_cv_env_GCC_FOR_TARGET_set=
ac_cv_env_GCC_FOR_TARGET_value=
ac_cv_env_GCJ_FOR_TARGET_set=
ac_cv_env_GCJ_FOR_TARGET_value=
ac_cv_env_GFORTRAN_FOR_TARGET_set=
ac_cv_env_GFORTRAN_FOR_TARGET_value=
ac_cv_env_LDFLAGS_set=
ac_cv_env_LDFLAGS_value=
ac_cv_env_LD_FOR_TARGET_set=
ac_cv_env_LD_FOR_TARGET_value=
ac_cv_env_LD_set=
ac_cv_env_LD_value=
ac_cv_env_LIPO_FOR_TARGET_set=
ac_cv_env_LIPO_FOR_TARGET_value=
ac_cv_env_LIPO_set=
ac_cv_env_LIPO_value=
ac_cv_env_NM_FOR_TARGET_set=
ac_cv_env_NM_FOR_TARGET_value=
ac_cv_env_NM_set=
ac_cv_env_NM_value=
ac_cv_env_OBJCOPY_set=
ac_cv_env_OBJCOPY_value=
ac_cv_env_OBJDUMP_FOR_TARGET_set=
ac_cv_env_OBJDUMP_FOR_TARGET_value=
ac_cv_env_OBJDUMP_set=
ac_cv_env_OBJDUMP_value=
ac_cv_env_RANLIB_FOR_TARGET_set=
ac_cv_env_RANLIB_FOR_TARGET_value=
ac_cv_env_RANLIB_set=
ac_cv_env_RANLIB_value=
ac_cv_env_STRIP_FOR_TARGET_set=
ac_cv_env_STRIP_FOR_TARGET_value=
ac_cv_env_STRIP_set=set
ac_cv_env_STRIP_value=mips-linux-uclibc-strip
ac_cv_env_WINDMC_FOR_TARGET_set=
ac_cv_env_WINDMC_FOR_TARGET_value=
ac_cv_env_WINDMC_set=
ac_cv_env_WINDMC_value=
ac_cv_env_WINDRES_FOR_TARGET_set=
ac_cv_env_WINDRES_FOR_TARGET_value=
ac_cv_env_WINDRES_set=
ac_cv_env_WINDRES_value=
ac_cv_env_build_alias_set=set
ac_cv_env_build_alias_value=i386-pc-linux-gnu
ac_cv_env_host_alias_set=set
ac_cv_env_host_alias_value=i386-pc-linux-gnu
ac_cv_env_target_alias_set=set
ac_cv_env_target_alias_value=mips-linux-uclibc
ac_cv_exeext=
ac_cv_host=i386-pc-linux-gnu
ac_cv_host_alias=i386-pc-linux-gnu
ac_cv_objext=o
ac_cv_path_install='/usr/bin/install -c'
ac_cv_prog_AR=ar
ac_cv_prog_AR_FOR_TARGET=mips-linux-uclibc-ar
ac_cv_prog_AS=as
ac_cv_prog_AS_FOR_TARGET=mips-linux-uclibc-as
ac_cv_prog_BISON=bison
ac_cv_prog_CC_FOR_TARGET=mips-linux-uclibc-cc
ac_cv_prog_FLEX=flex
ac_cv_prog_GCC_FOR_TARGET=mips-linux-uclibc-gcc
ac_cv_prog_LD=ld
ac_cv_prog_LD_FOR_TARGET=mips-linux-uclibc-ld
ac_cv_prog_LEX=flex
ac_cv_prog_M4=m4
ac_cv_prog_MAKEINFO=makeinfo
ac_cv_prog_NM=nm
ac_cv_prog_NM_FOR_TARGET=mips-linux-uclibc-nm
ac_cv_prog_OBJCOPY=objcopy
ac_cv_prog_OBJDUMP=objdump
ac_cv_prog_OBJDUMP_FOR_TARGET=mips-linux-uclibc-objdump
ac_cv_prog_RANLIB=ranlib
ac_cv_prog_RANLIB_FOR_TARGET=mips-linux-uclibc-ranlib
ac_cv_prog_STRIP=mips-linux-uclibc-strip
ac_cv_prog_STRIP_FOR_TARGET=mips-linux-uclibc-strip
ac_cv_prog_YACC='bison -y'
ac_cv_prog_ac_ct_CC=gcc
ac_cv_prog_ac_ct_CXX=g++
ac_cv_prog_ac_ct_GNATBIND=no
ac_cv_prog_ac_ct_GNATMAKE=no
ac_cv_prog_cc_g=yes
ac_cv_prog_cc_stdc=
ac_cv_prog_cxx_g=yes
ac_cv_target=mips-unknown-linux-uclibc
ac_cv_target_alias=mips-linux-uclibc
acx_cv_cc_gcc_supports_ada=no
acx_cv_prog_LN=ln
bash_cv_have_mbstate_t=yes
gcc_cv_prog_cmp_skip='cmp --ignore-initial=16 $$f1 $$f2'
gcc_cv_tool_dirs=
gcc_cv_tool_prefix=/home/zhangsiyu/pc018work-v15-at/apv5sdk-v15/build/gcc-4.3.3/build_mips/staging_dir
gdb_cv_func_sigsetjmp=yes

## ----------------- ##
## Output variables. ##
## ----------------- ##

AR='ar'
AR_FOR_BUILD='$(AR)'
AR_FOR_TARGET='mips-linux-uclibc-ar'
AS='as'
AS_FOR_BUILD='$(AS)'
AS_FOR_TARGET='mips-linux-uclibc-as'
BISON='bison'
CC='gcc'
CC_FOR_BUILD='$(CC)'
CC_FOR_TARGET='mips-linux-uclibc-cc'
CFLAGS='-g -O2'
CFLAGS_FOR_BUILD='-g -O2'
CFLAGS_FOR_TARGET='-g -O2'
COMPILER_AS_FOR_TARGET='$(AS_FOR_TARGET)'
COMPILER_LD_FOR_TARGET='$(LD_FOR_TARGET)'
COMPILER_NM_FOR_TARGET='$(NM_FOR_TARGET)'
CONFIGURE_GDB_TK=''
CPPFLAGS=''
CXX='g++'
CXXFLAGS='-g -O2'
CXXFLAGS_FOR_BUILD='-g -O2'
CXXFLAGS_FOR_TARGET='-g -O2'
CXX_FOR_BUILD='$(CXX)'
CXX_FOR_TARGET='mips-linux-uclibc-c++'
DEBUG_PREFIX_CFLAGS_FOR_TARGET=''
DEFS='-DPACKAGE_NAME=\"\" -DPACKAGE_TARNAME=\"\" -DPACKAGE_VERSION=\"\" -DPACKAGE_STRING=\"\" -DPACKAGE_BUGREPORT=\"\" '
DLLTOOL='dlltool'
DLLTOOL_FOR_BUILD='$(DLLTOOL)'
DLLTOOL_FOR_TARGET='mips-linux-uclibc-dlltool'
ECHO_C=''
ECHO_N='-n'
ECHO_T=''
EXEEXT=''
EXPECT='expect'
FLAGS_FOR_TARGET=''
FLEX='flex'
GCC_FOR_TARGET='mips-linux-uclibc-gcc'
GCJ_FOR_BUILD='$(GCJ)'
GCJ_FOR_TARGET='mips-linux-uclibc-gcj'
GDB_TK=''
GFORTRAN_FOR_BUILD='$(GFORTRAN)'
GFORTRAN_FOR_TARGET='mips-linux-uclibc-gfortran'
GNATBIND='no'
GNATMAKE='no'
INSTALL_DATA='${INSTALL} -m 644'
INSTALL_GDB_TK=''
INSTALL_PROGRAM='${INSTALL}'
INSTALL_SCRIPT='${INSTALL}'
LD='ld'
LDFLAGS=''
LDFLAGS_FOR_BUILD=''
LD_FOR_BUILD='$(LD)'
LD_FOR_TARGET='mips-linux-uclibc-ld'
LEX='flex'
LIBOBJS=''
LIBS=''
LIPO='lipo'
LIPO_FOR_TARGET='mips-linux-uclibc-lipo'
LN='ln'
LN_S='ln -s'
LTLIBOBJS=''
M4='m4'
MAINT='#'
MAINTAINER_MODE_FALSE=''
MAINTAINER_MODE_TRUE='#'
MAKEINFO='makeinfo'
NM='nm'
NM_FOR_BUILD='$(NM)'
NM_FOR_TARGET='mips-linux-uclibc-nm'
OBJCOPY='objcopy'
OBJDUMP='objdump'
OBJDUMP_FOR_TARGET='mips-linux-uclibc-objdump'
OBJEXT='o'
PACKAGE_BUGREPORT=''
PACKAGE_NAME=''
PACKAGE_STRING=''
PACKAGE_TARNAME=''
PACKAGE_VERSION=''
PATH_SEPARATOR=':'
RANLIB='ranlib'
RANLIB_FOR_BUILD='$(RANLIB)'
RANLIB_FOR_TARGET='mips-linux-uclibc-ranlib'
RAW_CXX_FOR_TARGET='mips-linux-uclibc-c++'
RPATH_ENVVAR='LD_LIBRARY_PATH'
RUNTEST='runtest'
SHELL='/bin/sh'
STRIP='mips-linux-uclibc-strip'
STRIP_FOR_TARGET='mips-linux-uclibc-strip'
SYSROOT_CFLAGS_FOR_TARGET=''
TOPLEVEL_CONFIGURE_ARGUMENTS='/home/zhangsiyu/pc018work-v15-at/apv5sdk-v15/build/gcc-4.3.3/toolchain_build_mips/gdb-6.8/configure --cache-file=/dev/null --prefix=/home/zhangsiyu/pc018work-v15-at/apv5sdk-v15/build/gcc-4.3.3/build_mips/staging_dir --build=i386-pc-linux-gnu --host=i386-pc-linux-gnu --target=mips-linux-uclibc --disable-nls --without-uiout --disable-tui --disable-gdbtk --without-x --without-included-gettext --enable-threads --disable-werror'
WINDMC='windmc'
WINDMC_FOR_BUILD='$(WINDMC)'
WINDMC_FOR_TARGET='mips-linux-uclibc-windmc'
WINDRES='windres'
WINDRES_FOR_BUILD='$(WINDRES)'
WINDRES_FOR_TARGET='mips-linux-uclibc-windres'
YACC='bison -y'
ac_ct_CC='gcc'
ac_ct_CXX='g++'
ac_ct_GNATBIND='no'
ac_ct_GNATMAKE='no'
bindir='${exec_prefix}/bin'
build='i386-pc-linux-gnu'
build_alias='i386-pc-linux-gnu'
build_configargs='--cache-file=../config.cache '--prefix=/home/zhangsiyu/pc018work-v15-at/apv5sdk-v15/build/gcc-4.3.3/build_mips/staging_dir' '--disable-nls' '--without-uiout' '--disable-tui' '--disable-gdbtk' '--without-x' '--without-included-gettext' '--enable-threads' '--disable-werror' --program-transform-name='s,^,mips-linux-uclibc-,''
build_configdirs=' libiberty'
build_cpu='i386'
build_libsubdir='build-i386-pc-linux-gnu'
build_noncanonical='i386-pc-linux-gnu'
build_os='linux-gnu'
build_subdir='build-i386-pc-linux-gnu'
build_tooldir='${exec_prefix}/mips-linux-uclibc'
build_vendor='pc'
config_shell='/bin/sh'
configdirs=' intl libiberty opcodes bfd readline libdecnumber sim gdb etc'
datadir='${prefix}/share'
datarootdir='${prefix}/share'
do_compare='cmp --ignore-initial=16 $$f1 $$f2'
docdir='${datarootdir}/doc'
exec_prefix='${prefix}'
gmpinc=''
gmplibs='-lmpfr -lgmp'
host='i386-pc-linux-gnu'
host_alias='i386-pc-linux-gnu'
host_configargs='--cache-file=./config.cache  --with-stabs '--prefix=/home/zhangsiyu/pc018work-v15-at/apv5sdk-v15/build/gcc-4.3.3/build_mips/staging_dir' '--disable-nls' '--without-uiout' '--disable-tui' '--disable-gdbtk' '--without-x' '--without-included-gettext' '--enable-threads' '--disable-werror' --program-transform-name='s,^,mips-linux-uclibc-,''
host_cpu='i386'
host_noncanonical='i386-pc-linux-gnu'
host_os='linux-gnu'
host_subdir='.'
host_vendor='pc'
htmldir='${docdir}'
includedir='${prefix}/include'
infodir='${prefix}/info'
libdir='${exec_prefix}/lib'
libexecdir='${exec_prefix}/libexec'
localstatedir='${prefix}/var'
mandir='${prefix}/man'
oldincludedir='/usr/include'
pdfdir='${docdir}'
prefix='/home/zhangsiyu/pc018work-v15-at/apv5sdk-v15/build/gcc-4.3.3/build_mips/staging_dir'
program_transform_name='s,^,mips-linux-uclibc-,'
sbindir='${exec_prefix}/sbin'
sharedstatedir='${prefix}/com'
stage1_cflags='-g -fkeep-inline-functions'
stage1_checking='--enable-checking=yes,types'
stage1_languages=',c,'
stage2_werror_flag=''
sysconfdir='${prefix}/etc'
target='mips-unknown-linux-uclibc'
target_alias='mips-linux-uclibc'
target_configargs='--cache-file=./config.cache --enable-multilib --with-cross-host=i386-pc-linux-gnu '--prefix=/home/zhangsiyu/pc018work-v15-at/apv5sdk-v15/build/gcc-4.3.3/build_mips/staging_dir' '--disable-nls' '--without-uiout' '--disable-tui' '--disable-gdbtk' '--without-x' '--without-included-gettext' '--enable-threads' '--disable-werror' --program-transform-name='s,^,mips-linux-uclibc-,''
target_cpu='mips'
target_noncanonical='mips-linux-uclibc'
target_os='linux-uclibc'
target_subdir='mips-linux-uclibc'
target_vendor='unknown'
tooldir='${exec_prefix}/mips-linux-uclibc'

## ------------- ##
## Output files. ##
## ------------- ##

alphaieee_frag='/dev/null'
host_makefile_frag='/home/zhangsiyu/pc018work-v15-at/apv5sdk-v15/build/gcc-4.3.3/toolchain_build_mips/gdb-6.8/config/mh-x86omitfp'
ospace_frag='/dev/null'
serialization_dependencies='serdep.tmp'
target_makefile_frag='/home/zhangsiyu/pc018work-v15-at/apv5sdk-v15/build/gcc-4.3.3/toolchain_build_mips/gdb-6.8/config/mt-gnu'

## ----------- ##
## confdefs.h. ##
## ----------- ##

#define PACKAGE_BUGREPORT ""
#define PACKAGE_NAME ""
#define PACKAGE_STRING ""
#define PACKAGE_TARNAME ""
#define PACKAGE_VERSION ""
#endif
#ifdef __cplusplus
extern "C" void exit (int) throw ();

configure: exit 0
