This file contains any messages produced by compilers while
running configure, to aid debugging if configure makes a mistake.

It was created by configure, which was
generated by GNU Autoconf 2.59.  Invocation command line was

  $ /home/zhangsiyu/pc018work-v15-at/apv5sdk-v15/build/gcc-4.3.3/toolchain_build_mips/gdb-6.8/sim/configure --cache-file=./config.cache --with-stabs --prefix=/home/zhangsiyu/pc018work-v15-at/apv5sdk-v15/build/gcc-4.3.3/build_mips/staging_dir --disable-nls --without-uiout --disable-tui --disable-gdbtk --without-x --without-included-gettext --enable-threads --disable-werror --program-transform-name=s,^,mips-linux-uclibc-, --build=i386-pc-linux-gnu --host=i386-pc-linux-gnu --target=mips-linux-uclibc --srcdir=/home/zhangsiyu/pc018work-v15-at/apv5sdk-v15/build/gcc-4.3.3/toolchain_build_mips/gdb-6.8/sim

## --------- ##
## Platform. ##
## --------- ##

hostname = debian
uname -m = i686
uname -r = 2.6.32-5-686
uname -s = Linux
uname -v = #1 SMP Mon Sep 23 23:00:18 UTC 2013

/usr/bin/uname -p = unknown
/bin/uname -X     = unknown

/bin/arch              = unknown
/usr/bin/arch -k       = unknown
/usr/convex/getsysinfo = unknown
hostinfo               = unknown
/bin/machine           = unknown
/usr/bin/oslevel       = unknown
/bin/universe          = unknown

PATH: /home/zhangsiyu/pc018work-v15-at/apv5sdk-v15/build/../build/util
PATH: /home/zhangsiyu/pc018work-v15-at/apv5sdk-v15/build/../build/gcc-4.3.3/build_mips/staging_dir/usr//bin
PATH: /home/zhangsiyu/pc018work-v15-at/apv5sdk-v15/build/../linux
PATH: /home/zhangsiyu/pc018work-v15-at/apv5sdk-v15/build/../build
PATH: /home/zhangsiyu/pc018work-v15-at/apv5sdk-v15/build/../boot/redboot/ecos/tools/bin
PATH: `pwd`
PATH: /opt/hisi-linux/x86-arm/arm-hisiv200-linux/target/bin
PATH: /usr/local/bin
PATH: /usr/bin
PATH: /bin
PATH: /usr/local/games
PATH: /usr/games


## ----------- ##
## Core tests. ##
## ----------- ##

configure:1200: creating cache ./config.cache
configure:1289: checking for i386-pc-linux-gnu-gcc
configure:1315: result: gcc
configure:1597: checking for C compiler version
configure:1600: gcc --version </dev/null >&5
gcc (Debian 4.4.5-8) 4.4.5
Copyright (C) 2010 Free Software Foundation, Inc.
This is free software; see the source for copying conditions.  There is NO
warranty; not even for MERCHANTABILITY or FITNESS FOR A PARTICULAR PURPOSE.

configure:1603: $? = 0
configure:1605: gcc -v </dev/null >&5
Using built-in specs.
Target: i486-linux-gnu
Configured with: ../src/configure -v --with-pkgversion='Debian 4.4.5-8' --with-bugurl=file:///usr/share/doc/gcc-4.4/README.Bugs --enable-languages=c,c++,fortran,objc,obj-c++ --prefix=/usr --program-suffix=-4.4 --enable-shared --enable-multiarch --enable-linker-build-id --with-system-zlib --libexecdir=/usr/lib --without-included-gettext --enable-threads=posix --with-gxx-include-dir=/usr/include/c++/4.4 --libdir=/usr/lib --enable-nls --enable-clocale=gnu --enable-libstdcxx-debug --enable-objc-gc --enable-targets=all --with-arch-32=i586 --with-tune=generic --enable-checking=release --build=i486-linux-gnu --host=i486-linux-gnu --target=i486-linux-gnu
Thread model: posix
gcc version 4.4.5 (Debian 4.4.5-8) 
configure:1608: $? = 0
configure:1610: gcc -V </dev/null >&5
gcc: '-V' option must have argument
configure:1613: $? = 1
configure:1636: checking for C compiler default output file name
configure:1639: gcc -g -O2   conftest.c  >&5
configure:1642: $? = 0
configure:1688: result: a.out
configure:1693: checking whether the C compiler works
configure:1699: ./a.out
configure:1702: $? = 0
configure:1719: result: yes
configure:1726: checking whether we are cross compiling
configure:1728: result: no
configure:1731: checking for suffix of executables
configure:1733: gcc -o conftest -g -O2   conftest.c  >&5
configure:1736: $? = 0
configure:1761: result: 
configure:1767: checking for suffix of object files
configure:1788: gcc -c -g -O2  conftest.c >&5
configure:1791: $? = 0
configure:1813: result: o
configure:1817: checking whether we are using the GNU C compiler
configure:1841: gcc -c -g -O2  conftest.c >&5
configure:1847: $? = 0
configure:1851: test -z 
			 || test ! -s conftest.err
configure:1854: $? = 0
configure:1857: test -s conftest.o
configure:1860: $? = 0
configure:1873: result: yes
configure:1879: checking whether gcc accepts -g
configure:1900: gcc -c -g  conftest.c >&5
configure:1906: $? = 0
configure:1910: test -z 
			 || test ! -s conftest.err
configure:1913: $? = 0
configure:1916: test -s conftest.o
configure:1919: $? = 0
configure:1930: result: yes
configure:1947: checking for gcc option to accept ANSI C
configure:2017: gcc  -c -g -O2  conftest.c >&5
configure:2023: $? = 0
configure:2027: test -z 
			 || test ! -s conftest.err
configure:2030: $? = 0
configure:2033: test -s conftest.o
configure:2036: $? = 0
configure:2054: result: none needed
configure:2072: gcc -c -g -O2  conftest.c >&5
conftest.c:2: error: expected '=', ',', ';', 'asm' or '__attribute__' before 'me'
configure:2078: $? = 1
configure: failed program was:
| #ifndef __cplusplus
|   choke me
| #endif
configure:2249: checking for a BSD-compatible install
configure:2304: result: /usr/bin/install -c
configure:2318: checking for i386-pc-linux-gnu-ar
configure:2344: result: ar
configure:2397: checking for i386-pc-linux-gnu-ranlib
configure:2423: result: ranlib
configure:2481: checking build system type
configure:2499: result: i386-pc-linux-gnu
configure:2507: checking host system type
configure:2521: result: i386-pc-linux-gnu
configure:2529: checking target system type
configure:2543: result: mips-unknown-linux-uclibc
configure:2578: checking for i386-pc-linux-gnu-gcc
configure:2604: result: gcc
configure:2886: checking for C compiler version
configure:2889: gcc --version </dev/null >&5
gcc (Debian 4.4.5-8) 4.4.5
Copyright (C) 2010 Free Software Foundation, Inc.
This is free software; see the source for copying conditions.  There is NO
warranty; not even for MERCHANTABILITY or FITNESS FOR A PARTICULAR PURPOSE.

configure:2892: $? = 0
configure:2894: gcc -v </dev/null >&5
Using built-in specs.
Target: i486-linux-gnu
Configured with: ../src/configure -v --with-pkgversion='Debian 4.4.5-8' --with-bugurl=file:///usr/share/doc/gcc-4.4/README.Bugs --enable-languages=c,c++,fortran,objc,obj-c++ --prefix=/usr --program-suffix=-4.4 --enable-shared --enable-multiarch --enable-linker-build-id --with-system-zlib --libexecdir=/usr/lib --without-included-gettext --enable-threads=posix --with-gxx-include-dir=/usr/include/c++/4.4 --libdir=/usr/lib --enable-nls --enable-clocale=gnu --enable-libstdcxx-debug --enable-objc-gc --enable-targets=all --with-arch-32=i586 --with-tune=generic --enable-checking=release --build=i486-linux-gnu --host=i486-linux-gnu --target=i486-linux-gnu
Thread model: posix
gcc version 4.4.5 (Debian 4.4.5-8) 
configure:2897: $? = 0
configure:2899: gcc -V </dev/null >&5
gcc: '-V' option must have argument
configure:2902: $? = 1
configure:2905: checking whether we are using the GNU C compiler
configure:2961: result: yes
configure:2967: checking whether gcc accepts -g
configure:3018: result: yes
configure:3035: checking for gcc option to accept ANSI C
configure:3142: result: none needed
configure:3160: gcc -c -g -O2  conftest.c >&5
conftest.c:2: error: expected '=', ',', ';', 'asm' or '__attribute__' before 'me'
configure:3166: $? = 1
configure: failed program was:
| #ifndef __cplusplus
|   choke me
| #endif
configure:3306: checking for i386-pc-linux-gnu-ranlib
configure:3332: result: ranlib
configure:3689: creating ./config.status

## ---------------------- ##
## Running config.status. ##
## ---------------------- ##

This file was extended by config.status, which was
generated by GNU Autoconf 2.59.  Invocation command line was

  CONFIG_FILES    = 
  CONFIG_HEADERS  = 
  CONFIG_LINKS    = 
  CONFIG_COMMANDS = 
  $ ./config.status 

on debian

config.status:659: creating Makefile
configure:4544: configuring in mips
configure:4661: running /bin/sh '/home/zhangsiyu/pc018work-v15-at/apv5sdk-v15/build/gcc-4.3.3/toolchain_build_mips/gdb-6.8/sim/mips/configure' --prefix=/home/zhangsiyu/pc018work-v15-at/apv5sdk-v15/build/gcc-4.3.3/build_mips/staging_dir  '--cache-file=./config.cache' '--with-stabs' '--prefix=/home/zhangsiyu/pc018work-v15-at/apv5sdk-v15/build/gcc-4.3.3/build_mips/staging_dir' '--disable-nls' '--without-uiout' '--disable-tui' '--disable-gdbtk' '--without-x' '--without-included-gettext' '--enable-threads' '--disable-werror' '--program-transform-name=s,^,mips-linux-uclibc-,' '--build=i386-pc-linux-gnu' '--host=i386-pc-linux-gnu' '--target=mips-linux-uclibc' '--srcdir=/home/zhangsiyu/pc018work-v15-at/apv5sdk-v15/build/gcc-4.3.3/toolchain_build_mips/gdb-6.8/sim' 'CC=gcc' 'CFLAGS=-g -O2' 'LDFLAGS=' 'build_alias=i386-pc-linux-gnu' 'host_alias=i386-pc-linux-gnu' 'target_alias=mips-linux-uclibc' --cache-file=.././config.cache --srcdir=/home/zhangsiyu/pc018work-v15-at/apv5sdk-v15/build/gcc-4.3.3/toolchain_build_mips/gdb-6.8/sim/mips
configure:4544: configuring in testsuite
configure:4661: running /bin/sh '/home/zhangsiyu/pc018work-v15-at/apv5sdk-v15/build/gcc-4.3.3/toolchain_build_mips/gdb-6.8/sim/testsuite/configure' --prefix=/home/zhangsiyu/pc018work-v15-at/apv5sdk-v15/build/gcc-4.3.3/build_mips/staging_dir  '--cache-file=./config.cache' '--with-stabs' '--prefix=/home/zhangsiyu/pc018work-v15-at/apv5sdk-v15/build/gcc-4.3.3/build_mips/staging_dir' '--disable-nls' '--without-uiout' '--disable-tui' '--disable-gdbtk' '--without-x' '--without-included-gettext' '--enable-threads' '--disable-werror' '--program-transform-name=s,^,mips-linux-uclibc-,' '--build=i386-pc-linux-gnu' '--host=i386-pc-linux-gnu' '--target=mips-linux-uclibc' '--srcdir=/home/zhangsiyu/pc018work-v15-at/apv5sdk-v15/build/gcc-4.3.3/toolchain_build_mips/gdb-6.8/sim' 'CC=gcc' 'CFLAGS=-g -O2' 'LDFLAGS=' 'build_alias=i386-pc-linux-gnu' 'host_alias=i386-pc-linux-gnu' 'target_alias=mips-linux-uclibc' --cache-file=.././config.cache --srcdir=/home/zhangsiyu/pc018work-v15-at/apv5sdk-v15/build/gcc-4.3.3/toolchain_build_mips/gdb-6.8/sim/testsuite
configure:4544: configuring in common
configure:4661: running /bin/sh '/home/zhangsiyu/pc018work-v15-at/apv5sdk-v15/build/gcc-4.3.3/toolchain_build_mips/gdb-6.8/sim/common/configure' --prefix=/home/zhangsiyu/pc018work-v15-at/apv5sdk-v15/build/gcc-4.3.3/build_mips/staging_dir  '--cache-file=./config.cache' '--with-stabs' '--prefix=/home/zhangsiyu/pc018work-v15-at/apv5sdk-v15/build/gcc-4.3.3/build_mips/staging_dir' '--disable-nls' '--without-uiout' '--disable-tui' '--disable-gdbtk' '--without-x' '--without-included-gettext' '--enable-threads' '--disable-werror' '--program-transform-name=s,^,mips-linux-uclibc-,' '--build=i386-pc-linux-gnu' '--host=i386-pc-linux-gnu' '--target=mips-linux-uclibc' '--srcdir=/home/zhangsiyu/pc018work-v15-at/apv5sdk-v15/build/gcc-4.3.3/toolchain_build_mips/gdb-6.8/sim' 'CC=gcc' 'CFLAGS=-g -O2' 'LDFLAGS=' 'build_alias=i386-pc-linux-gnu' 'host_alias=i386-pc-linux-gnu' 'target_alias=mips-linux-uclibc' --cache-file=.././config.cache --srcdir=/home/zhangsiyu/pc018work-v15-at/apv5sdk-v15/build/gcc-4.3.3/toolchain_build_mips/gdb-6.8/sim/common
configure:4544: configuring in igen
configure:4661: running /bin/sh '/home/zhangsiyu/pc018work-v15-at/apv5sdk-v15/build/gcc-4.3.3/toolchain_build_mips/gdb-6.8/sim/igen/configure' --prefix=/home/zhangsiyu/pc018work-v15-at/apv5sdk-v15/build/gcc-4.3.3/build_mips/staging_dir  '--cache-file=./config.cache' '--with-stabs' '--prefix=/home/zhangsiyu/pc018work-v15-at/apv5sdk-v15/build/gcc-4.3.3/build_mips/staging_dir' '--disable-nls' '--without-uiout' '--disable-tui' '--disable-gdbtk' '--without-x' '--without-included-gettext' '--enable-threads' '--disable-werror' '--program-transform-name=s,^,mips-linux-uclibc-,' '--build=i386-pc-linux-gnu' '--host=i386-pc-linux-gnu' '--target=mips-linux-uclibc' '--srcdir=/home/zhangsiyu/pc018work-v15-at/apv5sdk-v15/build/gcc-4.3.3/toolchain_build_mips/gdb-6.8/sim' 'CC=gcc' 'CFLAGS=-g -O2' 'LDFLAGS=' 'build_alias=i386-pc-linux-gnu' 'host_alias=i386-pc-linux-gnu' 'target_alias=mips-linux-uclibc' --cache-file=.././config.cache --srcdir=/home/zhangsiyu/pc018work-v15-at/apv5sdk-v15/build/gcc-4.3.3/toolchain_build_mips/gdb-6.8/sim/igen

## ---------------- ##
## Cache variables. ##
## ---------------- ##

ac_cv_build=i386-pc-linux-gnu
ac_cv_build_alias=i386-pc-linux-gnu
ac_cv_c_compiler_gnu=yes
ac_cv_env_CC_set=set
ac_cv_env_CC_value=gcc
ac_cv_env_CFLAGS_set=set
ac_cv_env_CFLAGS_value='-g -O2'
ac_cv_env_CPPFLAGS_set=
ac_cv_env_CPPFLAGS_value=
ac_cv_env_LDFLAGS_set=set
ac_cv_env_LDFLAGS_value=
ac_cv_env_build_alias_set=set
ac_cv_env_build_alias_value=i386-pc-linux-gnu
ac_cv_env_host_alias_set=set
ac_cv_env_host_alias_value=i386-pc-linux-gnu
ac_cv_env_target_alias_set=set
ac_cv_env_target_alias_value=mips-linux-uclibc
ac_cv_exeext=
ac_cv_host=i386-pc-linux-gnu
ac_cv_host_alias=i386-pc-linux-gnu
ac_cv_objext=o
ac_cv_prog_AR=ar
ac_cv_prog_CC=gcc
ac_cv_prog_RANLIB=ranlib
ac_cv_prog_cc_g=yes
ac_cv_prog_cc_stdc=
ac_cv_target=mips-unknown-linux-uclibc
ac_cv_target_alias=mips-linux-uclibc

## ----------------- ##
## Output variables. ##
## ----------------- ##

AR='ar'
CC='gcc'
CC_FOR_BUILD='$(CC)'
CFLAGS='-g -O2'
CFLAGS_FOR_BUILD='-g -O2'
CPPFLAGS=''
DEFS='-DPACKAGE_NAME=\"\" -DPACKAGE_TARNAME=\"\" -DPACKAGE_VERSION=\"\" -DPACKAGE_STRING=\"\" -DPACKAGE_BUGREPORT=\"\" '
ECHO_C=''
ECHO_N='-n'
ECHO_T=''
EXEEXT=''
HDEFINES=''
INSTALL_DATA='/usr/bin/install -c -m 644'
INSTALL_PROGRAM='/usr/bin/install -c'
INSTALL_SCRIPT='/usr/bin/install -c'
LDFLAGS=''
LIBOBJS=''
LIBS=''
LTLIBOBJS=''
OBJEXT='o'
PACKAGE_BUGREPORT=''
PACKAGE_NAME=''
PACKAGE_STRING=''
PACKAGE_TARNAME=''
PACKAGE_VERSION=''
PATH_SEPARATOR=':'
RANLIB='ranlib'
SHELL='/bin/sh'
ac_ct_AR=''
ac_ct_CC=''
ac_ct_RANLIB=''
bindir='${exec_prefix}/bin'
build='i386-pc-linux-gnu'
build_alias='i386-pc-linux-gnu'
build_cpu='i386'
build_os='linux-gnu'
build_vendor='pc'
datadir='${prefix}/share'
exec_prefix='${prefix}'
host='i386-pc-linux-gnu'
host_alias='i386-pc-linux-gnu'
host_cpu='i386'
host_os='linux-gnu'
host_vendor='pc'
includedir='${prefix}/include'
infodir='${prefix}/info'
libdir='${exec_prefix}/lib'
libexecdir='${exec_prefix}/libexec'
localstatedir='${prefix}/var'
mandir='${prefix}/man'
oldincludedir='/usr/include'
prefix='/home/zhangsiyu/pc018work-v15-at/apv5sdk-v15/build/gcc-4.3.3/build_mips/staging_dir'
program_transform_name='s,^,mips-linux-uclibc-,'
sbindir='${exec_prefix}/sbin'
sharedstatedir='${prefix}/com'
subdirs=' mips testsuite common igen'
sysconfdir='${prefix}/etc'
target='mips-unknown-linux-uclibc'
target_alias='mips-linux-uclibc'
target_cpu='mips'
target_os='linux-uclibc'
target_vendor='unknown'

## ----------- ##
## confdefs.h. ##
## ----------- ##

#define PACKAGE_BUGREPORT ""
#define PACKAGE_NAME ""
#define PACKAGE_STRING ""
#define PACKAGE_TARNAME ""
#define PACKAGE_VERSION ""

configure: exit 0
