This file contains any messages produced by compilers while
running configure, to aid debugging if configure makes a mistake.

It was created by configure, which was
generated by GNU Autoconf 2.59.  Invocation command line was

  $ /home/zhangsiyu/pc018work-v15-at/apv5sdk-v15/build/gcc-4.3.3/toolchain_build_mips/gdb-6.8/opcodes/configure --cache-file=./config.cache --with-stabs --prefix=/home/zhangsiyu/pc018work-v15-at/apv5sdk-v15/build/gcc-4.3.3/build_mips/staging_dir --disable-nls --without-uiout --disable-tui --disable-gdbtk --without-x --without-included-gettext --enable-threads --disable-werror --program-transform-name=s,^,mips-linux-uclibc-, --build=i386-pc-linux-gnu --host=i386-pc-linux-gnu --target=mips-linux-uclibc --srcdir=/home/zhangsiyu/pc018work-v15-at/apv5sdk-v15/build/gcc-4.3.3/toolchain_build_mips/gdb-6.8/opcodes

## --------- ##
## Platform. ##
## --------- ##

hostname = debian
uname -m = i686
uname -r = 2.6.32-5-686
uname -s = Linux
uname -v = #1 SMP Mon Sep 23 23:00:18 UTC 2013

/usr/bin/uname -p = unknown
/bin/uname -X     = unknown

/bin/arch              = unknown
/usr/bin/arch -k       = unknown
/usr/convex/getsysinfo = unknown
hostinfo               = unknown
/bin/machine           = unknown
/usr/bin/oslevel       = unknown
/bin/universe          = unknown

PATH: /home/zhangsiyu/pc018work-v15-at/apv5sdk-v15/build/../build/util
PATH: /home/zhangsiyu/pc018work-v15-at/apv5sdk-v15/build/../build/gcc-4.3.3/build_mips/staging_dir/usr//bin
PATH: /home/zhangsiyu/pc018work-v15-at/apv5sdk-v15/build/../linux
PATH: /home/zhangsiyu/pc018work-v15-at/apv5sdk-v15/build/../build
PATH: /home/zhangsiyu/pc018work-v15-at/apv5sdk-v15/build/../boot/redboot/ecos/tools/bin
PATH: `pwd`
PATH: /opt/hisi-linux/x86-arm/arm-hisiv200-linux/target/bin
PATH: /usr/local/bin
PATH: /usr/bin
PATH: /bin
PATH: /usr/local/games
PATH: /usr/games


## ----------- ##
## Core tests. ##
## ----------- ##

configure:1395: creating cache ./config.cache
configure:1508: checking build system type
configure:1526: result: i386-pc-linux-gnu
configure:1534: checking host system type
configure:1548: result: i386-pc-linux-gnu
configure:1556: checking target system type
configure:1570: result: mips-unknown-linux-uclibc
configure:1592: checking for i386-pc-linux-gnu-gcc
configure:1618: result: gcc
configure:1900: checking for C compiler version
configure:1903: gcc --version </dev/null >&5
gcc (Debian 4.4.5-8) 4.4.5
Copyright (C) 2010 Free Software Foundation, Inc.
This is free software; see the source for copying conditions.  There is NO
warranty; not even for MERCHANTABILITY or FITNESS FOR A PARTICULAR PURPOSE.

configure:1906: $? = 0
configure:1908: gcc -v </dev/null >&5
Using built-in specs.
Target: i486-linux-gnu
Configured with: ../src/configure -v --with-pkgversion='Debian 4.4.5-8' --with-bugurl=file:///usr/share/doc/gcc-4.4/README.Bugs --enable-languages=c,c++,fortran,objc,obj-c++ --prefix=/usr --program-suffix=-4.4 --enable-shared --enable-multiarch --enable-linker-build-id --with-system-zlib --libexecdir=/usr/lib --without-included-gettext --enable-threads=posix --with-gxx-include-dir=/usr/include/c++/4.4 --libdir=/usr/lib --enable-nls --enable-clocale=gnu --enable-libstdcxx-debug --enable-objc-gc --enable-targets=all --with-arch-32=i586 --with-tune=generic --enable-checking=release --build=i486-linux-gnu --host=i486-linux-gnu --target=i486-linux-gnu
Thread model: posix
gcc version 4.4.5 (Debian 4.4.5-8) 
configure:1911: $? = 0
configure:1913: gcc -V </dev/null >&5
gcc: '-V' option must have argument
configure:1916: $? = 1
configure:1939: checking for C compiler default output file name
configure:1942: gcc -g -O2   conftest.c  >&5
configure:1945: $? = 0
configure:1991: result: a.out
configure:1996: checking whether the C compiler works
configure:2002: ./a.out
configure:2005: $? = 0
configure:2022: result: yes
configure:2029: checking whether we are cross compiling
configure:2031: result: no
configure:2034: checking for suffix of executables
configure:2036: gcc -o conftest -g -O2   conftest.c  >&5
configure:2039: $? = 0
configure:2064: result: 
configure:2070: checking for suffix of object files
configure:2091: gcc -c -g -O2  conftest.c >&5
configure:2094: $? = 0
configure:2116: result: o
configure:2120: checking whether we are using the GNU C compiler
configure:2144: gcc -c -g -O2  conftest.c >&5
configure:2150: $? = 0
configure:2154: test -z 
			 || test ! -s conftest.err
configure:2157: $? = 0
configure:2160: test -s conftest.o
configure:2163: $? = 0
configure:2176: result: yes
configure:2182: checking whether gcc accepts -g
configure:2203: gcc -c -g  conftest.c >&5
configure:2209: $? = 0
configure:2213: test -z 
			 || test ! -s conftest.err
configure:2216: $? = 0
configure:2219: test -s conftest.o
configure:2222: $? = 0
configure:2233: result: yes
configure:2250: checking for gcc option to accept ANSI C
configure:2320: gcc  -c -g -O2  conftest.c >&5
configure:2326: $? = 0
configure:2330: test -z 
			 || test ! -s conftest.err
configure:2333: $? = 0
configure:2336: test -s conftest.o
configure:2339: $? = 0
configure:2357: result: none needed
configure:2375: gcc -c -g -O2  conftest.c >&5
conftest.c:2: error: expected '=', ',', ';', 'asm' or '__attribute__' before 'me'
configure:2381: $? = 1
configure: failed program was:
| #ifndef __cplusplus
|   choke me
| #endif
configure:2515: checking for library containing strerror
configure:2545: gcc -o conftest -g -O2   conftest.c  >&5
configure:2551: $? = 0
configure:2555: test -z 
			 || test ! -s conftest.err
configure:2558: $? = 0
configure:2561: test -s conftest
configure:2564: $? = 0
configure:2634: result: none required
configure:2661: checking for a BSD-compatible install
configure:2716: result: /usr/bin/install -c
configure:2727: checking whether build environment is sane
configure:2770: result: yes
configure:2835: checking for gawk
configure:2851: found /usr/bin/gawk
configure:2861: result: gawk
configure:2871: checking whether /usr/bin/make sets $(MAKE)
configure:2891: result: yes
configure:2921: checking for style of include used by /usr/bin/make
configure:2949: result: GNU
configure:3125: checking dependency style of gcc
configure:3215: result: none
configure:3242: checking for i386-pc-linux-gnu-gcc
configure:3268: result: gcc
configure:3550: checking for C compiler version
configure:3553: gcc --version </dev/null >&5
gcc (Debian 4.4.5-8) 4.4.5
Copyright (C) 2010 Free Software Foundation, Inc.
This is free software; see the source for copying conditions.  There is NO
warranty; not even for MERCHANTABILITY or FITNESS FOR A PARTICULAR PURPOSE.

configure:3556: $? = 0
configure:3558: gcc -v </dev/null >&5
Using built-in specs.
Target: i486-linux-gnu
Configured with: ../src/configure -v --with-pkgversion='Debian 4.4.5-8' --with-bugurl=file:///usr/share/doc/gcc-4.4/README.Bugs --enable-languages=c,c++,fortran,objc,obj-c++ --prefix=/usr --program-suffix=-4.4 --enable-shared --enable-multiarch --enable-linker-build-id --with-system-zlib --libexecdir=/usr/lib --without-included-gettext --enable-threads=posix --with-gxx-include-dir=/usr/include/c++/4.4 --libdir=/usr/lib --enable-nls --enable-clocale=gnu --enable-libstdcxx-debug --enable-objc-gc --enable-targets=all --with-arch-32=i586 --with-tune=generic --enable-checking=release --build=i486-linux-gnu --host=i486-linux-gnu --target=i486-linux-gnu
Thread model: posix
gcc version 4.4.5 (Debian 4.4.5-8) 
configure:3561: $? = 0
configure:3563: gcc -V </dev/null >&5
gcc: '-V' option must have argument
configure:3566: $? = 1
configure:3569: checking whether we are using the GNU C compiler
configure:3625: result: yes
configure:3631: checking whether gcc accepts -g
configure:3682: result: yes
configure:3699: checking for gcc option to accept ANSI C
configure:3806: result: none needed
configure:3824: gcc -c -g -O2  conftest.c >&5
conftest.c:2: error: expected '=', ',', ';', 'asm' or '__attribute__' before 'me'
configure:3830: $? = 1
configure: failed program was:
| #ifndef __cplusplus
|   choke me
| #endif
configure:3973: checking for i386-pc-linux-gnu-ar
configure:3999: result: ar
configure:4052: checking for i386-pc-linux-gnu-ranlib
configure:4078: result: ranlib
configure:4268: checking for a sed that does not truncate output
configure:4324: result: /bin/sed
configure:4340: checking for egrep
configure:4350: result: grep -E
configure:4355: checking for fgrep
configure:4365: result: grep -F
configure:4400: checking for ld used by gcc
configure:4467: result: ld
configure:4476: checking if the linker (ld) is GNU ld
configure:4491: result: yes
configure:4504: checking for BSD- or MS-compatible name lister (nm)
configure:4553: result: nm
configure:4658: checking the name lister (nm) interface
configure:4665: gcc -c -g -O2  conftest.c >&5
configure:4668: nm "conftest.o"
configure:4671: output
00000000 B some_variable
configure:4678: result: BSD nm
configure:4681: checking whether ln -s works
configure:4685: result: yes
configure:4693: checking the maximum length of command line arguments
configure:4813: result: 805306365
configure:4831: checking whether the shell understands some XSI constructs
configure:4839: result: yes
configure:4843: checking whether the shell understands "+="
configure:4849: result: yes
configure:4884: checking for ld option to reload object files
configure:4891: result: -r
configure:4918: checking how to recognize dependent libraries
configure:5108: result: pass_all
configure:5128: checking for i386-pc-linux-gnu-ar
configure:5154: result: ar
configure:5221: checking for i386-pc-linux-gnu-strip
configure:5247: result: mips-linux-uclibc-strip
configure:5308: checking for i386-pc-linux-gnu-ranlib
configure:5334: result: ranlib
configure:5453: checking command to parse nm output from gcc object
configure:5570: gcc -c -g -O2  conftest.c >&5
configure:5573: $? = 0
configure:5577: nm conftest.o \| sed -n -e 's/^.*[	 ]\([ABCDGIRSTW][ABCDGIRSTW]*\)[	 ][	 ]*\([_A-Za-z][_A-Za-z0-9]*\)$/\1 \2 \2/p' \> conftest.nm
configure:5580: $? = 0
configure:5634: gcc -o conftest -g -O2   conftest.c conftstm.o >&5
configure:5637: $? = 0
configure:5675: result: ok
configure:5917: checking how to run the C preprocessor
configure:5952: gcc -E  conftest.c
configure:5958: $? = 0
configure:5990: gcc -E  conftest.c
conftest.c:12:28: error: ac_nonexistent.h: No such file or directory
configure:5996: $? = 1
configure: failed program was:
| /* confdefs.h.  */
| 
| #define PACKAGE_NAME ""
| #define PACKAGE_TARNAME ""
| #define PACKAGE_VERSION ""
| #define PACKAGE_STRING ""
| #define PACKAGE_BUGREPORT ""
| #define PACKAGE "opcodes"
| #define VERSION "2.18.50"
| #define _GNU_SOURCE 1
| /* end confdefs.h.  */
| #include <ac_nonexistent.h>
configure:6035: result: gcc -E
configure:6059: gcc -E  conftest.c
configure:6065: $? = 0
configure:6097: gcc -E  conftest.c
conftest.c:12:28: error: ac_nonexistent.h: No such file or directory
configure:6103: $? = 1
configure: failed program was:
| /* confdefs.h.  */
| 
| #define PACKAGE_NAME ""
| #define PACKAGE_TARNAME ""
| #define PACKAGE_VERSION ""
| #define PACKAGE_STRING ""
| #define PACKAGE_BUGREPORT ""
| #define PACKAGE "opcodes"
| #define VERSION "2.18.50"
| #define _GNU_SOURCE 1
| /* end confdefs.h.  */
| #include <ac_nonexistent.h>
configure:6147: checking for ANSI C header files
configure:6172: gcc -c -g -O2  conftest.c >&5
configure:6178: $? = 0
configure:6182: test -z 
			 || test ! -s conftest.err
configure:6185: $? = 0
configure:6188: test -s conftest.o
configure:6191: $? = 0
configure:6280: gcc -o conftest -g -O2   conftest.c  >&5
conftest.c: In function 'main':
conftest.c:29: warning: incompatible implicit declaration of built-in function 'exit'
configure:6283: $? = 0
configure:6285: ./conftest
configure:6288: $? = 0
configure:6303: result: yes
configure:6327: checking for sys/types.h
configure:6343: gcc -c -g -O2  conftest.c >&5
configure:6349: $? = 0
configure:6353: test -z 
			 || test ! -s conftest.err
configure:6356: $? = 0
configure:6359: test -s conftest.o
configure:6362: $? = 0
configure:6373: result: yes
configure:6327: checking for sys/stat.h
configure:6343: gcc -c -g -O2  conftest.c >&5
configure:6349: $? = 0
configure:6353: test -z 
			 || test ! -s conftest.err
configure:6356: $? = 0
configure:6359: test -s conftest.o
configure:6362: $? = 0
configure:6373: result: yes
configure:6327: checking for stdlib.h
configure:6343: gcc -c -g -O2  conftest.c >&5
configure:6349: $? = 0
configure:6353: test -z 
			 || test ! -s conftest.err
configure:6356: $? = 0
configure:6359: test -s conftest.o
configure:6362: $? = 0
configure:6373: result: yes
configure:6327: checking for string.h
configure:6343: gcc -c -g -O2  conftest.c >&5
configure:6349: $? = 0
configure:6353: test -z 
			 || test ! -s conftest.err
configure:6356: $? = 0
configure:6359: test -s conftest.o
configure:6362: $? = 0
configure:6373: result: yes
configure:6327: checking for memory.h
configure:6343: gcc -c -g -O2  conftest.c >&5
configure:6349: $? = 0
configure:6353: test -z 
			 || test ! -s conftest.err
configure:6356: $? = 0
configure:6359: test -s conftest.o
configure:6362: $? = 0
configure:6373: result: yes
configure:6327: checking for strings.h
configure:6343: gcc -c -g -O2  conftest.c >&5
configure:6349: $? = 0
configure:6353: test -z 
			 || test ! -s conftest.err
configure:6356: $? = 0
configure:6359: test -s conftest.o
configure:6362: $? = 0
configure:6373: result: yes
configure:6327: checking for inttypes.h
configure:6343: gcc -c -g -O2  conftest.c >&5
configure:6349: $? = 0
configure:6353: test -z 
			 || test ! -s conftest.err
configure:6356: $? = 0
configure:6359: test -s conftest.o
configure:6362: $? = 0
configure:6373: result: yes
configure:6327: checking for stdint.h
configure:6343: gcc -c -g -O2  conftest.c >&5
configure:6349: $? = 0
configure:6353: test -z 
			 || test ! -s conftest.err
configure:6356: $? = 0
configure:6359: test -s conftest.o
configure:6362: $? = 0
configure:6373: result: yes
configure:6327: checking for unistd.h
configure:6343: gcc -c -g -O2  conftest.c >&5
configure:6349: $? = 0
configure:6353: test -z 
			 || test ! -s conftest.err
configure:6356: $? = 0
configure:6359: test -s conftest.o
configure:6362: $? = 0
configure:6373: result: yes
configure:6389: checking for dlfcn.h
configure:6405: gcc -c -g -O2  conftest.c >&5
configure:6411: $? = 0
configure:6415: test -z 
			 || test ! -s conftest.err
configure:6418: $? = 0
configure:6421: test -s conftest.o
configure:6424: $? = 0
configure:6435: result: yes
configure:6497: checking for objdir
configure:6512: result: .libs
configure:6808: checking if gcc supports -fno-rtti -fno-exceptions
configure:6826: gcc -c -g -O2  -fno-rtti -fno-exceptions conftest.c >&5
cc1: warning: command line option "-fno-rtti" is valid for C++/ObjC++ but not for C
configure:6830: $? = 0
configure:6843: result: no
configure:6863: checking for gcc option to produce PIC
configure:7118: result: -fPIC -DPIC
configure:7130: checking if gcc PIC flag -fPIC -DPIC works
configure:7148: gcc -c -g -O2  -fPIC -DPIC -DPIC conftest.c >&5
configure:7152: $? = 0
configure:7165: result: yes
configure:7189: checking if gcc static flag -static works
configure:7217: result: yes
configure:7232: checking if gcc supports -c -o file.o
configure:7253: gcc -c -g -O2  -o out/conftest2.o conftest.c >&5
configure:7257: $? = 0
configure:7279: result: yes
configure:7287: checking if gcc supports -c -o file.o
configure:7334: result: yes
configure:7367: checking whether the gcc linker (ld) supports shared libraries
configure:8447: result: yes
configure:8686: checking dynamic linker characteristics
configure:9119: gcc -o conftest -g -O2   -Wl,-rpath -Wl,/foo conftest.c  >&5
configure:9125: $? = 0
configure:9129: test -z 
			 || test ! -s conftest.err
configure:9132: $? = 0
configure:9135: test -s conftest
configure:9138: $? = 0
configure:9362: result: GNU/Linux ld.so
configure:9457: checking how to hardcode library paths into programs
configure:9482: result: immediate
configure:10328: checking whether stripping libraries is possible
configure:10333: result: yes
configure:10368: checking if libtool supports shared libraries
configure:10370: result: yes
configure:10373: checking whether to build shared libraries
configure:10394: result: no
configure:10397: checking whether to build static libraries
configure:10401: result: yes
configure:10532: checking whether to enable maintainer-specific portions of Makefiles
configure:10541: result: no
configure:10571: checking whether to install libbfd
configure:10584: result: no
configure:10630: checking whether NLS is requested
configure:10633: result: no
configure:10703: checking whether NLS is requested
configure:10712: result: no
configure:10750: checking for msgfmt
configure:10781: result: /usr/bin/msgfmt
configure:10790: checking for gmsgfmt
configure:10821: result: /usr/bin/msgfmt
configure:10860: checking for xgettext
configure:10891: result: /usr/bin/xgettext
configure:10931: checking for msgmerge
configure:10961: result: /usr/bin/msgmerge
configure:11051: checking for a BSD-compatible install
configure:11106: result: /usr/bin/install -c
configure:11126: checking for string.h
configure:11131: result: yes
configure:11126: checking for strings.h
configure:11131: result: yes
configure:11126: checking for stdlib.h
configure:11131: result: yes
configure:11135: checking limits.h usability
configure:11147: gcc -c -g -O2  conftest.c >&5
configure:11153: $? = 0
configure:11157: test -z 
			 || test ! -s conftest.err
configure:11160: $? = 0
configure:11163: test -s conftest.o
configure:11166: $? = 0
configure:11176: result: yes
configure:11180: checking limits.h presence
configure:11190: gcc -E  conftest.c
configure:11196: $? = 0
configure:11216: result: yes
configure:11251: checking for limits.h
configure:11258: result: yes
configure:11272: checking whether basename is declared
configure:11296: gcc -c -g -O2  conftest.c >&5
configure:11302: $? = 0
configure:11306: test -z 
			 || test ! -s conftest.err
configure:11309: $? = 0
configure:11312: test -s conftest.o
configure:11315: $? = 0
configure:11326: result: yes
configure:11342: checking whether stpcpy is declared
configure:11366: gcc -c -g -O2  conftest.c >&5
configure:11372: $? = 0
configure:11376: test -z 
			 || test ! -s conftest.err
configure:11379: $? = 0
configure:11382: test -s conftest.o
configure:11385: $? = 0
configure:11396: result: yes
configure:11778: creating ./config.status

## ---------------------- ##
## Running config.status. ##
## ---------------------- ##

This file was extended by config.status, which was
generated by GNU Autoconf 2.59.  Invocation command line was

  CONFIG_FILES    = 
  CONFIG_HEADERS  = 
  CONFIG_LINKS    = 
  CONFIG_COMMANDS = 
  $ ./config.status 

on debian

config.status:939: creating Makefile
config.status:939: creating po/Makefile.in
config.status:1036: creating config.h
config.status:1340: executing depfiles commands
config.status:1340: executing libtool commands
config.status:1340: executing default-1 commands

## ---------------- ##
## Cache variables. ##
## ---------------- ##

ac_cv_build=i386-pc-linux-gnu
ac_cv_build_alias=i386-pc-linux-gnu
ac_cv_c_compiler_gnu=yes
ac_cv_env_CC_set=set
ac_cv_env_CC_value=gcc
ac_cv_env_CFLAGS_set=set
ac_cv_env_CFLAGS_value='-g -O2'
ac_cv_env_CPPFLAGS_set=
ac_cv_env_CPPFLAGS_value=
ac_cv_env_CPP_set=
ac_cv_env_CPP_value=
ac_cv_env_LDFLAGS_set=set
ac_cv_env_LDFLAGS_value=
ac_cv_env_build_alias_set=set
ac_cv_env_build_alias_value=i386-pc-linux-gnu
ac_cv_env_host_alias_set=set
ac_cv_env_host_alias_value=i386-pc-linux-gnu
ac_cv_env_target_alias_set=set
ac_cv_env_target_alias_value=mips-linux-uclibc
ac_cv_exeext=
ac_cv_have_decl_basename=yes
ac_cv_have_decl_stpcpy=yes
ac_cv_header_dlfcn_h=yes
ac_cv_header_inttypes_h=yes
ac_cv_header_limits_h=yes
ac_cv_header_memory_h=yes
ac_cv_header_stdc=yes
ac_cv_header_stdint_h=yes
ac_cv_header_stdlib_h=yes
ac_cv_header_string_h=yes
ac_cv_header_strings_h=yes
ac_cv_header_sys_stat_h=yes
ac_cv_header_sys_types_h=yes
ac_cv_header_unistd_h=yes
ac_cv_host=i386-pc-linux-gnu
ac_cv_host_alias=i386-pc-linux-gnu
ac_cv_objext=o
ac_cv_path_GMSGFMT=/usr/bin/msgfmt
ac_cv_path_MSGFMT=/usr/bin/msgfmt
ac_cv_path_MSGMERGE=/usr/bin/msgmerge
ac_cv_path_XGETTEXT=/usr/bin/xgettext
ac_cv_prog_AR=ar
ac_cv_prog_AWK=gawk
ac_cv_prog_CC=gcc
ac_cv_prog_CPP='gcc -E'
ac_cv_prog_RANLIB=ranlib
ac_cv_prog_STRIP=mips-linux-uclibc-strip
ac_cv_prog_cc_g=yes
ac_cv_prog_cc_stdc=
ac_cv_prog_egrep='grep -E'
ac_cv_prog_fgrep='grep -F'
ac_cv_prog_make__usr_bin_make_set=yes
ac_cv_search_strerror='none required'
ac_cv_target=mips-unknown-linux-uclibc
ac_cv_target_alias=mips-linux-uclibc
am_cv_CC_dependencies_compiler_type=none
lt_cv_deplibs_check_method=pass_all
lt_cv_file_magic_cmd='$MAGIC_CMD'
lt_cv_file_magic_test_file=
lt_cv_ld_reload_flag=-r
lt_cv_nm_interface='BSD nm'
lt_cv_objdir=.libs
lt_cv_path_LD=ld
lt_cv_path_NM=nm
lt_cv_path_SED=/bin/sed
lt_cv_prog_compiler_c_o=yes
lt_cv_prog_compiler_rtti_exceptions=no
lt_cv_prog_gnu_ld=yes
lt_cv_sys_global_symbol_pipe='sed -n -e '\''s/^.*[	 ]\([ABCDGIRSTW][ABCDGIRSTW]*\)[	 ][	 ]*\([_A-Za-z][_A-Za-z0-9]*\)$/\1 \2 \2/p'\'''
lt_cv_sys_global_symbol_to_c_name_address='sed -n -e '\''s/^: \([^ ]*\) $/  {\"\1\", (void *) 0},/p'\'' -e '\''s/^[ABCDGIRSTW]* \([^ ]*\) \([^ ]*\)$/  {"\2", (void *) \&\2},/p'\'''
lt_cv_sys_global_symbol_to_cdecl='sed -n -e '\''s/^T .* \(.*\)$/extern int \1();/p'\'' -e '\''s/^[ABCDGIRSTW]* .* \(.*\)$/extern char \1;/p'\'''
lt_cv_sys_max_cmd_len=805306365

## ----------------- ##
## Output variables. ##
## ----------------- ##

ACLOCAL='${SHELL} /home/zhangsiyu/pc018work-v15-at/apv5sdk-v15/build/gcc-4.3.3/toolchain_build_mips/gdb-6.8/missing --run aclocal-1.9'
AMDEPBACKSLASH='\'
AMDEP_FALSE='#'
AMDEP_TRUE=''
AMTAR='${SHELL} /home/zhangsiyu/pc018work-v15-at/apv5sdk-v15/build/gcc-4.3.3/toolchain_build_mips/gdb-6.8/missing --run tar'
AR='ar'
AUTOCONF='${SHELL} /home/zhangsiyu/pc018work-v15-at/apv5sdk-v15/build/gcc-4.3.3/toolchain_build_mips/gdb-6.8/missing --run autoconf'
AUTOHEADER='${SHELL} /home/zhangsiyu/pc018work-v15-at/apv5sdk-v15/build/gcc-4.3.3/toolchain_build_mips/gdb-6.8/missing --run autoheader'
AUTOMAKE='${SHELL} /home/zhangsiyu/pc018work-v15-at/apv5sdk-v15/build/gcc-4.3.3/toolchain_build_mips/gdb-6.8/missing --run automake-1.9'
AWK='gawk'
BFD_MACHINES=' mips-dis.lo mips-opc.lo mips16-opc.lo'
CATALOGS=''
CATOBJEXT=''
CC='gcc'
CCDEPMODE='depmode=none'
CC_FOR_BUILD='gcc'
CFLAGS='-g -O2'
CGEN_MAINT_FALSE=''
CGEN_MAINT_TRUE='#'
CPP='gcc -E'
CPPFLAGS=''
CYGPATH_W='echo'
DATADIRNAME=''
DEFS='-DHAVE_CONFIG_H'
DEPDIR='.deps'
DUMPBIN=''
ECHO_C=''
ECHO_N='-n'
ECHO_T=''
EGREP='grep -E'
EXEEXT=''
EXEEXT_FOR_BUILD='$(EXEEXT)'
FGREP='grep -F'
GENCAT=''
GMSGFMT='/usr/bin/msgfmt'
GREP='grep'
HDEFINES=''
INCINTL=''
INSTALL_DATA='/usr/bin/install -c -m 644'
INSTALL_LIBBFD_FALSE=''
INSTALL_LIBBFD_TRUE='#'
INSTALL_PROGRAM='/usr/bin/install -c'
INSTALL_SCRIPT='/usr/bin/install -c'
INSTALL_STRIP_PROGRAM='${SHELL} $(install_sh) -c -s'
INSTOBJEXT=''
LD='ld'
LDFLAGS=''
LIBINTL=''
LIBINTL_DEP=''
LIBOBJS=''
LIBS=''
LIBTOOL='$(SHELL) $(top_builddir)/libtool'
LN_S='ln -s'
LTLIBOBJS=''
MAINT='#'
MAINTAINER_MODE_FALSE=''
MAINTAINER_MODE_TRUE='#'
MAKEINFO='makeinfo --split-size=5000000'
MKINSTALLDIRS='/home/zhangsiyu/pc018work-v15-at/apv5sdk-v15/build/gcc-4.3.3/toolchain_build_mips/gdb-6.8/opcodes/../mkinstalldirs'
MSGFMT='/usr/bin/msgfmt'
MSGMERGE='/usr/bin/msgmerge'
NM='nm'
NO_WERROR=''
OBJEXT='o'
PACKAGE='opcodes'
PACKAGE_BUGREPORT=''
PACKAGE_NAME=''
PACKAGE_STRING=''
PACKAGE_TARNAME=''
PACKAGE_VERSION=''
PATH_SEPARATOR=':'
POSUB=''
RANLIB='ranlib'
SED='/bin/sed'
SET_MAKE=''
SHARED_DEPENDENCIES=''
SHARED_LDFLAGS=''
SHARED_LIBADD=''
SHELL='/bin/sh'
STRIP='mips-linux-uclibc-strip'
USE_NLS='no'
VERSION='2.18.50'
WARN_CFLAGS='-W -Wall -Wstrict-prototypes -Wmissing-prototypes'
XGETTEXT='/usr/bin/xgettext'
ac_ct_AR=''
ac_ct_CC=''
ac_ct_DUMPBIN=''
ac_ct_RANLIB=''
ac_ct_STRIP=''
am__fastdepCC_FALSE=''
am__fastdepCC_TRUE='#'
am__include='include'
am__leading_dot='.'
am__quote=''
am__tar='${AMTAR} chof - "$$tardir"'
am__untar='${AMTAR} xf -'
archdefs=' -DARCH_mips'
bfdincludedir='$(exec_prefix)/$(host_noncanonical)/$(target_noncanonical)/include'
bfdlibdir='$(exec_prefix)/$(host_noncanonical)/$(target_noncanonical)/lib'
bindir='${exec_prefix}/bin'
build='i386-pc-linux-gnu'
build_alias='i386-pc-linux-gnu'
build_cpu='i386'
build_os='linux-gnu'
build_vendor='pc'
cgendir='$(srcdir)/../cgen'
datadir='${prefix}/share'
exec_prefix='${prefix}'
host='i386-pc-linux-gnu'
host_alias='i386-pc-linux-gnu'
host_cpu='i386'
host_noncanonical='i386-pc-linux-gnu'
host_os='linux-gnu'
host_vendor='pc'
includedir='${prefix}/include'
infodir='${prefix}/info'
install_sh='/home/zhangsiyu/pc018work-v15-at/apv5sdk-v15/build/gcc-4.3.3/toolchain_build_mips/gdb-6.8/install-sh'
libdir='${exec_prefix}/lib'
libexecdir='${exec_prefix}/libexec'
localstatedir='${prefix}/var'
lt_ECHO='echo'
mandir='${prefix}/man'
mkdir_p='mkdir -p --'
oldincludedir='/usr/include'
prefix='/home/zhangsiyu/pc018work-v15-at/apv5sdk-v15/build/gcc-4.3.3/build_mips/staging_dir'
program_transform_name='s,^,mips-linux-uclibc-,'
sbindir='${exec_prefix}/sbin'
sharedstatedir='${prefix}/com'
sysconfdir='${prefix}/etc'
target='mips-unknown-linux-uclibc'
target_alias='mips-linux-uclibc'
target_cpu='mips'
target_noncanonical='mips-linux-uclibc'
target_os='linux-uclibc'
target_vendor='unknown'

## ----------- ##
## confdefs.h. ##
## ----------- ##

#define HAVE_DECL_BASENAME 1
#define HAVE_DECL_STPCPY 1
#define HAVE_DLFCN_H 1
#define HAVE_INTTYPES_H 1
#define HAVE_LIMITS_H 1
#define HAVE_MEMORY_H 1
#define HAVE_STDINT_H 1
#define HAVE_STDLIB_H 1
#define HAVE_STDLIB_H 1
#define HAVE_STRINGS_H 1
#define HAVE_STRINGS_H 1
#define HAVE_STRING_H 1
#define HAVE_STRING_H 1
#define HAVE_SYS_STAT_H 1
#define HAVE_SYS_TYPES_H 1
#define HAVE_UNISTD_H 1
#define LT_OBJDIR ".libs/"
#define PACKAGE "opcodes"
#define PACKAGE_BUGREPORT ""
#define PACKAGE_NAME ""
#define PACKAGE_STRING ""
#define PACKAGE_TARNAME ""
#define PACKAGE_VERSION ""
#define STDC_HEADERS 1
#define VERSION "2.18.50"
#define _GNU_SOURCE 1

configure: exit 0
