This file contains any messages produced by compilers while
running configure, to aid debugging if configure makes a mistake.

It was created by haserl configure 0.9.24, which was
generated by GNU Autoconf 2.65.  Invocation command line was

  $ ./configure --target=powerpc-apm-linux --host=powerpc-apm-linux --build= --program-prefix= --program-suffix= --prefix=/usr --exec-prefix=/usr --bindir=/usr/bin --sbindir=/usr/sbin --libexecdir=/usr/lib --sysconfdir=/etc --datadir=/usr/share --localstatedir=/var --mandir=/usr/man --infodir=/usr/info

## --------- ##
## Platform. ##
## --------- ##

hostname = debian
uname -m = i686
uname -r = 2.6.32-5-686
uname -s = Linux
uname -v = #1 SMP Mon Sep 23 23:00:18 UTC 2013

/usr/bin/uname -p = unknown
/bin/uname -X     = unknown

/bin/arch              = unknown
/usr/bin/arch -k       = unknown
/usr/convex/getsysinfo = unknown
/usr/bin/hostinfo      = unknown
/bin/machine           = unknown
/usr/bin/oslevel       = unknown
/bin/universe          = unknown

PATH: /home/zhangsiyu/pc018work-v15-at/apv5sdk-v15/build/../build/util
PATH: /home/zhangsiyu/pc018work-v15-at/apv5sdk-v15/build/../build/gcc-4.3.3/build_mips/staging_dir/usr//bin
PATH: /home/zhangsiyu/pc018work-v15-at/apv5sdk-v15/build/../linux
PATH: /home/zhangsiyu/pc018work-v15-at/apv5sdk-v15/build/../build
PATH: /home/zhangsiyu/pc018work-v15-at/apv5sdk-v15/build/../boot/redboot/ecos/tools/bin
PATH: `pwd`
PATH: /opt/hisi-linux/x86-arm/arm-hisiv200-linux/target/bin
PATH: /usr/local/bin
PATH: /usr/bin
PATH: /bin
PATH: /usr/local/games
PATH: /usr/games


## ----------- ##
## Core tests. ##
## ----------- ##

configure:2231: checking for a BSD-compatible install
configure:2299: result: /usr/bin/install -c
configure:2310: checking whether build environment is sane
configure:2347: result: yes
configure:2372: checking for a thread-safe mkdir -p
configure:2411: result: /bin/mkdir -p
configure:2424: checking for gawk
configure:2440: found /usr/bin/gawk
configure:2451: result: gawk
configure:2462: checking whether make sets $(MAKE)
configure:2484: result: yes
configure:2562: checking for powerpc-apm-linux-strip
configure:2589: result: mips-linux-uclibc-strip
configure:2676: checking for powerpc-apm-linux-gcc
configure:2703: result: mips-linux-uclibc-gcc
configure:2972: checking for C compiler version
configure:2981: mips-linux-uclibc-gcc --version >&5
mips-linux-uclibc-gcc (GCC) 4.3.3
Copyright (C) 2008 Free Software Foundation, Inc.
This is free software; see the source for copying conditions.  There is NO
warranty; not even for MERCHANTABILITY or FITNESS FOR A PARTICULAR PURPOSE.

configure:2992: $? = 0
configure:2981: mips-linux-uclibc-gcc -v >&5
Using built-in specs.
Target: mips-linux-uclibc
Configured with: /home/zhangsiyu/pc018work-v15-at/apv5sdk-v15/build/gcc-4.3.3/toolchain_build_mips/gcc-4.3.3/configure --prefix=/usr --build=i386-pc-linux-gnu --host=i386-pc-linux-gnu --target=mips-linux-uclibc --enable-languages=c --with-sysroot=/home/zhangsiyu/pc018work-v15-at/apv5sdk-v15/build/gcc-4.3.3/build_mips/staging_dir --with-build-time-tools=/home/zhangsiyu/pc018work-v15-at/apv5sdk-v15/build/gcc-4.3.3/build_mips/staging_dir/usr/mips-linux-uclibc/bin --disable-__cxa_atexit --enable-target-optspace --with-gnu-ld --disable-libssp --disable-tls --enable-shared --with-gmp=/home/zhangsiyu/pc018work-v15-at/apv5sdk-v15/build/gcc-4.3.3/toolchain_build_mips/gmp --with-mpfr=/home/zhangsiyu/pc018work-v15-at/apv5sdk-v15/build/gcc-4.3.3/toolchain_build_mips/mpfr --disable-nls --enable-threads --disable-multilib --disable-decimal-float --with-float=soft --with-abi=32 --with-tune=mips32r2
Thread model: posix
gcc version 4.3.3 (GCC) 
configure:2992: $? = 0
configure:2981: mips-linux-uclibc-gcc -V >&5
mips-linux-uclibc-gcc: '-V' option must have argument
configure:2992: $? = 1
configure:2981: mips-linux-uclibc-gcc -qversion >&5
mips-linux-uclibc-gcc: unrecognized option '-qversion'
mips-linux-uclibc-gcc: no input files
configure:2992: $? = 1
configure:3012: checking whether the C compiler works
configure:3034: mips-linux-uclibc-gcc   -I/home/zhangsiyu/pc018work-v15-at/apv5sdk-v15/build/../ap83sdk/build/gcc-3.4.4-2.16.1/build_mips_nofpu/mips-linux-uclibc/sys-include   -L/home/zhangsiyu/pc018work-v15-at/apv5sdk-v15/build/../ap83sdk/build/gcc-3.4.4-2.16.1/build_mips_nofpu/mips-linux-uclibc/lib  conftest.c  >&5
configure:3038: $? = 0
configure:3087: result: yes
configure:3090: checking for C compiler default output file name
configure:3092: result: a.out
configure:3098: checking for suffix of executables
configure:3105: mips-linux-uclibc-gcc -o conftest   -I/home/zhangsiyu/pc018work-v15-at/apv5sdk-v15/build/../ap83sdk/build/gcc-3.4.4-2.16.1/build_mips_nofpu/mips-linux-uclibc/sys-include   -L/home/zhangsiyu/pc018work-v15-at/apv5sdk-v15/build/../ap83sdk/build/gcc-3.4.4-2.16.1/build_mips_nofpu/mips-linux-uclibc/lib  conftest.c  >&5
configure:3109: $? = 0
configure:3131: result: 
configure:3153: checking whether we are cross compiling
configure:3161: mips-linux-uclibc-gcc -o conftest   -I/home/zhangsiyu/pc018work-v15-at/apv5sdk-v15/build/../ap83sdk/build/gcc-3.4.4-2.16.1/build_mips_nofpu/mips-linux-uclibc/sys-include   -L/home/zhangsiyu/pc018work-v15-at/apv5sdk-v15/build/../ap83sdk/build/gcc-3.4.4-2.16.1/build_mips_nofpu/mips-linux-uclibc/lib  conftest.c  >&5
configure:3165: $? = 0
configure:3172: ./conftest
./configure: line 3174: ./conftest: cannot execute binary file
configure:3176: $? = 126
configure:3191: result: yes
configure:3196: checking for suffix of object files
configure:3218: mips-linux-uclibc-gcc -c   -I/home/zhangsiyu/pc018work-v15-at/apv5sdk-v15/build/../ap83sdk/build/gcc-3.4.4-2.16.1/build_mips_nofpu/mips-linux-uclibc/sys-include   conftest.c >&5
configure:3222: $? = 0
configure:3243: result: o
configure:3247: checking whether we are using the GNU C compiler
configure:3266: mips-linux-uclibc-gcc -c   -I/home/zhangsiyu/pc018work-v15-at/apv5sdk-v15/build/../ap83sdk/build/gcc-3.4.4-2.16.1/build_mips_nofpu/mips-linux-uclibc/sys-include   conftest.c >&5
configure:3266: $? = 0
configure:3275: result: yes
configure:3284: checking whether mips-linux-uclibc-gcc accepts -g
configure:3304: mips-linux-uclibc-gcc -c -g -I/home/zhangsiyu/pc018work-v15-at/apv5sdk-v15/build/../ap83sdk/build/gcc-3.4.4-2.16.1/build_mips_nofpu/mips-linux-uclibc/sys-include   conftest.c >&5
configure:3304: $? = 0
configure:3345: result: yes
configure:3362: checking for mips-linux-uclibc-gcc option to accept ISO C89
configure:3426: mips-linux-uclibc-gcc  -c   -I/home/zhangsiyu/pc018work-v15-at/apv5sdk-v15/build/../ap83sdk/build/gcc-3.4.4-2.16.1/build_mips_nofpu/mips-linux-uclibc/sys-include   conftest.c >&5
configure:3426: $? = 0
configure:3439: result: none needed
configure:3470: checking for style of include used by make
configure:3498: result: GNU
configure:3523: checking dependency style of mips-linux-uclibc-gcc
configure:3614: result: gcc3
configure:3630: checking whether ln -s works
configure:3634: result: yes
configure:3651: checking how to run the C preprocessor
configure:3682: mips-linux-uclibc-gcc -E -I/home/zhangsiyu/pc018work-v15-at/apv5sdk-v15/build/../ap83sdk/build/gcc-3.4.4-2.16.1/build_mips_nofpu/mips-linux-uclibc/sys-include   conftest.c
configure:3682: $? = 0
configure:3696: mips-linux-uclibc-gcc -E -I/home/zhangsiyu/pc018work-v15-at/apv5sdk-v15/build/../ap83sdk/build/gcc-3.4.4-2.16.1/build_mips_nofpu/mips-linux-uclibc/sys-include   conftest.c
conftest.c:11:28: error: ac_nonexistent.h: No such file or directory
configure:3696: $? = 1
configure: failed program was:
| /* confdefs.h */
| #define PACKAGE_NAME "haserl"
| #define PACKAGE_TARNAME "haserl"
| #define PACKAGE_VERSION "0.9.24"
| #define PACKAGE_STRING "haserl 0.9.24"
| #define PACKAGE_BUGREPORT "Nathan Angelacos <nangel@users.sourceforge.net>"
| #define PACKAGE_URL ""
| #define PACKAGE "haserl"
| #define VERSION "0.9.24"
| /* end confdefs.h.  */
| #include <ac_nonexistent.h>
configure:3721: result: mips-linux-uclibc-gcc -E
configure:3741: mips-linux-uclibc-gcc -E -I/home/zhangsiyu/pc018work-v15-at/apv5sdk-v15/build/../ap83sdk/build/gcc-3.4.4-2.16.1/build_mips_nofpu/mips-linux-uclibc/sys-include   conftest.c
configure:3741: $? = 0
configure:3755: mips-linux-uclibc-gcc -E -I/home/zhangsiyu/pc018work-v15-at/apv5sdk-v15/build/../ap83sdk/build/gcc-3.4.4-2.16.1/build_mips_nofpu/mips-linux-uclibc/sys-include   conftest.c
conftest.c:11:28: error: ac_nonexistent.h: No such file or directory
configure:3755: $? = 1
configure: failed program was:
| /* confdefs.h */
| #define PACKAGE_NAME "haserl"
| #define PACKAGE_TARNAME "haserl"
| #define PACKAGE_VERSION "0.9.24"
| #define PACKAGE_STRING "haserl 0.9.24"
| #define PACKAGE_BUGREPORT "Nathan Angelacos <nangel@users.sourceforge.net>"
| #define PACKAGE_URL ""
| #define PACKAGE "haserl"
| #define VERSION "0.9.24"
| /* end confdefs.h.  */
| #include <ac_nonexistent.h>
configure:3784: checking for grep that handles long lines and -e
configure:3842: result: /bin/grep
configure:3847: checking for egrep
configure:3909: result: /bin/grep -E
configure:3914: checking for ANSI C header files
configure:3934: mips-linux-uclibc-gcc -c   -I/home/zhangsiyu/pc018work-v15-at/apv5sdk-v15/build/../ap83sdk/build/gcc-3.4.4-2.16.1/build_mips_nofpu/mips-linux-uclibc/sys-include   conftest.c >&5
configure:3934: $? = 0
configure:4018: result: yes
configure:4033: checking for sys/types.h
configure:4033: mips-linux-uclibc-gcc -c   -I/home/zhangsiyu/pc018work-v15-at/apv5sdk-v15/build/../ap83sdk/build/gcc-3.4.4-2.16.1/build_mips_nofpu/mips-linux-uclibc/sys-include   conftest.c >&5
configure:4033: $? = 0
configure:4033: result: yes
configure:4033: checking for sys/stat.h
configure:4033: mips-linux-uclibc-gcc -c   -I/home/zhangsiyu/pc018work-v15-at/apv5sdk-v15/build/../ap83sdk/build/gcc-3.4.4-2.16.1/build_mips_nofpu/mips-linux-uclibc/sys-include   conftest.c >&5
configure:4033: $? = 0
configure:4033: result: yes
configure:4033: checking for stdlib.h
configure:4033: mips-linux-uclibc-gcc -c   -I/home/zhangsiyu/pc018work-v15-at/apv5sdk-v15/build/../ap83sdk/build/gcc-3.4.4-2.16.1/build_mips_nofpu/mips-linux-uclibc/sys-include   conftest.c >&5
configure:4033: $? = 0
configure:4033: result: yes
configure:4033: checking for string.h
configure:4033: mips-linux-uclibc-gcc -c   -I/home/zhangsiyu/pc018work-v15-at/apv5sdk-v15/build/../ap83sdk/build/gcc-3.4.4-2.16.1/build_mips_nofpu/mips-linux-uclibc/sys-include   conftest.c >&5
configure:4033: $? = 0
configure:4033: result: yes
configure:4033: checking for memory.h
configure:4033: mips-linux-uclibc-gcc -c   -I/home/zhangsiyu/pc018work-v15-at/apv5sdk-v15/build/../ap83sdk/build/gcc-3.4.4-2.16.1/build_mips_nofpu/mips-linux-uclibc/sys-include   conftest.c >&5
configure:4033: $? = 0
configure:4033: result: yes
configure:4033: checking for strings.h
configure:4033: mips-linux-uclibc-gcc -c   -I/home/zhangsiyu/pc018work-v15-at/apv5sdk-v15/build/../ap83sdk/build/gcc-3.4.4-2.16.1/build_mips_nofpu/mips-linux-uclibc/sys-include   conftest.c >&5
configure:4033: $? = 0
configure:4033: result: yes
configure:4033: checking for inttypes.h
configure:4033: mips-linux-uclibc-gcc -c   -I/home/zhangsiyu/pc018work-v15-at/apv5sdk-v15/build/../ap83sdk/build/gcc-3.4.4-2.16.1/build_mips_nofpu/mips-linux-uclibc/sys-include   conftest.c >&5
configure:4033: $? = 0
configure:4033: result: yes
configure:4033: checking for stdint.h
configure:4033: mips-linux-uclibc-gcc -c   -I/home/zhangsiyu/pc018work-v15-at/apv5sdk-v15/build/../ap83sdk/build/gcc-3.4.4-2.16.1/build_mips_nofpu/mips-linux-uclibc/sys-include   conftest.c >&5
configure:4033: $? = 0
configure:4033: result: yes
configure:4033: checking for unistd.h
configure:4033: mips-linux-uclibc-gcc -c   -I/home/zhangsiyu/pc018work-v15-at/apv5sdk-v15/build/../ap83sdk/build/gcc-3.4.4-2.16.1/build_mips_nofpu/mips-linux-uclibc/sys-include   conftest.c >&5
configure:4033: $? = 0
configure:4033: result: yes
configure:4049: checking for stdlib.h
configure:4049: result: yes
configure:4049: checking for string.h
configure:4049: result: yes
configure:4049: checking for unistd.h
configure:4049: result: yes
configure:4049: checking signal.h usability
configure:4049: mips-linux-uclibc-gcc -c   -I/home/zhangsiyu/pc018work-v15-at/apv5sdk-v15/build/../ap83sdk/build/gcc-3.4.4-2.16.1/build_mips_nofpu/mips-linux-uclibc/sys-include   conftest.c >&5
configure:4049: $? = 0
configure:4049: result: yes
configure:4049: checking signal.h presence
configure:4049: mips-linux-uclibc-gcc -E -I/home/zhangsiyu/pc018work-v15-at/apv5sdk-v15/build/../ap83sdk/build/gcc-3.4.4-2.16.1/build_mips_nofpu/mips-linux-uclibc/sys-include   conftest.c
configure:4049: $? = 0
configure:4049: result: yes
configure:4049: checking for signal.h
configure:4049: result: yes
configure:4062: checking for an ANSI C-conforming const
configure:4127: mips-linux-uclibc-gcc -c   -I/home/zhangsiyu/pc018work-v15-at/apv5sdk-v15/build/../ap83sdk/build/gcc-3.4.4-2.16.1/build_mips_nofpu/mips-linux-uclibc/sys-include   conftest.c >&5
configure:4127: $? = 0
configure:4134: result: yes
configure:4142: checking for size_t
configure:4142: mips-linux-uclibc-gcc -c   -I/home/zhangsiyu/pc018work-v15-at/apv5sdk-v15/build/../ap83sdk/build/gcc-3.4.4-2.16.1/build_mips_nofpu/mips-linux-uclibc/sys-include   conftest.c >&5
configure:4142: $? = 0
configure:4142: mips-linux-uclibc-gcc -c   -I/home/zhangsiyu/pc018work-v15-at/apv5sdk-v15/build/../ap83sdk/build/gcc-3.4.4-2.16.1/build_mips_nofpu/mips-linux-uclibc/sys-include   conftest.c >&5
conftest.c: In function 'main':
conftest.c:61: error: expected expression before ')' token
configure:4142: $? = 1
configure: failed program was:
| /* confdefs.h */
| #define PACKAGE_NAME "haserl"
| #define PACKAGE_TARNAME "haserl"
| #define PACKAGE_VERSION "0.9.24"
| #define PACKAGE_STRING "haserl 0.9.24"
| #define PACKAGE_BUGREPORT "Nathan Angelacos <nangel@users.sourceforge.net>"
| #define PACKAGE_URL ""
| #define PACKAGE "haserl"
| #define VERSION "0.9.24"
| #define STDC_HEADERS 1
| #define HAVE_SYS_TYPES_H 1
| #define HAVE_SYS_STAT_H 1
| #define HAVE_STDLIB_H 1
| #define HAVE_STRING_H 1
| #define HAVE_MEMORY_H 1
| #define HAVE_STRINGS_H 1
| #define HAVE_INTTYPES_H 1
| #define HAVE_STDINT_H 1
| #define HAVE_UNISTD_H 1
| #define HAVE_STDLIB_H 1
| #define HAVE_STRING_H 1
| #define HAVE_UNISTD_H 1
| #define HAVE_SIGNAL_H 1
| /* end confdefs.h.  */
| #include <stdio.h>
| #ifdef HAVE_SYS_TYPES_H
| # include <sys/types.h>
| #endif
| #ifdef HAVE_SYS_STAT_H
| # include <sys/stat.h>
| #endif
| #ifdef STDC_HEADERS
| # include <stdlib.h>
| # include <stddef.h>
| #else
| # ifdef HAVE_STDLIB_H
| #  include <stdlib.h>
| # endif
| #endif
| #ifdef HAVE_STRING_H
| # if !defined STDC_HEADERS && defined HAVE_MEMORY_H
| #  include <memory.h>
| # endif
| # include <string.h>
| #endif
| #ifdef HAVE_STRINGS_H
| # include <strings.h>
| #endif
| #ifdef HAVE_INTTYPES_H
| # include <inttypes.h>
| #endif
| #ifdef HAVE_STDINT_H
| # include <stdint.h>
| #endif
| #ifdef HAVE_UNISTD_H
| # include <unistd.h>
| #endif
| int
| main ()
| {
| if (sizeof ((size_t)))
| 	    return 0;
|   ;
|   return 0;
| }
configure:4142: result: yes
configure:4155: checking for working memcmp
configure:4208: result: no
configure:4220: checking for memset
configure:4220: mips-linux-uclibc-gcc -o conftest   -I/home/zhangsiyu/pc018work-v15-at/apv5sdk-v15/build/../ap83sdk/build/gcc-3.4.4-2.16.1/build_mips_nofpu/mips-linux-uclibc/sys-include   -L/home/zhangsiyu/pc018work-v15-at/apv5sdk-v15/build/../ap83sdk/build/gcc-3.4.4-2.16.1/build_mips_nofpu/mips-linux-uclibc/lib  conftest.c  >&5
conftest.c:48: warning: conflicting types for built-in function 'memset'
configure:4220: $? = 0
configure:4220: result: yes
configure:4220: checking for putenv
configure:4220: mips-linux-uclibc-gcc -o conftest   -I/home/zhangsiyu/pc018work-v15-at/apv5sdk-v15/build/../ap83sdk/build/gcc-3.4.4-2.16.1/build_mips_nofpu/mips-linux-uclibc/sys-include   -L/home/zhangsiyu/pc018work-v15-at/apv5sdk-v15/build/../ap83sdk/build/gcc-3.4.4-2.16.1/build_mips_nofpu/mips-linux-uclibc/lib  conftest.c  >&5
configure:4220: $? = 0
configure:4220: result: yes
configure:4220: checking for strcasecmp
configure:4220: mips-linux-uclibc-gcc -o conftest   -I/home/zhangsiyu/pc018work-v15-at/apv5sdk-v15/build/../ap83sdk/build/gcc-3.4.4-2.16.1/build_mips_nofpu/mips-linux-uclibc/sys-include   -L/home/zhangsiyu/pc018work-v15-at/apv5sdk-v15/build/../ap83sdk/build/gcc-3.4.4-2.16.1/build_mips_nofpu/mips-linux-uclibc/lib  conftest.c  >&5
conftest.c:50: warning: conflicting types for built-in function 'strcasecmp'
configure:4220: $? = 0
configure:4220: result: yes
configure:4220: checking for strdup
configure:4220: mips-linux-uclibc-gcc -o conftest   -I/home/zhangsiyu/pc018work-v15-at/apv5sdk-v15/build/../ap83sdk/build/gcc-3.4.4-2.16.1/build_mips_nofpu/mips-linux-uclibc/sys-include   -L/home/zhangsiyu/pc018work-v15-at/apv5sdk-v15/build/../ap83sdk/build/gcc-3.4.4-2.16.1/build_mips_nofpu/mips-linux-uclibc/lib  conftest.c  >&5
conftest.c:51: warning: conflicting types for built-in function 'strdup'
configure:4220: $? = 0
configure:4220: result: yes
configure:4220: checking for strncasecmp
configure:4220: mips-linux-uclibc-gcc -o conftest   -I/home/zhangsiyu/pc018work-v15-at/apv5sdk-v15/build/../ap83sdk/build/gcc-3.4.4-2.16.1/build_mips_nofpu/mips-linux-uclibc/sys-include   -L/home/zhangsiyu/pc018work-v15-at/apv5sdk-v15/build/../ap83sdk/build/gcc-3.4.4-2.16.1/build_mips_nofpu/mips-linux-uclibc/lib  conftest.c  >&5
conftest.c:52: warning: conflicting types for built-in function 'strncasecmp'
configure:4220: $? = 0
configure:4220: result: yes
configure:4220: checking for strstr
configure:4220: mips-linux-uclibc-gcc -o conftest   -I/home/zhangsiyu/pc018work-v15-at/apv5sdk-v15/build/../ap83sdk/build/gcc-3.4.4-2.16.1/build_mips_nofpu/mips-linux-uclibc/sys-include   -L/home/zhangsiyu/pc018work-v15-at/apv5sdk-v15/build/../ap83sdk/build/gcc-3.4.4-2.16.1/build_mips_nofpu/mips-linux-uclibc/lib  conftest.c  >&5
conftest.c:53: warning: conflicting types for built-in function 'strstr'
configure:4220: $? = 0
configure:4220: result: yes
configure:4690: creating ./config.status

## ---------------------- ##
## Running config.status. ##
## ---------------------- ##

This file was extended by haserl config.status 0.9.24, which was
generated by GNU Autoconf 2.65.  Invocation command line was

  CONFIG_FILES    = 
  CONFIG_HEADERS  = 
  CONFIG_LINKS    = 
  CONFIG_COMMANDS = 
  $ ./config.status 

on debian

config.status:875: creating Makefile
config.status:875: creating src/Makefile
config.status:875: creating doc/Makefile
config.status:875: creating tests/Makefile
config.status:875: creating src/config.h
config.status:1047: src/config.h is unchanged
config.status:1095: executing depfiles commands
configure:6001: result:
** Configuration summary for haserl 0.9.24:

	Building haserl with with lua disabled
	Building haserl with with bash-extensions disabled
	libs: 


## ---------------- ##
## Cache variables. ##
## ---------------- ##

ac_cv_c_compiler_gnu=yes
ac_cv_c_const=yes
ac_cv_env_CC_set=set
ac_cv_env_CC_value=mips-linux-uclibc-gcc
ac_cv_env_CFLAGS_set=set
ac_cv_env_CFLAGS_value=' '
ac_cv_env_CPPFLAGS_set=set
ac_cv_env_CPPFLAGS_value='-I/home/zhangsiyu/pc018work-v15-at/apv5sdk-v15/build/../ap83sdk/build/gcc-3.4.4-2.16.1/build_mips_nofpu/mips-linux-uclibc/sys-include  '
ac_cv_env_CPP_set=
ac_cv_env_CPP_value=
ac_cv_env_LDFLAGS_set=set
ac_cv_env_LDFLAGS_value='-L/home/zhangsiyu/pc018work-v15-at/apv5sdk-v15/build/../ap83sdk/build/gcc-3.4.4-2.16.1/build_mips_nofpu/mips-linux-uclibc/lib '
ac_cv_env_LIBS_set=
ac_cv_env_LIBS_value=
ac_cv_env_build_alias_set=set
ac_cv_env_build_alias_value=
ac_cv_env_host_alias_set=set
ac_cv_env_host_alias_value=powerpc-apm-linux
ac_cv_env_target_alias_set=set
ac_cv_env_target_alias_value=powerpc-apm-linux
ac_cv_func_memcmp_working=no
ac_cv_func_memset=yes
ac_cv_func_putenv=yes
ac_cv_func_strcasecmp=yes
ac_cv_func_strdup=yes
ac_cv_func_strncasecmp=yes
ac_cv_func_strstr=yes
ac_cv_header_inttypes_h=yes
ac_cv_header_memory_h=yes
ac_cv_header_signal_h=yes
ac_cv_header_stdc=yes
ac_cv_header_stdint_h=yes
ac_cv_header_stdlib_h=yes
ac_cv_header_string_h=yes
ac_cv_header_strings_h=yes
ac_cv_header_sys_stat_h=yes
ac_cv_header_sys_types_h=yes
ac_cv_header_unistd_h=yes
ac_cv_objext=o
ac_cv_path_EGREP='/bin/grep -E'
ac_cv_path_GREP=/bin/grep
ac_cv_path_install='/usr/bin/install -c'
ac_cv_path_mkdir=/bin/mkdir
ac_cv_prog_AWK=gawk
ac_cv_prog_CC=mips-linux-uclibc-gcc
ac_cv_prog_CPP='mips-linux-uclibc-gcc -E'
ac_cv_prog_STRIP=mips-linux-uclibc-strip
ac_cv_prog_cc_c89=
ac_cv_prog_cc_g=yes
ac_cv_prog_make_make_set=yes
ac_cv_type_size_t=yes
am_cv_CC_dependencies_compiler_type=gcc3

## ----------------- ##
## Output variables. ##
## ----------------- ##

ACLOCAL='${SHELL} /home/zhangsiyu/pc018work-v15-at/apv5sdk-v15/autelan/haserl-0.9.24/src/missing --run aclocal-1.10'
AMDEPBACKSLASH='\'
AMDEP_FALSE='#'
AMDEP_TRUE=''
AMTAR='${SHELL} /home/zhangsiyu/pc018work-v15-at/apv5sdk-v15/autelan/haserl-0.9.24/src/missing --run tar'
AUTOCONF='${SHELL} /home/zhangsiyu/pc018work-v15-at/apv5sdk-v15/autelan/haserl-0.9.24/src/missing --run autoconf'
AUTOHEADER='${SHELL} /home/zhangsiyu/pc018work-v15-at/apv5sdk-v15/autelan/haserl-0.9.24/src/missing --run autoheader'
AUTOMAKE='${SHELL} /home/zhangsiyu/pc018work-v15-at/apv5sdk-v15/autelan/haserl-0.9.24/src/missing --run automake-1.10'
AWK='gawk'
BASHEXTENSIONS_FALSE=''
BASHEXTENSIONS_TRUE='#'
CC='mips-linux-uclibc-gcc'
CCDEPMODE='depmode=gcc3'
CFLAGS='  -Wall'
CPP='mips-linux-uclibc-gcc -E'
CPPFLAGS='-I/home/zhangsiyu/pc018work-v15-at/apv5sdk-v15/build/../ap83sdk/build/gcc-3.4.4-2.16.1/build_mips_nofpu/mips-linux-uclibc/sys-include  '
CYGPATH_W='echo'
DEFS='-DHAVE_CONFIG_H'
DEPDIR='.deps'
ECHO_C=''
ECHO_N='-n'
ECHO_T=''
EGREP='/bin/grep -E'
EXEEXT=''
GREP='/bin/grep'
INCLUDE_BASHSHELL_FALSE='#'
INCLUDE_BASHSHELL_TRUE=''
INCLUDE_LUACSHELL_FALSE=''
INCLUDE_LUACSHELL_TRUE='#'
INCLUDE_LUASHELL_FALSE=''
INCLUDE_LUASHELL_TRUE='#'
INSTALL_DATA='${INSTALL} -m 644'
INSTALL_PROGRAM='${INSTALL}'
INSTALL_SCRIPT='${INSTALL}'
INSTALL_STRIP_PROGRAM='$(install_sh) -c -s'
LDFLAGS='-L/home/zhangsiyu/pc018work-v15-at/apv5sdk-v15/build/../ap83sdk/build/gcc-3.4.4-2.16.1/build_mips_nofpu/mips-linux-uclibc/lib '
LIBOBJS=' ${LIBOBJDIR}memcmp$U.o'
LIBS=''
LN_S='ln -s'
LTLIBOBJS=' ${LIBOBJDIR}memcmp$U.lo'
MAKEINFO='${SHELL} /home/zhangsiyu/pc018work-v15-at/apv5sdk-v15/autelan/haserl-0.9.24/src/missing --run makeinfo'
MKDIR_P='/bin/mkdir -p'
OBJEXT='o'
PACKAGE='haserl'
PACKAGE_BUGREPORT='Nathan Angelacos <nangel@users.sourceforge.net>'
PACKAGE_NAME='haserl'
PACKAGE_STRING='haserl 0.9.24'
PACKAGE_TARNAME='haserl'
PACKAGE_URL=''
PACKAGE_VERSION='0.9.24'
PATH_SEPARATOR=':'
SET_MAKE=''
SHELL='/bin/sh'
STRIP='mips-linux-uclibc-strip'
USE_LUA_FALSE=''
USE_LUA_TRUE='#'
VERSION='0.9.24'
ac_ct_CC=''
am__fastdepCC_FALSE='#'
am__fastdepCC_TRUE=''
am__include='include'
am__isrc=''
am__leading_dot='.'
am__quote=''
am__tar='${AMTAR} chof - "$$tardir"'
am__untar='${AMTAR} xf -'
bindir='/usr/bin'
build_alias=''
datadir='/usr/share'
datarootdir='${prefix}/share'
docdir='${datarootdir}/doc/${PACKAGE_TARNAME}'
dvidir='${docdir}'
exec_prefix='/usr'
host_alias='powerpc-apm-linux'
htmldir='${docdir}'
includedir='${prefix}/include'
infodir='/usr/info'
install_sh='$(SHELL) /home/zhangsiyu/pc018work-v15-at/apv5sdk-v15/autelan/haserl-0.9.24/src/install-sh'
libdir='${exec_prefix}/lib'
libexecdir='/usr/lib'
localedir='${datarootdir}/locale'
localstatedir='/var'
mandir='/usr/man'
mkdir_p='/bin/mkdir -p'
oldincludedir='/usr/include'
pdfdir='${docdir}'
prefix='/usr'
program_transform_name='s&$$&&;s&^&&'
psdir='${docdir}'
sbindir='/usr/sbin'
sharedstatedir='${prefix}/com'
sysconfdir='/etc'
target_alias='powerpc-apm-linux'

## ----------- ##
## confdefs.h. ##
## ----------- ##

/* confdefs.h */
#define PACKAGE_NAME "haserl"
#define PACKAGE_TARNAME "haserl"
#define PACKAGE_VERSION "0.9.24"
#define PACKAGE_STRING "haserl 0.9.24"
#define PACKAGE_BUGREPORT "Nathan Angelacos <nangel@users.sourceforge.net>"
#define PACKAGE_URL ""
#define PACKAGE "haserl"
#define VERSION "0.9.24"
#define STDC_HEADERS 1
#define HAVE_SYS_TYPES_H 1
#define HAVE_SYS_STAT_H 1
#define HAVE_STDLIB_H 1
#define HAVE_STRING_H 1
#define HAVE_MEMORY_H 1
#define HAVE_STRINGS_H 1
#define HAVE_INTTYPES_H 1
#define HAVE_STDINT_H 1
#define HAVE_UNISTD_H 1
#define HAVE_STDLIB_H 1
#define HAVE_STRING_H 1
#define HAVE_UNISTD_H 1
#define HAVE_SIGNAL_H 1
#define HAVE_MEMSET 1
#define HAVE_PUTENV 1
#define HAVE_STRCASECMP 1
#define HAVE_STRDUP 1
#define HAVE_STRNCASECMP 1
#define HAVE_STRSTR 1
#define _GNU_SOURCE /**/
#define INCLUDE_BASHSHELL /**/
#define SUBSHELL_CMD "/bin/sh"

configure: exit 0
