This file contains any messages produced by compilers while
running configure, to aid debugging if configure makes a mistake.

It was created by DHCP configure 4.1.0p1, which was
generated by GNU Autoconf 2.62.  Invocation command line was

  $ ./configure --target=mips-linux --host=mips-linux --build= --program-prefix= --program-suffix= --prefix=/usr --exec-prefix=/usr --bindir=/usr/bin --sbindir=/usr/sbin --libexecdir=/usr/lib --sysconfdir=/etc --datadir=/usr/share --localstatedir=/var --mandir=/usr/man --infodir=/usr/info --disable-nls

## --------- ##
## Platform. ##
## --------- ##

hostname = aqlinux
uname -m = i686
uname -r = 2.6.32-29-generic-pae
uname -s = Linux
uname -v = #58-Ubuntu SMP Fri Feb 11 19:15:25 UTC 2011

/usr/bin/uname -p = unknown
/bin/uname -X     = unknown

/bin/arch              = unknown
/usr/bin/arch -k       = unknown
/usr/convex/getsysinfo = unknown
/usr/bin/hostinfo      = unknown
/bin/machine           = unknown
/usr/bin/oslevel       = unknown
/bin/universe          = unknown

PATH: /home/sundaolian/9350-work/build/../build/util
PATH: /home/sundaolian/9350-work/build/../build/gcc-4.3.3/build_mips/staging_dir/usr//bin
PATH: /home/sundaolian/9350-work/build/../linux
PATH: /home/sundaolian/9350-work/build/../build
PATH: /home/sundaolian/9350-work/build/../boot/redboot/ecos/tools/bin
PATH: `pwd`
PATH: /usr/local/sbin
PATH: /usr/local/bin
PATH: /usr/sbin
PATH: /usr/bin
PATH: /sbin
PATH: /bin
PATH: /usr/games 
PATH: /home/sundaolian/9350-work/build/../build/gcc-3.4.4-2.16.1/build_mips_nofpu/bin


## ----------- ##
## Core tests. ##
## ----------- ##

configure:1929: checking for a BSD-compatible install
configure:1997: result: /usr/bin/install -c
configure:2008: checking whether build environment is sane
configure:2051: result: yes
configure:2113: checking for gawk
configure:2129: found /usr/bin/gawk
configure:2140: result: gawk
configure:2151: checking whether make sets $(MAKE)
configure:2173: result: yes
configure:2249: checking for mips-linux-strip
configure:2276: result: mips-linux-uclibc-strip
configure:2372: checking for mips-linux-gcc
configure:2399: result: mips-linux-uclibc-gcc
configure:2677: checking for C compiler version
configure:2685: mips-linux-uclibc-gcc --version >&5
mips-linux-uclibc-gcc (GCC) 4.3.3
Copyright (C) 2008 Free Software Foundation, Inc.
This is free software; see the source for copying conditions.  There is NO
warranty; not even for MERCHANTABILITY or FITNESS FOR A PARTICULAR PURPOSE.

configure:2689: $? = 0
configure:2696: mips-linux-uclibc-gcc -v >&5
Using built-in specs.
Target: mips-linux-uclibc
Configured with: /home/sundaolian/9350-work/build/gcc-4.3.3/toolchain_build_mips/gcc-4.3.3/configure --prefix=/usr --build=i386-pc-linux-gnu --host=i386-pc-linux-gnu --target=mips-linux-uclibc --enable-languages=c --with-sysroot=/home/sundaolian/9350-work/build/gcc-4.3.3/build_mips/staging_dir --with-build-time-tools=/home/sundaolian/9350-work/build/gcc-4.3.3/build_mips/staging_dir/usr/mips-linux-uclibc/bin --disable-__cxa_atexit --enable-target-optspace --with-gnu-ld --disable-libssp --disable-tls --enable-shared --with-gmp=/home/sundaolian/9350-work/build/gcc-4.3.3/toolchain_build_mips/gmp --with-mpfr=/home/sundaolian/9350-work/build/gcc-4.3.3/toolchain_build_mips/mpfr --disable-nls --enable-threads --disable-multilib --disable-decimal-float --with-float=soft --with-abi=32 --with-tune=mips32r2
Thread model: posix
gcc version 4.3.3 (GCC) 
configure:2700: $? = 0
configure:2707: mips-linux-uclibc-gcc -V >&5
mips-linux-uclibc-gcc: '-V' option must have argument
configure:2711: $? = 1
configure:2734: checking for C compiler default output file name
configure:2756: mips-linux-uclibc-gcc -g -O2   -I/home/shark/cavium/gcc-3.4.4-2.16.1/build_mips_nofpu/mips-linux-uclibc/sys-include  -L/home/shark/cavium/gcc-3.4.4-2.16.1/build_mips_nofpu/mips-linux-uclibc/lib  conftest.c  >&5
configure:2760: $? = 0
configure:2798: result: a.out
configure:2815: checking whether the C compiler works
configure:2825: ./a.out
./configure: line 2827: ./a.out: cannot execute binary file
configure:2829: $? = 126
configure:2846: result: yes
configure:2853: checking whether we are cross compiling
configure:2855: result: yes
configure:2858: checking for suffix of executables
configure:2865: mips-linux-uclibc-gcc -o conftest -g -O2   -I/home/shark/cavium/gcc-3.4.4-2.16.1/build_mips_nofpu/mips-linux-uclibc/sys-include  -L/home/shark/cavium/gcc-3.4.4-2.16.1/build_mips_nofpu/mips-linux-uclibc/lib  conftest.c  >&5
configure:2869: $? = 0
configure:2893: result: 
configure:2899: checking for suffix of object files
configure:2925: mips-linux-uclibc-gcc -c -g -O2   -I/home/shark/cavium/gcc-3.4.4-2.16.1/build_mips_nofpu/mips-linux-uclibc/sys-include  conftest.c >&5
configure:2929: $? = 0
configure:2952: result: o
configure:2956: checking whether we are using the GNU C compiler
configure:2985: mips-linux-uclibc-gcc -c -g -O2   -I/home/shark/cavium/gcc-3.4.4-2.16.1/build_mips_nofpu/mips-linux-uclibc/sys-include  conftest.c >&5
configure:2992: $? = 0
configure:3009: result: yes
configure:3018: checking whether mips-linux-uclibc-gcc accepts -g
configure:3048: mips-linux-uclibc-gcc -c -g -I/home/shark/cavium/gcc-3.4.4-2.16.1/build_mips_nofpu/mips-linux-uclibc/sys-include  conftest.c >&5
configure:3055: $? = 0
configure:3156: result: yes
configure:3173: checking for mips-linux-uclibc-gcc option to accept ISO C89
configure:3247: mips-linux-uclibc-gcc  -c -g -O2   -I/home/shark/cavium/gcc-3.4.4-2.16.1/build_mips_nofpu/mips-linux-uclibc/sys-include  conftest.c >&5
configure:3254: $? = 0
configure:3277: result: none needed
configure:3306: checking for style of include used by make
configure:3334: result: GNU
configure:3362: checking dependency style of mips-linux-uclibc-gcc
configure:3452: result: gcc3
configure:3481: checking for mips-linux-ranlib
configure:3508: result: mips-linux-uclibc-ranlib
configure:3584: checking how to run the C preprocessor
configure:3624: mips-linux-uclibc-gcc -E -I/home/shark/cavium/gcc-3.4.4-2.16.1/build_mips_nofpu/mips-linux-uclibc/sys-include  conftest.c
configure:3631: $? = 0
configure:3662: mips-linux-uclibc-gcc -E -I/home/shark/cavium/gcc-3.4.4-2.16.1/build_mips_nofpu/mips-linux-uclibc/sys-include  conftest.c
conftest.c:10:28: error: ac_nonexistent.h: No such file or directory
configure:3669: $? = 1
configure: failed program was:
| /* confdefs.h.  */
| #define PACKAGE_NAME "DHCP"
| #define PACKAGE_TARNAME "dhcp"
| #define PACKAGE_VERSION "4.1.0p1"
| #define PACKAGE_STRING "DHCP 4.1.0p1"
| #define PACKAGE_BUGREPORT "dhcp-users@isc.org"
| #define PACKAGE "dhcp"
| #define VERSION "4.1.0p1"
| /* end confdefs.h.  */
| #include <ac_nonexistent.h>
configure:3702: result: mips-linux-uclibc-gcc -E
configure:3731: mips-linux-uclibc-gcc -E -I/home/shark/cavium/gcc-3.4.4-2.16.1/build_mips_nofpu/mips-linux-uclibc/sys-include  conftest.c
configure:3738: $? = 0
configure:3769: mips-linux-uclibc-gcc -E -I/home/shark/cavium/gcc-3.4.4-2.16.1/build_mips_nofpu/mips-linux-uclibc/sys-include  conftest.c
conftest.c:10:28: error: ac_nonexistent.h: No such file or directory
configure:3776: $? = 1
configure: failed program was:
| /* confdefs.h.  */
| #define PACKAGE_NAME "DHCP"
| #define PACKAGE_TARNAME "dhcp"
| #define PACKAGE_VERSION "4.1.0p1"
| #define PACKAGE_STRING "DHCP 4.1.0p1"
| #define PACKAGE_BUGREPORT "dhcp-users@isc.org"
| #define PACKAGE "dhcp"
| #define VERSION "4.1.0p1"
| /* end confdefs.h.  */
| #include <ac_nonexistent.h>
configure:3814: checking for grep that handles long lines and -e
configure:3874: result: /bin/grep
configure:3879: checking for egrep
configure:3943: result: /bin/grep -E
configure:3948: checking for ANSI C header files
configure:3978: mips-linux-uclibc-gcc -c -g -O2   -I/home/shark/cavium/gcc-3.4.4-2.16.1/build_mips_nofpu/mips-linux-uclibc/sys-include  conftest.c >&5
configure:3985: $? = 0
configure:4116: result: yes
configure:4140: checking for sys/types.h
configure:4161: mips-linux-uclibc-gcc -c -g -O2   -I/home/shark/cavium/gcc-3.4.4-2.16.1/build_mips_nofpu/mips-linux-uclibc/sys-include  conftest.c >&5
configure:4168: $? = 0
configure:4185: result: yes
configure:4140: checking for sys/stat.h
configure:4161: mips-linux-uclibc-gcc -c -g -O2   -I/home/shark/cavium/gcc-3.4.4-2.16.1/build_mips_nofpu/mips-linux-uclibc/sys-include  conftest.c >&5
configure:4168: $? = 0
configure:4185: result: yes
configure:4140: checking for stdlib.h
configure:4161: mips-linux-uclibc-gcc -c -g -O2   -I/home/shark/cavium/gcc-3.4.4-2.16.1/build_mips_nofpu/mips-linux-uclibc/sys-include  conftest.c >&5
configure:4168: $? = 0
configure:4185: result: yes
configure:4140: checking for string.h
configure:4161: mips-linux-uclibc-gcc -c -g -O2   -I/home/shark/cavium/gcc-3.4.4-2.16.1/build_mips_nofpu/mips-linux-uclibc/sys-include  conftest.c >&5
configure:4168: $? = 0
configure:4185: result: yes
configure:4140: checking for memory.h
configure:4161: mips-linux-uclibc-gcc -c -g -O2   -I/home/shark/cavium/gcc-3.4.4-2.16.1/build_mips_nofpu/mips-linux-uclibc/sys-include  conftest.c >&5
configure:4168: $? = 0
configure:4185: result: yes
configure:4140: checking for strings.h
configure:4161: mips-linux-uclibc-gcc -c -g -O2   -I/home/shark/cavium/gcc-3.4.4-2.16.1/build_mips_nofpu/mips-linux-uclibc/sys-include  conftest.c >&5
configure:4168: $? = 0
configure:4185: result: yes
configure:4140: checking for inttypes.h
configure:4161: mips-linux-uclibc-gcc -c -g -O2   -I/home/shark/cavium/gcc-3.4.4-2.16.1/build_mips_nofpu/mips-linux-uclibc/sys-include  conftest.c >&5
configure:4168: $? = 0
configure:4185: result: yes
configure:4140: checking for stdint.h
configure:4161: mips-linux-uclibc-gcc -c -g -O2   -I/home/shark/cavium/gcc-3.4.4-2.16.1/build_mips_nofpu/mips-linux-uclibc/sys-include  conftest.c >&5
configure:4168: $? = 0
configure:4185: result: yes
configure:4140: checking for unistd.h
configure:4161: mips-linux-uclibc-gcc -c -g -O2   -I/home/shark/cavium/gcc-3.4.4-2.16.1/build_mips_nofpu/mips-linux-uclibc/sys-include  conftest.c >&5
configure:4168: $? = 0
configure:4185: result: yes
configure:4199: checking whether byte ordering is bigendian
configure:4224: mips-linux-uclibc-gcc -c -g -O2   -I/home/shark/cavium/gcc-3.4.4-2.16.1/build_mips_nofpu/mips-linux-uclibc/sys-include  conftest.c >&5
conftest.c:21: error: expected '=', ',', ';', 'asm' or '__attribute__' before 'is'
configure:4231: $? = 1
configure: failed program was:
| /* confdefs.h.  */
| #define PACKAGE_NAME "DHCP"
| #define PACKAGE_TARNAME "dhcp"
| #define PACKAGE_VERSION "4.1.0p1"
| #define PACKAGE_STRING "DHCP 4.1.0p1"
| #define PACKAGE_BUGREPORT "dhcp-users@isc.org"
| #define PACKAGE "dhcp"
| #define VERSION "4.1.0p1"
| #define STDC_HEADERS 1
| #define HAVE_SYS_TYPES_H 1
| #define HAVE_SYS_STAT_H 1
| #define HAVE_STDLIB_H 1
| #define HAVE_STRING_H 1
| #define HAVE_MEMORY_H 1
| #define HAVE_STRINGS_H 1
| #define HAVE_INTTYPES_H 1
| #define HAVE_STDINT_H 1
| #define HAVE_UNISTD_H 1
| /* end confdefs.h.  */
| #if ! (defined __BIG_ENDIAN__ || defined __LITTLE_ENDIAN__)
| 	       neither is defined;
| 	     #endif
| 	     typedef int dummy;
| 
configure:4275: mips-linux-uclibc-gcc -c -g -O2   -I/home/shark/cavium/gcc-3.4.4-2.16.1/build_mips_nofpu/mips-linux-uclibc/sys-include  conftest.c >&5
configure:4282: $? = 0
configure:4314: mips-linux-uclibc-gcc -c -g -O2   -I/home/shark/cavium/gcc-3.4.4-2.16.1/build_mips_nofpu/mips-linux-uclibc/sys-include  conftest.c >&5
configure:4321: $? = 0
configure:4573: result: yes
configure:5060: checking ifaddrs.h usability
configure:5077: mips-linux-uclibc-gcc -c -g -O2   -I/home/shark/cavium/gcc-3.4.4-2.16.1/build_mips_nofpu/mips-linux-uclibc/sys-include  conftest.c >&5
conftest.c:58:21: error: ifaddrs.h: No such file or directory
configure:5084: $? = 1
configure: failed program was:
| /* confdefs.h.  */
| #define PACKAGE_NAME "DHCP"
| #define PACKAGE_TARNAME "dhcp"
| #define PACKAGE_VERSION "4.1.0p1"
| #define PACKAGE_STRING "DHCP 4.1.0p1"
| #define PACKAGE_BUGREPORT "dhcp-users@isc.org"
| #define PACKAGE "dhcp"
| #define VERSION "4.1.0p1"
| #define STDC_HEADERS 1
| #define HAVE_SYS_TYPES_H 1
| #define HAVE_SYS_STAT_H 1
| #define HAVE_STDLIB_H 1
| #define HAVE_STRING_H 1
| #define HAVE_MEMORY_H 1
| #define HAVE_STRINGS_H 1
| #define HAVE_INTTYPES_H 1
| #define HAVE_STDINT_H 1
| #define HAVE_UNISTD_H 1
| #define DHCP_BYTE_ORDER BIG_ENDIAN
| #define FAILOVER_PROTOCOL 1
| #define ENABLE_EXECUTE 1
| #define TRACING 1
| #define DHCPv6 1
| /* end confdefs.h.  */
| #include <stdio.h>
| #ifdef HAVE_SYS_TYPES_H
| # include <sys/types.h>
| #endif
| #ifdef HAVE_SYS_STAT_H
| # include <sys/stat.h>
| #endif
| #ifdef STDC_HEADERS
| # include <stdlib.h>
| # include <stddef.h>
| #else
| # ifdef HAVE_STDLIB_H
| #  include <stdlib.h>
| # endif
| #endif
| #ifdef HAVE_STRING_H
| # if !defined STDC_HEADERS && defined HAVE_MEMORY_H
| #  include <memory.h>
| # endif
| # include <string.h>
| #endif
| #ifdef HAVE_STRINGS_H
| # include <strings.h>
| #endif
| #ifdef HAVE_INTTYPES_H
| # include <inttypes.h>
| #endif
| #ifdef HAVE_STDINT_H
| # include <stdint.h>
| #endif
| #ifdef HAVE_UNISTD_H
| # include <unistd.h>
| #endif
| #include <ifaddrs.h>
configure:5098: result: no
configure:5102: checking ifaddrs.h presence
configure:5117: mips-linux-uclibc-gcc -E -I/home/shark/cavium/gcc-3.4.4-2.16.1/build_mips_nofpu/mips-linux-uclibc/sys-include  conftest.c
conftest.c:25:21: error: ifaddrs.h: No such file or directory
configure:5124: $? = 1
configure: failed program was:
| /* confdefs.h.  */
| #define PACKAGE_NAME "DHCP"
| #define PACKAGE_TARNAME "dhcp"
| #define PACKAGE_VERSION "4.1.0p1"
| #define PACKAGE_STRING "DHCP 4.1.0p1"
| #define PACKAGE_BUGREPORT "dhcp-users@isc.org"
| #define PACKAGE "dhcp"
| #define VERSION "4.1.0p1"
| #define STDC_HEADERS 1
| #define HAVE_SYS_TYPES_H 1
| #define HAVE_SYS_STAT_H 1
| #define HAVE_STDLIB_H 1
| #define HAVE_STRING_H 1
| #define HAVE_MEMORY_H 1
| #define HAVE_STRINGS_H 1
| #define HAVE_INTTYPES_H 1
| #define HAVE_STDINT_H 1
| #define HAVE_UNISTD_H 1
| #define DHCP_BYTE_ORDER BIG_ENDIAN
| #define FAILOVER_PROTOCOL 1
| #define ENABLE_EXECUTE 1
| #define TRACING 1
| #define DHCPv6 1
| /* end confdefs.h.  */
| #include <ifaddrs.h>
configure:5138: result: no
configure:5171: checking for ifaddrs.h
configure:5180: result: no
configure:5212: checking linux/types.h usability
configure:5229: mips-linux-uclibc-gcc -c -g -O2   -I/home/shark/cavium/gcc-3.4.4-2.16.1/build_mips_nofpu/mips-linux-uclibc/sys-include  conftest.c >&5
configure:5236: $? = 0
configure:5250: result: yes
configure:5254: checking linux/types.h presence
configure:5269: mips-linux-uclibc-gcc -E -I/home/shark/cavium/gcc-3.4.4-2.16.1/build_mips_nofpu/mips-linux-uclibc/sys-include  conftest.c
configure:5276: $? = 0
configure:5290: result: yes
configure:5323: checking for linux/types.h
configure:5332: result: yes
configure:5347: checking for linux/filter.h
configure:5372: mips-linux-uclibc-gcc -c -g -O2   -I/home/shark/cavium/gcc-3.4.4-2.16.1/build_mips_nofpu/mips-linux-uclibc/sys-include  conftest.c >&5
configure:5379: $? = 0
configure:5394: result: yes
configure:5709: checking for struct lifnum
configure:5736: mips-linux-uclibc-gcc -c -g -O2   -I/home/shark/cavium/gcc-3.4.4-2.16.1/build_mips_nofpu/mips-linux-uclibc/sys-include  conftest.c >&5
conftest.c: In function 'main':
conftest.c:34: error: storage size of 'a' isn't known
configure:5743: $? = 1
configure: failed program was:
| /* confdefs.h.  */
| #define PACKAGE_NAME "DHCP"
| #define PACKAGE_TARNAME "dhcp"
| #define PACKAGE_VERSION "4.1.0p1"
| #define PACKAGE_STRING "DHCP 4.1.0p1"
| #define PACKAGE_BUGREPORT "dhcp-users@isc.org"
| #define PACKAGE "dhcp"
| #define VERSION "4.1.0p1"
| #define STDC_HEADERS 1
| #define HAVE_SYS_TYPES_H 1
| #define HAVE_SYS_STAT_H 1
| #define HAVE_STDLIB_H 1
| #define HAVE_STRING_H 1
| #define HAVE_MEMORY_H 1
| #define HAVE_STRINGS_H 1
| #define HAVE_INTTYPES_H 1
| #define HAVE_STDINT_H 1
| #define HAVE_UNISTD_H 1
| #define DHCP_BYTE_ORDER BIG_ENDIAN
| #define FAILOVER_PROTOCOL 1
| #define ENABLE_EXECUTE 1
| #define TRACING 1
| #define DHCPv6 1
| #define HAVE_LINUX_TYPES_H 1
| #define USE_LPF 1
| /* end confdefs.h.  */
|  #include <sys/types.h>
|   #include <sys/socket.h>
|   #include <net/if.h>
| 
| int
| main ()
| {
|  struct lifnum a;
| 
|   ;
|   return 0;
| }
configure:5759: result: no
configure:5765: checking for struct if_laddrconf
configure:5791: mips-linux-uclibc-gcc -c -g -O2   -I/home/shark/cavium/gcc-3.4.4-2.16.1/build_mips_nofpu/mips-linux-uclibc/sys-include  conftest.c >&5
conftest.c:28:23: error: net/if6.h: No such file or directory
conftest.c: In function 'main':
conftest.c:33: error: storage size of 'a' isn't known
configure:5798: $? = 1
configure: failed program was:
| /* confdefs.h.  */
| #define PACKAGE_NAME "DHCP"
| #define PACKAGE_TARNAME "dhcp"
| #define PACKAGE_VERSION "4.1.0p1"
| #define PACKAGE_STRING "DHCP 4.1.0p1"
| #define PACKAGE_BUGREPORT "dhcp-users@isc.org"
| #define PACKAGE "dhcp"
| #define VERSION "4.1.0p1"
| #define STDC_HEADERS 1
| #define HAVE_SYS_TYPES_H 1
| #define HAVE_SYS_STAT_H 1
| #define HAVE_STDLIB_H 1
| #define HAVE_STRING_H 1
| #define HAVE_MEMORY_H 1
| #define HAVE_STRINGS_H 1
| #define HAVE_INTTYPES_H 1
| #define HAVE_STDINT_H 1
| #define HAVE_UNISTD_H 1
| #define DHCP_BYTE_ORDER BIG_ENDIAN
| #define FAILOVER_PROTOCOL 1
| #define ENABLE_EXECUTE 1
| #define TRACING 1
| #define DHCPv6 1
| #define HAVE_LINUX_TYPES_H 1
| #define USE_LPF 1
| /* end confdefs.h.  */
|  #include <sys/types.h>
|   #include <net/if6.h>
| 
| int
| main ()
| {
|  struct if_laddrconf a;
| 
|   ;
|   return 0;
| }
configure:5814: result: no
configure:5820: checking for struct if_laddrreq
configure:5846: mips-linux-uclibc-gcc -o conftest -g -O2   -I/home/shark/cavium/gcc-3.4.4-2.16.1/build_mips_nofpu/mips-linux-uclibc/sys-include  -L/home/shark/cavium/gcc-3.4.4-2.16.1/build_mips_nofpu/mips-linux-uclibc/lib  conftest.c  >&5
conftest.c:28:22: error: net/if6.h: No such file or directory
conftest.c: In function 'main':
conftest.c:33: error: storage size of 'a' isn't known
configure:5853: $? = 1
configure: failed program was:
| /* confdefs.h.  */
| #define PACKAGE_NAME "DHCP"
| #define PACKAGE_TARNAME "dhcp"
| #define PACKAGE_VERSION "4.1.0p1"
| #define PACKAGE_STRING "DHCP 4.1.0p1"
| #define PACKAGE_BUGREPORT "dhcp-users@isc.org"
| #define PACKAGE "dhcp"
| #define VERSION "4.1.0p1"
| #define STDC_HEADERS 1
| #define HAVE_SYS_TYPES_H 1
| #define HAVE_SYS_STAT_H 1
| #define HAVE_STDLIB_H 1
| #define HAVE_STRING_H 1
| #define HAVE_MEMORY_H 1
| #define HAVE_STRINGS_H 1
| #define HAVE_INTTYPES_H 1
| #define HAVE_STDINT_H 1
| #define HAVE_UNISTD_H 1
| #define DHCP_BYTE_ORDER BIG_ENDIAN
| #define FAILOVER_PROTOCOL 1
| #define ENABLE_EXECUTE 1
| #define TRACING 1
| #define DHCPv6 1
| #define HAVE_LINUX_TYPES_H 1
| #define USE_LPF 1
| /* end confdefs.h.  */
| #include <sys/types.h>
|  #include <net/if6.h>
| 
| int
| main ()
| {
|  struct if_laddrreq a;
| 
|   ;
|   return 0;
| }
configure:5872: result: no
configure:5900: checking sys/socket.h usability
configure:5917: mips-linux-uclibc-gcc -c -g -O2   -I/home/shark/cavium/gcc-3.4.4-2.16.1/build_mips_nofpu/mips-linux-uclibc/sys-include  conftest.c >&5
configure:5924: $? = 0
configure:5938: result: yes
configure:5942: checking sys/socket.h presence
configure:5957: mips-linux-uclibc-gcc -E -I/home/shark/cavium/gcc-3.4.4-2.16.1/build_mips_nofpu/mips-linux-uclibc/sys-include  conftest.c
configure:5964: $? = 0
configure:5978: result: yes
configure:6011: checking for sys/socket.h
configure:6020: result: yes
configure:5900: checking net/if_dl.h usability
configure:5917: mips-linux-uclibc-gcc -c -g -O2   -I/home/shark/cavium/gcc-3.4.4-2.16.1/build_mips_nofpu/mips-linux-uclibc/sys-include  conftest.c >&5
conftest.c:61:23: error: net/if_dl.h: No such file or directory
configure:5924: $? = 1
configure: failed program was:
| /* confdefs.h.  */
| #define PACKAGE_NAME "DHCP"
| #define PACKAGE_TARNAME "dhcp"
| #define PACKAGE_VERSION "4.1.0p1"
| #define PACKAGE_STRING "DHCP 4.1.0p1"
| #define PACKAGE_BUGREPORT "dhcp-users@isc.org"
| #define PACKAGE "dhcp"
| #define VERSION "4.1.0p1"
| #define STDC_HEADERS 1
| #define HAVE_SYS_TYPES_H 1
| #define HAVE_SYS_STAT_H 1
| #define HAVE_STDLIB_H 1
| #define HAVE_STRING_H 1
| #define HAVE_MEMORY_H 1
| #define HAVE_STRINGS_H 1
| #define HAVE_INTTYPES_H 1
| #define HAVE_STDINT_H 1
| #define HAVE_UNISTD_H 1
| #define DHCP_BYTE_ORDER BIG_ENDIAN
| #define FAILOVER_PROTOCOL 1
| #define ENABLE_EXECUTE 1
| #define TRACING 1
| #define DHCPv6 1
| #define HAVE_LINUX_TYPES_H 1
| #define USE_LPF 1
| #define HAVE_SYS_SOCKET_H 1
| /* end confdefs.h.  */
| #include <stdio.h>
| #ifdef HAVE_SYS_TYPES_H
| # include <sys/types.h>
| #endif
| #ifdef HAVE_SYS_STAT_H
| # include <sys/stat.h>
| #endif
| #ifdef STDC_HEADERS
| # include <stdlib.h>
| # include <stddef.h>
| #else
| # ifdef HAVE_STDLIB_H
| #  include <stdlib.h>
| # endif
| #endif
| #ifdef HAVE_STRING_H
| # if !defined STDC_HEADERS && defined HAVE_MEMORY_H
| #  include <memory.h>
| # endif
| # include <string.h>
| #endif
| #ifdef HAVE_STRINGS_H
| # include <strings.h>
| #endif
| #ifdef HAVE_INTTYPES_H
| # include <inttypes.h>
| #endif
| #ifdef HAVE_STDINT_H
| # include <stdint.h>
| #endif
| #ifdef HAVE_UNISTD_H
| # include <unistd.h>
| #endif
| #include <net/if_dl.h>
configure:5938: result: no
configure:5942: checking net/if_dl.h presence
configure:5957: mips-linux-uclibc-gcc -E -I/home/shark/cavium/gcc-3.4.4-2.16.1/build_mips_nofpu/mips-linux-uclibc/sys-include  conftest.c
conftest.c:28:23: error: net/if_dl.h: No such file or directory
configure:5964: $? = 1
configure: failed program was:
| /* confdefs.h.  */
| #define PACKAGE_NAME "DHCP"
| #define PACKAGE_TARNAME "dhcp"
| #define PACKAGE_VERSION "4.1.0p1"
| #define PACKAGE_STRING "DHCP 4.1.0p1"
| #define PACKAGE_BUGREPORT "dhcp-users@isc.org"
| #define PACKAGE "dhcp"
| #define VERSION "4.1.0p1"
| #define STDC_HEADERS 1
| #define HAVE_SYS_TYPES_H 1
| #define HAVE_SYS_STAT_H 1
| #define HAVE_STDLIB_H 1
| #define HAVE_STRING_H 1
| #define HAVE_MEMORY_H 1
| #define HAVE_STRINGS_H 1
| #define HAVE_INTTYPES_H 1
| #define HAVE_STDINT_H 1
| #define HAVE_UNISTD_H 1
| #define DHCP_BYTE_ORDER BIG_ENDIAN
| #define FAILOVER_PROTOCOL 1
| #define ENABLE_EXECUTE 1
| #define TRACING 1
| #define DHCPv6 1
| #define HAVE_LINUX_TYPES_H 1
| #define USE_LPF 1
| #define HAVE_SYS_SOCKET_H 1
| /* end confdefs.h.  */
| #include <net/if_dl.h>
configure:5978: result: no
configure:6011: checking for net/if_dl.h
configure:6020: result: no
configure:5900: checking net/if6.h usability
configure:5917: mips-linux-uclibc-gcc -c -g -O2   -I/home/shark/cavium/gcc-3.4.4-2.16.1/build_mips_nofpu/mips-linux-uclibc/sys-include  conftest.c >&5
conftest.c:61:21: error: net/if6.h: No such file or directory
configure:5924: $? = 1
configure: failed program was:
| /* confdefs.h.  */
| #define PACKAGE_NAME "DHCP"
| #define PACKAGE_TARNAME "dhcp"
| #define PACKAGE_VERSION "4.1.0p1"
| #define PACKAGE_STRING "DHCP 4.1.0p1"
| #define PACKAGE_BUGREPORT "dhcp-users@isc.org"
| #define PACKAGE "dhcp"
| #define VERSION "4.1.0p1"
| #define STDC_HEADERS 1
| #define HAVE_SYS_TYPES_H 1
| #define HAVE_SYS_STAT_H 1
| #define HAVE_STDLIB_H 1
| #define HAVE_STRING_H 1
| #define HAVE_MEMORY_H 1
| #define HAVE_STRINGS_H 1
| #define HAVE_INTTYPES_H 1
| #define HAVE_STDINT_H 1
| #define HAVE_UNISTD_H 1
| #define DHCP_BYTE_ORDER BIG_ENDIAN
| #define FAILOVER_PROTOCOL 1
| #define ENABLE_EXECUTE 1
| #define TRACING 1
| #define DHCPv6 1
| #define HAVE_LINUX_TYPES_H 1
| #define USE_LPF 1
| #define HAVE_SYS_SOCKET_H 1
| /* end confdefs.h.  */
| #include <stdio.h>
| #ifdef HAVE_SYS_TYPES_H
| # include <sys/types.h>
| #endif
| #ifdef HAVE_SYS_STAT_H
| # include <sys/stat.h>
| #endif
| #ifdef STDC_HEADERS
| # include <stdlib.h>
| # include <stddef.h>
| #else
| # ifdef HAVE_STDLIB_H
| #  include <stdlib.h>
| # endif
| #endif
| #ifdef HAVE_STRING_H
| # if !defined STDC_HEADERS && defined HAVE_MEMORY_H
| #  include <memory.h>
| # endif
| # include <string.h>
| #endif
| #ifdef HAVE_STRINGS_H
| # include <strings.h>
| #endif
| #ifdef HAVE_INTTYPES_H
| # include <inttypes.h>
| #endif
| #ifdef HAVE_STDINT_H
| # include <stdint.h>
| #endif
| #ifdef HAVE_UNISTD_H
| # include <unistd.h>
| #endif
| #include <net/if6.h>
configure:5938: result: no
configure:5942: checking net/if6.h presence
configure:5957: mips-linux-uclibc-gcc -E -I/home/shark/cavium/gcc-3.4.4-2.16.1/build_mips_nofpu/mips-linux-uclibc/sys-include  conftest.c
conftest.c:28:21: error: net/if6.h: No such file or directory
configure:5964: $? = 1
configure: failed program was:
| /* confdefs.h.  */
| #define PACKAGE_NAME "DHCP"
| #define PACKAGE_TARNAME "dhcp"
| #define PACKAGE_VERSION "4.1.0p1"
| #define PACKAGE_STRING "DHCP 4.1.0p1"
| #define PACKAGE_BUGREPORT "dhcp-users@isc.org"
| #define PACKAGE "dhcp"
| #define VERSION "4.1.0p1"
| #define STDC_HEADERS 1
| #define HAVE_SYS_TYPES_H 1
| #define HAVE_SYS_STAT_H 1
| #define HAVE_STDLIB_H 1
| #define HAVE_STRING_H 1
| #define HAVE_MEMORY_H 1
| #define HAVE_STRINGS_H 1
| #define HAVE_INTTYPES_H 1
| #define HAVE_STDINT_H 1
| #define HAVE_UNISTD_H 1
| #define DHCP_BYTE_ORDER BIG_ENDIAN
| #define FAILOVER_PROTOCOL 1
| #define ENABLE_EXECUTE 1
| #define TRACING 1
| #define DHCPv6 1
| #define HAVE_LINUX_TYPES_H 1
| #define USE_LPF 1
| #define HAVE_SYS_SOCKET_H 1
| /* end confdefs.h.  */
| #include <net/if6.h>
configure:5978: result: no
configure:6011: checking for net/if6.h
configure:6020: result: no
configure:5900: checking regex.h usability
configure:5917: mips-linux-uclibc-gcc -c -g -O2   -I/home/shark/cavium/gcc-3.4.4-2.16.1/build_mips_nofpu/mips-linux-uclibc/sys-include  conftest.c >&5
configure:5924: $? = 0
configure:5938: result: yes
configure:5942: checking regex.h presence
configure:5957: mips-linux-uclibc-gcc -E -I/home/shark/cavium/gcc-3.4.4-2.16.1/build_mips_nofpu/mips-linux-uclibc/sys-include  conftest.c
configure:5964: $? = 0
configure:5978: result: yes
configure:6011: checking for regex.h
configure:6020: result: yes
configure:6036: checking for library containing MD5_Init
configure:6077: mips-linux-uclibc-gcc -o conftest -g -O2   -I/home/shark/cavium/gcc-3.4.4-2.16.1/build_mips_nofpu/mips-linux-uclibc/sys-include  -L/home/shark/cavium/gcc-3.4.4-2.16.1/build_mips_nofpu/mips-linux-uclibc/lib  conftest.c  >&5
/tmp/ccalAN2l.o: In function `main':
/home/sundaolian/9350-work/autelan/dhclient/src/conftest.c:40: undefined reference to `MD5_Init'
collect2: ld returned 1 exit status
configure:6084: $? = 1
configure: failed program was:
| /* confdefs.h.  */
| #define PACKAGE_NAME "DHCP"
| #define PACKAGE_TARNAME "dhcp"
| #define PACKAGE_VERSION "4.1.0p1"
| #define PACKAGE_STRING "DHCP 4.1.0p1"
| #define PACKAGE_BUGREPORT "dhcp-users@isc.org"
| #define PACKAGE "dhcp"
| #define VERSION "4.1.0p1"
| #define STDC_HEADERS 1
| #define HAVE_SYS_TYPES_H 1
| #define HAVE_SYS_STAT_H 1
| #define HAVE_STDLIB_H 1
| #define HAVE_STRING_H 1
| #define HAVE_MEMORY_H 1
| #define HAVE_STRINGS_H 1
| #define HAVE_INTTYPES_H 1
| #define HAVE_STDINT_H 1
| #define HAVE_UNISTD_H 1
| #define DHCP_BYTE_ORDER BIG_ENDIAN
| #define FAILOVER_PROTOCOL 1
| #define ENABLE_EXECUTE 1
| #define TRACING 1
| #define DHCPv6 1
| #define HAVE_LINUX_TYPES_H 1
| #define USE_LPF 1
| #define HAVE_SYS_SOCKET_H 1
| #define HAVE_REGEX_H 1
| /* end confdefs.h.  */
| 
| /* Override any GCC internal prototype to avoid an error.
|    Use char because int might match the return type of a GCC
|    builtin and then its argument prototype would still apply.  */
| #ifdef __cplusplus
| extern "C"
| #endif
| char MD5_Init ();
| int
| main ()
| {
| return MD5_Init ();
|   ;
|   return 0;
| }
configure:6077: mips-linux-uclibc-gcc -o conftest -g -O2   -I/home/shark/cavium/gcc-3.4.4-2.16.1/build_mips_nofpu/mips-linux-uclibc/sys-include  -L/home/shark/cavium/gcc-3.4.4-2.16.1/build_mips_nofpu/mips-linux-uclibc/lib  conftest.c -lcrypto   >&5
/home/sundaolian/9350-work/build/gcc-4.3.3/build_mips/staging_dir/usr/bin-ccache/../lib/gcc/mips-linux-uclibc/4.3.3/../../../../mips-linux-uclibc/bin/ld: cannot find -lcrypto
collect2: ld returned 1 exit status
configure:6084: $? = 1
configure: failed program was:
| /* confdefs.h.  */
| #define PACKAGE_NAME "DHCP"
| #define PACKAGE_TARNAME "dhcp"
| #define PACKAGE_VERSION "4.1.0p1"
| #define PACKAGE_STRING "DHCP 4.1.0p1"
| #define PACKAGE_BUGREPORT "dhcp-users@isc.org"
| #define PACKAGE "dhcp"
| #define VERSION "4.1.0p1"
| #define STDC_HEADERS 1
| #define HAVE_SYS_TYPES_H 1
| #define HAVE_SYS_STAT_H 1
| #define HAVE_STDLIB_H 1
| #define HAVE_STRING_H 1
| #define HAVE_MEMORY_H 1
| #define HAVE_STRINGS_H 1
| #define HAVE_INTTYPES_H 1
| #define HAVE_STDINT_H 1
| #define HAVE_UNISTD_H 1
| #define DHCP_BYTE_ORDER BIG_ENDIAN
| #define FAILOVER_PROTOCOL 1
| #define ENABLE_EXECUTE 1
| #define TRACING 1
| #define DHCPv6 1
| #define HAVE_LINUX_TYPES_H 1
| #define USE_LPF 1
| #define HAVE_SYS_SOCKET_H 1
| #define HAVE_REGEX_H 1
| /* end confdefs.h.  */
| 
| /* Override any GCC internal prototype to avoid an error.
|    Use char because int might match the return type of a GCC
|    builtin and then its argument prototype would still apply.  */
| #ifdef __cplusplus
| extern "C"
| #endif
| char MD5_Init ();
| int
| main ()
| {
| return MD5_Init ();
|   ;
|   return 0;
| }
configure:6115: result: no
configure:6123: checking for library containing MD5Init
configure:6164: mips-linux-uclibc-gcc -o conftest -g -O2   -I/home/shark/cavium/gcc-3.4.4-2.16.1/build_mips_nofpu/mips-linux-uclibc/sys-include  -L/home/shark/cavium/gcc-3.4.4-2.16.1/build_mips_nofpu/mips-linux-uclibc/lib  conftest.c  >&5
/tmp/ccHhGGVk.o: In function `main':
/home/sundaolian/9350-work/autelan/dhclient/src/conftest.c:40: undefined reference to `MD5Init'
collect2: ld returned 1 exit status
configure:6171: $? = 1
configure: failed program was:
| /* confdefs.h.  */
| #define PACKAGE_NAME "DHCP"
| #define PACKAGE_TARNAME "dhcp"
| #define PACKAGE_VERSION "4.1.0p1"
| #define PACKAGE_STRING "DHCP 4.1.0p1"
| #define PACKAGE_BUGREPORT "dhcp-users@isc.org"
| #define PACKAGE "dhcp"
| #define VERSION "4.1.0p1"
| #define STDC_HEADERS 1
| #define HAVE_SYS_TYPES_H 1
| #define HAVE_SYS_STAT_H 1
| #define HAVE_STDLIB_H 1
| #define HAVE_STRING_H 1
| #define HAVE_MEMORY_H 1
| #define HAVE_STRINGS_H 1
| #define HAVE_INTTYPES_H 1
| #define HAVE_STDINT_H 1
| #define HAVE_UNISTD_H 1
| #define DHCP_BYTE_ORDER BIG_ENDIAN
| #define FAILOVER_PROTOCOL 1
| #define ENABLE_EXECUTE 1
| #define TRACING 1
| #define DHCPv6 1
| #define HAVE_LINUX_TYPES_H 1
| #define USE_LPF 1
| #define HAVE_SYS_SOCKET_H 1
| #define HAVE_REGEX_H 1
| /* end confdefs.h.  */
| 
| /* Override any GCC internal prototype to avoid an error.
|    Use char because int might match the return type of a GCC
|    builtin and then its argument prototype would still apply.  */
| #ifdef __cplusplus
| extern "C"
| #endif
| char MD5Init ();
| int
| main ()
| {
| return MD5Init ();
|   ;
|   return 0;
| }
configure:6164: mips-linux-uclibc-gcc -o conftest -g -O2   -I/home/shark/cavium/gcc-3.4.4-2.16.1/build_mips_nofpu/mips-linux-uclibc/sys-include  -L/home/shark/cavium/gcc-3.4.4-2.16.1/build_mips_nofpu/mips-linux-uclibc/lib  conftest.c -lcrypto   >&5
/home/sundaolian/9350-work/build/gcc-4.3.3/build_mips/staging_dir/usr/bin-ccache/../lib/gcc/mips-linux-uclibc/4.3.3/../../../../mips-linux-uclibc/bin/ld: cannot find -lcrypto
collect2: ld returned 1 exit status
configure:6171: $? = 1
configure: failed program was:
| /* confdefs.h.  */
| #define PACKAGE_NAME "DHCP"
| #define PACKAGE_TARNAME "dhcp"
| #define PACKAGE_VERSION "4.1.0p1"
| #define PACKAGE_STRING "DHCP 4.1.0p1"
| #define PACKAGE_BUGREPORT "dhcp-users@isc.org"
| #define PACKAGE "dhcp"
| #define VERSION "4.1.0p1"
| #define STDC_HEADERS 1
| #define HAVE_SYS_TYPES_H 1
| #define HAVE_SYS_STAT_H 1
| #define HAVE_STDLIB_H 1
| #define HAVE_STRING_H 1
| #define HAVE_MEMORY_H 1
| #define HAVE_STRINGS_H 1
| #define HAVE_INTTYPES_H 1
| #define HAVE_STDINT_H 1
| #define HAVE_UNISTD_H 1
| #define DHCP_BYTE_ORDER BIG_ENDIAN
| #define FAILOVER_PROTOCOL 1
| #define ENABLE_EXECUTE 1
| #define TRACING 1
| #define DHCPv6 1
| #define HAVE_LINUX_TYPES_H 1
| #define USE_LPF 1
| #define HAVE_SYS_SOCKET_H 1
| #define HAVE_REGEX_H 1
| /* end confdefs.h.  */
| 
| /* Override any GCC internal prototype to avoid an error.
|    Use char because int might match the return type of a GCC
|    builtin and then its argument prototype would still apply.  */
| #ifdef __cplusplus
| extern "C"
| #endif
| char MD5Init ();
| int
| main ()
| {
| return MD5Init ();
|   ;
|   return 0;
| }
configure:6202: result: no
configure:6212: checking for library containing socket
configure:6253: mips-linux-uclibc-gcc -o conftest -g -O2   -I/home/shark/cavium/gcc-3.4.4-2.16.1/build_mips_nofpu/mips-linux-uclibc/sys-include  -L/home/shark/cavium/gcc-3.4.4-2.16.1/build_mips_nofpu/mips-linux-uclibc/lib  conftest.c  >&5
configure:6260: $? = 0
configure:6291: result: none required
configure:6299: checking for library containing inet_ntoa
configure:6340: mips-linux-uclibc-gcc -o conftest -g -O2   -I/home/shark/cavium/gcc-3.4.4-2.16.1/build_mips_nofpu/mips-linux-uclibc/sys-include  -L/home/shark/cavium/gcc-3.4.4-2.16.1/build_mips_nofpu/mips-linux-uclibc/lib  conftest.c  >&5
configure:6347: $? = 0
configure:6378: result: none required
configure:6387: checking for library containing inet_aton
configure:6428: mips-linux-uclibc-gcc -o conftest -g -O2   -I/home/shark/cavium/gcc-3.4.4-2.16.1/build_mips_nofpu/mips-linux-uclibc/sys-include  -L/home/shark/cavium/gcc-3.4.4-2.16.1/build_mips_nofpu/mips-linux-uclibc/lib  conftest.c  >&5
configure:6435: $? = 0
configure:6466: result: none required
configure:6482: checking for library containing regcomp
configure:6523: mips-linux-uclibc-gcc -o conftest -g -O2   -I/home/shark/cavium/gcc-3.4.4-2.16.1/build_mips_nofpu/mips-linux-uclibc/sys-include  -L/home/shark/cavium/gcc-3.4.4-2.16.1/build_mips_nofpu/mips-linux-uclibc/lib  conftest.c  >&5
configure:6530: $? = 0
configure:6561: result: none required
configure:6571: checking for library containing if_nametoindex
configure:6612: mips-linux-uclibc-gcc -o conftest -g -O2   -I/home/shark/cavium/gcc-3.4.4-2.16.1/build_mips_nofpu/mips-linux-uclibc/sys-include  -L/home/shark/cavium/gcc-3.4.4-2.16.1/build_mips_nofpu/mips-linux-uclibc/lib  conftest.c  >&5
configure:6619: $? = 0
configure:6650: result: none required
configure:6664: checking for struct sockaddr.sa_len
configure:6693: mips-linux-uclibc-gcc -c -g -O2   -I/home/shark/cavium/gcc-3.4.4-2.16.1/build_mips_nofpu/mips-linux-uclibc/sys-include  conftest.c >&5
conftest.c: In function 'main':
conftest.c:35: error: 'struct sockaddr' has no member named 'sa_len'
configure:6700: $? = 1
configure: failed program was:
| /* confdefs.h.  */
| #define PACKAGE_NAME "DHCP"
| #define PACKAGE_TARNAME "dhcp"
| #define PACKAGE_VERSION "4.1.0p1"
| #define PACKAGE_STRING "DHCP 4.1.0p1"
| #define PACKAGE_BUGREPORT "dhcp-users@isc.org"
| #define PACKAGE "dhcp"
| #define VERSION "4.1.0p1"
| #define STDC_HEADERS 1
| #define HAVE_SYS_TYPES_H 1
| #define HAVE_SYS_STAT_H 1
| #define HAVE_STDLIB_H 1
| #define HAVE_STRING_H 1
| #define HAVE_MEMORY_H 1
| #define HAVE_STRINGS_H 1
| #define HAVE_INTTYPES_H 1
| #define HAVE_STDINT_H 1
| #define HAVE_UNISTD_H 1
| #define DHCP_BYTE_ORDER BIG_ENDIAN
| #define FAILOVER_PROTOCOL 1
| #define ENABLE_EXECUTE 1
| #define TRACING 1
| #define DHCPv6 1
| #define HAVE_LINUX_TYPES_H 1
| #define USE_LPF 1
| #define HAVE_SYS_SOCKET_H 1
| #define HAVE_REGEX_H 1
| /* end confdefs.h.  */
| #include <sys/socket.h>
| 
| int
| main ()
| {
| static struct sockaddr ac_aggr;
| if (ac_aggr.sa_len)
| return 0;
|   ;
|   return 0;
| }
configure:6734: mips-linux-uclibc-gcc -c -g -O2   -I/home/shark/cavium/gcc-3.4.4-2.16.1/build_mips_nofpu/mips-linux-uclibc/sys-include  conftest.c >&5
conftest.c: In function 'main':
conftest.c:35: error: 'struct sockaddr' has no member named 'sa_len'
configure:6741: $? = 1
configure: failed program was:
| /* confdefs.h.  */
| #define PACKAGE_NAME "DHCP"
| #define PACKAGE_TARNAME "dhcp"
| #define PACKAGE_VERSION "4.1.0p1"
| #define PACKAGE_STRING "DHCP 4.1.0p1"
| #define PACKAGE_BUGREPORT "dhcp-users@isc.org"
| #define PACKAGE "dhcp"
| #define VERSION "4.1.0p1"
| #define STDC_HEADERS 1
| #define HAVE_SYS_TYPES_H 1
| #define HAVE_SYS_STAT_H 1
| #define HAVE_STDLIB_H 1
| #define HAVE_STRING_H 1
| #define HAVE_MEMORY_H 1
| #define HAVE_STRINGS_H 1
| #define HAVE_INTTYPES_H 1
| #define HAVE_STDINT_H 1
| #define HAVE_UNISTD_H 1
| #define DHCP_BYTE_ORDER BIG_ENDIAN
| #define FAILOVER_PROTOCOL 1
| #define ENABLE_EXECUTE 1
| #define TRACING 1
| #define DHCPv6 1
| #define HAVE_LINUX_TYPES_H 1
| #define USE_LPF 1
| #define HAVE_SYS_SOCKET_H 1
| #define HAVE_REGEX_H 1
| /* end confdefs.h.  */
| #include <sys/socket.h>
| 
| int
| main ()
| {
| static struct sockaddr ac_aggr;
| if (sizeof ac_aggr.sa_len)
| return 0;
|   ;
|   return 0;
| }
configure:6759: result: no
configure:6775: checking size of struct iaddr *
configure:6809: mips-linux-uclibc-gcc -c -g -O2   -I/home/shark/cavium/gcc-3.4.4-2.16.1/build_mips_nofpu/mips-linux-uclibc/sys-include  conftest.c >&5
configure:6816: $? = 0
configure:6850: mips-linux-uclibc-gcc -c -g -O2   -I/home/shark/cavium/gcc-3.4.4-2.16.1/build_mips_nofpu/mips-linux-uclibc/sys-include  conftest.c >&5
conftest.c: In function 'main':
conftest.c:37: error: size of array 'test_array' is negative
configure:6857: $? = 1
configure: failed program was:
| /* confdefs.h.  */
| #define PACKAGE_NAME "DHCP"
| #define PACKAGE_TARNAME "dhcp"
| #define PACKAGE_VERSION "4.1.0p1"
| #define PACKAGE_STRING "DHCP 4.1.0p1"
| #define PACKAGE_BUGREPORT "dhcp-users@isc.org"
| #define PACKAGE "dhcp"
| #define VERSION "4.1.0p1"
| #define STDC_HEADERS 1
| #define HAVE_SYS_TYPES_H 1
| #define HAVE_SYS_STAT_H 1
| #define HAVE_STDLIB_H 1
| #define HAVE_STRING_H 1
| #define HAVE_MEMORY_H 1
| #define HAVE_STRINGS_H 1
| #define HAVE_INTTYPES_H 1
| #define HAVE_STDINT_H 1
| #define HAVE_UNISTD_H 1
| #define DHCP_BYTE_ORDER BIG_ENDIAN
| #define FAILOVER_PROTOCOL 1
| #define ENABLE_EXECUTE 1
| #define TRACING 1
| #define DHCPv6 1
| #define HAVE_LINUX_TYPES_H 1
| #define USE_LPF 1
| #define HAVE_SYS_SOCKET_H 1
| #define HAVE_REGEX_H 1
| /* end confdefs.h.  */
| 
| #include "includes/inet.h"
| #include <stdio.h>
| 
| 
| int
| main ()
| {
| static int test_array [1 - 2 * !(((long int) (sizeof (struct iaddr *))) <= 0)];
| test_array [0] = 0
| 
|   ;
|   return 0;
| }
configure:6850: mips-linux-uclibc-gcc -c -g -O2   -I/home/shark/cavium/gcc-3.4.4-2.16.1/build_mips_nofpu/mips-linux-uclibc/sys-include  conftest.c >&5
conftest.c: In function 'main':
conftest.c:37: error: size of array 'test_array' is negative
configure:6857: $? = 1
configure: failed program was:
| /* confdefs.h.  */
| #define PACKAGE_NAME "DHCP"
| #define PACKAGE_TARNAME "dhcp"
| #define PACKAGE_VERSION "4.1.0p1"
| #define PACKAGE_STRING "DHCP 4.1.0p1"
| #define PACKAGE_BUGREPORT "dhcp-users@isc.org"
| #define PACKAGE "dhcp"
| #define VERSION "4.1.0p1"
| #define STDC_HEADERS 1
| #define HAVE_SYS_TYPES_H 1
| #define HAVE_SYS_STAT_H 1
| #define HAVE_STDLIB_H 1
| #define HAVE_STRING_H 1
| #define HAVE_MEMORY_H 1
| #define HAVE_STRINGS_H 1
| #define HAVE_INTTYPES_H 1
| #define HAVE_STDINT_H 1
| #define HAVE_UNISTD_H 1
| #define DHCP_BYTE_ORDER BIG_ENDIAN
| #define FAILOVER_PROTOCOL 1
| #define ENABLE_EXECUTE 1
| #define TRACING 1
| #define DHCPv6 1
| #define HAVE_LINUX_TYPES_H 1
| #define USE_LPF 1
| #define HAVE_SYS_SOCKET_H 1
| #define HAVE_REGEX_H 1
| /* end confdefs.h.  */
| 
| #include "includes/inet.h"
| #include <stdio.h>
| 
| 
| int
| main ()
| {
| static int test_array [1 - 2 * !(((long int) (sizeof (struct iaddr *))) <= 1)];
| test_array [0] = 0
| 
|   ;
|   return 0;
| }
configure:6850: mips-linux-uclibc-gcc -c -g -O2   -I/home/shark/cavium/gcc-3.4.4-2.16.1/build_mips_nofpu/mips-linux-uclibc/sys-include  conftest.c >&5
conftest.c: In function 'main':
conftest.c:37: error: size of array 'test_array' is negative
configure:6857: $? = 1
configure: failed program was:
| /* confdefs.h.  */
| #define PACKAGE_NAME "DHCP"
| #define PACKAGE_TARNAME "dhcp"
| #define PACKAGE_VERSION "4.1.0p1"
| #define PACKAGE_STRING "DHCP 4.1.0p1"
| #define PACKAGE_BUGREPORT "dhcp-users@isc.org"
| #define PACKAGE "dhcp"
| #define VERSION "4.1.0p1"
| #define STDC_HEADERS 1
| #define HAVE_SYS_TYPES_H 1
| #define HAVE_SYS_STAT_H 1
| #define HAVE_STDLIB_H 1
| #define HAVE_STRING_H 1
| #define HAVE_MEMORY_H 1
| #define HAVE_STRINGS_H 1
| #define HAVE_INTTYPES_H 1
| #define HAVE_STDINT_H 1
| #define HAVE_UNISTD_H 1
| #define DHCP_BYTE_ORDER BIG_ENDIAN
| #define FAILOVER_PROTOCOL 1
| #define ENABLE_EXECUTE 1
| #define TRACING 1
| #define DHCPv6 1
| #define HAVE_LINUX_TYPES_H 1
| #define USE_LPF 1
| #define HAVE_SYS_SOCKET_H 1
| #define HAVE_REGEX_H 1
| /* end confdefs.h.  */
| 
| #include "includes/inet.h"
| #include <stdio.h>
| 
| 
| int
| main ()
| {
| static int test_array [1 - 2 * !(((long int) (sizeof (struct iaddr *))) <= 3)];
| test_array [0] = 0
| 
|   ;
|   return 0;
| }
configure:6850: mips-linux-uclibc-gcc -c -g -O2   -I/home/shark/cavium/gcc-3.4.4-2.16.1/build_mips_nofpu/mips-linux-uclibc/sys-include  conftest.c >&5
configure:6857: $? = 0
configure:7017: mips-linux-uclibc-gcc -c -g -O2   -I/home/shark/cavium/gcc-3.4.4-2.16.1/build_mips_nofpu/mips-linux-uclibc/sys-include  conftest.c >&5
configure:7024: $? = 0
configure:7017: mips-linux-uclibc-gcc -c -g -O2   -I/home/shark/cavium/gcc-3.4.4-2.16.1/build_mips_nofpu/mips-linux-uclibc/sys-include  conftest.c >&5
configure:7024: $? = 0
configure:7140: result: 4
configure:7162: checking for struct msghdr.msg_control
configure:7194: mips-linux-uclibc-gcc -c -g -O2   -I/home/shark/cavium/gcc-3.4.4-2.16.1/build_mips_nofpu/mips-linux-uclibc/sys-include  conftest.c >&5
configure:7201: $? = 0
configure:7263: result: yes
configure:7510: creating ./config.status

## ---------------------- ##
## Running config.status. ##
## ---------------------- ##

This file was extended by DHCP config.status 4.1.0p1, which was
generated by GNU Autoconf 2.62.  Invocation command line was

  CONFIG_FILES    = 
  CONFIG_HEADERS  = 
  CONFIG_LINKS    = 
  CONFIG_COMMANDS = 
  $ ./config.status 

on aqlinux

config.status:789: creating Makefile
config.status:789: creating client/Makefile
config.status:789: creating common/Makefile
config.status:789: creating common/tests/Makefile
config.status:789: creating dhcpctl/Makefile
config.status:789: creating dst/Makefile
config.status:789: creating includes/Makefile
config.status:789: creating minires/Makefile
config.status:789: creating omapip/Makefile
config.status:789: creating relay/Makefile
config.status:789: creating server/Makefile
config.status:789: creating tests/Makefile
config.status:789: creating includes/config.h
config.status:1056: executing depfiles commands
configure:8822: WARNING: Unrecognized options: --disable-nls

## ---------------- ##
## Cache variables. ##
## ---------------- ##

ac_cv_c_bigendian=yes
ac_cv_c_compiler_gnu=yes
ac_cv_env_CC_set=set
ac_cv_env_CC_value=mips-linux-uclibc-gcc
ac_cv_env_CFLAGS_set=set
ac_cv_env_CFLAGS_value='-g -O2  '
ac_cv_env_CPPFLAGS_set=set
ac_cv_env_CPPFLAGS_value='-I/home/shark/cavium/gcc-3.4.4-2.16.1/build_mips_nofpu/mips-linux-uclibc/sys-include '
ac_cv_env_CPP_set=
ac_cv_env_CPP_value=
ac_cv_env_LDFLAGS_set=set
ac_cv_env_LDFLAGS_value='-L/home/shark/cavium/gcc-3.4.4-2.16.1/build_mips_nofpu/mips-linux-uclibc/lib '
ac_cv_env_LIBS_set=
ac_cv_env_LIBS_value=
ac_cv_env_build_alias_set=set
ac_cv_env_build_alias_value=
ac_cv_env_host_alias_set=set
ac_cv_env_host_alias_value=mips-linux
ac_cv_env_target_alias_set=set
ac_cv_env_target_alias_value=mips-linux
ac_cv_header_ifaddrs_h=no
ac_cv_header_inttypes_h=yes
ac_cv_header_linux_filter_h=yes
ac_cv_header_linux_types_h=yes
ac_cv_header_memory_h=yes
ac_cv_header_net_if6_h=no
ac_cv_header_net_if_dl_h=no
ac_cv_header_regex_h=yes
ac_cv_header_stdc=yes
ac_cv_header_stdint_h=yes
ac_cv_header_stdlib_h=yes
ac_cv_header_string_h=yes
ac_cv_header_strings_h=yes
ac_cv_header_sys_socket_h=yes
ac_cv_header_sys_stat_h=yes
ac_cv_header_sys_types_h=yes
ac_cv_header_unistd_h=yes
ac_cv_member_struct_msghdr_msg_control=yes
ac_cv_member_struct_sockaddr_sa_len=no
ac_cv_objext=o
ac_cv_path_EGREP='/bin/grep -E'
ac_cv_path_GREP=/bin/grep
ac_cv_path_install='/usr/bin/install -c'
ac_cv_prog_AWK=gawk
ac_cv_prog_CC=mips-linux-uclibc-gcc
ac_cv_prog_CPP='mips-linux-uclibc-gcc -E'
ac_cv_prog_RANLIB=mips-linux-uclibc-ranlib
ac_cv_prog_STRIP=mips-linux-uclibc-strip
ac_cv_prog_cc_c89=
ac_cv_prog_cc_g=yes
ac_cv_prog_make_make_set=yes
ac_cv_search_MD5Init=no
ac_cv_search_MD5_Init=no
ac_cv_search_if_nametoindex='none required'
ac_cv_search_inet_aton='none required'
ac_cv_search_inet_ntoa='none required'
ac_cv_search_regcomp='none required'
ac_cv_search_socket='none required'
ac_cv_sizeof_struct_iaddr_p=4
am_cv_CC_dependencies_compiler_type=gcc3

## ----------------- ##
## Output variables. ##
## ----------------- ##

ACLOCAL='${SHELL} /home/sundaolian/9350-work/autelan/dhclient/src/missing --run aclocal-1.9'
AMDEPBACKSLASH='\'
AMDEP_FALSE='#'
AMDEP_TRUE=''
AMTAR='${SHELL} /home/sundaolian/9350-work/autelan/dhclient/src/missing --run tar'
AUTOCONF='${SHELL} /home/sundaolian/9350-work/autelan/dhclient/src/missing --run autoconf'
AUTOHEADER='${SHELL} /home/sundaolian/9350-work/autelan/dhclient/src/missing --run autoheader'
AUTOMAKE='${SHELL} /home/sundaolian/9350-work/autelan/dhclient/src/missing --run automake-1.9'
AWK='gawk'
CC='mips-linux-uclibc-gcc'
CCDEPMODE='depmode=gcc3'
CFLAGS='-g -O2   '
CPP='mips-linux-uclibc-gcc -E'
CPPFLAGS='-I/home/shark/cavium/gcc-3.4.4-2.16.1/build_mips_nofpu/mips-linux-uclibc/sys-include '
CYGPATH_W='echo'
DEFS='-DHAVE_CONFIG_H'
DEPDIR='.deps'
ECHO_C=''
ECHO_N='-n'
ECHO_T=''
EGREP='/bin/grep -E'
EXEEXT=''
GREP='/bin/grep'
INSTALL_DATA='${INSTALL} -m 644'
INSTALL_PROGRAM='${INSTALL}'
INSTALL_SCRIPT='${INSTALL}'
INSTALL_STRIP_PROGRAM='${SHELL} $(install_sh) -c -s'
LDFLAGS='-L/home/shark/cavium/gcc-3.4.4-2.16.1/build_mips_nofpu/mips-linux-uclibc/lib '
LIBOBJS=''
LIBS=''
LTLIBOBJS=''
MAKEINFO='${SHELL} /home/sundaolian/9350-work/autelan/dhclient/src/missing --run makeinfo'
OBJEXT='o'
PACKAGE='dhcp'
PACKAGE_BUGREPORT='dhcp-users@isc.org'
PACKAGE_NAME='DHCP'
PACKAGE_STRING='DHCP 4.1.0p1'
PACKAGE_TARNAME='dhcp'
PACKAGE_VERSION='4.1.0p1'
PATH_SEPARATOR=':'
RANLIB='mips-linux-uclibc-ranlib'
SET_MAKE=''
SHELL='/bin/bash'
STRIP='mips-linux-uclibc-strip'
VERSION='4.1.0p1'
ac_ct_CC=''
ac_prefix_program=''
am__fastdepCC_FALSE='#'
am__fastdepCC_TRUE=''
am__include='include'
am__leading_dot='.'
am__quote=''
am__tar='${AMTAR} chof - "$$tardir"'
am__untar='${AMTAR} xf -'
bindir='/usr/bin'
build_alias=''
byte_order='BIG_ENDIAN'
datadir='/usr/share'
datarootdir='${prefix}/share'
docdir='${datarootdir}/doc/${PACKAGE_TARNAME}'
dvidir='${docdir}'
exec_prefix='/usr'
host_alias='mips-linux'
htmldir='${docdir}'
includedir='${prefix}/include'
infodir='/usr/info'
install_sh='/home/sundaolian/9350-work/autelan/dhclient/src/install-sh'
libdir='${exec_prefix}/lib'
libexecdir='/usr/lib'
localedir='${datarootdir}/locale'
localstatedir='/var'
mandir='/usr/man'
mkdir_p='mkdir -p --'
oldincludedir='/usr/include'
pdfdir='${docdir}'
prefix='/usr'
program_transform_name='s&$$&&;s&^&&'
psdir='${docdir}'
sbindir='/usr/sbin'
sharedstatedir='${prefix}/com'
sysconfdir='/etc'
target_alias='mips-linux'

## ----------- ##
## confdefs.h. ##
## ----------- ##

#define PACKAGE_NAME "DHCP"
#define PACKAGE_TARNAME "dhcp"
#define PACKAGE_VERSION "4.1.0p1"
#define PACKAGE_STRING "DHCP 4.1.0p1"
#define PACKAGE_BUGREPORT "dhcp-users@isc.org"
#define PACKAGE "dhcp"
#define VERSION "4.1.0p1"
#define STDC_HEADERS 1
#define HAVE_SYS_TYPES_H 1
#define HAVE_SYS_STAT_H 1
#define HAVE_STDLIB_H 1
#define HAVE_STRING_H 1
#define HAVE_MEMORY_H 1
#define HAVE_STRINGS_H 1
#define HAVE_INTTYPES_H 1
#define HAVE_STDINT_H 1
#define HAVE_UNISTD_H 1
#define DHCP_BYTE_ORDER BIG_ENDIAN
#define FAILOVER_PROTOCOL 1
#define ENABLE_EXECUTE 1
#define TRACING 1
#define DHCPv6 1
#define HAVE_LINUX_TYPES_H 1
#define USE_LPF 1
#define HAVE_SYS_SOCKET_H 1
#define HAVE_REGEX_H 1
#define SIZEOF_STRUCT_IADDR_P 4

configure: exit 0
