This file contains any messages produced by compilers while
running configure, to aid debugging if configure makes a mistake.

It was created by configure, which was
generated by GNU Autoconf 2.59.  Invocation command line was

  $ /home/zhangsiyu/pc018work-v15-at/apv5sdk-v15/build/gcc-4.3.3/toolchain_build_mips/gdb-6.8/bfd/configure --cache-file=./config.cache --with-stabs --prefix=/home/zhangsiyu/pc018work-v15-at/apv5sdk-v15/build/gcc-4.3.3/build_mips/staging_dir --disable-nls --without-uiout --disable-tui --disable-gdbtk --without-x --without-included-gettext --enable-threads --disable-werror --program-transform-name=s,^,mips-linux-uclibc-, --build=i386-pc-linux-gnu --host=i386-pc-linux-gnu --target=mips-linux-uclibc --srcdir=/home/zhangsiyu/pc018work-v15-at/apv5sdk-v15/build/gcc-4.3.3/toolchain_build_mips/gdb-6.8/bfd

## --------- ##
## Platform. ##
## --------- ##

hostname = debian
uname -m = i686
uname -r = 2.6.32-5-686
uname -s = Linux
uname -v = #1 SMP Mon Sep 23 23:00:18 UTC 2013

/usr/bin/uname -p = unknown
/bin/uname -X     = unknown

/bin/arch              = unknown
/usr/bin/arch -k       = unknown
/usr/convex/getsysinfo = unknown
hostinfo               = unknown
/bin/machine           = unknown
/usr/bin/oslevel       = unknown
/bin/universe          = unknown

PATH: /home/zhangsiyu/pc018work-v15-at/apv5sdk-v15/build/../build/util
PATH: /home/zhangsiyu/pc018work-v15-at/apv5sdk-v15/build/../build/gcc-4.3.3/build_mips/staging_dir/usr//bin
PATH: /home/zhangsiyu/pc018work-v15-at/apv5sdk-v15/build/../linux
PATH: /home/zhangsiyu/pc018work-v15-at/apv5sdk-v15/build/../build
PATH: /home/zhangsiyu/pc018work-v15-at/apv5sdk-v15/build/../boot/redboot/ecos/tools/bin
PATH: `pwd`
PATH: /opt/hisi-linux/x86-arm/arm-hisiv200-linux/target/bin
PATH: /usr/local/bin
PATH: /usr/bin
PATH: /bin
PATH: /usr/local/games
PATH: /usr/games


## ----------- ##
## Core tests. ##
## ----------- ##

configure:1404: creating cache ./config.cache
configure:1517: checking build system type
configure:1535: result: i386-pc-linux-gnu
configure:1543: checking host system type
configure:1557: result: i386-pc-linux-gnu
configure:1565: checking target system type
configure:1579: result: mips-unknown-linux-uclibc
configure:1601: checking for i386-pc-linux-gnu-gcc
configure:1627: result: gcc
configure:1909: checking for C compiler version
configure:1912: gcc --version </dev/null >&5
gcc (Debian 4.4.5-8) 4.4.5
Copyright (C) 2010 Free Software Foundation, Inc.
This is free software; see the source for copying conditions.  There is NO
warranty; not even for MERCHANTABILITY or FITNESS FOR A PARTICULAR PURPOSE.

configure:1915: $? = 0
configure:1917: gcc -v </dev/null >&5
Using built-in specs.
Target: i486-linux-gnu
Configured with: ../src/configure -v --with-pkgversion='Debian 4.4.5-8' --with-bugurl=file:///usr/share/doc/gcc-4.4/README.Bugs --enable-languages=c,c++,fortran,objc,obj-c++ --prefix=/usr --program-suffix=-4.4 --enable-shared --enable-multiarch --enable-linker-build-id --with-system-zlib --libexecdir=/usr/lib --without-included-gettext --enable-threads=posix --with-gxx-include-dir=/usr/include/c++/4.4 --libdir=/usr/lib --enable-nls --enable-clocale=gnu --enable-libstdcxx-debug --enable-objc-gc --enable-targets=all --with-arch-32=i586 --with-tune=generic --enable-checking=release --build=i486-linux-gnu --host=i486-linux-gnu --target=i486-linux-gnu
Thread model: posix
gcc version 4.4.5 (Debian 4.4.5-8) 
configure:1920: $? = 0
configure:1922: gcc -V </dev/null >&5
gcc: '-V' option must have argument
configure:1925: $? = 1
configure:1948: checking for C compiler default output file name
configure:1951: gcc -g -O2   conftest.c  >&5
configure:1954: $? = 0
configure:2000: result: a.out
configure:2005: checking whether the C compiler works
configure:2011: ./a.out
configure:2014: $? = 0
configure:2031: result: yes
configure:2038: checking whether we are cross compiling
configure:2040: result: no
configure:2043: checking for suffix of executables
configure:2045: gcc -o conftest -g -O2   conftest.c  >&5
configure:2048: $? = 0
configure:2073: result: 
configure:2079: checking for suffix of object files
configure:2100: gcc -c -g -O2  conftest.c >&5
configure:2103: $? = 0
configure:2125: result: o
configure:2129: checking whether we are using the GNU C compiler
configure:2153: gcc -c -g -O2  conftest.c >&5
configure:2159: $? = 0
configure:2163: test -z 
			 || test ! -s conftest.err
configure:2166: $? = 0
configure:2169: test -s conftest.o
configure:2172: $? = 0
configure:2185: result: yes
configure:2191: checking whether gcc accepts -g
configure:2212: gcc -c -g  conftest.c >&5
configure:2218: $? = 0
configure:2222: test -z 
			 || test ! -s conftest.err
configure:2225: $? = 0
configure:2228: test -s conftest.o
configure:2231: $? = 0
configure:2242: result: yes
configure:2259: checking for gcc option to accept ANSI C
configure:2329: gcc  -c -g -O2  conftest.c >&5
configure:2335: $? = 0
configure:2339: test -z 
			 || test ! -s conftest.err
configure:2342: $? = 0
configure:2345: test -s conftest.o
configure:2348: $? = 0
configure:2366: result: none needed
configure:2384: gcc -c -g -O2  conftest.c >&5
conftest.c:2: error: expected '=', ',', ';', 'asm' or '__attribute__' before 'me'
configure:2390: $? = 1
configure: failed program was:
| #ifndef __cplusplus
|   choke me
| #endif
configure:2524: checking for library containing strerror
configure:2554: gcc -o conftest -g -O2   conftest.c  >&5
configure:2560: $? = 0
configure:2564: test -z 
			 || test ! -s conftest.err
configure:2567: $? = 0
configure:2570: test -s conftest
configure:2573: $? = 0
configure:2643: result: none required
configure:2665: checking for a BSD-compatible install
configure:2720: result: /usr/bin/install -c
configure:2731: checking whether build environment is sane
configure:2774: result: yes
configure:2839: checking for gawk
configure:2855: found /usr/bin/gawk
configure:2865: result: gawk
configure:2875: checking whether /usr/bin/make sets $(MAKE)
configure:2895: result: yes
configure:2925: checking for style of include used by /usr/bin/make
configure:2953: result: GNU
configure:3129: checking dependency style of gcc
configure:3219: result: none
configure:3241: checking for i386-pc-linux-gnu-ar
configure:3267: result: ar
configure:3320: checking for i386-pc-linux-gnu-ranlib
configure:3346: result: ranlib
configure:3438: checking for i386-pc-linux-gnu-gcc
configure:3464: result: gcc
configure:3746: checking for C compiler version
configure:3749: gcc --version </dev/null >&5
gcc (Debian 4.4.5-8) 4.4.5
Copyright (C) 2010 Free Software Foundation, Inc.
This is free software; see the source for copying conditions.  There is NO
warranty; not even for MERCHANTABILITY or FITNESS FOR A PARTICULAR PURPOSE.

configure:3752: $? = 0
configure:3754: gcc -v </dev/null >&5
Using built-in specs.
Target: i486-linux-gnu
Configured with: ../src/configure -v --with-pkgversion='Debian 4.4.5-8' --with-bugurl=file:///usr/share/doc/gcc-4.4/README.Bugs --enable-languages=c,c++,fortran,objc,obj-c++ --prefix=/usr --program-suffix=-4.4 --enable-shared --enable-multiarch --enable-linker-build-id --with-system-zlib --libexecdir=/usr/lib --without-included-gettext --enable-threads=posix --with-gxx-include-dir=/usr/include/c++/4.4 --libdir=/usr/lib --enable-nls --enable-clocale=gnu --enable-libstdcxx-debug --enable-objc-gc --enable-targets=all --with-arch-32=i586 --with-tune=generic --enable-checking=release --build=i486-linux-gnu --host=i486-linux-gnu --target=i486-linux-gnu
Thread model: posix
gcc version 4.4.5 (Debian 4.4.5-8) 
configure:3757: $? = 0
configure:3759: gcc -V </dev/null >&5
gcc: '-V' option must have argument
configure:3762: $? = 1
configure:3765: checking whether we are using the GNU C compiler
configure:3821: result: yes
configure:3827: checking whether gcc accepts -g
configure:3878: result: yes
configure:3895: checking for gcc option to accept ANSI C
configure:4002: result: none needed
configure:4020: gcc -c -g -O2  conftest.c >&5
conftest.c:2: error: expected '=', ',', ';', 'asm' or '__attribute__' before 'me'
configure:4026: $? = 1
configure: failed program was:
| #ifndef __cplusplus
|   choke me
| #endif
configure:4272: checking for a sed that does not truncate output
configure:4328: result: /bin/sed
configure:4344: checking for egrep
configure:4354: result: grep -E
configure:4359: checking for fgrep
configure:4369: result: grep -F
configure:4404: checking for ld used by gcc
configure:4471: result: ld
configure:4480: checking if the linker (ld) is GNU ld
configure:4495: result: yes
configure:4508: checking for BSD- or MS-compatible name lister (nm)
configure:4557: result: nm
configure:4662: checking the name lister (nm) interface
configure:4669: gcc -c -g -O2  conftest.c >&5
configure:4672: nm "conftest.o"
configure:4675: output
00000000 B some_variable
configure:4682: result: BSD nm
configure:4685: checking whether ln -s works
configure:4689: result: yes
configure:4697: checking the maximum length of command line arguments
configure:4817: result: 805306365
configure:4835: checking whether the shell understands some XSI constructs
configure:4843: result: yes
configure:4847: checking whether the shell understands "+="
configure:4853: result: yes
configure:4888: checking for ld option to reload object files
configure:4895: result: -r
configure:4922: checking how to recognize dependent libraries
configure:5112: result: pass_all
configure:5132: checking for i386-pc-linux-gnu-ar
configure:5158: result: ar
configure:5225: checking for i386-pc-linux-gnu-strip
configure:5251: result: mips-linux-uclibc-strip
configure:5312: checking for i386-pc-linux-gnu-ranlib
configure:5338: result: ranlib
configure:5457: checking command to parse nm output from gcc object
configure:5574: gcc -c -g -O2  conftest.c >&5
configure:5577: $? = 0
configure:5581: nm conftest.o \| sed -n -e 's/^.*[	 ]\([ABCDGIRSTW][ABCDGIRSTW]*\)[	 ][	 ]*\([_A-Za-z][_A-Za-z0-9]*\)$/\1 \2 \2/p' \> conftest.nm
configure:5584: $? = 0
configure:5638: gcc -o conftest -g -O2   conftest.c conftstm.o >&5
configure:5641: $? = 0
configure:5679: result: ok
configure:5921: checking how to run the C preprocessor
configure:5956: gcc -E  conftest.c
configure:5962: $? = 0
configure:5994: gcc -E  conftest.c
conftest.c:12:28: error: ac_nonexistent.h: No such file or directory
configure:6000: $? = 1
configure: failed program was:
| /* confdefs.h.  */
| 
| #define PACKAGE_NAME ""
| #define PACKAGE_TARNAME ""
| #define PACKAGE_VERSION ""
| #define PACKAGE_STRING ""
| #define PACKAGE_BUGREPORT ""
| #define PACKAGE "bfd"
| #define VERSION "2.18.50"
| #define _GNU_SOURCE 1
| /* end confdefs.h.  */
| #include <ac_nonexistent.h>
configure:6039: result: gcc -E
configure:6063: gcc -E  conftest.c
configure:6069: $? = 0
configure:6101: gcc -E  conftest.c
conftest.c:12:28: error: ac_nonexistent.h: No such file or directory
configure:6107: $? = 1
configure: failed program was:
| /* confdefs.h.  */
| 
| #define PACKAGE_NAME ""
| #define PACKAGE_TARNAME ""
| #define PACKAGE_VERSION ""
| #define PACKAGE_STRING ""
| #define PACKAGE_BUGREPORT ""
| #define PACKAGE "bfd"
| #define VERSION "2.18.50"
| #define _GNU_SOURCE 1
| /* end confdefs.h.  */
| #include <ac_nonexistent.h>
configure:6151: checking for ANSI C header files
configure:6176: gcc -c -g -O2  conftest.c >&5
configure:6182: $? = 0
configure:6186: test -z 
			 || test ! -s conftest.err
configure:6189: $? = 0
configure:6192: test -s conftest.o
configure:6195: $? = 0
configure:6284: gcc -o conftest -g -O2   conftest.c  >&5
conftest.c: In function 'main':
conftest.c:29: warning: incompatible implicit declaration of built-in function 'exit'
configure:6287: $? = 0
configure:6289: ./conftest
configure:6292: $? = 0
configure:6307: result: yes
configure:6331: checking for sys/types.h
configure:6347: gcc -c -g -O2  conftest.c >&5
configure:6353: $? = 0
configure:6357: test -z 
			 || test ! -s conftest.err
configure:6360: $? = 0
configure:6363: test -s conftest.o
configure:6366: $? = 0
configure:6377: result: yes
configure:6331: checking for sys/stat.h
configure:6347: gcc -c -g -O2  conftest.c >&5
configure:6353: $? = 0
configure:6357: test -z 
			 || test ! -s conftest.err
configure:6360: $? = 0
configure:6363: test -s conftest.o
configure:6366: $? = 0
configure:6377: result: yes
configure:6331: checking for stdlib.h
configure:6347: gcc -c -g -O2  conftest.c >&5
configure:6353: $? = 0
configure:6357: test -z 
			 || test ! -s conftest.err
configure:6360: $? = 0
configure:6363: test -s conftest.o
configure:6366: $? = 0
configure:6377: result: yes
configure:6331: checking for string.h
configure:6347: gcc -c -g -O2  conftest.c >&5
configure:6353: $? = 0
configure:6357: test -z 
			 || test ! -s conftest.err
configure:6360: $? = 0
configure:6363: test -s conftest.o
configure:6366: $? = 0
configure:6377: result: yes
configure:6331: checking for memory.h
configure:6347: gcc -c -g -O2  conftest.c >&5
configure:6353: $? = 0
configure:6357: test -z 
			 || test ! -s conftest.err
configure:6360: $? = 0
configure:6363: test -s conftest.o
configure:6366: $? = 0
configure:6377: result: yes
configure:6331: checking for strings.h
configure:6347: gcc -c -g -O2  conftest.c >&5
configure:6353: $? = 0
configure:6357: test -z 
			 || test ! -s conftest.err
configure:6360: $? = 0
configure:6363: test -s conftest.o
configure:6366: $? = 0
configure:6377: result: yes
configure:6331: checking for inttypes.h
configure:6347: gcc -c -g -O2  conftest.c >&5
configure:6353: $? = 0
configure:6357: test -z 
			 || test ! -s conftest.err
configure:6360: $? = 0
configure:6363: test -s conftest.o
configure:6366: $? = 0
configure:6377: result: yes
configure:6331: checking for stdint.h
configure:6347: gcc -c -g -O2  conftest.c >&5
configure:6353: $? = 0
configure:6357: test -z 
			 || test ! -s conftest.err
configure:6360: $? = 0
configure:6363: test -s conftest.o
configure:6366: $? = 0
configure:6377: result: yes
configure:6331: checking for unistd.h
configure:6347: gcc -c -g -O2  conftest.c >&5
configure:6353: $? = 0
configure:6357: test -z 
			 || test ! -s conftest.err
configure:6360: $? = 0
configure:6363: test -s conftest.o
configure:6366: $? = 0
configure:6377: result: yes
configure:6393: checking for dlfcn.h
configure:6409: gcc -c -g -O2  conftest.c >&5
configure:6415: $? = 0
configure:6419: test -z 
			 || test ! -s conftest.err
configure:6422: $? = 0
configure:6425: test -s conftest.o
configure:6428: $? = 0
configure:6439: result: yes
configure:6501: checking for objdir
configure:6516: result: .libs
configure:6812: checking if gcc supports -fno-rtti -fno-exceptions
configure:6830: gcc -c -g -O2  -fno-rtti -fno-exceptions conftest.c >&5
cc1: warning: command line option "-fno-rtti" is valid for C++/ObjC++ but not for C
configure:6834: $? = 0
configure:6847: result: no
configure:6867: checking for gcc option to produce PIC
configure:7122: result: -fPIC -DPIC
configure:7134: checking if gcc PIC flag -fPIC -DPIC works
configure:7152: gcc -c -g -O2  -fPIC -DPIC -DPIC conftest.c >&5
configure:7156: $? = 0
configure:7169: result: yes
configure:7193: checking if gcc static flag -static works
configure:7221: result: yes
configure:7236: checking if gcc supports -c -o file.o
configure:7257: gcc -c -g -O2  -o out/conftest2.o conftest.c >&5
configure:7261: $? = 0
configure:7283: result: yes
configure:7291: checking if gcc supports -c -o file.o
configure:7338: result: yes
configure:7371: checking whether the gcc linker (ld) supports shared libraries
configure:8451: result: yes
configure:8690: checking dynamic linker characteristics
configure:9123: gcc -o conftest -g -O2   -Wl,-rpath -Wl,/foo conftest.c  >&5
configure:9129: $? = 0
configure:9133: test -z 
			 || test ! -s conftest.err
configure:9136: $? = 0
configure:9139: test -s conftest
configure:9142: $? = 0
configure:9366: result: GNU/Linux ld.so
configure:9461: checking how to hardcode library paths into programs
configure:9486: result: immediate
configure:10332: checking whether stripping libraries is possible
configure:10337: result: yes
configure:10372: checking if libtool supports shared libraries
configure:10374: result: yes
configure:10377: checking whether to build shared libraries
configure:10398: result: no
configure:10401: checking whether to build static libraries
configure:10405: result: yes
configure:10670: checking whether to enable maintainer-specific portions of Makefiles
configure:10679: result: no
configure:10719: checking whether to install libbfd
configure:10732: result: no
configure:10782: checking whether NLS is requested
configure:10785: result: no
configure:10855: checking whether NLS is requested
configure:10864: result: no
configure:10902: checking for msgfmt
configure:10933: result: /usr/bin/msgfmt
configure:10942: checking for gmsgfmt
configure:10973: result: /usr/bin/msgfmt
configure:11012: checking for xgettext
configure:11043: result: /usr/bin/xgettext
configure:11083: checking for msgmerge
configure:11113: result: /usr/bin/msgmerge
configure:11166: checking for a BSD-compatible install
configure:11221: result: /usr/bin/install -c
configure:11240: checking for long long
configure:11264: gcc -c -g -O2  conftest.c >&5
configure:11270: $? = 0
configure:11274: test -z 
			 || test ! -s conftest.err
configure:11277: $? = 0
configure:11280: test -s conftest.o
configure:11283: $? = 0
configure:11294: result: yes
configure:11297: checking size of long long
configure:11616: gcc -o conftest -g -O2   conftest.c  >&5
configure:11619: $? = 0
configure:11621: ./conftest
configure:11624: $? = 0
configure:11647: result: 8
configure:11654: checking for void *
configure:11678: gcc -c -g -O2  conftest.c >&5
configure:11684: $? = 0
configure:11688: test -z 
			 || test ! -s conftest.err
configure:11691: $? = 0
configure:11694: test -s conftest.o
configure:11697: $? = 0
configure:11708: result: yes
configure:11711: checking size of void *
configure:12030: gcc -o conftest -g -O2   conftest.c  >&5
configure:12033: $? = 0
configure:12035: ./conftest
configure:12038: $? = 0
configure:12061: result: 4
configure:12068: checking for long
configure:12092: gcc -c -g -O2  conftest.c >&5
configure:12098: $? = 0
configure:12102: test -z 
			 || test ! -s conftest.err
configure:12105: $? = 0
configure:12108: test -s conftest.o
configure:12111: $? = 0
configure:12122: result: yes
configure:12125: checking size of long
configure:12444: gcc -o conftest -g -O2   conftest.c  >&5
configure:12447: $? = 0
configure:12449: ./conftest
configure:12452: $? = 0
configure:12475: result: 4
configure:12571: checking alloca.h usability
configure:12583: gcc -c -g -O2  conftest.c >&5
configure:12589: $? = 0
configure:12593: test -z 
			 || test ! -s conftest.err
configure:12596: $? = 0
configure:12599: test -s conftest.o
configure:12602: $? = 0
configure:12612: result: yes
configure:12616: checking alloca.h presence
configure:12626: gcc -E  conftest.c
configure:12632: $? = 0
configure:12652: result: yes
configure:12687: checking for alloca.h
configure:12694: result: yes
configure:12571: checking stddef.h usability
configure:12583: gcc -c -g -O2  conftest.c >&5
configure:12589: $? = 0
configure:12593: test -z 
			 || test ! -s conftest.err
configure:12596: $? = 0
configure:12599: test -s conftest.o
configure:12602: $? = 0
configure:12612: result: yes
configure:12616: checking stddef.h presence
configure:12626: gcc -E  conftest.c
configure:12632: $? = 0
configure:12652: result: yes
configure:12687: checking for stddef.h
configure:12694: result: yes
configure:12562: checking for string.h
configure:12567: result: yes
configure:12562: checking for strings.h
configure:12567: result: yes
configure:12562: checking for stdlib.h
configure:12567: result: yes
configure:12571: checking time.h usability
configure:12583: gcc -c -g -O2  conftest.c >&5
configure:12589: $? = 0
configure:12593: test -z 
			 || test ! -s conftest.err
configure:12596: $? = 0
configure:12599: test -s conftest.o
configure:12602: $? = 0
configure:12612: result: yes
configure:12616: checking time.h presence
configure:12626: gcc -E  conftest.c
configure:12632: $? = 0
configure:12652: result: yes
configure:12687: checking for time.h
configure:12694: result: yes
configure:12562: checking for unistd.h
configure:12567: result: yes
configure:12723: checking fcntl.h usability
configure:12735: gcc -c -g -O2  conftest.c >&5
configure:12741: $? = 0
configure:12745: test -z 
			 || test ! -s conftest.err
configure:12748: $? = 0
configure:12751: test -s conftest.o
configure:12754: $? = 0
configure:12764: result: yes
configure:12768: checking fcntl.h presence
configure:12778: gcc -E  conftest.c
configure:12784: $? = 0
configure:12804: result: yes
configure:12839: checking for fcntl.h
configure:12846: result: yes
configure:12723: checking sys/file.h usability
configure:12735: gcc -c -g -O2  conftest.c >&5
configure:12741: $? = 0
configure:12745: test -z 
			 || test ! -s conftest.err
configure:12748: $? = 0
configure:12751: test -s conftest.o
configure:12754: $? = 0
configure:12764: result: yes
configure:12768: checking sys/file.h presence
configure:12778: gcc -E  conftest.c
configure:12784: $? = 0
configure:12804: result: yes
configure:12839: checking for sys/file.h
configure:12846: result: yes
configure:12723: checking sys/time.h usability
configure:12735: gcc -c -g -O2  conftest.c >&5
configure:12741: $? = 0
configure:12745: test -z 
			 || test ! -s conftest.err
configure:12748: $? = 0
configure:12751: test -s conftest.o
configure:12754: $? = 0
configure:12764: result: yes
configure:12768: checking sys/time.h presence
configure:12778: gcc -E  conftest.c
configure:12784: $? = 0
configure:12804: result: yes
configure:12839: checking for sys/time.h
configure:12846: result: yes
configure:12872: checking for uintmax_t
configure:12898: gcc -c -g -O2  conftest.c >&5
configure:12904: $? = 0
configure:12908: test -z 
			 || test ! -s conftest.err
configure:12911: $? = 0
configure:12914: test -s conftest.o
configure:12917: $? = 0
configure:12928: result: yes
configure:12936: checking for uintptr_t
configure:12962: gcc -c -g -O2  conftest.c >&5
configure:12968: $? = 0
configure:12972: test -z 
			 || test ! -s conftest.err
configure:12975: $? = 0
configure:12978: test -s conftest.o
configure:12981: $? = 0
configure:12992: result: yes
configure:13000: checking for int_least32_t
configure:13026: gcc -c -g -O2  conftest.c >&5
configure:13032: $? = 0
configure:13036: test -z 
			 || test ! -s conftest.err
configure:13039: $? = 0
configure:13042: test -s conftest.o
configure:13045: $? = 0
configure:13056: result: yes
configure:13064: checking for int_fast32_t
configure:13090: gcc -c -g -O2  conftest.c >&5
configure:13096: $? = 0
configure:13100: test -z 
			 || test ! -s conftest.err
configure:13103: $? = 0
configure:13106: test -s conftest.o
configure:13109: $? = 0
configure:13120: result: yes
configure:13128: checking for uint64_t
configure:13154: gcc -c -g -O2  conftest.c >&5
configure:13160: $? = 0
configure:13164: test -z 
			 || test ! -s conftest.err
configure:13167: $? = 0
configure:13170: test -s conftest.o
configure:13173: $? = 0
configure:13184: result: yes
configure:13530: checking what to include in bfd_stdint.h
configure:13550: result: stdint.h (already complete)
configure:15706: checking whether time.h and sys/time.h may both be included
configure:15731: gcc -c -g -O2  conftest.c >&5
configure:15737: $? = 0
configure:15741: test -z 
			 || test ! -s conftest.err
configure:15744: $? = 0
configure:15747: test -s conftest.o
configure:15750: $? = 0
configure:15761: result: yes
configure:15779: checking for dirent.h that defines DIR
configure:15803: gcc -c -g -O2  conftest.c >&5
configure:15809: $? = 0
configure:15813: test -z 
			 || test ! -s conftest.err
configure:15816: $? = 0
configure:15819: test -s conftest.o
configure:15822: $? = 0
configure:15833: result: yes
configure:15846: checking for library containing opendir
configure:15876: gcc -o conftest -g -O2   conftest.c  >&5
configure:15882: $? = 0
configure:15886: test -z 
			 || test ! -s conftest.err
configure:15889: $? = 0
configure:15892: test -s conftest
configure:15895: $? = 0
configure:15965: result: none required
configure:16101: checking whether string.h and strings.h may both be included
configure:16123: gcc -c -g -O2  conftest.c >&5
configure:16129: $? = 0
configure:16133: test -z 
			 || test ! -s conftest.err
configure:16136: $? = 0
configure:16139: test -s conftest.o
configure:16142: $? = 0
configure:16153: result: yes
configure:16173: checking for fcntl
configure:16230: gcc -o conftest -g -O2   conftest.c  >&5
configure:16236: $? = 0
configure:16240: test -z 
			 || test ! -s conftest.err
configure:16243: $? = 0
configure:16246: test -s conftest
configure:16249: $? = 0
configure:16261: result: yes
configure:16173: checking for getpagesize
configure:16230: gcc -o conftest -g -O2   conftest.c  >&5
configure:16236: $? = 0
configure:16240: test -z 
			 || test ! -s conftest.err
configure:16243: $? = 0
configure:16246: test -s conftest
configure:16249: $? = 0
configure:16261: result: yes
configure:16173: checking for setitimer
configure:16230: gcc -o conftest -g -O2   conftest.c  >&5
configure:16236: $? = 0
configure:16240: test -z 
			 || test ! -s conftest.err
configure:16243: $? = 0
configure:16246: test -s conftest
configure:16249: $? = 0
configure:16261: result: yes
configure:16173: checking for sysconf
configure:16230: gcc -o conftest -g -O2   conftest.c  >&5
configure:16236: $? = 0
configure:16240: test -z 
			 || test ! -s conftest.err
configure:16243: $? = 0
configure:16246: test -s conftest
configure:16249: $? = 0
configure:16261: result: yes
configure:16173: checking for fdopen
configure:16230: gcc -o conftest -g -O2   conftest.c  >&5
configure:16236: $? = 0
configure:16240: test -z 
			 || test ! -s conftest.err
configure:16243: $? = 0
configure:16246: test -s conftest
configure:16249: $? = 0
configure:16261: result: yes
configure:16173: checking for getuid
configure:16230: gcc -o conftest -g -O2   conftest.c  >&5
configure:16236: $? = 0
configure:16240: test -z 
			 || test ! -s conftest.err
configure:16243: $? = 0
configure:16246: test -s conftest
configure:16249: $? = 0
configure:16261: result: yes
configure:16173: checking for getgid
configure:16230: gcc -o conftest -g -O2   conftest.c  >&5
configure:16236: $? = 0
configure:16240: test -z 
			 || test ! -s conftest.err
configure:16243: $? = 0
configure:16246: test -s conftest
configure:16249: $? = 0
configure:16261: result: yes
configure:16275: checking for strtoull
configure:16332: gcc -o conftest -g -O2   conftest.c  >&5
configure:16338: $? = 0
configure:16342: test -z 
			 || test ! -s conftest.err
configure:16345: $? = 0
configure:16348: test -s conftest
configure:16351: $? = 0
configure:16363: result: yes
configure:16374: checking whether basename is declared
configure:16398: gcc -c -g -O2  conftest.c >&5
configure:16404: $? = 0
configure:16408: test -z 
			 || test ! -s conftest.err
configure:16411: $? = 0
configure:16414: test -s conftest.o
configure:16417: $? = 0
configure:16428: result: yes
configure:16446: checking whether ftello is declared
configure:16470: gcc -c -g -O2  conftest.c >&5
configure:16476: $? = 0
configure:16480: test -z 
			 || test ! -s conftest.err
configure:16483: $? = 0
configure:16486: test -s conftest.o
configure:16489: $? = 0
configure:16500: result: yes
configure:16518: checking whether ftello64 is declared
configure:16542: gcc -c -g -O2  conftest.c >&5
configure:16548: $? = 0
configure:16552: test -z 
			 || test ! -s conftest.err
configure:16555: $? = 0
configure:16558: test -s conftest.o
configure:16561: $? = 0
configure:16572: result: yes
configure:16590: checking whether fseeko is declared
configure:16614: gcc -c -g -O2  conftest.c >&5
configure:16620: $? = 0
configure:16624: test -z 
			 || test ! -s conftest.err
configure:16627: $? = 0
configure:16630: test -s conftest.o
configure:16633: $? = 0
configure:16644: result: yes
configure:16662: checking whether fseeko64 is declared
configure:16686: gcc -c -g -O2  conftest.c >&5
configure:16692: $? = 0
configure:16696: test -z 
			 || test ! -s conftest.err
configure:16699: $? = 0
configure:16702: test -s conftest.o
configure:16705: $? = 0
configure:16716: result: yes
configure:16745: checking whether ffs is declared
configure:16769: gcc -c -g -O2  conftest.c >&5
configure:16775: $? = 0
configure:16779: test -z 
			 || test ! -s conftest.err
configure:16782: $? = 0
configure:16785: test -s conftest.o
configure:16788: $? = 0
configure:16799: result: yes
configure:16817: checking whether free is declared
configure:16841: gcc -c -g -O2  conftest.c >&5
configure:16847: $? = 0
configure:16851: test -z 
			 || test ! -s conftest.err
configure:16854: $? = 0
configure:16857: test -s conftest.o
configure:16860: $? = 0
configure:16871: result: yes
configure:16889: checking whether getenv is declared
configure:16913: gcc -c -g -O2  conftest.c >&5
configure:16919: $? = 0
configure:16923: test -z 
			 || test ! -s conftest.err
configure:16926: $? = 0
configure:16929: test -s conftest.o
configure:16932: $? = 0
configure:16943: result: yes
configure:16961: checking whether malloc is declared
configure:16985: gcc -c -g -O2  conftest.c >&5
configure:16991: $? = 0
configure:16995: test -z 
			 || test ! -s conftest.err
configure:16998: $? = 0
configure:17001: test -s conftest.o
configure:17004: $? = 0
configure:17015: result: yes
configure:17033: checking whether realloc is declared
configure:17057: gcc -c -g -O2  conftest.c >&5
configure:17063: $? = 0
configure:17067: test -z 
			 || test ! -s conftest.err
configure:17070: $? = 0
configure:17073: test -s conftest.o
configure:17076: $? = 0
configure:17087: result: yes
configure:17105: checking whether stpcpy is declared
configure:17129: gcc -c -g -O2  conftest.c >&5
configure:17135: $? = 0
configure:17139: test -z 
			 || test ! -s conftest.err
configure:17142: $? = 0
configure:17145: test -s conftest.o
configure:17148: $? = 0
configure:17159: result: yes
configure:17177: checking whether strstr is declared
configure:17201: gcc -c -g -O2  conftest.c >&5
configure:17207: $? = 0
configure:17211: test -z 
			 || test ! -s conftest.err
configure:17214: $? = 0
configure:17217: test -s conftest.o
configure:17220: $? = 0
configure:17231: result: yes
configure:17249: checking whether snprintf is declared
configure:17273: gcc -c -g -O2  conftest.c >&5
configure:17279: $? = 0
configure:17283: test -z 
			 || test ! -s conftest.err
configure:17286: $? = 0
configure:17289: test -s conftest.o
configure:17292: $? = 0
configure:17303: result: yes
configure:17321: checking whether vsnprintf is declared
configure:17345: gcc -c -g -O2  conftest.c >&5
configure:17351: $? = 0
configure:17355: test -z 
			 || test ! -s conftest.err
configure:17358: $? = 0
configure:17361: test -s conftest.o
configure:17364: $? = 0
configure:17375: result: yes
configure:19365: checking for gcc version with buggy 64-bit support
configure:19382: result: no
configure:19420: checking for ftello
configure:19477: gcc -o conftest -g -O2   conftest.c  >&5
configure:19483: $? = 0
configure:19487: test -z 
			 || test ! -s conftest.err
configure:19490: $? = 0
configure:19493: test -s conftest
configure:19496: $? = 0
configure:19508: result: yes
configure:19420: checking for ftello64
configure:19477: gcc -o conftest -g -O2   conftest.c  >&5
configure:19483: $? = 0
configure:19487: test -z 
			 || test ! -s conftest.err
configure:19490: $? = 0
configure:19493: test -s conftest
configure:19496: $? = 0
configure:19508: result: yes
configure:19420: checking for fseeko
configure:19477: gcc -o conftest -g -O2   conftest.c  >&5
configure:19483: $? = 0
configure:19487: test -z 
			 || test ! -s conftest.err
configure:19490: $? = 0
configure:19493: test -s conftest
configure:19496: $? = 0
configure:19508: result: yes
configure:19420: checking for fseeko64
configure:19477: gcc -o conftest -g -O2   conftest.c  >&5
configure:19483: $? = 0
configure:19487: test -z 
			 || test ! -s conftest.err
configure:19490: $? = 0
configure:19493: test -s conftest
configure:19496: $? = 0
configure:19508: result: yes
configure:19420: checking for fopen64
configure:19477: gcc -o conftest -g -O2   conftest.c  >&5
configure:19483: $? = 0
configure:19487: test -z 
			 || test ! -s conftest.err
configure:19490: $? = 0
configure:19493: test -s conftest
configure:19496: $? = 0
configure:19508: result: yes
configure:19519: checking for off_t
configure:19543: gcc -c -g -O2  conftest.c >&5
configure:19549: $? = 0
configure:19553: test -z 
			 || test ! -s conftest.err
configure:19556: $? = 0
configure:19559: test -s conftest.o
configure:19562: $? = 0
configure:19573: result: yes
configure:19576: checking size of off_t
configure:19895: gcc -o conftest -g -O2   conftest.c  >&5
configure:19898: $? = 0
configure:19900: ./conftest
configure:19903: $? = 0
configure:19926: result: 4
configure:19934: checking file_ptr type
configure:19943: result: BFD_HOST_64_BIT
configure:19963: checking for stdlib.h
configure:19968: result: yes
configure:19963: checking for unistd.h
configure:19968: result: yes
configure:20112: checking for getpagesize
configure:20200: result: yes
configure:20210: checking for working mmap
configure:20352: gcc -o conftest -g -O2   conftest.c  >&5
configure:20355: $? = 0
configure:20357: ./conftest
configure:20360: $? = 0
configure:20374: result: yes
configure:20390: checking for madvise
configure:20447: gcc -o conftest -g -O2   conftest.c  >&5
configure:20453: $? = 0
configure:20457: test -z 
			 || test ! -s conftest.err
configure:20460: $? = 0
configure:20463: test -s conftest
configure:20466: $? = 0
configure:20478: result: yes
configure:20390: checking for mprotect
configure:20447: gcc -o conftest -g -O2   conftest.c  >&5
configure:20453: $? = 0
configure:20457: test -z 
			 || test ! -s conftest.err
configure:20460: $? = 0
configure:20463: test -s conftest
configure:20466: $? = 0
configure:20478: result: yes
configure:20637: creating ./config.status

## ---------------------- ##
## Running config.status. ##
## ---------------------- ##

This file was extended by config.status, which was
generated by GNU Autoconf 2.59.  Invocation command line was

  CONFIG_FILES    = 
  CONFIG_HEADERS  = 
  CONFIG_LINKS    = 
  CONFIG_COMMANDS = 
  $ ./config.status 

on debian

config.status:983: creating Makefile
config.status:983: creating doc/Makefile
config.status:983: creating bfd-in3.h
config.status:983: creating po/Makefile.in
config.status:1080: creating config.h
config.status:1490: executing depfiles commands
config.status:1490: executing libtool commands
config.status:1490: executing default-1 commands
config.status:1490: executing bfd_stdint.h commands
config.status:1490: executing default commands

## ---------------- ##
## Cache variables. ##
## ---------------- ##

ac_cv_build=i386-pc-linux-gnu
ac_cv_build_alias=i386-pc-linux-gnu
ac_cv_c_compiler_gnu=yes
ac_cv_env_CC_set=set
ac_cv_env_CC_value=gcc
ac_cv_env_CFLAGS_set=set
ac_cv_env_CFLAGS_value='-g -O2'
ac_cv_env_CPPFLAGS_set=
ac_cv_env_CPPFLAGS_value=
ac_cv_env_CPP_set=
ac_cv_env_CPP_value=
ac_cv_env_LDFLAGS_set=set
ac_cv_env_LDFLAGS_value=
ac_cv_env_build_alias_set=set
ac_cv_env_build_alias_value=i386-pc-linux-gnu
ac_cv_env_host_alias_set=set
ac_cv_env_host_alias_value=i386-pc-linux-gnu
ac_cv_env_target_alias_set=set
ac_cv_env_target_alias_value=mips-linux-uclibc
ac_cv_exeext=
ac_cv_func_fcntl=yes
ac_cv_func_fdopen=yes
ac_cv_func_fopen64=yes
ac_cv_func_fseeko=yes
ac_cv_func_fseeko64=yes
ac_cv_func_ftello=yes
ac_cv_func_ftello64=yes
ac_cv_func_getgid=yes
ac_cv_func_getpagesize=yes
ac_cv_func_getuid=yes
ac_cv_func_madvise=yes
ac_cv_func_mmap_fixed_mapped=yes
ac_cv_func_mprotect=yes
ac_cv_func_setitimer=yes
ac_cv_func_strtoull=yes
ac_cv_func_sysconf=yes
ac_cv_have_decl_basename=yes
ac_cv_have_decl_ffs=yes
ac_cv_have_decl_free=yes
ac_cv_have_decl_fseeko=yes
ac_cv_have_decl_fseeko64=yes
ac_cv_have_decl_ftello=yes
ac_cv_have_decl_ftello64=yes
ac_cv_have_decl_getenv=yes
ac_cv_have_decl_malloc=yes
ac_cv_have_decl_realloc=yes
ac_cv_have_decl_snprintf=yes
ac_cv_have_decl_stpcpy=yes
ac_cv_have_decl_strstr=yes
ac_cv_have_decl_vsnprintf=yes
ac_cv_header_alloca_h=yes
ac_cv_header_dirent_dirent_h=yes
ac_cv_header_dlfcn_h=yes
ac_cv_header_fcntl_h=yes
ac_cv_header_inttypes_h=yes
ac_cv_header_memory_h=yes
ac_cv_header_stdc=yes
ac_cv_header_stddef_h=yes
ac_cv_header_stdint_h=yes
ac_cv_header_stdlib_h=yes
ac_cv_header_string_h=yes
ac_cv_header_strings_h=yes
ac_cv_header_sys_file_h=yes
ac_cv_header_sys_stat_h=yes
ac_cv_header_sys_time_h=yes
ac_cv_header_sys_types_h=yes
ac_cv_header_time=yes
ac_cv_header_time_h=yes
ac_cv_header_unistd_h=yes
ac_cv_host=i386-pc-linux-gnu
ac_cv_host_alias=i386-pc-linux-gnu
ac_cv_objext=o
ac_cv_path_GMSGFMT=/usr/bin/msgfmt
ac_cv_path_MSGFMT=/usr/bin/msgfmt
ac_cv_path_MSGMERGE=/usr/bin/msgmerge
ac_cv_path_XGETTEXT=/usr/bin/xgettext
ac_cv_prog_AR=ar
ac_cv_prog_AWK=gawk
ac_cv_prog_CC=gcc
ac_cv_prog_CPP='gcc -E'
ac_cv_prog_RANLIB=ranlib
ac_cv_prog_STRIP=mips-linux-uclibc-strip
ac_cv_prog_cc_g=yes
ac_cv_prog_cc_stdc=
ac_cv_prog_egrep='grep -E'
ac_cv_prog_fgrep='grep -F'
ac_cv_prog_make__usr_bin_make_set=yes
ac_cv_search_opendir='none required'
ac_cv_search_strerror='none required'
ac_cv_sizeof_long=4
ac_cv_sizeof_long_long=8
ac_cv_sizeof_off_t=4
ac_cv_sizeof_void_p=4
ac_cv_target=mips-unknown-linux-uclibc
ac_cv_target_alias=mips-linux-uclibc
ac_cv_type_int_fast32_t=yes
ac_cv_type_int_least32_t=yes
ac_cv_type_long=yes
ac_cv_type_long_long=yes
ac_cv_type_off_t=yes
ac_cv_type_u_int64_t=no
ac_cv_type_uint64_t=yes
ac_cv_type_uintmax_t=yes
ac_cv_type_uintptr_t=yes
ac_cv_type_void_p=yes
acx_cv_header_stdint=stdint.h
acx_cv_header_stdint_kind='(already complete)'
am_cv_CC_dependencies_compiler_type=none
gcc_cv_header_string=yes
lt_cv_deplibs_check_method=pass_all
lt_cv_file_magic_cmd='$MAGIC_CMD'
lt_cv_file_magic_test_file=
lt_cv_ld_reload_flag=-r
lt_cv_nm_interface='BSD nm'
lt_cv_objdir=.libs
lt_cv_path_LD=ld
lt_cv_path_NM=nm
lt_cv_path_SED=/bin/sed
lt_cv_prog_compiler_c_o=yes
lt_cv_prog_compiler_rtti_exceptions=no
lt_cv_prog_gnu_ld=yes
lt_cv_sys_global_symbol_pipe='sed -n -e '\''s/^.*[	 ]\([ABCDGIRSTW][ABCDGIRSTW]*\)[	 ][	 ]*\([_A-Za-z][_A-Za-z0-9]*\)$/\1 \2 \2/p'\'''
lt_cv_sys_global_symbol_to_c_name_address='sed -n -e '\''s/^: \([^ ]*\) $/  {\"\1\", (void *) 0},/p'\'' -e '\''s/^[ABCDGIRSTW]* \([^ ]*\) \([^ ]*\)$/  {"\2", (void *) \&\2},/p'\'''
lt_cv_sys_global_symbol_to_cdecl='sed -n -e '\''s/^T .* \(.*\)$/extern int \1();/p'\'' -e '\''s/^[ABCDGIRSTW]* .* \(.*\)$/extern char \1;/p'\'''
lt_cv_sys_max_cmd_len=805306365

## ----------------- ##
## Output variables. ##
## ----------------- ##

ACLOCAL='${SHELL} /home/zhangsiyu/pc018work-v15-at/apv5sdk-v15/build/gcc-4.3.3/toolchain_build_mips/gdb-6.8/missing --run aclocal-1.9'
AMDEPBACKSLASH='\'
AMDEP_FALSE='#'
AMDEP_TRUE=''
AMTAR='${SHELL} /home/zhangsiyu/pc018work-v15-at/apv5sdk-v15/build/gcc-4.3.3/toolchain_build_mips/gdb-6.8/missing --run tar'
AR='ar'
AUTOCONF='${SHELL} /home/zhangsiyu/pc018work-v15-at/apv5sdk-v15/build/gcc-4.3.3/toolchain_build_mips/gdb-6.8/missing --run autoconf'
AUTOHEADER='${SHELL} /home/zhangsiyu/pc018work-v15-at/apv5sdk-v15/build/gcc-4.3.3/toolchain_build_mips/gdb-6.8/missing --run autoheader'
AUTOMAKE='${SHELL} /home/zhangsiyu/pc018work-v15-at/apv5sdk-v15/build/gcc-4.3.3/toolchain_build_mips/gdb-6.8/missing --run automake-1.9'
AWK='gawk'
BFD_HOSTPTR_T='unsigned long'
BFD_HOST_64BIT_LONG='0'
BFD_HOST_64BIT_LONG_LONG='1'
BFD_HOST_64_BIT='long long'
BFD_HOST_64_BIT_DEFINED='1'
BFD_HOST_U_64_BIT='unsigned long long'
CATALOGS=''
CATOBJEXT=''
CC='gcc'
CCDEPMODE='depmode=none'
CC_FOR_BUILD='gcc'
CFLAGS='-g -O2'
COREFILE=''
COREFLAG=''
CPP='gcc -E'
CPPFLAGS=''
CYGPATH_W='echo'
DATADIRNAME=''
DEBUGDIR='${exec_prefix}/lib/debug'
DEFS='-DHAVE_CONFIG_H'
DEPDIR='.deps'
DUMPBIN=''
ECHO_C=''
ECHO_N='-n'
ECHO_T=''
EGREP='grep -E'
EXEEXT=''
EXEEXT_FOR_BUILD='$(EXEEXT)'
FGREP='grep -F'
GENCAT=''
GENINSRC_NEVER_FALSE=''
GENINSRC_NEVER_TRUE='#'
GMSGFMT='/usr/bin/msgfmt'
GREP='grep'
HDEFINES=''
INCINTL=''
INSTALL_DATA='/usr/bin/install -c -m 644'
INSTALL_LIBBFD_FALSE=''
INSTALL_LIBBFD_TRUE='#'
INSTALL_PROGRAM='/usr/bin/install -c'
INSTALL_SCRIPT='/usr/bin/install -c'
INSTALL_STRIP_PROGRAM='${SHELL} $(install_sh) -c -s'
INSTOBJEXT=''
LD='ld'
LDFLAGS=''
LIBINTL=''
LIBINTL_DEP=''
LIBOBJS=''
LIBS=''
LIBTOOL='$(SHELL) $(top_builddir)/libtool'
LN_S='ln -s'
LTLIBOBJS=''
MAINT='#'
MAINTAINER_MODE_FALSE=''
MAINTAINER_MODE_TRUE='#'
MAKEINFO='makeinfo --split-size=5000000'
MKINSTALLDIRS='/home/zhangsiyu/pc018work-v15-at/apv5sdk-v15/build/gcc-4.3.3/toolchain_build_mips/gdb-6.8/bfd/../mkinstalldirs'
MSGFMT='/usr/bin/msgfmt'
MSGMERGE='/usr/bin/msgmerge'
NM='nm'
NO_WERROR=''
OBJEXT='o'
PACKAGE='bfd'
PACKAGE_BUGREPORT=''
PACKAGE_NAME=''
PACKAGE_STRING=''
PACKAGE_TARNAME=''
PACKAGE_VERSION=''
PATH_SEPARATOR=':'
PKGVERSION='(GNU Binutils) '
POSUB=''
RANLIB='ranlib'
REPORT_BUGS_TEXI='@uref{http://www.sourceware.org/bugzilla/}'
REPORT_BUGS_TO='<http://www.sourceware.org/bugzilla/>'
SED='/bin/sed'
SET_MAKE=''
SHELL='/bin/sh'
STRIP='mips-linux-uclibc-strip'
TDEFINES=' '
USE_NLS='no'
VERSION='2.18.50'
WARN_CFLAGS='-W -Wall -Wstrict-prototypes -Wmissing-prototypes'
WIN32LDFLAGS=''
WIN32LIBADD=''
XGETTEXT='/usr/bin/xgettext'
ac_ct_AR=''
ac_ct_CC=''
ac_ct_DUMPBIN=''
ac_ct_RANLIB=''
ac_ct_STRIP=''
all_backends='$(BFD64_BACKENDS) $(BFD32_BACKENDS)'
am__fastdepCC_FALSE=''
am__fastdepCC_TRUE='#'
am__include='include'
am__leading_dot='.'
am__quote=''
am__tar='${AMTAR} chof - "$$tardir"'
am__untar='${AMTAR} xf -'
bfd64_libs='$(BFD64_LIBS)'
bfd_backends=' elf32-mips.lo elfxx-mips.lo elf-vxworks.lo elf32.lo elf.lo elflink.lo elf-attrs.lo elf-strtab.lo elf-eh-frame.lo dwarf1.lo ecofflink.lo coff-mips.lo ecoff.lo elfn32-mips.lo elf64-mips.lo elf64.lo elf64-gen.lo elf32-gen.lo'
bfd_default_target_size='32'
bfd_file_ptr='BFD_HOST_64_BIT'
bfd_machines=' cpu-mips.lo'
bfd_ufile_ptr='BFD_HOST_U_64_BIT'
bfdincludedir='$(exec_prefix)/$(host_noncanonical)/$(target_noncanonical)/include'
bfdlibdir='$(exec_prefix)/$(host_noncanonical)/$(target_noncanonical)/lib'
bindir='${exec_prefix}/bin'
build='i386-pc-linux-gnu'
build_alias='i386-pc-linux-gnu'
build_cpu='i386'
build_os='linux-gnu'
build_vendor='pc'
datadir='${prefix}/share'
datarootdir='/home/zhangsiyu/pc018work-v15-at/apv5sdk-v15/build/gcc-4.3.3/build_mips/staging_dir/share'
docdir='/home/zhangsiyu/pc018work-v15-at/apv5sdk-v15/build/gcc-4.3.3/build_mips/staging_dir/share/doc'
exec_prefix='${prefix}'
host='i386-pc-linux-gnu'
host_alias='i386-pc-linux-gnu'
host_cpu='i386'
host_noncanonical='i386-pc-linux-gnu'
host_os='linux-gnu'
host_vendor='pc'
htmldir='/home/zhangsiyu/pc018work-v15-at/apv5sdk-v15/build/gcc-4.3.3/build_mips/staging_dir/share/doc'
includedir='${prefix}/include'
infodir='${prefix}/info'
install_sh='/home/zhangsiyu/pc018work-v15-at/apv5sdk-v15/build/gcc-4.3.3/toolchain_build_mips/gdb-6.8/install-sh'
libdir='${exec_prefix}/lib'
libexecdir='${exec_prefix}/libexec'
localstatedir='${prefix}/var'
lt_ECHO='echo'
mandir='${prefix}/man'
mkdir_p='mkdir -p --'
oldincludedir='/usr/include'
prefix='/home/zhangsiyu/pc018work-v15-at/apv5sdk-v15/build/gcc-4.3.3/build_mips/staging_dir'
program_transform_name='s,^,mips-linux-uclibc-,'
sbindir='${exec_prefix}/sbin'
sharedstatedir='${prefix}/com'
sysconfdir='${prefix}/etc'
target='mips-unknown-linux-uclibc'
target_alias='mips-linux-uclibc'
target_cpu='mips'
target_noncanonical='mips-linux-uclibc'
target_os='linux-uclibc'
target_vendor='unknown'
tdefaults=' -DDEFAULT_VECTOR=bfd_elf32_tradbigmips_vec -DSELECT_VECS='&bfd_elf32_tradbigmips_vec,&bfd_elf32_tradlittlemips_vec,&ecoff_big_vec,&ecoff_little_vec,&bfd_elf32_ntradbigmips_vec,&bfd_elf64_tradbigmips_vec,&bfd_elf32_ntradlittlemips_vec,&bfd_elf64_tradlittlemips_vec,&bfd_elf64_little_generic_vec,&bfd_elf64_big_generic_vec,&bfd_elf32_little_generic_vec,&bfd_elf32_big_generic_vec' -DSELECT_ARCHITECTURES='&bfd_mips_arch' -DHAVE_bfd_elf32_tradbigmips_vec -DHAVE_bfd_elf32_tradlittlemips_vec -DHAVE_ecoff_big_vec -DHAVE_ecoff_little_vec -DHAVE_bfd_elf32_ntradbigmips_vec -DHAVE_bfd_elf64_tradbigmips_vec -DHAVE_bfd_elf32_ntradlittlemips_vec -DHAVE_bfd_elf64_tradlittlemips_vec -DHAVE_bfd_elf64_little_generic_vec -DHAVE_bfd_elf64_big_generic_vec -DHAVE_bfd_elf32_little_generic_vec -DHAVE_bfd_elf32_big_generic_vec'
wordsize='64'

## ----------- ##
## confdefs.h. ##
## ----------- ##

#define HAVE_ALLOCA_H 1
#define HAVE_DECL_BASENAME 1
#define HAVE_DECL_FFS 1
#define HAVE_DECL_FREE 1
#define HAVE_DECL_FSEEKO 1
#define HAVE_DECL_FSEEKO64 1
#define HAVE_DECL_FTELLO 1
#define HAVE_DECL_FTELLO64 1
#define HAVE_DECL_GETENV 1
#define HAVE_DECL_MALLOC 1
#define HAVE_DECL_REALLOC 1
#define HAVE_DECL_SNPRINTF 1
#define HAVE_DECL_STPCPY 1
#define HAVE_DECL_STRSTR 1
#define HAVE_DECL_VSNPRINTF 1
#define HAVE_DIRENT_H 1
#define HAVE_DLFCN_H 1
#define HAVE_FCNTL 1
#define HAVE_FCNTL_H 1
#define HAVE_FDOPEN 1
#define HAVE_FOPEN64 1
#define HAVE_FSEEKO 1
#define HAVE_FSEEKO64 1
#define HAVE_FTELLO 1
#define HAVE_FTELLO64 1
#define HAVE_GETGID 1
#define HAVE_GETPAGESIZE 1
#define HAVE_GETPAGESIZE 1
#define HAVE_GETUID 1
#define HAVE_INTTYPES_H 1
#define HAVE_MADVISE 1
#define HAVE_MEMORY_H 1
#define HAVE_MMAP 1
#define HAVE_MPROTECT 1
#define HAVE_SETITIMER 1
#define HAVE_STDDEF_H 1
#define HAVE_STDINT_H 1
#define HAVE_STDLIB_H 1
#define HAVE_STDLIB_H 1
#define HAVE_STDLIB_H 1
#define HAVE_STRINGS_H 1
#define HAVE_STRINGS_H 1
#define HAVE_STRING_H 1
#define HAVE_STRING_H 1
#define HAVE_STRTOULL 1
#define HAVE_SYSCONF 1
#define HAVE_SYS_FILE_H 1
#define HAVE_SYS_STAT_H 1
#define HAVE_SYS_TIME_H 1
#define HAVE_SYS_TYPES_H 1
#define HAVE_TIME_H 1
#define HAVE_UNISTD_H 1
#define HAVE_UNISTD_H 1
#define HAVE_UNISTD_H 1
#define LT_OBJDIR ".libs/"
#define PACKAGE "bfd"
#define PACKAGE_BUGREPORT ""
#define PACKAGE_NAME ""
#define PACKAGE_STRING ""
#define PACKAGE_TARNAME ""
#define PACKAGE_VERSION ""
#define SIZEOF_LONG 4
#define SIZEOF_LONG_LONG 8
#define SIZEOF_OFF_T 4
#define SIZEOF_VOID_P 4
#define STDC_HEADERS 1
#define STRING_WITH_STRINGS 1
#define TIME_WITH_SYS_TIME 1
#define VERSION "2.18.50"
#define _GNU_SOURCE 1

configure: exit 0

## ---------------------- ##
## Running config.status. ##
## ---------------------- ##

This file was extended by config.status, which was
generated by GNU Autoconf 2.59.  Invocation command line was

  CONFIG_FILES    = po/Makefile.in:po/Make-in
  CONFIG_HEADERS  = 
  CONFIG_LINKS    = 
  CONFIG_COMMANDS = 
  $ ./config.status 

on debian

config.status:983: creating po/Makefile.in
config.status:1490: executing depfiles commands
config.status:1490: executing libtool commands
config.status:1490: executing default-1 commands
config.status:1490: executing bfd_stdint.h commands
config.status:1490: executing default commands
