This file contains any messages produced by compilers while
running configure, to aid debugging if configure makes a mistake.

It was created by Iperf configure 2.0.4, which was
generated by GNU Autoconf 2.65.  Invocation command line was

  $ ./configure --no-create --no-recursion

## --------- ##
## Platform. ##
## --------- ##

hostname = aqlinux
uname -m = i686
uname -r = 2.6.32-29-generic-pae
uname -s = Linux
uname -v = #58-Ubuntu SMP Fri Feb 11 19:15:25 UTC 2011

/usr/bin/uname -p = unknown
/bin/uname -X     = unknown

/bin/arch              = unknown
/usr/bin/arch -k       = unknown
/usr/convex/getsysinfo = unknown
/usr/bin/hostinfo      = unknown
/bin/machine           = unknown
/usr/bin/oslevel       = unknown
/bin/universe          = unknown

PATH: /usr/local/sbin
PATH: /usr/local/bin
PATH: /usr/sbin
PATH: /usr/bin
PATH: /sbin
PATH: /bin
PATH: /usr/games


## ----------- ##
## Core tests. ##
## ----------- ##

configure:2486: checking for a BSD-compatible install
configure:2554: result: /usr/bin/install -c
configure:2565: checking whether build environment is sane
configure:2602: result: yes
configure:2664: checking for gawk
configure:2680: found /usr/bin/gawk
configure:2691: result: gawk
configure:2702: checking whether make sets $(MAKE)
configure:2724: result: yes
configure:2996: checking for g++
configure:3012: found /usr/bin/g++
configure:3023: result: g++
configure:3050: checking for C++ compiler version
configure:3059: g++ --version >&5
g++ (GCC) 4.1.3 20080704 (prerelease) (Ubuntu 4.1.2-27ubuntu1)
Copyright (C) 2006 Free Software Foundation, Inc.
This is free software; see the source for copying conditions.  There is NO
warranty; not even for MERCHANTABILITY or FITNESS FOR A PARTICULAR PURPOSE.

configure:3070: $? = 0
configure:3059: g++ -v >&5
Using built-in specs.
Target: i486-linux-gnu
Configured with: ../src/configure -v --enable-languages=c,c++ --prefix=/usr --enable-shared --with-system-zlib --libexecdir=/usr/lib --without-included-gettext --enable-threads=posix --enable-nls --with-gxx-include-dir=/usr/include/c++/4.1.3 --program-suffix=-4.1 --enable-__cxa_atexit --enable-clocale=gnu --enable-libstdcxx-debug --with-tune=generic --enable-checking=release i486-linux-gnu
Thread model: posix
gcc version 4.1.3 20080704 (prerelease) (Ubuntu 4.1.2-27ubuntu1)
configure:3070: $? = 0
configure:3059: g++ -V >&5
g++: '-V' option must have argument
configure:3070: $? = 1
configure:3059: g++ -qversion >&5
g++: unrecognized option '-qversion'
g++: no input files
configure:3070: $? = 1
configure:3090: checking whether the C++ compiler works
configure:3112: g++    conftest.cpp  >&5
configure:3116: $? = 0
configure:3165: result: yes
configure:3168: checking for C++ compiler default output file name
configure:3170: result: a.out
configure:3176: checking for suffix of executables
configure:3183: g++ -o conftest    conftest.cpp  >&5
configure:3187: $? = 0
configure:3209: result: 
configure:3231: checking whether we are cross compiling
configure:3239: g++ -o conftest    conftest.cpp  >&5
configure:3243: $? = 0
configure:3250: ./conftest
configure:3254: $? = 0
configure:3269: result: no
configure:3274: checking for suffix of object files
configure:3296: g++ -c   conftest.cpp >&5
configure:3300: $? = 0
configure:3321: result: o
configure:3325: checking whether we are using the GNU C++ compiler
configure:3344: g++ -c   conftest.cpp >&5
configure:3344: $? = 0
configure:3353: result: yes
configure:3362: checking whether g++ accepts -g
configure:3382: g++ -c -g  conftest.cpp >&5
configure:3382: $? = 0
configure:3423: result: yes
configure:3457: checking for style of include used by make
configure:3485: result: GNU
configure:3513: checking dependency style of g++
configure:3603: result: gcc3
configure:3669: checking for gcc
configure:3685: found /usr/bin/gcc
configure:3696: result: gcc
configure:3925: checking for C compiler version
configure:3934: gcc --version >&5
gcc (GCC) 4.1.3 20080704 (prerelease) (Ubuntu 4.1.2-27ubuntu1)
Copyright (C) 2006 Free Software Foundation, Inc.
This is free software; see the source for copying conditions.  There is NO
warranty; not even for MERCHANTABILITY or FITNESS FOR A PARTICULAR PURPOSE.

configure:3945: $? = 0
configure:3934: gcc -v >&5
Using built-in specs.
Target: i486-linux-gnu
Configured with: ../src/configure -v --enable-languages=c,c++ --prefix=/usr --enable-shared --with-system-zlib --libexecdir=/usr/lib --without-included-gettext --enable-threads=posix --enable-nls --with-gxx-include-dir=/usr/include/c++/4.1.3 --program-suffix=-4.1 --enable-__cxa_atexit --enable-clocale=gnu --enable-libstdcxx-debug --with-tune=generic --enable-checking=release i486-linux-gnu
Thread model: posix
gcc version 4.1.3 20080704 (prerelease) (Ubuntu 4.1.2-27ubuntu1)
configure:3945: $? = 0
configure:3934: gcc -V >&5
gcc: '-V' option must have argument
configure:3945: $? = 1
configure:3934: gcc -qversion >&5
gcc: unrecognized option '-qversion'
gcc: no input files
configure:3945: $? = 1
configure:3949: checking whether we are using the GNU C compiler
configure:3968: gcc -c   conftest.c >&5
configure:3968: $? = 0
configure:3977: result: yes
configure:3986: checking whether gcc accepts -g
configure:4006: gcc -c -g  conftest.c >&5
configure:4006: $? = 0
configure:4047: result: yes
configure:4064: checking for gcc option to accept ISO C89
configure:4128: gcc  -c -g -O2  conftest.c >&5
configure:4128: $? = 0
configure:4141: result: none needed
configure:4163: checking dependency style of gcc
configure:4253: result: gcc3
configure:4273: checking for strerror in -lcposix
configure:4298: gcc -o conftest  -O2    conftest.c -lcposix   >&5
/usr/bin/ld: cannot find -lcposix
collect2: ld returned 1 exit status
configure:4298: $? = 1
configure: failed program was:
| /* confdefs.h */
| #define PACKAGE_NAME "Iperf"
| #define PACKAGE_TARNAME "iperf"
| #define PACKAGE_VERSION "2.0.4"
| #define PACKAGE_STRING "Iperf 2.0.4"
| #define PACKAGE_BUGREPORT ""
| #define PACKAGE_URL ""
| #define PACKAGE "iperf"
| #define VERSION "2.0.4"
| /* end confdefs.h.  */
| 
| /* Override any GCC internal prototype to avoid an error.
|    Use char because int might match the return type of a GCC
|    builtin and then its argument prototype would still apply.  */
| #ifdef __cplusplus
| extern "C"
| #endif
| char strerror ();
| int
| main ()
| {
| return strerror ();
|   ;
|   return 0;
| }
configure:4307: result: no
configure:4316: checking whether make sets $(MAKE)
configure:4338: result: yes
configure:4390: checking for ranlib
configure:4406: found /usr/bin/ranlib
configure:4417: result: ranlib
configure:4449: checking build system type
configure:4463: result: i686-pc-linux-gnu
configure:4483: checking host system type
configure:4496: result: i686-pc-linux-gnu
configure:4684: checking for the pthreads library -lpthreads
configure:4717: gcc -o conftest  -O2     conftest.c -lpthreads  >&5
/usr/bin/ld: cannot find -lpthreads
collect2: ld returned 1 exit status
configure:4717: $? = 1
configure: failed program was:
| /* confdefs.h */
| #define PACKAGE_NAME "Iperf"
| #define PACKAGE_TARNAME "iperf"
| #define PACKAGE_VERSION "2.0.4"
| #define PACKAGE_STRING "Iperf 2.0.4"
| #define PACKAGE_BUGREPORT ""
| #define PACKAGE_URL ""
| #define PACKAGE "iperf"
| #define VERSION "2.0.4"
| /* end confdefs.h.  */
| #include <pthread.h>
| int
| main ()
| {
| pthread_t th; pthread_join(th, 0);
|                      pthread_attr_init(0); pthread_cleanup_push(0, 0);
|                      pthread_create(0,0,0,0); pthread_cleanup_pop(0);
|   ;
|   return 0;
| }
configure:4726: result: no
configure:4629: checking whether pthreads work without any flags
configure:4717: gcc -o conftest  -O2     conftest.c   >&5
/tmp/ccsHl3ZZ.o: In function `main':
conftest.c:(.text+0x1e): undefined reference to `pthread_join'
conftest.c:(.text+0x4b): undefined reference to `__pthread_register_cancel'
conftest.c:(.text+0x6f): undefined reference to `pthread_create'
conftest.c:(.text+0x76): undefined reference to `__pthread_unregister_cancel'
collect2: ld returned 1 exit status
configure:4717: $? = 1
configure: failed program was:
| /* confdefs.h */
| #define PACKAGE_NAME "Iperf"
| #define PACKAGE_TARNAME "iperf"
| #define PACKAGE_VERSION "2.0.4"
| #define PACKAGE_STRING "Iperf 2.0.4"
| #define PACKAGE_BUGREPORT ""
| #define PACKAGE_URL ""
| #define PACKAGE "iperf"
| #define VERSION "2.0.4"
| /* end confdefs.h.  */
| #include <pthread.h>
| int
| main ()
| {
| pthread_t th; pthread_join(th, 0);
|                      pthread_attr_init(0); pthread_cleanup_push(0, 0);
|                      pthread_create(0,0,0,0); pthread_cleanup_pop(0);
|   ;
|   return 0;
| }
configure:4726: result: no
configure:4634: checking whether pthreads work with -Kthread
configure:4717: gcc -o conftest  -O2  -Kthread   conftest.c   >&5
gcc: unrecognized option '-Kthread'
/tmp/cciiSIt5.o: In function `main':
conftest.c:(.text+0x1e): undefined reference to `pthread_join'
conftest.c:(.text+0x4b): undefined reference to `__pthread_register_cancel'
conftest.c:(.text+0x6f): undefined reference to `pthread_create'
conftest.c:(.text+0x76): undefined reference to `__pthread_unregister_cancel'
collect2: ld returned 1 exit status
configure:4717: $? = 1
configure: failed program was:
| /* confdefs.h */
| #define PACKAGE_NAME "Iperf"
| #define PACKAGE_TARNAME "iperf"
| #define PACKAGE_VERSION "2.0.4"
| #define PACKAGE_STRING "Iperf 2.0.4"
| #define PACKAGE_BUGREPORT ""
| #define PACKAGE_URL ""
| #define PACKAGE "iperf"
| #define VERSION "2.0.4"
| /* end confdefs.h.  */
| #include <pthread.h>
| int
| main ()
| {
| pthread_t th; pthread_join(th, 0);
|                      pthread_attr_init(0); pthread_cleanup_push(0, 0);
|                      pthread_create(0,0,0,0); pthread_cleanup_pop(0);
|   ;
|   return 0;
| }
configure:4726: result: no
configure:4634: checking whether pthreads work with -kthread
configure:4717: gcc -o conftest  -O2  -kthread   conftest.c   >&5
gcc: unrecognized option '-kthread'
/tmp/ccCa0OGd.o: In function `main':
conftest.c:(.text+0x1e): undefined reference to `pthread_join'
conftest.c:(.text+0x4b): undefined reference to `__pthread_register_cancel'
conftest.c:(.text+0x6f): undefined reference to `pthread_create'
conftest.c:(.text+0x76): undefined reference to `__pthread_unregister_cancel'
collect2: ld returned 1 exit status
configure:4717: $? = 1
configure: failed program was:
| /* confdefs.h */
| #define PACKAGE_NAME "Iperf"
| #define PACKAGE_TARNAME "iperf"
| #define PACKAGE_VERSION "2.0.4"
| #define PACKAGE_STRING "Iperf 2.0.4"
| #define PACKAGE_BUGREPORT ""
| #define PACKAGE_URL ""
| #define PACKAGE "iperf"
| #define VERSION "2.0.4"
| /* end confdefs.h.  */
| #include <pthread.h>
| int
| main ()
| {
| pthread_t th; pthread_join(th, 0);
|                      pthread_attr_init(0); pthread_cleanup_push(0, 0);
|                      pthread_create(0,0,0,0); pthread_cleanup_pop(0);
|   ;
|   return 0;
| }
configure:4726: result: no
configure:4684: checking for the pthreads library -llthread
configure:4717: gcc -o conftest  -O2     conftest.c -llthread  >&5
/usr/bin/ld: cannot find -llthread
collect2: ld returned 1 exit status
configure:4717: $? = 1
configure: failed program was:
| /* confdefs.h */
| #define PACKAGE_NAME "Iperf"
| #define PACKAGE_TARNAME "iperf"
| #define PACKAGE_VERSION "2.0.4"
| #define PACKAGE_STRING "Iperf 2.0.4"
| #define PACKAGE_BUGREPORT ""
| #define PACKAGE_URL ""
| #define PACKAGE "iperf"
| #define VERSION "2.0.4"
| /* end confdefs.h.  */
| #include <pthread.h>
| int
| main ()
| {
| pthread_t th; pthread_join(th, 0);
|                      pthread_attr_init(0); pthread_cleanup_push(0, 0);
|                      pthread_create(0,0,0,0); pthread_cleanup_pop(0);
|   ;
|   return 0;
| }
configure:4726: result: no
configure:4634: checking whether pthreads work with -pthread
configure:4717: gcc -o conftest  -O2  -pthread   conftest.c   >&5
configure:4717: $? = 0
configure:4726: result: yes
configure:4746: checking for joinable pthread attribute
configure:4759: gcc -o conftest  -O2  -pthread   conftest.c   >&5
configure:4759: $? = 0
configure:4791: result: PTHREAD_CREATE_JOINABLE
configure:4798: checking if more special flags are required for pthreads
configure:4805: result: no
configure:4817: checking for cc_r
configure:4845: result: gcc
configure:4886: checking for gethostbyname
configure:4886: gcc -o conftest  -O2    conftest.c  >&5
configure:4886: $? = 0
configure:4886: result: yes
configure:4937: checking for socket
configure:4937: gcc -o conftest  -O2    conftest.c  >&5
configure:4937: $? = 0
configure:4937: result: yes
configure:4994: checking how to run the C preprocessor
configure:5025: gcc -E  conftest.c
configure:5025: $? = 0
configure:5039: gcc -E  conftest.c
conftest.c:14:28: error: ac_nonexistent.h: No such file or directory
configure:5039: $? = 1
configure: failed program was:
| /* confdefs.h */
| #define PACKAGE_NAME "Iperf"
| #define PACKAGE_TARNAME "iperf"
| #define PACKAGE_VERSION "2.0.4"
| #define PACKAGE_STRING "Iperf 2.0.4"
| #define PACKAGE_BUGREPORT ""
| #define PACKAGE_URL ""
| #define PACKAGE "iperf"
| #define VERSION "2.0.4"
| #define HAVE_PTHREAD 1
| #define HAVE_POSIX_THREAD 1
| #define _REENTRANT 1
| /* end confdefs.h.  */
| #include <ac_nonexistent.h>
configure:5064: result: gcc -E
configure:5084: gcc -E  conftest.c
configure:5084: $? = 0
configure:5098: gcc -E  conftest.c
conftest.c:14:28: error: ac_nonexistent.h: No such file or directory
configure:5098: $? = 1
configure: failed program was:
| /* confdefs.h */
| #define PACKAGE_NAME "Iperf"
| #define PACKAGE_TARNAME "iperf"
| #define PACKAGE_VERSION "2.0.4"
| #define PACKAGE_STRING "Iperf 2.0.4"
| #define PACKAGE_BUGREPORT ""
| #define PACKAGE_URL ""
| #define PACKAGE "iperf"
| #define VERSION "2.0.4"
| #define HAVE_PTHREAD 1
| #define HAVE_POSIX_THREAD 1
| #define _REENTRANT 1
| /* end confdefs.h.  */
| #include <ac_nonexistent.h>
configure:5127: checking for grep that handles long lines and -e
configure:5185: result: /bin/grep
configure:5190: checking for egrep
configure:5252: result: /bin/grep -E
configure:5257: checking for ANSI C header files
configure:5277: gcc -c  -O2   conftest.c >&5
configure:5277: $? = 0
configure:5350: gcc -o conftest  -O2    conftest.c  >&5
configure:5350: $? = 0
configure:5350: ./conftest
configure:5350: $? = 0
configure:5361: result: yes
configure:5374: checking for sys/types.h
configure:5374: gcc -c  -O2   conftest.c >&5
configure:5374: $? = 0
configure:5374: result: yes
configure:5374: checking for sys/stat.h
configure:5374: gcc -c  -O2   conftest.c >&5
configure:5374: $? = 0
configure:5374: result: yes
configure:5374: checking for stdlib.h
configure:5374: gcc -c  -O2   conftest.c >&5
configure:5374: $? = 0
configure:5374: result: yes
configure:5374: checking for string.h
configure:5374: gcc -c  -O2   conftest.c >&5
configure:5374: $? = 0
configure:5374: result: yes
configure:5374: checking for memory.h
configure:5374: gcc -c  -O2   conftest.c >&5
configure:5374: $? = 0
configure:5374: result: yes
configure:5374: checking for strings.h
configure:5374: gcc -c  -O2   conftest.c >&5
configure:5374: $? = 0
configure:5374: result: yes
configure:5374: checking for inttypes.h
configure:5374: gcc -c  -O2   conftest.c >&5
configure:5374: $? = 0
configure:5374: result: yes
configure:5374: checking for stdint.h
configure:5374: gcc -c  -O2   conftest.c >&5
configure:5374: $? = 0
configure:5374: result: yes
configure:5374: checking for unistd.h
configure:5374: gcc -c  -O2   conftest.c >&5
configure:5374: $? = 0
configure:5374: result: yes
configure:5390: checking arpa/inet.h usability
configure:5390: gcc -c  -O2   conftest.c >&5
configure:5390: $? = 0
configure:5390: result: yes
configure:5390: checking arpa/inet.h presence
configure:5390: gcc -E  conftest.c
configure:5390: $? = 0
configure:5390: result: yes
configure:5390: checking for arpa/inet.h
configure:5390: result: yes
configure:5390: checking libintl.h usability
configure:5390: gcc -c  -O2   conftest.c >&5
configure:5390: $? = 0
configure:5390: result: yes
configure:5390: checking libintl.h presence
configure:5390: gcc -E  conftest.c
configure:5390: $? = 0
configure:5390: result: yes
configure:5390: checking for libintl.h
configure:5390: result: yes
configure:5390: checking netdb.h usability
configure:5390: gcc -c  -O2   conftest.c >&5
configure:5390: $? = 0
configure:5390: result: yes
configure:5390: checking netdb.h presence
configure:5390: gcc -E  conftest.c
configure:5390: $? = 0
configure:5390: result: yes
configure:5390: checking for netdb.h
configure:5390: result: yes
configure:5390: checking netinet/in.h usability
configure:5390: gcc -c  -O2   conftest.c >&5
configure:5390: $? = 0
configure:5390: result: yes
configure:5390: checking netinet/in.h presence
configure:5390: gcc -E  conftest.c
configure:5390: $? = 0
configure:5390: result: yes
configure:5390: checking for netinet/in.h
configure:5390: result: yes
configure:5390: checking for stdlib.h
configure:5390: result: yes
configure:5390: checking for string.h
configure:5390: result: yes
configure:5390: checking for strings.h
configure:5390: result: yes
configure:5390: checking sys/socket.h usability
configure:5390: gcc -c  -O2   conftest.c >&5
configure:5390: $? = 0
configure:5390: result: yes
configure:5390: checking sys/socket.h presence
configure:5390: gcc -E  conftest.c
configure:5390: $? = 0
configure:5390: result: yes
configure:5390: checking for sys/socket.h
configure:5390: result: yes
configure:5390: checking sys/time.h usability
configure:5390: gcc -c  -O2   conftest.c >&5
configure:5390: $? = 0
configure:5390: result: yes
configure:5390: checking sys/time.h presence
configure:5390: gcc -E  conftest.c
configure:5390: $? = 0
configure:5390: result: yes
configure:5390: checking for sys/time.h
configure:5390: result: yes
configure:5390: checking syslog.h usability
configure:5390: gcc -c  -O2   conftest.c >&5
configure:5390: $? = 0
configure:5390: result: yes
configure:5390: checking syslog.h presence
configure:5390: gcc -E  conftest.c
configure:5390: $? = 0
configure:5390: result: yes
configure:5390: checking for syslog.h
configure:5390: result: yes
configure:5390: checking for unistd.h
configure:5390: result: yes
configure:5403: checking for an ANSI C-conforming const
configure:5468: gcc -c  -O2   conftest.c >&5
configure:5468: $? = 0
configure:5475: result: yes
configure:5483: checking for size_t
configure:5483: gcc -c  -O2   conftest.c >&5
configure:5483: $? = 0
configure:5483: gcc -c  -O2   conftest.c >&5
conftest.c: In function 'main':
conftest.c:71: error: expected expression before ')' token
configure:5483: $? = 1
configure: failed program was:
| /* confdefs.h */
| #define PACKAGE_NAME "Iperf"
| #define PACKAGE_TARNAME "iperf"
| #define PACKAGE_VERSION "2.0.4"
| #define PACKAGE_STRING "Iperf 2.0.4"
| #define PACKAGE_BUGREPORT ""
| #define PACKAGE_URL ""
| #define PACKAGE "iperf"
| #define VERSION "2.0.4"
| #define HAVE_PTHREAD 1
| #define HAVE_POSIX_THREAD 1
| #define _REENTRANT 1
| #define STDC_HEADERS 1
| #define HAVE_SYS_TYPES_H 1
| #define HAVE_SYS_STAT_H 1
| #define HAVE_STDLIB_H 1
| #define HAVE_STRING_H 1
| #define HAVE_MEMORY_H 1
| #define HAVE_STRINGS_H 1
| #define HAVE_INTTYPES_H 1
| #define HAVE_STDINT_H 1
| #define HAVE_UNISTD_H 1
| #define HAVE_ARPA_INET_H 1
| #define HAVE_LIBINTL_H 1
| #define HAVE_NETDB_H 1
| #define HAVE_NETINET_IN_H 1
| #define HAVE_STDLIB_H 1
| #define HAVE_STRING_H 1
| #define HAVE_STRINGS_H 1
| #define HAVE_SYS_SOCKET_H 1
| #define HAVE_SYS_TIME_H 1
| #define HAVE_SYSLOG_H 1
| #define HAVE_UNISTD_H 1
| /* end confdefs.h.  */
| #include <stdio.h>
| #ifdef HAVE_SYS_TYPES_H
| # include <sys/types.h>
| #endif
| #ifdef HAVE_SYS_STAT_H
| # include <sys/stat.h>
| #endif
| #ifdef STDC_HEADERS
| # include <stdlib.h>
| # include <stddef.h>
| #else
| # ifdef HAVE_STDLIB_H
| #  include <stdlib.h>
| # endif
| #endif
| #ifdef HAVE_STRING_H
| # if !defined STDC_HEADERS && defined HAVE_MEMORY_H
| #  include <memory.h>
| # endif
| # include <string.h>
| #endif
| #ifdef HAVE_STRINGS_H
| # include <strings.h>
| #endif
| #ifdef HAVE_INTTYPES_H
| # include <inttypes.h>
| #endif
| #ifdef HAVE_STDINT_H
| # include <stdint.h>
| #endif
| #ifdef HAVE_UNISTD_H
| # include <unistd.h>
| #endif
| int
| main ()
| {
| if (sizeof ((size_t)))
| 	    return 0;
|   ;
|   return 0;
| }
configure:5483: result: yes
configure:5494: checking for ssize_t
configure:5494: gcc -c  -O2   conftest.c >&5
configure:5494: $? = 0
configure:5494: gcc -c  -O2   conftest.c >&5
conftest.c: In function 'main':
conftest.c:71: error: expected expression before ')' token
configure:5494: $? = 1
configure: failed program was:
| /* confdefs.h */
| #define PACKAGE_NAME "Iperf"
| #define PACKAGE_TARNAME "iperf"
| #define PACKAGE_VERSION "2.0.4"
| #define PACKAGE_STRING "Iperf 2.0.4"
| #define PACKAGE_BUGREPORT ""
| #define PACKAGE_URL ""
| #define PACKAGE "iperf"
| #define VERSION "2.0.4"
| #define HAVE_PTHREAD 1
| #define HAVE_POSIX_THREAD 1
| #define _REENTRANT 1
| #define STDC_HEADERS 1
| #define HAVE_SYS_TYPES_H 1
| #define HAVE_SYS_STAT_H 1
| #define HAVE_STDLIB_H 1
| #define HAVE_STRING_H 1
| #define HAVE_MEMORY_H 1
| #define HAVE_STRINGS_H 1
| #define HAVE_INTTYPES_H 1
| #define HAVE_STDINT_H 1
| #define HAVE_UNISTD_H 1
| #define HAVE_ARPA_INET_H 1
| #define HAVE_LIBINTL_H 1
| #define HAVE_NETDB_H 1
| #define HAVE_NETINET_IN_H 1
| #define HAVE_STDLIB_H 1
| #define HAVE_STRING_H 1
| #define HAVE_STRINGS_H 1
| #define HAVE_SYS_SOCKET_H 1
| #define HAVE_SYS_TIME_H 1
| #define HAVE_SYSLOG_H 1
| #define HAVE_UNISTD_H 1
| /* end confdefs.h.  */
| #include <stdio.h>
| #ifdef HAVE_SYS_TYPES_H
| # include <sys/types.h>
| #endif
| #ifdef HAVE_SYS_STAT_H
| # include <sys/stat.h>
| #endif
| #ifdef STDC_HEADERS
| # include <stdlib.h>
| # include <stddef.h>
| #else
| # ifdef HAVE_STDLIB_H
| #  include <stdlib.h>
| # endif
| #endif
| #ifdef HAVE_STRING_H
| # if !defined STDC_HEADERS && defined HAVE_MEMORY_H
| #  include <memory.h>
| # endif
| # include <string.h>
| #endif
| #ifdef HAVE_STRINGS_H
| # include <strings.h>
| #endif
| #ifdef HAVE_INTTYPES_H
| # include <inttypes.h>
| #endif
| #ifdef HAVE_STDINT_H
| # include <stdint.h>
| #endif
| #ifdef HAVE_UNISTD_H
| # include <unistd.h>
| #endif
| int
| main ()
| {
| if (sizeof ((ssize_t)))
| 	    return 0;
|   ;
|   return 0;
| }
configure:5494: result: yes
configure:5509: checking whether time.h and sys/time.h may both be included
configure:5529: gcc -c  -O2   conftest.c >&5
configure:5529: $? = 0
configure:5536: result: yes
configure:5544: checking whether struct tm is in sys/time.h or time.h
configure:5564: gcc -c  -O2   conftest.c >&5
configure:5564: $? = 0
configure:5571: result: time.h
configure:5581: checking for stdint types
configure:5604: gcc -c   conftest.c >&5
configure:5604: $? = 0
configure:5629: result: stdint.h (shortcircuit)
configure:6019: result: make use of stdint.h in include/iperf-int.h (assuming C99 compatible system)
configure:6028: checking 3rd argument of accept
configure:6057: g++ -c  -O2   conftest.cpp >&5
configure:6057: $? = 0
configure:6220: result: socklen_t
configure:6233: checking for pid_t
configure:6233: gcc -c  -O2   conftest.c >&5
configure:6233: $? = 0
configure:6233: gcc -c  -O2   conftest.c >&5
conftest.c: In function 'main':
conftest.c:74: error: expected expression before ')' token
configure:6233: $? = 1
configure: failed program was:
| /* confdefs.h */
| #define PACKAGE_NAME "Iperf"
| #define PACKAGE_TARNAME "iperf"
| #define PACKAGE_VERSION "2.0.4"
| #define PACKAGE_STRING "Iperf 2.0.4"
| #define PACKAGE_BUGREPORT ""
| #define PACKAGE_URL ""
| #define PACKAGE "iperf"
| #define VERSION "2.0.4"
| #define HAVE_PTHREAD 1
| #define HAVE_POSIX_THREAD 1
| #define _REENTRANT 1
| #define STDC_HEADERS 1
| #define HAVE_SYS_TYPES_H 1
| #define HAVE_SYS_STAT_H 1
| #define HAVE_STDLIB_H 1
| #define HAVE_STRING_H 1
| #define HAVE_MEMORY_H 1
| #define HAVE_STRINGS_H 1
| #define HAVE_INTTYPES_H 1
| #define HAVE_STDINT_H 1
| #define HAVE_UNISTD_H 1
| #define HAVE_ARPA_INET_H 1
| #define HAVE_LIBINTL_H 1
| #define HAVE_NETDB_H 1
| #define HAVE_NETINET_IN_H 1
| #define HAVE_STDLIB_H 1
| #define HAVE_STRING_H 1
| #define HAVE_STRINGS_H 1
| #define HAVE_SYS_SOCKET_H 1
| #define HAVE_SYS_TIME_H 1
| #define HAVE_SYSLOG_H 1
| #define HAVE_UNISTD_H 1
| #define HAVE_SSIZE_T 1
| #define TIME_WITH_SYS_TIME 1
| #define Socklen_t socklen_t
| /* end confdefs.h.  */
| #include <stdio.h>
| #ifdef HAVE_SYS_TYPES_H
| # include <sys/types.h>
| #endif
| #ifdef HAVE_SYS_STAT_H
| # include <sys/stat.h>
| #endif
| #ifdef STDC_HEADERS
| # include <stdlib.h>
| # include <stddef.h>
| #else
| # ifdef HAVE_STDLIB_H
| #  include <stdlib.h>
| # endif
| #endif
| #ifdef HAVE_STRING_H
| # if !defined STDC_HEADERS && defined HAVE_MEMORY_H
| #  include <memory.h>
| # endif
| # include <string.h>
| #endif
| #ifdef HAVE_STRINGS_H
| # include <strings.h>
| #endif
| #ifdef HAVE_INTTYPES_H
| # include <inttypes.h>
| #endif
| #ifdef HAVE_STDINT_H
| # include <stdint.h>
| #endif
| #ifdef HAVE_UNISTD_H
| # include <unistd.h>
| #endif
| int
| main ()
| {
| if (sizeof ((pid_t)))
| 	    return 0;
|   ;
|   return 0;
| }
configure:6233: result: yes
configure:6246: checking vfork.h usability
configure:6246: gcc -c  -O2   conftest.c >&5
conftest.c:71:19: error: vfork.h: No such file or directory
configure:6246: $? = 1
configure: failed program was:
| /* confdefs.h */
| #define PACKAGE_NAME "Iperf"
| #define PACKAGE_TARNAME "iperf"
| #define PACKAGE_VERSION "2.0.4"
| #define PACKAGE_STRING "Iperf 2.0.4"
| #define PACKAGE_BUGREPORT ""
| #define PACKAGE_URL ""
| #define PACKAGE "iperf"
| #define VERSION "2.0.4"
| #define HAVE_PTHREAD 1
| #define HAVE_POSIX_THREAD 1
| #define _REENTRANT 1
| #define STDC_HEADERS 1
| #define HAVE_SYS_TYPES_H 1
| #define HAVE_SYS_STAT_H 1
| #define HAVE_STDLIB_H 1
| #define HAVE_STRING_H 1
| #define HAVE_MEMORY_H 1
| #define HAVE_STRINGS_H 1
| #define HAVE_INTTYPES_H 1
| #define HAVE_STDINT_H 1
| #define HAVE_UNISTD_H 1
| #define HAVE_ARPA_INET_H 1
| #define HAVE_LIBINTL_H 1
| #define HAVE_NETDB_H 1
| #define HAVE_NETINET_IN_H 1
| #define HAVE_STDLIB_H 1
| #define HAVE_STRING_H 1
| #define HAVE_STRINGS_H 1
| #define HAVE_SYS_SOCKET_H 1
| #define HAVE_SYS_TIME_H 1
| #define HAVE_SYSLOG_H 1
| #define HAVE_UNISTD_H 1
| #define HAVE_SSIZE_T 1
| #define TIME_WITH_SYS_TIME 1
| #define Socklen_t socklen_t
| /* end confdefs.h.  */
| #include <stdio.h>
| #ifdef HAVE_SYS_TYPES_H
| # include <sys/types.h>
| #endif
| #ifdef HAVE_SYS_STAT_H
| # include <sys/stat.h>
| #endif
| #ifdef STDC_HEADERS
| # include <stdlib.h>
| # include <stddef.h>
| #else
| # ifdef HAVE_STDLIB_H
| #  include <stdlib.h>
| # endif
| #endif
| #ifdef HAVE_STRING_H
| # if !defined STDC_HEADERS && defined HAVE_MEMORY_H
| #  include <memory.h>
| # endif
| # include <string.h>
| #endif
| #ifdef HAVE_STRINGS_H
| # include <strings.h>
| #endif
| #ifdef HAVE_INTTYPES_H
| # include <inttypes.h>
| #endif
| #ifdef HAVE_STDINT_H
| # include <stdint.h>
| #endif
| #ifdef HAVE_UNISTD_H
| # include <unistd.h>
| #endif
| #include <vfork.h>
configure:6246: result: no
configure:6246: checking vfork.h presence
configure:6246: gcc -E  conftest.c
conftest.c:38:19: error: vfork.h: No such file or directory
configure:6246: $? = 1
configure: failed program was:
| /* confdefs.h */
| #define PACKAGE_NAME "Iperf"
| #define PACKAGE_TARNAME "iperf"
| #define PACKAGE_VERSION "2.0.4"
| #define PACKAGE_STRING "Iperf 2.0.4"
| #define PACKAGE_BUGREPORT ""
| #define PACKAGE_URL ""
| #define PACKAGE "iperf"
| #define VERSION "2.0.4"
| #define HAVE_PTHREAD 1
| #define HAVE_POSIX_THREAD 1
| #define _REENTRANT 1
| #define STDC_HEADERS 1
| #define HAVE_SYS_TYPES_H 1
| #define HAVE_SYS_STAT_H 1
| #define HAVE_STDLIB_H 1
| #define HAVE_STRING_H 1
| #define HAVE_MEMORY_H 1
| #define HAVE_STRINGS_H 1
| #define HAVE_INTTYPES_H 1
| #define HAVE_STDINT_H 1
| #define HAVE_UNISTD_H 1
| #define HAVE_ARPA_INET_H 1
| #define HAVE_LIBINTL_H 1
| #define HAVE_NETDB_H 1
| #define HAVE_NETINET_IN_H 1
| #define HAVE_STDLIB_H 1
| #define HAVE_STRING_H 1
| #define HAVE_STRINGS_H 1
| #define HAVE_SYS_SOCKET_H 1
| #define HAVE_SYS_TIME_H 1
| #define HAVE_SYSLOG_H 1
| #define HAVE_UNISTD_H 1
| #define HAVE_SSIZE_T 1
| #define TIME_WITH_SYS_TIME 1
| #define Socklen_t socklen_t
| /* end confdefs.h.  */
| #include <vfork.h>
configure:6246: result: no
configure:6246: checking for vfork.h
configure:6246: result: no
configure:6259: checking for fork
configure:6259: gcc -o conftest  -O2    conftest.c  >&5
conftest.c:61: warning: conflicting types for built-in function 'fork'
configure:6259: $? = 0
configure:6259: result: yes
configure:6259: checking for vfork
configure:6259: gcc -o conftest  -O2    conftest.c  >&5
configure:6259: $? = 0
configure:6259: result: yes
configure:6270: checking for working fork
configure:6292: gcc -o conftest  -O2    conftest.c  >&5
configure:6292: $? = 0
configure:6292: ./conftest
configure:6292: $? = 0
configure:6302: result: yes
configure:6323: checking for working vfork
configure:6433: result: yes
configure:6460: checking for stdlib.h
configure:6460: result: yes
configure:6470: checking for GNU libc compatible malloc
configure:6494: gcc -o conftest  -O2    conftest.c  >&5
configure:6494: $? = 0
configure:6494: ./conftest
configure:6494: $? = 0
configure:6504: result: yes
configure:6525: checking for working memcmp
configure:6568: gcc -o conftest  -O2    conftest.c  >&5
configure:6568: $? = 0
configure:6568: ./conftest
configure:6568: $? = 0
configure:6578: result: yes
configure:6590: checking sys/select.h usability
configure:6590: gcc -c  -O2   conftest.c >&5
configure:6590: $? = 0
configure:6590: result: yes
configure:6590: checking sys/select.h presence
configure:6590: gcc -E  conftest.c
configure:6590: $? = 0
configure:6590: result: yes
configure:6590: checking for sys/select.h
configure:6590: result: yes
configure:6590: checking for sys/socket.h
configure:6590: result: yes
configure:6601: checking types of arguments for select
configure:6629: gcc -c  -O2   conftest.c >&5
configure:6629: $? = 0
configure:6640: result: int,fd_set *,struct timeval *
configure:6663: checking return type of signal handlers
configure:6681: gcc -c  -O2   conftest.c >&5
conftest.c: In function 'main':
conftest.c:55: error: void value not ignored as it ought to be
configure:6681: $? = 1
configure: failed program was:
| /* confdefs.h */
| #define PACKAGE_NAME "Iperf"
| #define PACKAGE_TARNAME "iperf"
| #define PACKAGE_VERSION "2.0.4"
| #define PACKAGE_STRING "Iperf 2.0.4"
| #define PACKAGE_BUGREPORT ""
| #define PACKAGE_URL ""
| #define PACKAGE "iperf"
| #define VERSION "2.0.4"
| #define HAVE_PTHREAD 1
| #define HAVE_POSIX_THREAD 1
| #define _REENTRANT 1
| #define STDC_HEADERS 1
| #define HAVE_SYS_TYPES_H 1
| #define HAVE_SYS_STAT_H 1
| #define HAVE_STDLIB_H 1
| #define HAVE_STRING_H 1
| #define HAVE_MEMORY_H 1
| #define HAVE_STRINGS_H 1
| #define HAVE_INTTYPES_H 1
| #define HAVE_STDINT_H 1
| #define HAVE_UNISTD_H 1
| #define HAVE_ARPA_INET_H 1
| #define HAVE_LIBINTL_H 1
| #define HAVE_NETDB_H 1
| #define HAVE_NETINET_IN_H 1
| #define HAVE_STDLIB_H 1
| #define HAVE_STRING_H 1
| #define HAVE_STRINGS_H 1
| #define HAVE_SYS_SOCKET_H 1
| #define HAVE_SYS_TIME_H 1
| #define HAVE_SYSLOG_H 1
| #define HAVE_UNISTD_H 1
| #define HAVE_SSIZE_T 1
| #define TIME_WITH_SYS_TIME 1
| #define Socklen_t socklen_t
| #define HAVE_FORK 1
| #define HAVE_VFORK 1
| #define HAVE_WORKING_VFORK 1
| #define HAVE_WORKING_FORK 1
| #define HAVE_STDLIB_H 1
| #define HAVE_MALLOC 1
| #define HAVE_SYS_SELECT_H 1
| #define HAVE_SYS_SOCKET_H 1
| #define SELECT_TYPE_ARG1 int
| #define SELECT_TYPE_ARG234 (fd_set *)
| #define SELECT_TYPE_ARG5 (struct timeval *)
| /* end confdefs.h.  */
| #include <sys/types.h>
| #include <signal.h>
| 
| int
| main ()
| {
| return *(signal (0, 0)) (0) == 1;
|   ;
|   return 0;
| }
configure:6688: result: void
configure:6698: checking for strftime
configure:6698: gcc -o conftest  -O2    conftest.c  >&5
conftest.c:73: warning: conflicting types for built-in function 'strftime'
configure:6698: $? = 0
configure:6698: result: yes
configure:6753: checking for vprintf
configure:6753: gcc -o conftest  -O2    conftest.c  >&5
conftest.c:74: warning: conflicting types for built-in function 'vprintf'
configure:6753: $? = 0
configure:6753: result: yes
configure:6759: checking for _doprnt
configure:6759: gcc -o conftest  -O2    conftest.c  >&5
/tmp/ccg08cQZ.o: In function `main':
conftest.c:(.text+0x12): undefined reference to `_doprnt'
collect2: ld returned 1 exit status
configure:6759: $? = 1
configure: failed program was:
| /* confdefs.h */
| #define PACKAGE_NAME "Iperf"
| #define PACKAGE_TARNAME "iperf"
| #define PACKAGE_VERSION "2.0.4"
| #define PACKAGE_STRING "Iperf 2.0.4"
| #define PACKAGE_BUGREPORT ""
| #define PACKAGE_URL ""
| #define PACKAGE "iperf"
| #define VERSION "2.0.4"
| #define HAVE_PTHREAD 1
| #define HAVE_POSIX_THREAD 1
| #define _REENTRANT 1
| #define STDC_HEADERS 1
| #define HAVE_SYS_TYPES_H 1
| #define HAVE_SYS_STAT_H 1
| #define HAVE_STDLIB_H 1
| #define HAVE_STRING_H 1
| #define HAVE_MEMORY_H 1
| #define HAVE_STRINGS_H 1
| #define HAVE_INTTYPES_H 1
| #define HAVE_STDINT_H 1
| #define HAVE_UNISTD_H 1
| #define HAVE_ARPA_INET_H 1
| #define HAVE_LIBINTL_H 1
| #define HAVE_NETDB_H 1
| #define HAVE_NETINET_IN_H 1
| #define HAVE_STDLIB_H 1
| #define HAVE_STRING_H 1
| #define HAVE_STRINGS_H 1
| #define HAVE_SYS_SOCKET_H 1
| #define HAVE_SYS_TIME_H 1
| #define HAVE_SYSLOG_H 1
| #define HAVE_UNISTD_H 1
| #define HAVE_SSIZE_T 1
| #define TIME_WITH_SYS_TIME 1
| #define Socklen_t socklen_t
| #define HAVE_FORK 1
| #define HAVE_VFORK 1
| #define HAVE_WORKING_VFORK 1
| #define HAVE_WORKING_FORK 1
| #define HAVE_STDLIB_H 1
| #define HAVE_MALLOC 1
| #define HAVE_SYS_SELECT_H 1
| #define HAVE_SYS_SOCKET_H 1
| #define SELECT_TYPE_ARG1 int
| #define SELECT_TYPE_ARG234 (fd_set *)
| #define SELECT_TYPE_ARG5 (struct timeval *)
| #define RETSIGTYPE void
| #define HAVE_STRFTIME 1
| #define HAVE_VPRINTF 1
| /* end confdefs.h.  */
| /* Define _doprnt to an innocuous variant, in case <limits.h> declares _doprnt.
|    For example, HP-UX 11i <limits.h> declares gettimeofday.  */
| #define _doprnt innocuous__doprnt
| 
| /* System header to define __stub macros and hopefully few prototypes,
|     which can conflict with char _doprnt (); below.
|     Prefer <limits.h> to <assert.h> if __STDC__ is defined, since
|     <limits.h> exists even on freestanding compilers.  */
| 
| #ifdef __STDC__
| # include <limits.h>
| #else
| # include <assert.h>
| #endif
| 
| #undef _doprnt
| 
| /* Override any GCC internal prototype to avoid an error.
|    Use char because int might match the return type of a GCC
|    builtin and then its argument prototype would still apply.  */
| #ifdef __cplusplus
| extern "C"
| #endif
| char _doprnt ();
| /* The GNU C library defines this for functions which it implements
|     to always fail with ENOSYS.  Some functions are actually named
|     something starting with __ and the normal name is an alias.  */
| #if defined __stub__doprnt || defined __stub____doprnt
| choke me
| #endif
| 
| int
| main ()
| {
| return _doprnt ();
|   ;
|   return 0;
| }
configure:6759: result: no
configure:6773: checking for atexit
configure:6773: gcc -o conftest  -O2    conftest.c  >&5
configure:6773: $? = 0
configure:6773: result: yes
configure:6773: checking for gettimeofday
configure:6773: gcc -o conftest  -O2    conftest.c  >&5
configure:6773: $? = 0
configure:6773: result: yes
configure:6773: checking for memset
configure:6773: gcc -o conftest  -O2    conftest.c  >&5
conftest.c:77: warning: conflicting types for built-in function 'memset'
configure:6773: $? = 0
configure:6773: result: yes
configure:6773: checking for pthread_cancel
configure:6773: gcc -o conftest  -O2    conftest.c  >&5
/tmp/cckYz2wt.o: In function `main':
conftest.c:(.text+0x12): undefined reference to `pthread_cancel'
collect2: ld returned 1 exit status
configure:6773: $? = 1
configure: failed program was:
| /* confdefs.h */
| #define PACKAGE_NAME "Iperf"
| #define PACKAGE_TARNAME "iperf"
| #define PACKAGE_VERSION "2.0.4"
| #define PACKAGE_STRING "Iperf 2.0.4"
| #define PACKAGE_BUGREPORT ""
| #define PACKAGE_URL ""
| #define PACKAGE "iperf"
| #define VERSION "2.0.4"
| #define HAVE_PTHREAD 1
| #define HAVE_POSIX_THREAD 1
| #define _REENTRANT 1
| #define STDC_HEADERS 1
| #define HAVE_SYS_TYPES_H 1
| #define HAVE_SYS_STAT_H 1
| #define HAVE_STDLIB_H 1
| #define HAVE_STRING_H 1
| #define HAVE_MEMORY_H 1
| #define HAVE_STRINGS_H 1
| #define HAVE_INTTYPES_H 1
| #define HAVE_STDINT_H 1
| #define HAVE_UNISTD_H 1
| #define HAVE_ARPA_INET_H 1
| #define HAVE_LIBINTL_H 1
| #define HAVE_NETDB_H 1
| #define HAVE_NETINET_IN_H 1
| #define HAVE_STDLIB_H 1
| #define HAVE_STRING_H 1
| #define HAVE_STRINGS_H 1
| #define HAVE_SYS_SOCKET_H 1
| #define HAVE_SYS_TIME_H 1
| #define HAVE_SYSLOG_H 1
| #define HAVE_UNISTD_H 1
| #define HAVE_SSIZE_T 1
| #define TIME_WITH_SYS_TIME 1
| #define Socklen_t socklen_t
| #define HAVE_FORK 1
| #define HAVE_VFORK 1
| #define HAVE_WORKING_VFORK 1
| #define HAVE_WORKING_FORK 1
| #define HAVE_STDLIB_H 1
| #define HAVE_MALLOC 1
| #define HAVE_SYS_SELECT_H 1
| #define HAVE_SYS_SOCKET_H 1
| #define SELECT_TYPE_ARG1 int
| #define SELECT_TYPE_ARG234 (fd_set *)
| #define SELECT_TYPE_ARG5 (struct timeval *)
| #define RETSIGTYPE void
| #define HAVE_STRFTIME 1
| #define HAVE_VPRINTF 1
| #define HAVE_ATEXIT 1
| #define HAVE_GETTIMEOFDAY 1
| #define HAVE_MEMSET 1
| /* end confdefs.h.  */
| /* Define pthread_cancel to an innocuous variant, in case <limits.h> declares pthread_cancel.
|    For example, HP-UX 11i <limits.h> declares gettimeofday.  */
| #define pthread_cancel innocuous_pthread_cancel
| 
| /* System header to define __stub macros and hopefully few prototypes,
|     which can conflict with char pthread_cancel (); below.
|     Prefer <limits.h> to <assert.h> if __STDC__ is defined, since
|     <limits.h> exists even on freestanding compilers.  */
| 
| #ifdef __STDC__
| # include <limits.h>
| #else
| # include <assert.h>
| #endif
| 
| #undef pthread_cancel
| 
| /* Override any GCC internal prototype to avoid an error.
|    Use char because int might match the return type of a GCC
|    builtin and then its argument prototype would still apply.  */
| #ifdef __cplusplus
| extern "C"
| #endif
| char pthread_cancel ();
| /* The GNU C library defines this for functions which it implements
|     to always fail with ENOSYS.  Some functions are actually named
|     something starting with __ and the normal name is an alias.  */
| #if defined __stub_pthread_cancel || defined __stub___pthread_cancel
| choke me
| #endif
| 
| int
| main ()
| {
| return pthread_cancel ();
|   ;
|   return 0;
| }
configure:6773: result: no
configure:6773: checking for select
configure:6773: gcc -o conftest  -O2    conftest.c  >&5
configure:6773: $? = 0
configure:6773: result: yes
configure:6773: checking for strchr
configure:6773: gcc -o conftest  -O2    conftest.c  >&5
conftest.c:79: warning: conflicting types for built-in function 'strchr'
configure:6773: $? = 0
configure:6773: result: yes
configure:6773: checking for strerror
configure:6773: gcc -o conftest  -O2    conftest.c  >&5
configure:6773: $? = 0
configure:6773: result: yes
configure:6773: checking for strtol
configure:6773: gcc -o conftest  -O2    conftest.c  >&5
configure:6773: $? = 0
configure:6773: result: yes
configure:6773: checking for usleep
configure:6773: gcc -o conftest  -O2    conftest.c  >&5
configure:6773: $? = 0
configure:6773: result: yes
configure:6786: checking for snprintf
configure:6786: gcc -o conftest  -O2    conftest.c  >&5
conftest.c:83: warning: conflicting types for built-in function 'snprintf'
configure:6786: $? = 0
configure:6786: result: yes
configure:6786: checking for inet_pton
configure:6786: gcc -o conftest  -O2    conftest.c  >&5
configure:6786: $? = 0
configure:6786: result: yes
configure:6786: checking for inet_ntop
configure:6786: gcc -o conftest  -O2    conftest.c  >&5
configure:6786: $? = 0
configure:6786: result: yes
configure:6786: checking for gettimeofday
configure:6786: result: yes
configure:6809: checking *printf() support for %lld
configure:6826: gcc -o conftest  -O2    conftest.c  >&5
configure:6826: $? = 0
configure:6826: ./conftest
configure:6826: $? = 0
configure:6828: result: yes
configure:6892: checking size of bool
configure:6897: gcc -o conftest  -O2    conftest.c  >&5
conftest.c: In function 'longval':
conftest.c:98: error: 'bool' undeclared (first use in this function)
conftest.c:98: error: (Each undeclared identifier is reported only once
conftest.c:98: error: for each function it appears in.)
conftest.c: In function 'ulongval':
conftest.c:99: error: 'bool' undeclared (first use in this function)
conftest.c: In function 'main':
conftest.c:109: error: 'bool' undeclared (first use in this function)
configure:6897: $? = 1
configure: program exited with status 1
configure: failed program was:
| /* confdefs.h */
| #define PACKAGE_NAME "Iperf"
| #define PACKAGE_TARNAME "iperf"
| #define PACKAGE_VERSION "2.0.4"
| #define PACKAGE_STRING "Iperf 2.0.4"
| #define PACKAGE_BUGREPORT ""
| #define PACKAGE_URL ""
| #define PACKAGE "iperf"
| #define VERSION "2.0.4"
| #define HAVE_PTHREAD 1
| #define HAVE_POSIX_THREAD 1
| #define _REENTRANT 1
| #define STDC_HEADERS 1
| #define HAVE_SYS_TYPES_H 1
| #define HAVE_SYS_STAT_H 1
| #define HAVE_STDLIB_H 1
| #define HAVE_STRING_H 1
| #define HAVE_MEMORY_H 1
| #define HAVE_STRINGS_H 1
| #define HAVE_INTTYPES_H 1
| #define HAVE_STDINT_H 1
| #define HAVE_UNISTD_H 1
| #define HAVE_ARPA_INET_H 1
| #define HAVE_LIBINTL_H 1
| #define HAVE_NETDB_H 1
| #define HAVE_NETINET_IN_H 1
| #define HAVE_STDLIB_H 1
| #define HAVE_STRING_H 1
| #define HAVE_STRINGS_H 1
| #define HAVE_SYS_SOCKET_H 1
| #define HAVE_SYS_TIME_H 1
| #define HAVE_SYSLOG_H 1
| #define HAVE_UNISTD_H 1
| #define HAVE_SSIZE_T 1
| #define TIME_WITH_SYS_TIME 1
| #define Socklen_t socklen_t
| #define HAVE_FORK 1
| #define HAVE_VFORK 1
| #define HAVE_WORKING_VFORK 1
| #define HAVE_WORKING_FORK 1
| #define HAVE_STDLIB_H 1
| #define HAVE_MALLOC 1
| #define HAVE_SYS_SELECT_H 1
| #define HAVE_SYS_SOCKET_H 1
| #define SELECT_TYPE_ARG1 int
| #define SELECT_TYPE_ARG234 (fd_set *)
| #define SELECT_TYPE_ARG5 (struct timeval *)
| #define RETSIGTYPE void
| #define HAVE_STRFTIME 1
| #define HAVE_VPRINTF 1
| #define HAVE_ATEXIT 1
| #define HAVE_GETTIMEOFDAY 1
| #define HAVE_MEMSET 1
| #define HAVE_SELECT 1
| #define HAVE_STRCHR 1
| #define HAVE_STRERROR 1
| #define HAVE_STRTOL 1
| #define HAVE_USLEEP 1
| #define HAVE_SNPRINTF 1
| #define HAVE_INET_PTON 1
| #define HAVE_INET_NTOP 1
| #define HAVE_GETTIMEOFDAY 1
| #define HAVE_QUAD_SUPPORT 1
| /* end confdefs.h.  */
| #include <stdio.h>
| #ifdef HAVE_SYS_TYPES_H
| # include <sys/types.h>
| #endif
| #ifdef HAVE_SYS_STAT_H
| # include <sys/stat.h>
| #endif
| #ifdef STDC_HEADERS
| # include <stdlib.h>
| # include <stddef.h>
| #else
| # ifdef HAVE_STDLIB_H
| #  include <stdlib.h>
| # endif
| #endif
| #ifdef HAVE_STRING_H
| # if !defined STDC_HEADERS && defined HAVE_MEMORY_H
| #  include <memory.h>
| # endif
| # include <string.h>
| #endif
| #ifdef HAVE_STRINGS_H
| # include <strings.h>
| #endif
| #ifdef HAVE_INTTYPES_H
| # include <inttypes.h>
| #endif
| #ifdef HAVE_STDINT_H
| # include <stdint.h>
| #endif
| #ifdef HAVE_UNISTD_H
| # include <unistd.h>
| #endif
| static long int longval () { return (long int) (sizeof (bool)); }
| static unsigned long int ulongval () { return (long int) (sizeof (bool)); }
| #include <stdio.h>
| #include <stdlib.h>
| int
| main ()
| {
| 
|   FILE *f = fopen ("conftest.val", "w");
|   if (! f)
|     return 1;
|   if (((long int) (sizeof (bool))) < 0)
|     {
|       long int i = longval ();
|       if (i != ((long int) (sizeof (bool))))
| 	return 1;
|       fprintf (f, "%ld", i);
|     }
|   else
|     {
|       unsigned long int i = ulongval ();
|       if (i != ((long int) (sizeof (bool))))
| 	return 1;
|       fprintf (f, "%lu", i);
|     }
|   /* Do not output a trailing newline, as this causes \r\n confusion
|      on some platforms.  */
|   return ferror (f) || fclose (f) != 0;
| 
|   ;
|   return 0;
| }
configure:6912: result: 0
configure:6927: checking if true is defined
configure:6950: g++ -c  -O2   conftest.cpp >&5
configure:6950: $? = 0
configure:6964: result: yes
configure:6976: checking whether byte ordering is bigendian
configure:6991: gcc -c  -O2   conftest.c >&5
conftest.c:68: error: expected '=', ',', ';', 'asm' or '__attribute__' before 'a'
configure:6991: $? = 1
configure: failed program was:
| /* confdefs.h */
| #define PACKAGE_NAME "Iperf"
| #define PACKAGE_TARNAME "iperf"
| #define PACKAGE_VERSION "2.0.4"
| #define PACKAGE_STRING "Iperf 2.0.4"
| #define PACKAGE_BUGREPORT ""
| #define PACKAGE_URL ""
| #define PACKAGE "iperf"
| #define VERSION "2.0.4"
| #define HAVE_PTHREAD 1
| #define HAVE_POSIX_THREAD 1
| #define _REENTRANT 1
| #define STDC_HEADERS 1
| #define HAVE_SYS_TYPES_H 1
| #define HAVE_SYS_STAT_H 1
| #define HAVE_STDLIB_H 1
| #define HAVE_STRING_H 1
| #define HAVE_MEMORY_H 1
| #define HAVE_STRINGS_H 1
| #define HAVE_INTTYPES_H 1
| #define HAVE_STDINT_H 1
| #define HAVE_UNISTD_H 1
| #define HAVE_ARPA_INET_H 1
| #define HAVE_LIBINTL_H 1
| #define HAVE_NETDB_H 1
| #define HAVE_NETINET_IN_H 1
| #define HAVE_STDLIB_H 1
| #define HAVE_STRING_H 1
| #define HAVE_STRINGS_H 1
| #define HAVE_SYS_SOCKET_H 1
| #define HAVE_SYS_TIME_H 1
| #define HAVE_SYSLOG_H 1
| #define HAVE_UNISTD_H 1
| #define HAVE_SSIZE_T 1
| #define TIME_WITH_SYS_TIME 1
| #define Socklen_t socklen_t
| #define HAVE_FORK 1
| #define HAVE_VFORK 1
| #define HAVE_WORKING_VFORK 1
| #define HAVE_WORKING_FORK 1
| #define HAVE_STDLIB_H 1
| #define HAVE_MALLOC 1
| #define HAVE_SYS_SELECT_H 1
| #define HAVE_SYS_SOCKET_H 1
| #define SELECT_TYPE_ARG1 int
| #define SELECT_TYPE_ARG234 (fd_set *)
| #define SELECT_TYPE_ARG5 (struct timeval *)
| #define RETSIGTYPE void
| #define HAVE_STRFTIME 1
| #define HAVE_VPRINTF 1
| #define HAVE_ATEXIT 1
| #define HAVE_GETTIMEOFDAY 1
| #define HAVE_MEMSET 1
| #define HAVE_SELECT 1
| #define HAVE_STRCHR 1
| #define HAVE_STRERROR 1
| #define HAVE_STRTOL 1
| #define HAVE_USLEEP 1
| #define HAVE_SNPRINTF 1
| #define HAVE_INET_PTON 1
| #define HAVE_INET_NTOP 1
| #define HAVE_GETTIMEOFDAY 1
| #define HAVE_QUAD_SUPPORT 1
| #define SIZEOF_BOOL 0
| #define bool int
| /* end confdefs.h.  */
| #ifndef __APPLE_CC__
| 	       not a universal capable compiler
| 	     #endif
| 	     typedef int dummy;
| 
configure:7036: gcc -c  -O2   conftest.c >&5
configure:7036: $? = 0
configure:7054: gcc -c  -O2   conftest.c >&5
conftest.c: In function 'main':
conftest.c:74: error: 'not' undeclared (first use in this function)
conftest.c:74: error: (Each undeclared identifier is reported only once
conftest.c:74: error: for each function it appears in.)
conftest.c:74: error: expected ';' before 'big'
configure:7054: $? = 1
configure: failed program was:
| /* confdefs.h */
| #define PACKAGE_NAME "Iperf"
| #define PACKAGE_TARNAME "iperf"
| #define PACKAGE_VERSION "2.0.4"
| #define PACKAGE_STRING "Iperf 2.0.4"
| #define PACKAGE_BUGREPORT ""
| #define PACKAGE_URL ""
| #define PACKAGE "iperf"
| #define VERSION "2.0.4"
| #define HAVE_PTHREAD 1
| #define HAVE_POSIX_THREAD 1
| #define _REENTRANT 1
| #define STDC_HEADERS 1
| #define HAVE_SYS_TYPES_H 1
| #define HAVE_SYS_STAT_H 1
| #define HAVE_STDLIB_H 1
| #define HAVE_STRING_H 1
| #define HAVE_MEMORY_H 1
| #define HAVE_STRINGS_H 1
| #define HAVE_INTTYPES_H 1
| #define HAVE_STDINT_H 1
| #define HAVE_UNISTD_H 1
| #define HAVE_ARPA_INET_H 1
| #define HAVE_LIBINTL_H 1
| #define HAVE_NETDB_H 1
| #define HAVE_NETINET_IN_H 1
| #define HAVE_STDLIB_H 1
| #define HAVE_STRING_H 1
| #define HAVE_STRINGS_H 1
| #define HAVE_SYS_SOCKET_H 1
| #define HAVE_SYS_TIME_H 1
| #define HAVE_SYSLOG_H 1
| #define HAVE_UNISTD_H 1
| #define HAVE_SSIZE_T 1
| #define TIME_WITH_SYS_TIME 1
| #define Socklen_t socklen_t
| #define HAVE_FORK 1
| #define HAVE_VFORK 1
| #define HAVE_WORKING_VFORK 1
| #define HAVE_WORKING_FORK 1
| #define HAVE_STDLIB_H 1
| #define HAVE_MALLOC 1
| #define HAVE_SYS_SELECT_H 1
| #define HAVE_SYS_SOCKET_H 1
| #define SELECT_TYPE_ARG1 int
| #define SELECT_TYPE_ARG234 (fd_set *)
| #define SELECT_TYPE_ARG5 (struct timeval *)
| #define RETSIGTYPE void
| #define HAVE_STRFTIME 1
| #define HAVE_VPRINTF 1
| #define HAVE_ATEXIT 1
| #define HAVE_GETTIMEOFDAY 1
| #define HAVE_MEMSET 1
| #define HAVE_SELECT 1
| #define HAVE_STRCHR 1
| #define HAVE_STRERROR 1
| #define HAVE_STRTOL 1
| #define HAVE_USLEEP 1
| #define HAVE_SNPRINTF 1
| #define HAVE_INET_PTON 1
| #define HAVE_INET_NTOP 1
| #define HAVE_GETTIMEOFDAY 1
| #define HAVE_QUAD_SUPPORT 1
| #define SIZEOF_BOOL 0
| #define bool int
| /* end confdefs.h.  */
| #include <sys/types.h>
| 		#include <sys/param.h>
| 
| int
| main ()
| {
| #if BYTE_ORDER != BIG_ENDIAN
| 		 not big endian
| 		#endif
| 
|   ;
|   return 0;
| }
configure:7182: result: no
configure:7203: checking for struct ip_mreq
configure:7203: gcc -c  -O2   conftest.c >&5
configure:7203: $? = 0
configure:7203: gcc -c  -O2   conftest.c >&5
conftest.c: In function 'main':
conftest.c:72: error: expected expression before ')' token
configure:7203: $? = 1
configure: failed program was:
| /* confdefs.h */
| #define PACKAGE_NAME "Iperf"
| #define PACKAGE_TARNAME "iperf"
| #define PACKAGE_VERSION "2.0.4"
| #define PACKAGE_STRING "Iperf 2.0.4"
| #define PACKAGE_BUGREPORT ""
| #define PACKAGE_URL ""
| #define PACKAGE "iperf"
| #define VERSION "2.0.4"
| #define HAVE_PTHREAD 1
| #define HAVE_POSIX_THREAD 1
| #define _REENTRANT 1
| #define STDC_HEADERS 1
| #define HAVE_SYS_TYPES_H 1
| #define HAVE_SYS_STAT_H 1
| #define HAVE_STDLIB_H 1
| #define HAVE_STRING_H 1
| #define HAVE_MEMORY_H 1
| #define HAVE_STRINGS_H 1
| #define HAVE_INTTYPES_H 1
| #define HAVE_STDINT_H 1
| #define HAVE_UNISTD_H 1
| #define HAVE_ARPA_INET_H 1
| #define HAVE_LIBINTL_H 1
| #define HAVE_NETDB_H 1
| #define HAVE_NETINET_IN_H 1
| #define HAVE_STDLIB_H 1
| #define HAVE_STRING_H 1
| #define HAVE_STRINGS_H 1
| #define HAVE_SYS_SOCKET_H 1
| #define HAVE_SYS_TIME_H 1
| #define HAVE_SYSLOG_H 1
| #define HAVE_UNISTD_H 1
| #define HAVE_SSIZE_T 1
| #define TIME_WITH_SYS_TIME 1
| #define Socklen_t socklen_t
| #define HAVE_FORK 1
| #define HAVE_VFORK 1
| #define HAVE_WORKING_VFORK 1
| #define HAVE_WORKING_FORK 1
| #define HAVE_STDLIB_H 1
| #define HAVE_MALLOC 1
| #define HAVE_SYS_SELECT_H 1
| #define HAVE_SYS_SOCKET_H 1
| #define SELECT_TYPE_ARG1 int
| #define SELECT_TYPE_ARG234 (fd_set *)
| #define SELECT_TYPE_ARG5 (struct timeval *)
| #define RETSIGTYPE void
| #define HAVE_STRFTIME 1
| #define HAVE_VPRINTF 1
| #define HAVE_ATEXIT 1
| #define HAVE_GETTIMEOFDAY 1
| #define HAVE_MEMSET 1
| #define HAVE_SELECT 1
| #define HAVE_STRCHR 1
| #define HAVE_STRERROR 1
| #define HAVE_STRTOL 1
| #define HAVE_USLEEP 1
| #define HAVE_SNPRINTF 1
| #define HAVE_INET_PTON 1
| #define HAVE_INET_NTOP 1
| #define HAVE_GETTIMEOFDAY 1
| #define HAVE_QUAD_SUPPORT 1
| #define SIZEOF_BOOL 0
| #define bool int
| /* end confdefs.h.  */
| #include "compat/headers_slim.h"
| 
| int
| main ()
| {
| if (sizeof ((struct ip_mreq)))
| 	    return 0;
|   ;
|   return 0;
| }
configure:7203: result: yes
configure:7214: checking whether IP_ADD_MEMBERSHIP is declared
configure:7214: gcc -c  -O2   conftest.c >&5
configure:7214: $? = 0
configure:7214: result: yes
configure:7226: checking for multicast support
configure:7234: result: yes
configure:7244: checking for struct sockaddr_storage
configure:7244: gcc -c  -O2   conftest.c >&5
configure:7244: $? = 0
configure:7244: gcc -c  -O2   conftest.c >&5
conftest.c: In function 'main':
conftest.c:75: error: expected expression before ')' token
configure:7244: $? = 1
configure: failed program was:
| /* confdefs.h */
| #define PACKAGE_NAME "Iperf"
| #define PACKAGE_TARNAME "iperf"
| #define PACKAGE_VERSION "2.0.4"
| #define PACKAGE_STRING "Iperf 2.0.4"
| #define PACKAGE_BUGREPORT ""
| #define PACKAGE_URL ""
| #define PACKAGE "iperf"
| #define VERSION "2.0.4"
| #define HAVE_PTHREAD 1
| #define HAVE_POSIX_THREAD 1
| #define _REENTRANT 1
| #define STDC_HEADERS 1
| #define HAVE_SYS_TYPES_H 1
| #define HAVE_SYS_STAT_H 1
| #define HAVE_STDLIB_H 1
| #define HAVE_STRING_H 1
| #define HAVE_MEMORY_H 1
| #define HAVE_STRINGS_H 1
| #define HAVE_INTTYPES_H 1
| #define HAVE_STDINT_H 1
| #define HAVE_UNISTD_H 1
| #define HAVE_ARPA_INET_H 1
| #define HAVE_LIBINTL_H 1
| #define HAVE_NETDB_H 1
| #define HAVE_NETINET_IN_H 1
| #define HAVE_STDLIB_H 1
| #define HAVE_STRING_H 1
| #define HAVE_STRINGS_H 1
| #define HAVE_SYS_SOCKET_H 1
| #define HAVE_SYS_TIME_H 1
| #define HAVE_SYSLOG_H 1
| #define HAVE_UNISTD_H 1
| #define HAVE_SSIZE_T 1
| #define TIME_WITH_SYS_TIME 1
| #define Socklen_t socklen_t
| #define HAVE_FORK 1
| #define HAVE_VFORK 1
| #define HAVE_WORKING_VFORK 1
| #define HAVE_WORKING_FORK 1
| #define HAVE_STDLIB_H 1
| #define HAVE_MALLOC 1
| #define HAVE_SYS_SELECT_H 1
| #define HAVE_SYS_SOCKET_H 1
| #define SELECT_TYPE_ARG1 int
| #define SELECT_TYPE_ARG234 (fd_set *)
| #define SELECT_TYPE_ARG5 (struct timeval *)
| #define RETSIGTYPE void
| #define HAVE_STRFTIME 1
| #define HAVE_VPRINTF 1
| #define HAVE_ATEXIT 1
| #define HAVE_GETTIMEOFDAY 1
| #define HAVE_MEMSET 1
| #define HAVE_SELECT 1
| #define HAVE_STRCHR 1
| #define HAVE_STRERROR 1
| #define HAVE_STRTOL 1
| #define HAVE_USLEEP 1
| #define HAVE_SNPRINTF 1
| #define HAVE_INET_PTON 1
| #define HAVE_INET_NTOP 1
| #define HAVE_GETTIMEOFDAY 1
| #define HAVE_QUAD_SUPPORT 1
| #define SIZEOF_BOOL 0
| #define bool int
| #define HAVE_STRUCT_IP_MREQ 1
| #define HAVE_DECL_IP_ADD_MEMBERSHIP 1
| #define HAVE_MULTICAST 1
| /* end confdefs.h.  */
| #include "compat/headers_slim.h"
| 
| int
| main ()
| {
| if (sizeof ((struct sockaddr_storage)))
| 	    return 0;
|   ;
|   return 0;
| }
configure:7244: result: yes
configure:7255: checking for struct sockaddr_in6
configure:7255: gcc -c  -O2   conftest.c >&5
configure:7255: $? = 0
configure:7255: gcc -c  -O2   conftest.c >&5
conftest.c: In function 'main':
conftest.c:76: error: expected expression before ')' token
configure:7255: $? = 1
configure: failed program was:
| /* confdefs.h */
| #define PACKAGE_NAME "Iperf"
| #define PACKAGE_TARNAME "iperf"
| #define PACKAGE_VERSION "2.0.4"
| #define PACKAGE_STRING "Iperf 2.0.4"
| #define PACKAGE_BUGREPORT ""
| #define PACKAGE_URL ""
| #define PACKAGE "iperf"
| #define VERSION "2.0.4"
| #define HAVE_PTHREAD 1
| #define HAVE_POSIX_THREAD 1
| #define _REENTRANT 1
| #define STDC_HEADERS 1
| #define HAVE_SYS_TYPES_H 1
| #define HAVE_SYS_STAT_H 1
| #define HAVE_STDLIB_H 1
| #define HAVE_STRING_H 1
| #define HAVE_MEMORY_H 1
| #define HAVE_STRINGS_H 1
| #define HAVE_INTTYPES_H 1
| #define HAVE_STDINT_H 1
| #define HAVE_UNISTD_H 1
| #define HAVE_ARPA_INET_H 1
| #define HAVE_LIBINTL_H 1
| #define HAVE_NETDB_H 1
| #define HAVE_NETINET_IN_H 1
| #define HAVE_STDLIB_H 1
| #define HAVE_STRING_H 1
| #define HAVE_STRINGS_H 1
| #define HAVE_SYS_SOCKET_H 1
| #define HAVE_SYS_TIME_H 1
| #define HAVE_SYSLOG_H 1
| #define HAVE_UNISTD_H 1
| #define HAVE_SSIZE_T 1
| #define TIME_WITH_SYS_TIME 1
| #define Socklen_t socklen_t
| #define HAVE_FORK 1
| #define HAVE_VFORK 1
| #define HAVE_WORKING_VFORK 1
| #define HAVE_WORKING_FORK 1
| #define HAVE_STDLIB_H 1
| #define HAVE_MALLOC 1
| #define HAVE_SYS_SELECT_H 1
| #define HAVE_SYS_SOCKET_H 1
| #define SELECT_TYPE_ARG1 int
| #define SELECT_TYPE_ARG234 (fd_set *)
| #define SELECT_TYPE_ARG5 (struct timeval *)
| #define RETSIGTYPE void
| #define HAVE_STRFTIME 1
| #define HAVE_VPRINTF 1
| #define HAVE_ATEXIT 1
| #define HAVE_GETTIMEOFDAY 1
| #define HAVE_MEMSET 1
| #define HAVE_SELECT 1
| #define HAVE_STRCHR 1
| #define HAVE_STRERROR 1
| #define HAVE_STRTOL 1
| #define HAVE_USLEEP 1
| #define HAVE_SNPRINTF 1
| #define HAVE_INET_PTON 1
| #define HAVE_INET_NTOP 1
| #define HAVE_GETTIMEOFDAY 1
| #define HAVE_QUAD_SUPPORT 1
| #define SIZEOF_BOOL 0
| #define bool int
| #define HAVE_STRUCT_IP_MREQ 1
| #define HAVE_DECL_IP_ADD_MEMBERSHIP 1
| #define HAVE_MULTICAST 1
| #define HAVE_STRUCT_SOCKADDR_STORAGE 1
| /* end confdefs.h.  */
| #include "compat/headers_slim.h"
| 
| int
| main ()
| {
| if (sizeof ((struct sockaddr_in6)))
| 	    return 0;
|   ;
|   return 0;
| }
configure:7255: result: yes
configure:7266: checking whether AF_INET6 is declared
configure:7266: gcc -c  -O2   conftest.c >&5
configure:7266: $? = 0
configure:7266: result: yes
configure:7278: checking for IPv6 headers and structures
configure:7291: result: yes
configure:7297: checking for struct ipv6_mreq
configure:7297: gcc -c  -O2   conftest.c >&5
configure:7297: $? = 0
configure:7297: gcc -c  -O2   conftest.c >&5
conftest.c: In function 'main':
conftest.c:79: error: expected expression before ')' token
configure:7297: $? = 1
configure: failed program was:
| /* confdefs.h */
| #define PACKAGE_NAME "Iperf"
| #define PACKAGE_TARNAME "iperf"
| #define PACKAGE_VERSION "2.0.4"
| #define PACKAGE_STRING "Iperf 2.0.4"
| #define PACKAGE_BUGREPORT ""
| #define PACKAGE_URL ""
| #define PACKAGE "iperf"
| #define VERSION "2.0.4"
| #define HAVE_PTHREAD 1
| #define HAVE_POSIX_THREAD 1
| #define _REENTRANT 1
| #define STDC_HEADERS 1
| #define HAVE_SYS_TYPES_H 1
| #define HAVE_SYS_STAT_H 1
| #define HAVE_STDLIB_H 1
| #define HAVE_STRING_H 1
| #define HAVE_MEMORY_H 1
| #define HAVE_STRINGS_H 1
| #define HAVE_INTTYPES_H 1
| #define HAVE_STDINT_H 1
| #define HAVE_UNISTD_H 1
| #define HAVE_ARPA_INET_H 1
| #define HAVE_LIBINTL_H 1
| #define HAVE_NETDB_H 1
| #define HAVE_NETINET_IN_H 1
| #define HAVE_STDLIB_H 1
| #define HAVE_STRING_H 1
| #define HAVE_STRINGS_H 1
| #define HAVE_SYS_SOCKET_H 1
| #define HAVE_SYS_TIME_H 1
| #define HAVE_SYSLOG_H 1
| #define HAVE_UNISTD_H 1
| #define HAVE_SSIZE_T 1
| #define TIME_WITH_SYS_TIME 1
| #define Socklen_t socklen_t
| #define HAVE_FORK 1
| #define HAVE_VFORK 1
| #define HAVE_WORKING_VFORK 1
| #define HAVE_WORKING_FORK 1
| #define HAVE_STDLIB_H 1
| #define HAVE_MALLOC 1
| #define HAVE_SYS_SELECT_H 1
| #define HAVE_SYS_SOCKET_H 1
| #define SELECT_TYPE_ARG1 int
| #define SELECT_TYPE_ARG234 (fd_set *)
| #define SELECT_TYPE_ARG5 (struct timeval *)
| #define RETSIGTYPE void
| #define HAVE_STRFTIME 1
| #define HAVE_VPRINTF 1
| #define HAVE_ATEXIT 1
| #define HAVE_GETTIMEOFDAY 1
| #define HAVE_MEMSET 1
| #define HAVE_SELECT 1
| #define HAVE_STRCHR 1
| #define HAVE_STRERROR 1
| #define HAVE_STRTOL 1
| #define HAVE_USLEEP 1
| #define HAVE_SNPRINTF 1
| #define HAVE_INET_PTON 1
| #define HAVE_INET_NTOP 1
| #define HAVE_GETTIMEOFDAY 1
| #define HAVE_QUAD_SUPPORT 1
| #define SIZEOF_BOOL 0
| #define bool int
| #define HAVE_STRUCT_IP_MREQ 1
| #define HAVE_DECL_IP_ADD_MEMBERSHIP 1
| #define HAVE_MULTICAST 1
| #define HAVE_STRUCT_SOCKADDR_STORAGE 1
| #define HAVE_STRUCT_SOCKADDR_IN6 1
| #define HAVE_DECL_AF_INET6 1
| #define HAVE_IPV6 1
| /* end confdefs.h.  */
| #include "compat/headers_slim.h"
| 
| int
| main ()
| {
| if (sizeof ((struct ipv6_mreq)))
| 	    return 0;
|   ;
|   return 0;
| }
configure:7297: result: yes
configure:7308: checking whether IPV6_ADD_MEMBERSHIP is declared
configure:7308: gcc -c  -O2   conftest.c >&5
configure:7308: $? = 0
configure:7308: result: yes
configure:7320: checking whether IPV6_MULTICAST_HOPS is declared
configure:7320: gcc -c  -O2   conftest.c >&5
configure:7320: $? = 0
configure:7320: result: yes
configure:7332: checking for IPv6 multicast support
configure:7345: result: yes
configure:7466: checking whether make is GNU make
configure:7473: result: yes
configure:7602: creating ./config.status

## ---------------- ##
## Cache variables. ##
## ---------------- ##

ac_cv_accept_arg=socklen_t
ac_cv_build=i686-pc-linux-gnu
ac_cv_c_bigendian=no
ac_cv_c_compiler_gnu=yes
ac_cv_c_const=yes
ac_cv_cxx_compiler_gnu=yes
ac_cv_env_CCC_set=
ac_cv_env_CCC_value=
ac_cv_env_CC_set=
ac_cv_env_CC_value=
ac_cv_env_CFLAGS_set=
ac_cv_env_CFLAGS_value=
ac_cv_env_CPPFLAGS_set=
ac_cv_env_CPPFLAGS_value=
ac_cv_env_CPP_set=
ac_cv_env_CPP_value=
ac_cv_env_CXXFLAGS_set=
ac_cv_env_CXXFLAGS_value=
ac_cv_env_CXX_set=
ac_cv_env_CXX_value=
ac_cv_env_LDFLAGS_set=
ac_cv_env_LDFLAGS_value=
ac_cv_env_LIBS_set=
ac_cv_env_LIBS_value=
ac_cv_env_build_alias_set=
ac_cv_env_build_alias_value=
ac_cv_env_host_alias_set=
ac_cv_env_host_alias_value=
ac_cv_env_target_alias_set=
ac_cv_env_target_alias_value=
ac_cv_func__doprnt=no
ac_cv_func_atexit=yes
ac_cv_func_fork=yes
ac_cv_func_fork_works=yes
ac_cv_func_gethostbyname=yes
ac_cv_func_gettimeofday=yes
ac_cv_func_inet_ntop=yes
ac_cv_func_inet_pton=yes
ac_cv_func_malloc_0_nonnull=yes
ac_cv_func_memcmp_working=yes
ac_cv_func_memset=yes
ac_cv_func_pthread_cancel=no
ac_cv_func_select=yes
ac_cv_func_select_args='int,fd_set *,struct timeval *'
ac_cv_func_snprintf=yes
ac_cv_func_socket=yes
ac_cv_func_strchr=yes
ac_cv_func_strerror=yes
ac_cv_func_strftime=yes
ac_cv_func_strtol=yes
ac_cv_func_usleep=yes
ac_cv_func_vfork=yes
ac_cv_func_vfork_works=yes
ac_cv_func_vprintf=yes
ac_cv_have_decl_AF_INET6=yes
ac_cv_have_decl_IPV6_ADD_MEMBERSHIP=yes
ac_cv_have_decl_IPV6_MULTICAST_HOPS=yes
ac_cv_have_decl_IP_ADD_MEMBERSHIP=yes
ac_cv_have_ipv6=yes
ac_cv_have_ipv6_multicast=yes
ac_cv_have_true=yes
ac_cv_header_arpa_inet_h=yes
ac_cv_header_inttypes_h=yes
ac_cv_header_libintl_h=yes
ac_cv_header_memory_h=yes
ac_cv_header_netdb_h=yes
ac_cv_header_netinet_in_h=yes
ac_cv_header_stdc=yes
ac_cv_header_stdint=stdint.h
ac_cv_header_stdint_h=yes
ac_cv_header_stdint_t=stdint.h
ac_cv_header_stdlib_h=yes
ac_cv_header_string_h=yes
ac_cv_header_strings_h=yes
ac_cv_header_sys_select_h=yes
ac_cv_header_sys_socket_h=yes
ac_cv_header_sys_stat_h=yes
ac_cv_header_sys_time_h=yes
ac_cv_header_sys_types_h=yes
ac_cv_header_syslog_h=yes
ac_cv_header_time=yes
ac_cv_header_unistd_h=yes
ac_cv_header_vfork_h=no
ac_cv_host=i686-pc-linux-gnu
ac_cv_lib_cposix_strerror=no
ac_cv_multicast=yes
ac_cv_objext=o
ac_cv_path_EGREP='/bin/grep -E'
ac_cv_path_GREP=/bin/grep
ac_cv_path_install='/usr/bin/install -c'
ac_cv_prog_AWK=gawk
ac_cv_prog_CPP='gcc -E'
ac_cv_prog_PTHREAD_CC=gcc
ac_cv_prog_ac_ct_CC=gcc
ac_cv_prog_ac_ct_CXX=g++
ac_cv_prog_ac_ct_RANLIB=ranlib
ac_cv_prog_cc_c89=
ac_cv_prog_cc_g=yes
ac_cv_prog_cxx_g=yes
ac_cv_prog_make_make_set=yes
ac_cv_sizeof_bool=0
ac_cv_stdint_message='using gnu compiler gcc (GCC) 4.1.3 20080704 (prerelease) (Ubuntu 4.1.2-27ubuntu1)'
ac_cv_stdint_result='(assuming C99 compatible system)'
ac_cv_struct_tm=time.h
ac_cv_type_pid_t=yes
ac_cv_type_signal=void
ac_cv_type_size_t=yes
ac_cv_type_ssize_t=yes
ac_cv_type_struct_ip_mreq=yes
ac_cv_type_struct_ipv6_mreq=yes
ac_cv_type_struct_sockaddr_in6=yes
ac_cv_type_struct_sockaddr_storage=yes
am_cv_CC_dependencies_compiler_type=gcc3
am_cv_CXX_dependencies_compiler_type=gcc3

## ----------------- ##
## Output variables. ##
## ----------------- ##

ACLOCAL='${SHELL} /home/blackdragon/env_pc018/ver14/public/package/iperf/src/missing --run aclocal-1.9'
AMDEPBACKSLASH='\'
AMDEP_FALSE='#'
AMDEP_TRUE=''
AMTAR='${SHELL} /home/blackdragon/env_pc018/ver14/public/package/iperf/src/missing --run tar'
AUTOCONF='${SHELL} /home/blackdragon/env_pc018/ver14/public/package/iperf/src/missing --run autoconf'
AUTOHEADER='${SHELL} /home/blackdragon/env_pc018/ver14/public/package/iperf/src/missing --run autoheader'
AUTOMAKE='${SHELL} /home/blackdragon/env_pc018/ver14/public/package/iperf/src/missing --run automake-1.9'
AWK='gawk'
CC='gcc'
CCDEPMODE='depmode=gcc3'
CFLAGS=' -O2 '
CPP='gcc -E'
CPPFLAGS=''
CXX='g++'
CXXDEPMODE='depmode=gcc3'
CXXFLAGS=' -O2 '
CYGPATH_W='echo'
DEFS='-DHAVE_CONFIG_H'
DEPDIR='.deps'
ECHO_C=''
ECHO_N='-n'
ECHO_T=''
EGREP='/bin/grep -E'
EXEEXT=''
GREP='/bin/grep'
INSTALL_DATA='${INSTALL} -m 644'
INSTALL_PROGRAM='${INSTALL}'
INSTALL_SCRIPT='${INSTALL}'
INSTALL_STRIP_PROGRAM='${SHELL} $(install_sh) -c -s'
LDFLAGS=''
LIBOBJS=''
LIBS=''
LTLIBOBJS=''
MAKEINFO='${SHELL} /home/blackdragon/env_pc018/ver14/public/package/iperf/src/missing --run makeinfo'
OBJEXT='o'
PACKAGE='iperf'
PACKAGE_BUGREPORT=''
PACKAGE_NAME='Iperf'
PACKAGE_STRING='Iperf 2.0.4'
PACKAGE_TARNAME='iperf'
PACKAGE_URL=''
PACKAGE_VERSION='2.0.4'
PATH_SEPARATOR=':'
PTHREAD_CC='gcc'
PTHREAD_CFLAGS='-pthread'
PTHREAD_LIBS=''
RANLIB='ranlib'
SET_MAKE=''
SHELL='/bin/bash'
STRIP=''
STRIP_BEGIN='$(strip $(STRIP_DUMMY)'
STRIP_DUMMY=''
STRIP_END=')'
VERSION='2.0.4'
WEB100_CFLAGS=''
WEB100_CONFIG=''
WEB100_LIBS=''
ac_ct_CC='gcc'
ac_ct_CXX='g++'
acx_pthread_config=''
am__fastdepCC_FALSE='#'
am__fastdepCC_TRUE=''
am__fastdepCXX_FALSE='#'
am__fastdepCXX_TRUE=''
am__include='include'
am__leading_dot='.'
am__quote=''
am__tar='${AMTAR} chof - "$$tardir"'
am__untar='${AMTAR} xf -'
bindir='${exec_prefix}/bin'
build='i686-pc-linux-gnu'
build_alias=''
build_cpu='i686'
build_os='linux-gnu'
build_vendor='pc'
datadir='${datarootdir}'
datarootdir='${prefix}/share'
docdir='${datarootdir}/doc/${PACKAGE_TARNAME}'
dvidir='${docdir}'
exec_prefix='${prefix}'
host='i686-pc-linux-gnu'
host_alias=''
host_cpu='i686'
host_os='linux-gnu'
host_vendor='pc'
htmldir='${docdir}'
includedir='${prefix}/include'
infodir='${datarootdir}/info'
install_sh='/home/blackdragon/env_pc018/ver14/public/package/iperf/src/install-sh'
libdir='${exec_prefix}/lib'
libexecdir='${exec_prefix}/libexec'
localedir='${datarootdir}/locale'
localstatedir='${prefix}/var'
mandir='${datarootdir}/man'
mkdir_p='mkdir -p --'
oldincludedir='/usr/include'
pdfdir='${docdir}'
prefix='/usr/local'
program_transform_name='s,x,x,'
psdir='${docdir}'
sbindir='${exec_prefix}/sbin'
sharedstatedir='${prefix}/com'
sysconfdir='${prefix}/etc'
target_alias=''

## ----------- ##
## confdefs.h. ##
## ----------- ##

/* confdefs.h */
#define PACKAGE_NAME "Iperf"
#define PACKAGE_TARNAME "iperf"
#define PACKAGE_VERSION "2.0.4"
#define PACKAGE_STRING "Iperf 2.0.4"
#define PACKAGE_BUGREPORT ""
#define PACKAGE_URL ""
#define PACKAGE "iperf"
#define VERSION "2.0.4"
#define HAVE_PTHREAD 1
#define HAVE_POSIX_THREAD 1
#define _REENTRANT 1
#define STDC_HEADERS 1
#define HAVE_SYS_TYPES_H 1
#define HAVE_SYS_STAT_H 1
#define HAVE_STDLIB_H 1
#define HAVE_STRING_H 1
#define HAVE_MEMORY_H 1
#define HAVE_STRINGS_H 1
#define HAVE_INTTYPES_H 1
#define HAVE_STDINT_H 1
#define HAVE_UNISTD_H 1
#define HAVE_ARPA_INET_H 1
#define HAVE_LIBINTL_H 1
#define HAVE_NETDB_H 1
#define HAVE_NETINET_IN_H 1
#define HAVE_STDLIB_H 1
#define HAVE_STRING_H 1
#define HAVE_STRINGS_H 1
#define HAVE_SYS_SOCKET_H 1
#define HAVE_SYS_TIME_H 1
#define HAVE_SYSLOG_H 1
#define HAVE_UNISTD_H 1
#define HAVE_SSIZE_T 1
#define TIME_WITH_SYS_TIME 1
#define Socklen_t socklen_t
#define HAVE_FORK 1
#define HAVE_VFORK 1
#define HAVE_WORKING_VFORK 1
#define HAVE_WORKING_FORK 1
#define HAVE_STDLIB_H 1
#define HAVE_MALLOC 1
#define HAVE_SYS_SELECT_H 1
#define HAVE_SYS_SOCKET_H 1
#define SELECT_TYPE_ARG1 int
#define SELECT_TYPE_ARG234 (fd_set *)
#define SELECT_TYPE_ARG5 (struct timeval *)
#define RETSIGTYPE void
#define HAVE_STRFTIME 1
#define HAVE_VPRINTF 1
#define HAVE_ATEXIT 1
#define HAVE_GETTIMEOFDAY 1
#define HAVE_MEMSET 1
#define HAVE_SELECT 1
#define HAVE_STRCHR 1
#define HAVE_STRERROR 1
#define HAVE_STRTOL 1
#define HAVE_USLEEP 1
#define HAVE_SNPRINTF 1
#define HAVE_INET_PTON 1
#define HAVE_INET_NTOP 1
#define HAVE_GETTIMEOFDAY 1
#define HAVE_QUAD_SUPPORT 1
#define SIZEOF_BOOL 0
#define bool int
#define HAVE_STRUCT_IP_MREQ 1
#define HAVE_DECL_IP_ADD_MEMBERSHIP 1
#define HAVE_MULTICAST 1
#define HAVE_STRUCT_SOCKADDR_STORAGE 1
#define HAVE_STRUCT_SOCKADDR_IN6 1
#define HAVE_DECL_AF_INET6 1
#define HAVE_IPV6 1
#define HAVE_STRUCT_IPV6_MREQ 1
#define HAVE_DECL_IPV6_ADD_MEMBERSHIP 1
#define HAVE_DECL_IPV6_MULTICAST_HOPS 1
#define HAVE_IPV6_MULTICAST 1

configure: exit 0

## ---------------------- ##
## Running config.status. ##
## ---------------------- ##

This file was extended by Iperf config.status 2.0.4, which was
generated by GNU Autoconf 2.65.  Invocation command line was

  CONFIG_FILES    = 
  CONFIG_HEADERS  = 
  CONFIG_LINKS    = 
  CONFIG_COMMANDS = 
  $ ./config.status 

on aqlinux

config.status:951: creating Makefile
config.status:951: creating compat/Makefile
config.status:951: creating doc/Makefile
config.status:951: creating include/Makefile
config.status:951: creating src/Makefile
config.status:951: creating man/Makefile
config.status:951: creating config.h
config.status:1117: config.h is unchanged
config.status:1164: executing depfiles commands
config.status:1164: executing include/iperf-int.h commands
config.status:1255: creating include/iperf-int.h : _IPERF_INCLUDE_IPERF_INT_H
config.status:1687: include/iperf-int.h is unchanged
