This file contains any messages produced by compilers while
running configure, to aid debugging if configure makes a mistake.

It was created by configure, which was
generated by GNU Autoconf 2.61.  Invocation command line was

  $ ./configure CC=/usr/bin/gcc --prefix=/home/zhangsiyu/pc018work-v15-at/apv5sdk-v15/build/gcc-4.3.3/build_mips/staging_dir

## --------- ##
## Platform. ##
## --------- ##

hostname = debian
uname -m = i686
uname -r = 2.6.32-5-686
uname -s = Linux
uname -v = #1 SMP Mon Sep 23 23:00:18 UTC 2013

/usr/bin/uname -p = unknown
/bin/uname -X     = unknown

/bin/arch              = unknown
/usr/bin/arch -k       = unknown
/usr/convex/getsysinfo = unknown
/usr/bin/hostinfo      = unknown
/bin/machine           = unknown
/usr/bin/oslevel       = unknown
/bin/universe          = unknown

PATH: /home/zhangsiyu/pc018work-v15-at/apv5sdk-v15/build/../build/util
PATH: /home/zhangsiyu/pc018work-v15-at/apv5sdk-v15/build/../build/gcc-4.3.3/build_mips/staging_dir/usr//bin
PATH: /home/zhangsiyu/pc018work-v15-at/apv5sdk-v15/build/../linux
PATH: /home/zhangsiyu/pc018work-v15-at/apv5sdk-v15/build/../build
PATH: /home/zhangsiyu/pc018work-v15-at/apv5sdk-v15/build/../boot/redboot/ecos/tools/bin
PATH: `pwd`
PATH: /opt/hisi-linux/x86-arm/arm-hisiv200-linux/target/bin
PATH: /usr/local/bin
PATH: /usr/bin
PATH: /bin
PATH: /usr/local/games
PATH: /usr/games


## ----------- ##
## Core tests. ##
## ----------- ##

configure:1767: checking for a BSD-compatible install
configure:1823: result: /usr/bin/install -c
configure:1834: checking whether build environment is sane
configure:1877: result: yes
configure:1942: checking for gawk
configure:1958: found /usr/bin/gawk
configure:1969: result: gawk
configure:1980: checking whether make sets $(MAKE)
configure:2001: result: yes
configure:2244: checking for gcc
configure:2271: result: /usr/bin/gcc
configure:2509: checking for C compiler version
configure:2516: /usr/bin/gcc --version >&5
gcc (Debian 4.4.5-8) 4.4.5
Copyright (C) 2010 Free Software Foundation, Inc.
This is free software; see the source for copying conditions.  There is NO
warranty; not even for MERCHANTABILITY or FITNESS FOR A PARTICULAR PURPOSE.

configure:2519: $? = 0
configure:2526: /usr/bin/gcc -v >&5
Using built-in specs.
Target: i486-linux-gnu
Configured with: ../src/configure -v --with-pkgversion='Debian 4.4.5-8' --with-bugurl=file:///usr/share/doc/gcc-4.4/README.Bugs --enable-languages=c,c++,fortran,objc,obj-c++ --prefix=/usr --program-suffix=-4.4 --enable-shared --enable-multiarch --enable-linker-build-id --with-system-zlib --libexecdir=/usr/lib --without-included-gettext --enable-threads=posix --with-gxx-include-dir=/usr/include/c++/4.4 --libdir=/usr/lib --enable-nls --enable-clocale=gnu --enable-libstdcxx-debug --enable-objc-gc --enable-targets=all --with-arch-32=i586 --with-tune=generic --enable-checking=release --build=i486-linux-gnu --host=i486-linux-gnu --target=i486-linux-gnu
Thread model: posix
gcc version 4.4.5 (Debian 4.4.5-8) 
configure:2529: $? = 0
configure:2536: /usr/bin/gcc -V >&5
gcc: '-V' option must have argument
configure:2539: $? = 1
configure:2562: checking for C compiler default output file name
configure:2589: /usr/bin/gcc    conftest.c  >&5
configure:2592: $? = 0
configure:2630: result: a.out
configure:2647: checking whether the C compiler works
configure:2657: ./a.out
configure:2660: $? = 0
configure:2677: result: yes
configure:2684: checking whether we are cross compiling
configure:2686: result: no
configure:2689: checking for suffix of executables
configure:2696: /usr/bin/gcc -o conftest    conftest.c  >&5
configure:2699: $? = 0
configure:2723: result: 
configure:2729: checking for suffix of object files
configure:2755: /usr/bin/gcc -c   conftest.c >&5
configure:2758: $? = 0
configure:2781: result: o
configure:2785: checking whether we are using the GNU C compiler
configure:2814: /usr/bin/gcc -c   conftest.c >&5
configure:2820: $? = 0
configure:2837: result: yes
configure:2842: checking whether /usr/bin/gcc accepts -g
configure:2872: /usr/bin/gcc -c -g  conftest.c >&5
configure:2878: $? = 0
configure:2977: result: yes
configure:2994: checking for /usr/bin/gcc option to accept ISO C89
configure:3068: /usr/bin/gcc  -c -g -O2  conftest.c >&5
configure:3074: $? = 0
configure:3097: result: none needed
configure:3126: checking for style of include used by make
configure:3154: result: GNU
configure:3182: checking dependency style of /usr/bin/gcc
configure:3272: result: gcc3
configure:3302: checking for a BSD-compatible install
configure:3358: result: /usr/bin/install -c
configure:3380: checking for dirent.h that defines DIR
configure:3409: /usr/bin/gcc -c -g -O2  conftest.c >&5
configure:3415: $? = 0
configure:3431: result: yes
configure:3444: checking for library containing opendir
configure:3485: /usr/bin/gcc -o conftest -g -O2   conftest.c  >&5
configure:3491: $? = 0
configure:3519: result: none required
configure:3618: checking how to run the C preprocessor
configure:3658: /usr/bin/gcc -E  conftest.c
configure:3664: $? = 0
configure:3695: /usr/bin/gcc -E  conftest.c
conftest.c:12:28: error: ac_nonexistent.h: No such file or directory
configure:3701: $? = 1
configure: failed program was:
| /* confdefs.h.  */
| #define PACKAGE_NAME ""
| #define PACKAGE_TARNAME ""
| #define PACKAGE_VERSION ""
| #define PACKAGE_STRING ""
| #define PACKAGE_BUGREPORT ""
| #define PACKAGE "genext2fs"
| #define VERSION "1.4"
| #define _GNU_SOURCE 1
| #define HAVE_DIRENT_H 1
| /* end confdefs.h.  */
| #include <ac_nonexistent.h>
configure:3734: result: /usr/bin/gcc -E
configure:3763: /usr/bin/gcc -E  conftest.c
configure:3769: $? = 0
configure:3800: /usr/bin/gcc -E  conftest.c
conftest.c:12:28: error: ac_nonexistent.h: No such file or directory
configure:3806: $? = 1
configure: failed program was:
| /* confdefs.h.  */
| #define PACKAGE_NAME ""
| #define PACKAGE_TARNAME ""
| #define PACKAGE_VERSION ""
| #define PACKAGE_STRING ""
| #define PACKAGE_BUGREPORT ""
| #define PACKAGE "genext2fs"
| #define VERSION "1.4"
| #define _GNU_SOURCE 1
| #define HAVE_DIRENT_H 1
| /* end confdefs.h.  */
| #include <ac_nonexistent.h>
configure:3844: checking for grep that handles long lines and -e
configure:3918: result: /bin/grep
configure:3923: checking for egrep
configure:4001: result: /bin/grep -E
configure:4006: checking for ANSI C header files
configure:4036: /usr/bin/gcc -c -g -O2  conftest.c >&5
configure:4042: $? = 0
configure:4141: /usr/bin/gcc -o conftest -g -O2   conftest.c  >&5
configure:4144: $? = 0
configure:4150: ./conftest
configure:4153: $? = 0
configure:4170: result: yes
configure:4194: checking for sys/types.h
configure:4215: /usr/bin/gcc -c -g -O2  conftest.c >&5
configure:4221: $? = 0
configure:4237: result: yes
configure:4194: checking for sys/stat.h
configure:4215: /usr/bin/gcc -c -g -O2  conftest.c >&5
configure:4221: $? = 0
configure:4237: result: yes
configure:4194: checking for stdlib.h
configure:4215: /usr/bin/gcc -c -g -O2  conftest.c >&5
configure:4221: $? = 0
configure:4237: result: yes
configure:4194: checking for string.h
configure:4215: /usr/bin/gcc -c -g -O2  conftest.c >&5
configure:4221: $? = 0
configure:4237: result: yes
configure:4194: checking for memory.h
configure:4215: /usr/bin/gcc -c -g -O2  conftest.c >&5
configure:4221: $? = 0
configure:4237: result: yes
configure:4194: checking for strings.h
configure:4215: /usr/bin/gcc -c -g -O2  conftest.c >&5
configure:4221: $? = 0
configure:4237: result: yes
configure:4194: checking for inttypes.h
configure:4215: /usr/bin/gcc -c -g -O2  conftest.c >&5
configure:4221: $? = 0
configure:4237: result: yes
configure:4194: checking for stdint.h
configure:4215: /usr/bin/gcc -c -g -O2  conftest.c >&5
configure:4221: $? = 0
configure:4237: result: yes
configure:4194: checking for unistd.h
configure:4215: /usr/bin/gcc -c -g -O2  conftest.c >&5
configure:4221: $? = 0
configure:4237: result: yes
configure:4273: checking fcntl.h usability
configure:4290: /usr/bin/gcc -c -g -O2  conftest.c >&5
configure:4296: $? = 0
configure:4310: result: yes
configure:4314: checking fcntl.h presence
configure:4329: /usr/bin/gcc -E  conftest.c
configure:4335: $? = 0
configure:4349: result: yes
configure:4377: checking for fcntl.h
configure:4385: result: yes
configure:4263: checking for inttypes.h
configure:4269: result: yes
configure:4273: checking limits.h usability
configure:4290: /usr/bin/gcc -c -g -O2  conftest.c >&5
configure:4296: $? = 0
configure:4310: result: yes
configure:4314: checking limits.h presence
configure:4329: /usr/bin/gcc -E  conftest.c
configure:4335: $? = 0
configure:4349: result: yes
configure:4377: checking for limits.h
configure:4385: result: yes
configure:4263: checking for memory.h
configure:4269: result: yes
configure:4273: checking stddef.h usability
configure:4290: /usr/bin/gcc -c -g -O2  conftest.c >&5
configure:4296: $? = 0
configure:4310: result: yes
configure:4314: checking stddef.h presence
configure:4329: /usr/bin/gcc -E  conftest.c
configure:4335: $? = 0
configure:4349: result: yes
configure:4377: checking for stddef.h
configure:4385: result: yes
configure:4263: checking for stdint.h
configure:4269: result: yes
configure:4263: checking for stdlib.h
configure:4269: result: yes
configure:4263: checking for string.h
configure:4269: result: yes
configure:4263: checking for strings.h
configure:4269: result: yes
configure:4263: checking for unistd.h
configure:4269: result: yes
configure:4414: checking libgen.h usability
configure:4431: /usr/bin/gcc -c -g -O2  conftest.c >&5
configure:4437: $? = 0
configure:4451: result: yes
configure:4455: checking libgen.h presence
configure:4470: /usr/bin/gcc -E  conftest.c
configure:4476: $? = 0
configure:4490: result: yes
configure:4518: checking for libgen.h
configure:4526: result: yes
configure:4414: checking getopt.h usability
configure:4431: /usr/bin/gcc -c -g -O2  conftest.c >&5
configure:4437: $? = 0
configure:4451: result: yes
configure:4455: checking getopt.h presence
configure:4470: /usr/bin/gcc -E  conftest.c
configure:4476: $? = 0
configure:4490: result: yes
configure:4518: checking for getopt.h
configure:4526: result: yes
configure:4541: checking for an ANSI C-conforming const
configure:4616: /usr/bin/gcc -c -g -O2  conftest.c >&5
configure:4622: $? = 0
configure:4637: result: yes
configure:4647: checking for uid_t in sys/types.h
configure:4670: result: yes
configure:4685: checking for inline
configure:4711: /usr/bin/gcc -c -g -O2  conftest.c >&5
configure:4717: $? = 0
configure:4735: result: inline
configure:4754: checking for size_t
configure:4784: /usr/bin/gcc -c -g -O2  conftest.c >&5
configure:4790: $? = 0
configure:4805: result: yes
configure:4817: checking for ssize_t
configure:4847: /usr/bin/gcc -c -g -O2  conftest.c >&5
configure:4853: $? = 0
configure:4868: result: yes
configure:4880: checking for struct stat.st_rdev
configure:4908: /usr/bin/gcc -c -g -O2  conftest.c >&5
configure:4914: $? = 0
configure:4971: result: yes
configure:4990: checking for getopt_long
configure:5046: /usr/bin/gcc -o conftest -g -O2   conftest.c  >&5
configure:5052: $? = 0
configure:5070: result: yes
configure:4990: checking for getline
configure:5046: /usr/bin/gcc -o conftest -g -O2   conftest.c  >&5
configure:5052: $? = 0
configure:5070: result: yes
configure:4990: checking for strtof
configure:5046: /usr/bin/gcc -o conftest -g -O2   conftest.c  >&5
configure:5052: $? = 0
configure:5070: result: yes
configure:5085: checking for snprintf
configure:5141: /usr/bin/gcc -o conftest -g -O2   conftest.c  >&5
conftest.c:61: warning: conflicting types for built-in function 'snprintf'
configure:5147: $? = 0
configure:5165: result: yes
configure:5085: checking for vsnprintf
configure:5141: /usr/bin/gcc -o conftest -g -O2   conftest.c  >&5
conftest.c:62: warning: conflicting types for built-in function 'vsnprintf'
configure:5147: $? = 0
configure:5165: result: yes
configure:5175: checking for working snprintf
configure:5211: /usr/bin/gcc -o conftest -g -O2   conftest.c  >&5
conftest.c: In function 'main':
conftest.c:48: warning: incompatible implicit declaration of built-in function 'exit'
configure:5214: $? = 0
configure:5220: ./conftest
configure:5223: $? = 0
configure:5240: result: yes
configure:5242: checking for working vsnprintf
configure:5289: /usr/bin/gcc -o conftest -g -O2   conftest.c  >&5
conftest.c: In function 'main':
conftest.c:59: warning: incompatible implicit declaration of built-in function 'exit'
configure:5292: $? = 0
configure:5298: ./conftest
configure:5301: $? = 0
configure:5318: result: yes
configure:5340: checking for stdlib.h
configure:5346: result: yes
configure:5475: checking whether scanf can malloc
configure:5534: /usr/bin/gcc -o conftest -g -O2   conftest.c  >&5
configure:5537: $? = 0
configure:5543: ./conftest
configure:5546: $? = 0
configure:5563: result: yes
configure:5692: creating ./config.status

## ---------------------- ##
## Running config.status. ##
## ---------------------- ##

This file was extended by config.status, which was
generated by GNU Autoconf 2.61.  Invocation command line was

  CONFIG_FILES    = 
  CONFIG_HEADERS  = 
  CONFIG_LINKS    = 
  CONFIG_COMMANDS = 
  $ ./config.status 

on debian

config.status:634: creating Makefile
config.status:634: creating config.h
config.status:922: executing depfiles commands
config.status:922: executing default commands

## ---------------- ##
## Cache variables. ##
## ---------------- ##

ac_cv_c_compiler_gnu=yes
ac_cv_c_const=yes
ac_cv_c_inline=inline
ac_cv_env_CC_set=set
ac_cv_env_CC_value=/usr/bin/gcc
ac_cv_env_CFLAGS_set=
ac_cv_env_CFLAGS_value=
ac_cv_env_CPPFLAGS_set=
ac_cv_env_CPPFLAGS_value=
ac_cv_env_CPP_set=
ac_cv_env_CPP_value=
ac_cv_env_LDFLAGS_set=
ac_cv_env_LDFLAGS_value=
ac_cv_env_LIBS_set=
ac_cv_env_LIBS_value=
ac_cv_env_build_alias_set=
ac_cv_env_build_alias_value=
ac_cv_env_host_alias_set=
ac_cv_env_host_alias_value=
ac_cv_env_target_alias_set=
ac_cv_env_target_alias_value=
ac_cv_func_getline=yes
ac_cv_func_getopt_long=yes
ac_cv_func_snprintf=yes
ac_cv_func_strtof=yes
ac_cv_func_vsnprintf=yes
ac_cv_have_working_snprintf=yes
ac_cv_have_working_vsnprintf=yes
ac_cv_header_dirent_dirent_h=yes
ac_cv_header_fcntl_h=yes
ac_cv_header_getopt_h=yes
ac_cv_header_inttypes_h=yes
ac_cv_header_libgen_h=yes
ac_cv_header_limits_h=yes
ac_cv_header_memory_h=yes
ac_cv_header_stdc=yes
ac_cv_header_stddef_h=yes
ac_cv_header_stdint_h=yes
ac_cv_header_stdlib_h=yes
ac_cv_header_string_h=yes
ac_cv_header_strings_h=yes
ac_cv_header_sys_stat_h=yes
ac_cv_header_sys_types_h=yes
ac_cv_header_unistd_h=yes
ac_cv_member_struct_stat_st_rdev=yes
ac_cv_objext=o
ac_cv_path_EGREP='/bin/grep -E'
ac_cv_path_GREP=/bin/grep
ac_cv_path_install='/usr/bin/install -c'
ac_cv_prog_AWK=gawk
ac_cv_prog_CPP='/usr/bin/gcc -E'
ac_cv_prog_ac_ct_CC=/usr/bin/gcc
ac_cv_prog_cc_c89=
ac_cv_prog_cc_g=yes
ac_cv_prog_make_make_set=yes
ac_cv_search_opendir='none required'
ac_cv_type_size_t=yes
ac_cv_type_ssize_t=yes
ac_cv_type_uid_t=yes
am_cv_CC_dependencies_compiler_type=gcc3

## ----------------- ##
## Output variables. ##
## ----------------- ##

ACLOCAL='${SHELL} /home/zhangsiyu/pc018work-v15-at/apv5sdk-v15/build/gcc-4.3.3/build_mips/genext2fs-1.4/missing --run aclocal-1.9'
AMDEPBACKSLASH='\'
AMDEP_FALSE='#'
AMDEP_TRUE=''
AMTAR='${SHELL} /home/zhangsiyu/pc018work-v15-at/apv5sdk-v15/build/gcc-4.3.3/build_mips/genext2fs-1.4/missing --run tar'
AUTOCONF='${SHELL} /home/zhangsiyu/pc018work-v15-at/apv5sdk-v15/build/gcc-4.3.3/build_mips/genext2fs-1.4/missing --run autoconf'
AUTOHEADER='${SHELL} /home/zhangsiyu/pc018work-v15-at/apv5sdk-v15/build/gcc-4.3.3/build_mips/genext2fs-1.4/missing --run autoheader'
AUTOMAKE='${SHELL} /home/zhangsiyu/pc018work-v15-at/apv5sdk-v15/build/gcc-4.3.3/build_mips/genext2fs-1.4/missing --run automake-1.9'
AWK='gawk'
CC='/usr/bin/gcc'
CCDEPMODE='depmode=gcc3'
CFLAGS='-g -O2'
CPP='/usr/bin/gcc -E'
CPPFLAGS=''
CYGPATH_W='echo'
DEFS='-DHAVE_CONFIG_H'
DEPDIR='.deps'
ECHO_C=''
ECHO_N='-n'
ECHO_T=''
EGREP='/bin/grep -E'
EXEEXT=''
GREP='/bin/grep'
INSTALL_DATA='${INSTALL} -m 644'
INSTALL_PROGRAM='${INSTALL}'
INSTALL_SCRIPT='${INSTALL}'
INSTALL_STRIP_PROGRAM='${SHELL} $(install_sh) -c -s'
LDFLAGS=''
LIBOBJS=''
LIBS=''
LTLIBOBJS=''
MAKEINFO='${SHELL} /home/zhangsiyu/pc018work-v15-at/apv5sdk-v15/build/gcc-4.3.3/build_mips/genext2fs-1.4/missing --run makeinfo'
OBJEXT='o'
PACKAGE='genext2fs'
PACKAGE_BUGREPORT=''
PACKAGE_NAME=''
PACKAGE_STRING=''
PACKAGE_TARNAME=''
PACKAGE_VERSION=''
PATH_SEPARATOR=':'
SET_MAKE=''
SHELL='/bin/sh'
STRIP='mips-linux-uclibc-strip'
VERSION='1.4'
ac_ct_CC='/usr/bin/gcc'
am__fastdepCC_FALSE='#'
am__fastdepCC_TRUE=''
am__include='include'
am__leading_dot='.'
am__quote=''
am__tar='${AMTAR} chof - "$$tardir"'
am__untar='${AMTAR} xf -'
bindir='${exec_prefix}/bin'
build_alias=''
datadir='${datarootdir}'
datarootdir='${prefix}/share'
docdir='${datarootdir}/doc/${PACKAGE}'
dvidir='${docdir}'
exec_prefix='${prefix}'
host_alias=''
htmldir='${docdir}'
includedir='${prefix}/include'
infodir='${datarootdir}/info'
install_sh='/home/zhangsiyu/pc018work-v15-at/apv5sdk-v15/build/gcc-4.3.3/build_mips/genext2fs-1.4/install-sh'
libdir='${exec_prefix}/lib'
libexecdir='${exec_prefix}/libexec'
localedir='${datarootdir}/locale'
localstatedir='${prefix}/var'
mandir='${datarootdir}/man'
mkdir_p='mkdir -p --'
oldincludedir='/usr/include'
pdfdir='${docdir}'
prefix='/home/zhangsiyu/pc018work-v15-at/apv5sdk-v15/build/gcc-4.3.3/build_mips/staging_dir'
program_transform_name='s,x,x,'
psdir='${docdir}'
sbindir='${exec_prefix}/sbin'
sharedstatedir='${prefix}/com'
sysconfdir='${prefix}/etc'
target_alias=''

## ----------- ##
## confdefs.h. ##
## ----------- ##

#define PACKAGE_NAME ""
#define PACKAGE_TARNAME ""
#define PACKAGE_VERSION ""
#define PACKAGE_STRING ""
#define PACKAGE_BUGREPORT ""
#define PACKAGE "genext2fs"
#define VERSION "1.4"
#define _GNU_SOURCE 1
#define HAVE_DIRENT_H 1
#define STDC_HEADERS 1
#define HAVE_SYS_TYPES_H 1
#define HAVE_SYS_STAT_H 1
#define HAVE_STDLIB_H 1
#define HAVE_STRING_H 1
#define HAVE_MEMORY_H 1
#define HAVE_STRINGS_H 1
#define HAVE_INTTYPES_H 1
#define HAVE_STDINT_H 1
#define HAVE_UNISTD_H 1
#define HAVE_FCNTL_H 1
#define HAVE_INTTYPES_H 1
#define HAVE_LIMITS_H 1
#define HAVE_MEMORY_H 1
#define HAVE_STDDEF_H 1
#define HAVE_STDINT_H 1
#define HAVE_STDLIB_H 1
#define HAVE_STRING_H 1
#define HAVE_STRINGS_H 1
#define HAVE_UNISTD_H 1
#define HAVE_LIBGEN_H 1
#define HAVE_GETOPT_H 1
#define HAVE_STRUCT_STAT_ST_RDEV 1
#define HAVE_GETOPT_LONG 1
#define HAVE_GETLINE 1
#define HAVE_STRTOF 1
#define HAVE_SNPRINTF 1
#define HAVE_VSNPRINTF 1
#define HAVE_STDLIB_H 1
#define SCANF_CAN_MALLOC 1

configure: exit 0
