In file included from ag934x.c:17:
ag934x_phy.h: In function 'ag7240_phy_setup':
ag934x_phy.h:18: warning: implicit declaration of function 'athrs27_phy_setup'
ag934x_phy.h: In function 'ag7240_phy_link':
ag934x_phy.h:47: warning: implicit declaration of function 'athrs27_phy_is_up'
ag934x_phy.h: In function 'ag7240_phy_duplex':
ag934x_phy.h:75: warning: implicit declaration of function 'athrs27_phy_is_fdx'
ag934x_phy.h: In function 'ag7240_phy_speed':
ag934x_phy.h:103: warning: implicit declaration of function 'athrs27_phy_speed'
ag934x.c: In function 'ag7240_mii_setup':
ag934x.c:146: warning: unused variable 'revid_val'
ag934x.c: In function 'ag7240_check_link':
ag934x.c:343: warning: pointer targets in passing argument 2 of 'ag7240_phy_link' differ in signedness
ag934x.c:344: warning: pointer targets in passing argument 2 of 'ag7240_phy_duplex' differ in signedness
ag934x.c:345: warning: pointer targets in passing argument 2 of 'ag7240_phy_speed' differ in signedness
ag934x.c:341: warning: unused variable 'fdx'
ag934x.c: In function 'ag7240_mac_addr_loc':
ag934x.c:580: warning: unused variable 'flash_info'
ag934x.c: In function 'ag7240_enet_initialize':
ag934x.c:694: warning: passing argument 2 of 'miiphy_register' from incompatible pointer type
ag934x.c:694: warning: passing argument 3 of 'miiphy_register' from incompatible pointer type
