This file contains any messages produced by compilers while
running configure, to aid debugging if configure makes a mistake.

It was created by libdecnumber configure  , which was
generated by GNU Autoconf 2.59.  Invocation command line was

  $ /home/zhangsiyu/pc018work-v15-at/apv5sdk-v15/build/gcc-4.3.3/toolchain_build_mips/gcc-4.3.3/libdecnumber/configure --cache-file=./config.cache --with-stabs --prefix=/usr --with-sysroot=/home/zhangsiyu/pc018work-v15-at/apv5sdk-v15/build/gcc-4.3.3/build_mips/staging_dir --with-build-time-tools=/home/zhangsiyu/pc018work-v15-at/apv5sdk-v15/build/gcc-4.3.3/build_mips/staging_dir/usr/mips-linux-uclibc/bin --disable-__cxa_atexit --enable-target-optspace --with-gnu-ld --disable-libssp --disable-tls --enable-shared --with-gmp=/home/zhangsiyu/pc018work-v15-at/apv5sdk-v15/build/gcc-4.3.3/toolchain_build_mips/gmp --with-mpfr=/home/zhangsiyu/pc018work-v15-at/apv5sdk-v15/build/gcc-4.3.3/toolchain_build_mips/mpfr --disable-nls --enable-threads --disable-multilib --disable-decimal-float --with-float=soft --with-abi=32 --with-tune=mips32r2 --enable-languages=c --program-transform-name=s,^,mips-linux-uclibc-, --build=i386-pc-linux-gnu --host=i386-pc-linux-gnu --target=mips-linux-uclibc --srcdir=/home/zhangsiyu/pc018work-v15-at/apv5sdk-v15/build/gcc-4.3.3/toolchain_build_mips/gcc-4.3.3/libdecnumber

## --------- ##
## Platform. ##
## --------- ##

hostname = debian
uname -m = i686
uname -r = 2.6.32-5-686
uname -s = Linux
uname -v = #1 SMP Mon Sep 23 23:00:18 UTC 2013

/usr/bin/uname -p = unknown
/bin/uname -X     = unknown

/bin/arch              = unknown
/usr/bin/arch -k       = unknown
/usr/convex/getsysinfo = unknown
hostinfo               = unknown
/bin/machine           = unknown
/usr/bin/oslevel       = unknown
/bin/universe          = unknown

PATH: /home/zhangsiyu/pc018work-v15-at/apv5sdk-v15/build/../build/util
PATH: /home/zhangsiyu/pc018work-v15-at/apv5sdk-v15/build/../build/gcc-4.3.3/build_mips/staging_dir/usr//bin
PATH: /home/zhangsiyu/pc018work-v15-at/apv5sdk-v15/build/../linux
PATH: /home/zhangsiyu/pc018work-v15-at/apv5sdk-v15/build/../build
PATH: /home/zhangsiyu/pc018work-v15-at/apv5sdk-v15/build/../boot/redboot/ecos/tools/bin
PATH: `pwd`
PATH: /opt/hisi-linux/x86-arm/arm-hisiv200-linux/target/bin
PATH: /usr/local/bin
PATH: /usr/bin
PATH: /bin
PATH: /usr/local/games
PATH: /usr/games


## ----------- ##
## Core tests. ##
## ----------- ##

configure:1229: creating cache ./config.cache
configure:1331: checking whether /usr/bin/make sets $(MAKE)
configure:1351: result: yes
configure:1368: checking for i386-pc-linux-gnu-gcc
configure:1394: result: /usr/bin/gcc -I/home/zhangsiyu/pc018work-v15-at/apv5sdk-v15/build/gcc-4.3.3/build_mips/host_dir/include -I/home/zhangsiyu/pc018work-v15-at/apv5sdk-v15/build/gcc-4.3.3/build_mips/host_dir/usr/include
configure:1676: checking for C compiler version
configure:1679: /usr/bin/gcc -I/home/zhangsiyu/pc018work-v15-at/apv5sdk-v15/build/gcc-4.3.3/build_mips/host_dir/include -I/home/zhangsiyu/pc018work-v15-at/apv5sdk-v15/build/gcc-4.3.3/build_mips/host_dir/usr/include --version </dev/null >&5
gcc (Debian 4.4.5-8) 4.4.5
Copyright (C) 2010 Free Software Foundation, Inc.
This is free software; see the source for copying conditions.  There is NO
warranty; not even for MERCHANTABILITY or FITNESS FOR A PARTICULAR PURPOSE.

configure:1682: $? = 0
configure:1684: /usr/bin/gcc -I/home/zhangsiyu/pc018work-v15-at/apv5sdk-v15/build/gcc-4.3.3/build_mips/host_dir/include -I/home/zhangsiyu/pc018work-v15-at/apv5sdk-v15/build/gcc-4.3.3/build_mips/host_dir/usr/include -v </dev/null >&5
Using built-in specs.
Target: i486-linux-gnu
Configured with: ../src/configure -v --with-pkgversion='Debian 4.4.5-8' --with-bugurl=file:///usr/share/doc/gcc-4.4/README.Bugs --enable-languages=c,c++,fortran,objc,obj-c++ --prefix=/usr --program-suffix=-4.4 --enable-shared --enable-multiarch --enable-linker-build-id --with-system-zlib --libexecdir=/usr/lib --without-included-gettext --enable-threads=posix --with-gxx-include-dir=/usr/include/c++/4.4 --libdir=/usr/lib --enable-nls --enable-clocale=gnu --enable-libstdcxx-debug --enable-objc-gc --enable-targets=all --with-arch-32=i586 --with-tune=generic --enable-checking=release --build=i486-linux-gnu --host=i486-linux-gnu --target=i486-linux-gnu
Thread model: posix
gcc version 4.4.5 (Debian 4.4.5-8) 
configure:1687: $? = 0
configure:1689: /usr/bin/gcc -I/home/zhangsiyu/pc018work-v15-at/apv5sdk-v15/build/gcc-4.3.3/build_mips/host_dir/include -I/home/zhangsiyu/pc018work-v15-at/apv5sdk-v15/build/gcc-4.3.3/build_mips/host_dir/usr/include -V </dev/null >&5
gcc: '-V' must come at the start of the command line
configure:1692: $? = 1
configure:1715: checking for C compiler default output file name
configure:1718: /usr/bin/gcc -I/home/zhangsiyu/pc018work-v15-at/apv5sdk-v15/build/gcc-4.3.3/build_mips/host_dir/include -I/home/zhangsiyu/pc018work-v15-at/apv5sdk-v15/build/gcc-4.3.3/build_mips/host_dir/usr/include -g -O2   conftest.c  >&5
configure:1721: $? = 0
configure:1767: result: a.out
configure:1772: checking whether the C compiler works
configure:1778: ./a.out
configure:1781: $? = 0
configure:1798: result: yes
configure:1805: checking whether we are cross compiling
configure:1807: result: no
configure:1810: checking for suffix of executables
configure:1812: /usr/bin/gcc -I/home/zhangsiyu/pc018work-v15-at/apv5sdk-v15/build/gcc-4.3.3/build_mips/host_dir/include -I/home/zhangsiyu/pc018work-v15-at/apv5sdk-v15/build/gcc-4.3.3/build_mips/host_dir/usr/include -o conftest -g -O2   conftest.c  >&5
configure:1815: $? = 0
configure:1840: result: 
configure:1846: checking for suffix of object files
configure:1867: /usr/bin/gcc -I/home/zhangsiyu/pc018work-v15-at/apv5sdk-v15/build/gcc-4.3.3/build_mips/host_dir/include -I/home/zhangsiyu/pc018work-v15-at/apv5sdk-v15/build/gcc-4.3.3/build_mips/host_dir/usr/include -c -g -O2  conftest.c >&5
configure:1870: $? = 0
configure:1892: result: o
configure:1896: checking whether we are using the GNU C compiler
configure:1920: /usr/bin/gcc -I/home/zhangsiyu/pc018work-v15-at/apv5sdk-v15/build/gcc-4.3.3/build_mips/host_dir/include -I/home/zhangsiyu/pc018work-v15-at/apv5sdk-v15/build/gcc-4.3.3/build_mips/host_dir/usr/include -c -g -O2  conftest.c >&5
configure:1926: $? = 0
configure:1930: test -z 
			 || test ! -s conftest.err
configure:1933: $? = 0
configure:1936: test -s conftest.o
configure:1939: $? = 0
configure:1952: result: yes
configure:1958: checking whether /usr/bin/gcc -I/home/zhangsiyu/pc018work-v15-at/apv5sdk-v15/build/gcc-4.3.3/build_mips/host_dir/include -I/home/zhangsiyu/pc018work-v15-at/apv5sdk-v15/build/gcc-4.3.3/build_mips/host_dir/usr/include accepts -g
configure:1979: /usr/bin/gcc -I/home/zhangsiyu/pc018work-v15-at/apv5sdk-v15/build/gcc-4.3.3/build_mips/host_dir/include -I/home/zhangsiyu/pc018work-v15-at/apv5sdk-v15/build/gcc-4.3.3/build_mips/host_dir/usr/include -c -g  conftest.c >&5
configure:1985: $? = 0
configure:1989: test -z 
			 || test ! -s conftest.err
configure:1992: $? = 0
configure:1995: test -s conftest.o
configure:1998: $? = 0
configure:2009: result: yes
configure:2026: checking for /usr/bin/gcc -I/home/zhangsiyu/pc018work-v15-at/apv5sdk-v15/build/gcc-4.3.3/build_mips/host_dir/include -I/home/zhangsiyu/pc018work-v15-at/apv5sdk-v15/build/gcc-4.3.3/build_mips/host_dir/usr/include option to accept ANSI C
configure:2096: /usr/bin/gcc -I/home/zhangsiyu/pc018work-v15-at/apv5sdk-v15/build/gcc-4.3.3/build_mips/host_dir/include -I/home/zhangsiyu/pc018work-v15-at/apv5sdk-v15/build/gcc-4.3.3/build_mips/host_dir/usr/include  -c -g -O2  conftest.c >&5
configure:2102: $? = 0
configure:2106: test -z 
			 || test ! -s conftest.err
configure:2109: $? = 0
configure:2112: test -s conftest.o
configure:2115: $? = 0
configure:2133: result: none needed
configure:2151: /usr/bin/gcc -I/home/zhangsiyu/pc018work-v15-at/apv5sdk-v15/build/gcc-4.3.3/build_mips/host_dir/include -I/home/zhangsiyu/pc018work-v15-at/apv5sdk-v15/build/gcc-4.3.3/build_mips/host_dir/usr/include -c -g -O2  conftest.c >&5
conftest.c:2: error: expected '=', ',', ';', 'asm' or '__attribute__' before 'me'
configure:2157: $? = 1
configure: failed program was:
| #ifndef __cplusplus
|   choke me
| #endif
configure:2293: checking for i386-pc-linux-gnu-ranlib
configure:2319: result: ranlib
configure:2376: checking for aclocal
configure:2392: found /usr/local/bin/aclocal
configure:2402: result: aclocal
configure:2417: checking for autoconf
configure:2433: found /usr/bin/autoconf
configure:2443: result: autoconf
configure:2458: checking for autoheader
configure:2474: found /usr/bin/autoheader
configure:2484: result: autoheader
configure:2507: checking whether /usr/bin/gcc -I/home/zhangsiyu/pc018work-v15-at/apv5sdk-v15/build/gcc-4.3.3/build_mips/host_dir/include -I/home/zhangsiyu/pc018work-v15-at/apv5sdk-v15/build/gcc-4.3.3/build_mips/host_dir/usr/include supports -W
configure:2529: /usr/bin/gcc -I/home/zhangsiyu/pc018work-v15-at/apv5sdk-v15/build/gcc-4.3.3/build_mips/host_dir/include -I/home/zhangsiyu/pc018work-v15-at/apv5sdk-v15/build/gcc-4.3.3/build_mips/host_dir/usr/include -c -W  conftest.c >&5
configure:2535: $? = 0
configure:2539: test -z 
			 || test ! -s conftest.err
configure:2542: $? = 0
configure:2545: test -s conftest.o
configure:2548: $? = 0
configure:2560: result: yes
configure:2507: checking whether /usr/bin/gcc -I/home/zhangsiyu/pc018work-v15-at/apv5sdk-v15/build/gcc-4.3.3/build_mips/host_dir/include -I/home/zhangsiyu/pc018work-v15-at/apv5sdk-v15/build/gcc-4.3.3/build_mips/host_dir/usr/include supports -Wall
configure:2529: /usr/bin/gcc -I/home/zhangsiyu/pc018work-v15-at/apv5sdk-v15/build/gcc-4.3.3/build_mips/host_dir/include -I/home/zhangsiyu/pc018work-v15-at/apv5sdk-v15/build/gcc-4.3.3/build_mips/host_dir/usr/include -c -Wall  conftest.c >&5
configure:2535: $? = 0
configure:2539: test -z 
			 || test ! -s conftest.err
configure:2542: $? = 0
configure:2545: test -s conftest.o
configure:2548: $? = 0
configure:2560: result: yes
configure:2507: checking whether /usr/bin/gcc -I/home/zhangsiyu/pc018work-v15-at/apv5sdk-v15/build/gcc-4.3.3/build_mips/host_dir/include -I/home/zhangsiyu/pc018work-v15-at/apv5sdk-v15/build/gcc-4.3.3/build_mips/host_dir/usr/include supports -Wwrite-strings
configure:2529: /usr/bin/gcc -I/home/zhangsiyu/pc018work-v15-at/apv5sdk-v15/build/gcc-4.3.3/build_mips/host_dir/include -I/home/zhangsiyu/pc018work-v15-at/apv5sdk-v15/build/gcc-4.3.3/build_mips/host_dir/usr/include -c -Wwrite-strings  conftest.c >&5
configure:2535: $? = 0
configure:2539: test -z 
			 || test ! -s conftest.err
configure:2542: $? = 0
configure:2545: test -s conftest.o
configure:2548: $? = 0
configure:2560: result: yes
configure:2507: checking whether /usr/bin/gcc -I/home/zhangsiyu/pc018work-v15-at/apv5sdk-v15/build/gcc-4.3.3/build_mips/host_dir/include -I/home/zhangsiyu/pc018work-v15-at/apv5sdk-v15/build/gcc-4.3.3/build_mips/host_dir/usr/include supports -Wstrict-prototypes
configure:2529: /usr/bin/gcc -I/home/zhangsiyu/pc018work-v15-at/apv5sdk-v15/build/gcc-4.3.3/build_mips/host_dir/include -I/home/zhangsiyu/pc018work-v15-at/apv5sdk-v15/build/gcc-4.3.3/build_mips/host_dir/usr/include -c -Wstrict-prototypes  conftest.c >&5
conftest.c:12: warning: function declaration isn't a prototype
configure:2535: $? = 0
configure:2539: test -z 
			 || test ! -s conftest.err
configure:2542: $? = 0
configure:2545: test -s conftest.o
configure:2548: $? = 0
configure:2560: result: yes
configure:2507: checking whether /usr/bin/gcc -I/home/zhangsiyu/pc018work-v15-at/apv5sdk-v15/build/gcc-4.3.3/build_mips/host_dir/include -I/home/zhangsiyu/pc018work-v15-at/apv5sdk-v15/build/gcc-4.3.3/build_mips/host_dir/usr/include supports -Wmissing-prototypes
configure:2529: /usr/bin/gcc -I/home/zhangsiyu/pc018work-v15-at/apv5sdk-v15/build/gcc-4.3.3/build_mips/host_dir/include -I/home/zhangsiyu/pc018work-v15-at/apv5sdk-v15/build/gcc-4.3.3/build_mips/host_dir/usr/include -c -Wmissing-prototypes  conftest.c >&5
configure:2535: $? = 0
configure:2539: test -z 
			 || test ! -s conftest.err
configure:2542: $? = 0
configure:2545: test -s conftest.o
configure:2548: $? = 0
configure:2560: result: yes
configure:2507: checking whether /usr/bin/gcc -I/home/zhangsiyu/pc018work-v15-at/apv5sdk-v15/build/gcc-4.3.3/build_mips/host_dir/include -I/home/zhangsiyu/pc018work-v15-at/apv5sdk-v15/build/gcc-4.3.3/build_mips/host_dir/usr/include supports -Wold-style-definition
configure:2529: /usr/bin/gcc -I/home/zhangsiyu/pc018work-v15-at/apv5sdk-v15/build/gcc-4.3.3/build_mips/host_dir/include -I/home/zhangsiyu/pc018work-v15-at/apv5sdk-v15/build/gcc-4.3.3/build_mips/host_dir/usr/include -c -Wold-style-definition  conftest.c >&5
conftest.c: In function 'main':
conftest.c:11: warning: old-style function definition
configure:2535: $? = 0
configure:2539: test -z 
			 || test ! -s conftest.err
configure:2542: $? = 0
configure:2545: test -s conftest.o
configure:2548: $? = 0
configure:2560: result: yes
configure:2507: checking whether /usr/bin/gcc -I/home/zhangsiyu/pc018work-v15-at/apv5sdk-v15/build/gcc-4.3.3/build_mips/host_dir/include -I/home/zhangsiyu/pc018work-v15-at/apv5sdk-v15/build/gcc-4.3.3/build_mips/host_dir/usr/include supports -Wmissing-format-attribute
configure:2529: /usr/bin/gcc -I/home/zhangsiyu/pc018work-v15-at/apv5sdk-v15/build/gcc-4.3.3/build_mips/host_dir/include -I/home/zhangsiyu/pc018work-v15-at/apv5sdk-v15/build/gcc-4.3.3/build_mips/host_dir/usr/include -c -Wmissing-format-attribute  conftest.c >&5
configure:2535: $? = 0
configure:2539: test -z 
			 || test ! -s conftest.err
configure:2542: $? = 0
configure:2545: test -s conftest.o
configure:2548: $? = 0
configure:2560: result: yes
configure:2507: checking whether /usr/bin/gcc -I/home/zhangsiyu/pc018work-v15-at/apv5sdk-v15/build/gcc-4.3.3/build_mips/host_dir/include -I/home/zhangsiyu/pc018work-v15-at/apv5sdk-v15/build/gcc-4.3.3/build_mips/host_dir/usr/include supports -Wcast-qual
configure:2529: /usr/bin/gcc -I/home/zhangsiyu/pc018work-v15-at/apv5sdk-v15/build/gcc-4.3.3/build_mips/host_dir/include -I/home/zhangsiyu/pc018work-v15-at/apv5sdk-v15/build/gcc-4.3.3/build_mips/host_dir/usr/include -c -Wcast-qual  conftest.c >&5
configure:2535: $? = 0
configure:2539: test -z 
			 || test ! -s conftest.err
configure:2542: $? = 0
configure:2545: test -s conftest.o
configure:2548: $? = 0
configure:2560: result: yes
configure:2571: checking whether /usr/bin/gcc -I/home/zhangsiyu/pc018work-v15-at/apv5sdk-v15/build/gcc-4.3.3/build_mips/host_dir/include -I/home/zhangsiyu/pc018work-v15-at/apv5sdk-v15/build/gcc-4.3.3/build_mips/host_dir/usr/include supports -pedantic -Wno-long-long
configure:2594: /usr/bin/gcc -I/home/zhangsiyu/pc018work-v15-at/apv5sdk-v15/build/gcc-4.3.3/build_mips/host_dir/include -I/home/zhangsiyu/pc018work-v15-at/apv5sdk-v15/build/gcc-4.3.3/build_mips/host_dir/usr/include -c -pedantic -Wno-long-long  conftest.c >&5
configure:2600: $? = 0
configure:2604: test -z 
			 || test ! -s conftest.err
configure:2607: $? = 0
configure:2610: test -s conftest.o
configure:2613: $? = 0
configure:2625: result: yes
configure:2659: checking how to run the C preprocessor
configure:2694: /usr/bin/gcc -I/home/zhangsiyu/pc018work-v15-at/apv5sdk-v15/build/gcc-4.3.3/build_mips/host_dir/include -I/home/zhangsiyu/pc018work-v15-at/apv5sdk-v15/build/gcc-4.3.3/build_mips/host_dir/usr/include -E  conftest.c
configure:2700: $? = 0
configure:2732: /usr/bin/gcc -I/home/zhangsiyu/pc018work-v15-at/apv5sdk-v15/build/gcc-4.3.3/build_mips/host_dir/include -I/home/zhangsiyu/pc018work-v15-at/apv5sdk-v15/build/gcc-4.3.3/build_mips/host_dir/usr/include -E  conftest.c
conftest.c:9:28: error: ac_nonexistent.h: No such file or directory
configure:2738: $? = 1
configure: failed program was:
| /* confdefs.h.  */
| 
| #define PACKAGE_NAME "libdecnumber"
| #define PACKAGE_TARNAME "libdecnumber"
| #define PACKAGE_VERSION " "
| #define PACKAGE_STRING "libdecnumber  "
| #define PACKAGE_BUGREPORT "gcc-bugs@gcc.gnu.org"
| /* end confdefs.h.  */
| #include <ac_nonexistent.h>
configure:2777: result: /usr/bin/gcc -I/home/zhangsiyu/pc018work-v15-at/apv5sdk-v15/build/gcc-4.3.3/build_mips/host_dir/include -I/home/zhangsiyu/pc018work-v15-at/apv5sdk-v15/build/gcc-4.3.3/build_mips/host_dir/usr/include -E
configure:2801: /usr/bin/gcc -I/home/zhangsiyu/pc018work-v15-at/apv5sdk-v15/build/gcc-4.3.3/build_mips/host_dir/include -I/home/zhangsiyu/pc018work-v15-at/apv5sdk-v15/build/gcc-4.3.3/build_mips/host_dir/usr/include -E  conftest.c
configure:2807: $? = 0
configure:2839: /usr/bin/gcc -I/home/zhangsiyu/pc018work-v15-at/apv5sdk-v15/build/gcc-4.3.3/build_mips/host_dir/include -I/home/zhangsiyu/pc018work-v15-at/apv5sdk-v15/build/gcc-4.3.3/build_mips/host_dir/usr/include -E  conftest.c
conftest.c:9:28: error: ac_nonexistent.h: No such file or directory
configure:2845: $? = 1
configure: failed program was:
| /* confdefs.h.  */
| 
| #define PACKAGE_NAME "libdecnumber"
| #define PACKAGE_TARNAME "libdecnumber"
| #define PACKAGE_VERSION " "
| #define PACKAGE_STRING "libdecnumber  "
| #define PACKAGE_BUGREPORT "gcc-bugs@gcc.gnu.org"
| /* end confdefs.h.  */
| #include <ac_nonexistent.h>
configure:2889: checking for egrep
configure:2899: result: grep -E
configure:2904: checking for ANSI C header files
configure:2929: /usr/bin/gcc -I/home/zhangsiyu/pc018work-v15-at/apv5sdk-v15/build/gcc-4.3.3/build_mips/host_dir/include -I/home/zhangsiyu/pc018work-v15-at/apv5sdk-v15/build/gcc-4.3.3/build_mips/host_dir/usr/include -c -g -O2  conftest.c >&5
configure:2935: $? = 0
configure:2939: test -z 
			 || test ! -s conftest.err
configure:2942: $? = 0
configure:2945: test -s conftest.o
configure:2948: $? = 0
configure:3037: /usr/bin/gcc -I/home/zhangsiyu/pc018work-v15-at/apv5sdk-v15/build/gcc-4.3.3/build_mips/host_dir/include -I/home/zhangsiyu/pc018work-v15-at/apv5sdk-v15/build/gcc-4.3.3/build_mips/host_dir/usr/include -o conftest -g -O2   conftest.c  >&5
conftest.c: In function 'main':
conftest.c:26: warning: incompatible implicit declaration of built-in function 'exit'
configure:3040: $? = 0
configure:3042: ./conftest
configure:3045: $? = 0
configure:3060: result: yes
configure:3084: checking for sys/types.h
configure:3100: /usr/bin/gcc -I/home/zhangsiyu/pc018work-v15-at/apv5sdk-v15/build/gcc-4.3.3/build_mips/host_dir/include -I/home/zhangsiyu/pc018work-v15-at/apv5sdk-v15/build/gcc-4.3.3/build_mips/host_dir/usr/include -c -g -O2  conftest.c >&5
configure:3106: $? = 0
configure:3110: test -z 
			 || test ! -s conftest.err
configure:3113: $? = 0
configure:3116: test -s conftest.o
configure:3119: $? = 0
configure:3130: result: yes
configure:3084: checking for sys/stat.h
configure:3100: /usr/bin/gcc -I/home/zhangsiyu/pc018work-v15-at/apv5sdk-v15/build/gcc-4.3.3/build_mips/host_dir/include -I/home/zhangsiyu/pc018work-v15-at/apv5sdk-v15/build/gcc-4.3.3/build_mips/host_dir/usr/include -c -g -O2  conftest.c >&5
configure:3106: $? = 0
configure:3110: test -z 
			 || test ! -s conftest.err
configure:3113: $? = 0
configure:3116: test -s conftest.o
configure:3119: $? = 0
configure:3130: result: yes
configure:3084: checking for stdlib.h
configure:3100: /usr/bin/gcc -I/home/zhangsiyu/pc018work-v15-at/apv5sdk-v15/build/gcc-4.3.3/build_mips/host_dir/include -I/home/zhangsiyu/pc018work-v15-at/apv5sdk-v15/build/gcc-4.3.3/build_mips/host_dir/usr/include -c -g -O2  conftest.c >&5
configure:3106: $? = 0
configure:3110: test -z 
			 || test ! -s conftest.err
configure:3113: $? = 0
configure:3116: test -s conftest.o
configure:3119: $? = 0
configure:3130: result: yes
configure:3084: checking for string.h
configure:3100: /usr/bin/gcc -I/home/zhangsiyu/pc018work-v15-at/apv5sdk-v15/build/gcc-4.3.3/build_mips/host_dir/include -I/home/zhangsiyu/pc018work-v15-at/apv5sdk-v15/build/gcc-4.3.3/build_mips/host_dir/usr/include -c -g -O2  conftest.c >&5
configure:3106: $? = 0
configure:3110: test -z 
			 || test ! -s conftest.err
configure:3113: $? = 0
configure:3116: test -s conftest.o
configure:3119: $? = 0
configure:3130: result: yes
configure:3084: checking for memory.h
configure:3100: /usr/bin/gcc -I/home/zhangsiyu/pc018work-v15-at/apv5sdk-v15/build/gcc-4.3.3/build_mips/host_dir/include -I/home/zhangsiyu/pc018work-v15-at/apv5sdk-v15/build/gcc-4.3.3/build_mips/host_dir/usr/include -c -g -O2  conftest.c >&5
configure:3106: $? = 0
configure:3110: test -z 
			 || test ! -s conftest.err
configure:3113: $? = 0
configure:3116: test -s conftest.o
configure:3119: $? = 0
configure:3130: result: yes
configure:3084: checking for strings.h
configure:3100: /usr/bin/gcc -I/home/zhangsiyu/pc018work-v15-at/apv5sdk-v15/build/gcc-4.3.3/build_mips/host_dir/include -I/home/zhangsiyu/pc018work-v15-at/apv5sdk-v15/build/gcc-4.3.3/build_mips/host_dir/usr/include -c -g -O2  conftest.c >&5
configure:3106: $? = 0
configure:3110: test -z 
			 || test ! -s conftest.err
configure:3113: $? = 0
configure:3116: test -s conftest.o
configure:3119: $? = 0
configure:3130: result: yes
configure:3084: checking for inttypes.h
configure:3100: /usr/bin/gcc -I/home/zhangsiyu/pc018work-v15-at/apv5sdk-v15/build/gcc-4.3.3/build_mips/host_dir/include -I/home/zhangsiyu/pc018work-v15-at/apv5sdk-v15/build/gcc-4.3.3/build_mips/host_dir/usr/include -c -g -O2  conftest.c >&5
configure:3106: $? = 0
configure:3110: test -z 
			 || test ! -s conftest.err
configure:3113: $? = 0
configure:3116: test -s conftest.o
configure:3119: $? = 0
configure:3130: result: yes
configure:3084: checking for stdint.h
configure:3100: /usr/bin/gcc -I/home/zhangsiyu/pc018work-v15-at/apv5sdk-v15/build/gcc-4.3.3/build_mips/host_dir/include -I/home/zhangsiyu/pc018work-v15-at/apv5sdk-v15/build/gcc-4.3.3/build_mips/host_dir/usr/include -c -g -O2  conftest.c >&5
configure:3106: $? = 0
configure:3110: test -z 
			 || test ! -s conftest.err
configure:3113: $? = 0
configure:3116: test -s conftest.o
configure:3119: $? = 0
configure:3130: result: yes
configure:3084: checking for unistd.h
configure:3100: /usr/bin/gcc -I/home/zhangsiyu/pc018work-v15-at/apv5sdk-v15/build/gcc-4.3.3/build_mips/host_dir/include -I/home/zhangsiyu/pc018work-v15-at/apv5sdk-v15/build/gcc-4.3.3/build_mips/host_dir/usr/include -c -g -O2  conftest.c >&5
configure:3106: $? = 0
configure:3110: test -z 
			 || test ! -s conftest.err
configure:3113: $? = 0
configure:3116: test -s conftest.o
configure:3119: $? = 0
configure:3130: result: yes
configure:3159: checking ctype.h usability
configure:3171: /usr/bin/gcc -I/home/zhangsiyu/pc018work-v15-at/apv5sdk-v15/build/gcc-4.3.3/build_mips/host_dir/include -I/home/zhangsiyu/pc018work-v15-at/apv5sdk-v15/build/gcc-4.3.3/build_mips/host_dir/usr/include -c -g -O2  conftest.c >&5
configure:3177: $? = 0
configure:3181: test -z 
			 || test ! -s conftest.err
configure:3184: $? = 0
configure:3187: test -s conftest.o
configure:3190: $? = 0
configure:3200: result: yes
configure:3204: checking ctype.h presence
configure:3214: /usr/bin/gcc -I/home/zhangsiyu/pc018work-v15-at/apv5sdk-v15/build/gcc-4.3.3/build_mips/host_dir/include -I/home/zhangsiyu/pc018work-v15-at/apv5sdk-v15/build/gcc-4.3.3/build_mips/host_dir/usr/include -E  conftest.c
configure:3220: $? = 0
configure:3240: result: yes
configure:3275: checking for ctype.h
configure:3282: result: yes
configure:3159: checking stddef.h usability
configure:3171: /usr/bin/gcc -I/home/zhangsiyu/pc018work-v15-at/apv5sdk-v15/build/gcc-4.3.3/build_mips/host_dir/include -I/home/zhangsiyu/pc018work-v15-at/apv5sdk-v15/build/gcc-4.3.3/build_mips/host_dir/usr/include -c -g -O2  conftest.c >&5
configure:3177: $? = 0
configure:3181: test -z 
			 || test ! -s conftest.err
configure:3184: $? = 0
configure:3187: test -s conftest.o
configure:3190: $? = 0
configure:3200: result: yes
configure:3204: checking stddef.h presence
configure:3214: /usr/bin/gcc -I/home/zhangsiyu/pc018work-v15-at/apv5sdk-v15/build/gcc-4.3.3/build_mips/host_dir/include -I/home/zhangsiyu/pc018work-v15-at/apv5sdk-v15/build/gcc-4.3.3/build_mips/host_dir/usr/include -E  conftest.c
configure:3220: $? = 0
configure:3240: result: yes
configure:3275: checking for stddef.h
configure:3282: result: yes
configure:3150: checking for string.h
configure:3155: result: yes
configure:3159: checking stdio.h usability
configure:3171: /usr/bin/gcc -I/home/zhangsiyu/pc018work-v15-at/apv5sdk-v15/build/gcc-4.3.3/build_mips/host_dir/include -I/home/zhangsiyu/pc018work-v15-at/apv5sdk-v15/build/gcc-4.3.3/build_mips/host_dir/usr/include -c -g -O2  conftest.c >&5
configure:3177: $? = 0
configure:3181: test -z 
			 || test ! -s conftest.err
configure:3184: $? = 0
configure:3187: test -s conftest.o
configure:3190: $? = 0
configure:3200: result: yes
configure:3204: checking stdio.h presence
configure:3214: /usr/bin/gcc -I/home/zhangsiyu/pc018work-v15-at/apv5sdk-v15/build/gcc-4.3.3/build_mips/host_dir/include -I/home/zhangsiyu/pc018work-v15-at/apv5sdk-v15/build/gcc-4.3.3/build_mips/host_dir/usr/include -E  conftest.c
configure:3220: $? = 0
configure:3240: result: yes
configure:3275: checking for stdio.h
configure:3282: result: yes
configure:3308: checking for uintmax_t
configure:3334: /usr/bin/gcc -I/home/zhangsiyu/pc018work-v15-at/apv5sdk-v15/build/gcc-4.3.3/build_mips/host_dir/include -I/home/zhangsiyu/pc018work-v15-at/apv5sdk-v15/build/gcc-4.3.3/build_mips/host_dir/usr/include -c -g -O2  conftest.c >&5
configure:3340: $? = 0
configure:3344: test -z 
			 || test ! -s conftest.err
configure:3347: $? = 0
configure:3350: test -s conftest.o
configure:3353: $? = 0
configure:3364: result: yes
configure:3372: checking for uintptr_t
configure:3398: /usr/bin/gcc -I/home/zhangsiyu/pc018work-v15-at/apv5sdk-v15/build/gcc-4.3.3/build_mips/host_dir/include -I/home/zhangsiyu/pc018work-v15-at/apv5sdk-v15/build/gcc-4.3.3/build_mips/host_dir/usr/include -c -g -O2  conftest.c >&5
configure:3404: $? = 0
configure:3408: test -z 
			 || test ! -s conftest.err
configure:3411: $? = 0
configure:3414: test -s conftest.o
configure:3417: $? = 0
configure:3428: result: yes
configure:3436: checking for int_least32_t
configure:3462: /usr/bin/gcc -I/home/zhangsiyu/pc018work-v15-at/apv5sdk-v15/build/gcc-4.3.3/build_mips/host_dir/include -I/home/zhangsiyu/pc018work-v15-at/apv5sdk-v15/build/gcc-4.3.3/build_mips/host_dir/usr/include -c -g -O2  conftest.c >&5
configure:3468: $? = 0
configure:3472: test -z 
			 || test ! -s conftest.err
configure:3475: $? = 0
configure:3478: test -s conftest.o
configure:3481: $? = 0
configure:3492: result: yes
configure:3500: checking for int_fast32_t
configure:3526: /usr/bin/gcc -I/home/zhangsiyu/pc018work-v15-at/apv5sdk-v15/build/gcc-4.3.3/build_mips/host_dir/include -I/home/zhangsiyu/pc018work-v15-at/apv5sdk-v15/build/gcc-4.3.3/build_mips/host_dir/usr/include -c -g -O2  conftest.c >&5
configure:3532: $? = 0
configure:3536: test -z 
			 || test ! -s conftest.err
configure:3539: $? = 0
configure:3542: test -s conftest.o
configure:3545: $? = 0
configure:3556: result: yes
configure:3564: checking for uint64_t
configure:3590: /usr/bin/gcc -I/home/zhangsiyu/pc018work-v15-at/apv5sdk-v15/build/gcc-4.3.3/build_mips/host_dir/include -I/home/zhangsiyu/pc018work-v15-at/apv5sdk-v15/build/gcc-4.3.3/build_mips/host_dir/usr/include -c -g -O2  conftest.c >&5
configure:3596: $? = 0
configure:3600: test -z 
			 || test ! -s conftest.err
configure:3603: $? = 0
configure:3606: test -s conftest.o
configure:3609: $? = 0
configure:3620: result: yes
configure:3966: checking what to include in gstdint.h
configure:3986: result: stdint.h (already complete)
configure:6144: checking for an ANSI C-conforming const
configure:6211: /usr/bin/gcc -I/home/zhangsiyu/pc018work-v15-at/apv5sdk-v15/build/gcc-4.3.3/build_mips/host_dir/include -I/home/zhangsiyu/pc018work-v15-at/apv5sdk-v15/build/gcc-4.3.3/build_mips/host_dir/usr/include -c -g -O2  conftest.c >&5
configure:6217: $? = 0
configure:6221: test -z 
			 || test ! -s conftest.err
configure:6224: $? = 0
configure:6227: test -s conftest.o
configure:6230: $? = 0
configure:6241: result: yes
configure:6251: checking for off_t
configure:6275: /usr/bin/gcc -I/home/zhangsiyu/pc018work-v15-at/apv5sdk-v15/build/gcc-4.3.3/build_mips/host_dir/include -I/home/zhangsiyu/pc018work-v15-at/apv5sdk-v15/build/gcc-4.3.3/build_mips/host_dir/usr/include -c -g -O2  conftest.c >&5
configure:6281: $? = 0
configure:6285: test -z 
			 || test ! -s conftest.err
configure:6288: $? = 0
configure:6291: test -s conftest.o
configure:6294: $? = 0
configure:6305: result: yes
configure:6317: checking for int
configure:6341: /usr/bin/gcc -I/home/zhangsiyu/pc018work-v15-at/apv5sdk-v15/build/gcc-4.3.3/build_mips/host_dir/include -I/home/zhangsiyu/pc018work-v15-at/apv5sdk-v15/build/gcc-4.3.3/build_mips/host_dir/usr/include -c -g -O2  conftest.c >&5
configure:6347: $? = 0
configure:6351: test -z 
			 || test ! -s conftest.err
configure:6354: $? = 0
configure:6357: test -s conftest.o
configure:6360: $? = 0
configure:6371: result: yes
configure:6374: checking size of int
configure:6693: /usr/bin/gcc -I/home/zhangsiyu/pc018work-v15-at/apv5sdk-v15/build/gcc-4.3.3/build_mips/host_dir/include -I/home/zhangsiyu/pc018work-v15-at/apv5sdk-v15/build/gcc-4.3.3/build_mips/host_dir/usr/include -o conftest -g -O2   conftest.c  >&5
configure:6696: $? = 0
configure:6698: ./conftest
configure:6701: $? = 0
configure:6724: result: 4
configure:6731: checking for long
configure:6755: /usr/bin/gcc -I/home/zhangsiyu/pc018work-v15-at/apv5sdk-v15/build/gcc-4.3.3/build_mips/host_dir/include -I/home/zhangsiyu/pc018work-v15-at/apv5sdk-v15/build/gcc-4.3.3/build_mips/host_dir/usr/include -c -g -O2  conftest.c >&5
configure:6761: $? = 0
configure:6765: test -z 
			 || test ! -s conftest.err
configure:6768: $? = 0
configure:6771: test -s conftest.o
configure:6774: $? = 0
configure:6785: result: yes
configure:6788: checking size of long
configure:7107: /usr/bin/gcc -I/home/zhangsiyu/pc018work-v15-at/apv5sdk-v15/build/gcc-4.3.3/build_mips/host_dir/include -I/home/zhangsiyu/pc018work-v15-at/apv5sdk-v15/build/gcc-4.3.3/build_mips/host_dir/usr/include -o conftest -g -O2   conftest.c  >&5
configure:7110: $? = 0
configure:7112: ./conftest
configure:7115: $? = 0
configure:7138: result: 4
configure:7147: checking for ANSI C header files
configure:7303: result: yes
configure:7360: checking build system type
configure:7378: result: i386-pc-linux-gnu
configure:7386: checking host system type
configure:7400: result: i386-pc-linux-gnu
configure:7408: checking target system type
configure:7422: result: mips-unknown-linux-uclibc
configure:7439: checking for decimal floating point
configure:7488: result: dpd
configure:7493: checking whether byte ordering is bigendian
configure:7520: /usr/bin/gcc -I/home/zhangsiyu/pc018work-v15-at/apv5sdk-v15/build/gcc-4.3.3/build_mips/host_dir/include -I/home/zhangsiyu/pc018work-v15-at/apv5sdk-v15/build/gcc-4.3.3/build_mips/host_dir/usr/include -c -g -O2  conftest.c >&5
configure:7526: $? = 0
configure:7530: test -z 
			 || test ! -s conftest.err
configure:7533: $? = 0
configure:7536: test -s conftest.o
configure:7539: $? = 0
configure:7563: /usr/bin/gcc -I/home/zhangsiyu/pc018work-v15-at/apv5sdk-v15/build/gcc-4.3.3/build_mips/host_dir/include -I/home/zhangsiyu/pc018work-v15-at/apv5sdk-v15/build/gcc-4.3.3/build_mips/host_dir/usr/include -c -g -O2  conftest.c >&5
conftest.c: In function 'main':
conftest.c:33: error: 'not' undeclared (first use in this function)
conftest.c:33: error: (Each undeclared identifier is reported only once
conftest.c:33: error: for each function it appears in.)
conftest.c:33: error: expected ';' before 'big'
configure:7569: $? = 1
configure: failed program was:
| /* confdefs.h.  */
| 
| #define PACKAGE_NAME "libdecnumber"
| #define PACKAGE_TARNAME "libdecnumber"
| #define PACKAGE_VERSION " "
| #define PACKAGE_STRING "libdecnumber  "
| #define PACKAGE_BUGREPORT "gcc-bugs@gcc.gnu.org"
| #define STDC_HEADERS 1
| #define HAVE_SYS_TYPES_H 1
| #define HAVE_SYS_STAT_H 1
| #define HAVE_STDLIB_H 1
| #define HAVE_STRING_H 1
| #define HAVE_MEMORY_H 1
| #define HAVE_STRINGS_H 1
| #define HAVE_INTTYPES_H 1
| #define HAVE_STDINT_H 1
| #define HAVE_UNISTD_H 1
| #define HAVE_CTYPE_H 1
| #define HAVE_STDDEF_H 1
| #define HAVE_STRING_H 1
| #define HAVE_STDIO_H 1
| #define SIZEOF_INT 4
| #define SIZEOF_LONG 4
| #define STDC_HEADERS 1
| /* end confdefs.h.  */
| #include <sys/types.h>
| #include <sys/param.h>
| 
| int
| main ()
| {
| #if BYTE_ORDER != BIG_ENDIAN
|  not big endian
| #endif
| 
|   ;
|   return 0;
| }
configure:7704: result: no
configure:7825: creating ./config.status

## ---------------------- ##
## Running config.status. ##
## ---------------------- ##

This file was extended by libdecnumber config.status  , which was
generated by GNU Autoconf 2.59.  Invocation command line was

  CONFIG_FILES    = 
  CONFIG_HEADERS  = 
  CONFIG_LINKS    = 
  CONFIG_COMMANDS = 
  $ ./config.status 

on debian

config.status:694: creating Makefile
config.status:790: creating config.h
config.status:1068: executing gstdint.h commands

## ---------------- ##
## Cache variables. ##
## ---------------- ##

ac_cv_build=i386-pc-linux-gnu
ac_cv_build_alias=i386-pc-linux-gnu
ac_cv_c_bigendian=no
ac_cv_c_compiler_gnu=yes
ac_cv_c_const=yes
ac_cv_env_CC_set=set
ac_cv_env_CC_value='/usr/bin/gcc -I/home/zhangsiyu/pc018work-v15-at/apv5sdk-v15/build/gcc-4.3.3/build_mips/host_dir/include -I/home/zhangsiyu/pc018work-v15-at/apv5sdk-v15/build/gcc-4.3.3/build_mips/host_dir/usr/include'
ac_cv_env_CFLAGS_set=set
ac_cv_env_CFLAGS_value='-g -O2'
ac_cv_env_CPPFLAGS_set=
ac_cv_env_CPPFLAGS_value=
ac_cv_env_CPP_set=
ac_cv_env_CPP_value=
ac_cv_env_LDFLAGS_set=set
ac_cv_env_LDFLAGS_value=
ac_cv_env_build_alias_set=set
ac_cv_env_build_alias_value=i386-pc-linux-gnu
ac_cv_env_host_alias_set=set
ac_cv_env_host_alias_value=i386-pc-linux-gnu
ac_cv_env_target_alias_set=set
ac_cv_env_target_alias_value=mips-linux-uclibc
ac_cv_exeext=
ac_cv_header_ctype_h=yes
ac_cv_header_inttypes_h=yes
ac_cv_header_memory_h=yes
ac_cv_header_stdc=yes
ac_cv_header_stddef_h=yes
ac_cv_header_stdint_h=yes
ac_cv_header_stdio_h=yes
ac_cv_header_stdlib_h=yes
ac_cv_header_string_h=yes
ac_cv_header_strings_h=yes
ac_cv_header_sys_stat_h=yes
ac_cv_header_sys_types_h=yes
ac_cv_header_unistd_h=yes
ac_cv_host=i386-pc-linux-gnu
ac_cv_host_alias=i386-pc-linux-gnu
ac_cv_objext=o
ac_cv_prog_ACLOCAL=aclocal
ac_cv_prog_AUTOCONF=autoconf
ac_cv_prog_AUTOHEADER=autoheader
ac_cv_prog_CC='/usr/bin/gcc -I/home/zhangsiyu/pc018work-v15-at/apv5sdk-v15/build/gcc-4.3.3/build_mips/host_dir/include -I/home/zhangsiyu/pc018work-v15-at/apv5sdk-v15/build/gcc-4.3.3/build_mips/host_dir/usr/include'
ac_cv_prog_CPP='/usr/bin/gcc -I/home/zhangsiyu/pc018work-v15-at/apv5sdk-v15/build/gcc-4.3.3/build_mips/host_dir/include -I/home/zhangsiyu/pc018work-v15-at/apv5sdk-v15/build/gcc-4.3.3/build_mips/host_dir/usr/include -E'
ac_cv_prog_RANLIB=ranlib
ac_cv_prog_cc_g=yes
ac_cv_prog_cc_stdc=
ac_cv_prog_egrep='grep -E'
ac_cv_prog_make__usr_bin_make_set=yes
ac_cv_sizeof_int=4
ac_cv_sizeof_long=4
ac_cv_target=mips-unknown-linux-uclibc
ac_cv_target_alias=mips-linux-uclibc
ac_cv_type_int=yes
ac_cv_type_int_fast32_t=yes
ac_cv_type_int_least32_t=yes
ac_cv_type_long=yes
ac_cv_type_off_t=yes
ac_cv_type_u_int64_t=no
ac_cv_type_uint64_t=yes
ac_cv_type_uintmax_t=yes
ac_cv_type_uintptr_t=yes
acx_cv_header_stdint=stdint.h
acx_cv_header_stdint_kind='(already complete)'
acx_cv_prog_cc_pedantic__Wno_long_long=yes
acx_cv_prog_cc_warning__W=yes
acx_cv_prog_cc_warning__Wall=yes
acx_cv_prog_cc_warning__Wcast_qual=yes
acx_cv_prog_cc_warning__Wmissing_format_attribute=yes
acx_cv_prog_cc_warning__Wmissing_prototypes=yes
acx_cv_prog_cc_warning__Wold_style_definition=yes
acx_cv_prog_cc_warning__Wstrict_prototypes=yes
acx_cv_prog_cc_warning__Wwrite_strings=yes

## ----------------- ##
## Output variables. ##
## ----------------- ##

ACLOCAL='aclocal'
ADDITIONAL_OBJS=''
AUTOCONF='autoconf'
AUTOHEADER='autoheader'
CC='/usr/bin/gcc -I/home/zhangsiyu/pc018work-v15-at/apv5sdk-v15/build/gcc-4.3.3/build_mips/host_dir/include -I/home/zhangsiyu/pc018work-v15-at/apv5sdk-v15/build/gcc-4.3.3/build_mips/host_dir/usr/include'
CFLAGS='-g -O2'
CPP='/usr/bin/gcc -I/home/zhangsiyu/pc018work-v15-at/apv5sdk-v15/build/gcc-4.3.3/build_mips/host_dir/include -I/home/zhangsiyu/pc018work-v15-at/apv5sdk-v15/build/gcc-4.3.3/build_mips/host_dir/usr/include -E'
CPPFLAGS=''
DEFS='-DHAVE_CONFIG_H'
ECHO_C=''
ECHO_N='-n'
ECHO_T=''
EGREP='grep -E'
EXEEXT=''
LDFLAGS=''
LIBOBJS=''
LIBS=''
LTLIBOBJS=''
MAINT='#'
OBJEXT='o'
PACKAGE_BUGREPORT='gcc-bugs@gcc.gnu.org'
PACKAGE_NAME='libdecnumber'
PACKAGE_STRING='libdecnumber  '
PACKAGE_TARNAME='libdecnumber'
PACKAGE_VERSION=' '
PATH_SEPARATOR=':'
RANLIB='ranlib'
SET_MAKE=''
SHELL='/bin/sh'
WARN_CFLAGS='-W -Wall -Wwrite-strings -Wstrict-prototypes -Wmissing-prototypes -Wold-style-definition -Wmissing-format-attribute -Wcast-qual'
WARN_PEDANTIC='-pedantic -Wno-long-long'
WERROR=''
ac_ct_CC=''
ac_ct_RANLIB=''
bindir='${exec_prefix}/bin'
build='i386-pc-linux-gnu'
build_alias='i386-pc-linux-gnu'
build_cpu='i386'
build_os='linux-gnu'
build_vendor='pc'
datadir='${prefix}/share'
enable_decimal_float='dpd'
exec_prefix='${prefix}'
host='i386-pc-linux-gnu'
host_alias='i386-pc-linux-gnu'
host_cpu='i386'
host_os='linux-gnu'
host_vendor='pc'
includedir='${prefix}/include'
infodir='${prefix}/info'
libdir='${exec_prefix}/lib'
libexecdir='${exec_prefix}/libexec'
localstatedir='${prefix}/var'
mandir='${prefix}/man'
oldincludedir='/usr/include'
prefix='/usr'
program_transform_name='s,^,mips-linux-uclibc-,'
sbindir='${exec_prefix}/sbin'
sharedstatedir='${prefix}/com'
sysconfdir='${prefix}/etc'
target='mips-unknown-linux-uclibc'
target_alias='mips-linux-uclibc'
target_cpu='mips'
target_os='linux-uclibc'
target_vendor='unknown'

## ----------- ##
## confdefs.h. ##
## ----------- ##

#define HAVE_CTYPE_H 1
#define HAVE_INTTYPES_H 1
#define HAVE_MEMORY_H 1
#define HAVE_STDDEF_H 1
#define HAVE_STDINT_H 1
#define HAVE_STDIO_H 1
#define HAVE_STDLIB_H 1
#define HAVE_STRINGS_H 1
#define HAVE_STRING_H 1
#define HAVE_STRING_H 1
#define HAVE_SYS_STAT_H 1
#define HAVE_SYS_TYPES_H 1
#define HAVE_UNISTD_H 1
#define PACKAGE_BUGREPORT "gcc-bugs@gcc.gnu.org"
#define PACKAGE_NAME "libdecnumber"
#define PACKAGE_STRING "libdecnumber  "
#define PACKAGE_TARNAME "libdecnumber"
#define PACKAGE_VERSION " "
#define SIZEOF_INT 4
#define SIZEOF_LONG 4
#define STDC_HEADERS 1
#define STDC_HEADERS 1

configure: exit 0
