This file contains any messages produced by compilers while
running configure, to aid debugging if configure makes a mistake.

It was created by configure, which was
generated by GNU Autoconf 2.59.  Invocation command line was

  $ /home/zhangsiyu/pc018work-v15-at/apv5sdk-v15/build/gcc-4.3.3/toolchain_build_mips/binutils-2.19.1/binutils/configure --cache-file=./config.cache --with-gnu-as --with-gnu-ld --with-stabs --prefix=/usr --mandir=/usr/share/man --infodir=/usr/share/info --with-sysroot=/home/zhangsiyu/pc018work-v15-at/apv5sdk-v15/build/gcc-4.3.3/toolchain_build_mips/uClibc_dev/ --with-sysroot=/home/zhangsiyu/pc018work-v15-at/apv5sdk-v15/build/gcc-4.3.3/build_mips/staging_dir --disable-nls --disable-multilib --disable-werror --with-float=soft --with-gmp=/home/zhangsiyu/pc018work-v15-at/apv5sdk-v15/build/gcc-4.3.3/toolchain_build_mips/gmp --with-mpfr=/home/zhangsiyu/pc018work-v15-at/apv5sdk-v15/build/gcc-4.3.3/toolchain_build_mips/mpfr --program-transform-name=s,^,mips-linux-uclibc-, --build=i386-pc-linux-gnu --host=i386-pc-linux-gnu --target=mips-linux-uclibc --srcdir=/home/zhangsiyu/pc018work-v15-at/apv5sdk-v15/build/gcc-4.3.3/toolchain_build_mips/binutils-2.19.1/binutils

## --------- ##
## Platform. ##
## --------- ##

hostname = debian
uname -m = i686
uname -r = 2.6.32-5-686
uname -s = Linux
uname -v = #1 SMP Mon Sep 23 23:00:18 UTC 2013

/usr/bin/uname -p = unknown
/bin/uname -X     = unknown

/bin/arch              = unknown
/usr/bin/arch -k       = unknown
/usr/convex/getsysinfo = unknown
hostinfo               = unknown
/bin/machine           = unknown
/usr/bin/oslevel       = unknown
/bin/universe          = unknown

PATH: /home/zhangsiyu/pc018work-v15-at/apv5sdk-v15/build/../build/util
PATH: /home/zhangsiyu/pc018work-v15-at/apv5sdk-v15/build/../build/gcc-4.3.3/build_mips/staging_dir/usr//bin
PATH: /home/zhangsiyu/pc018work-v15-at/apv5sdk-v15/build/../linux
PATH: /home/zhangsiyu/pc018work-v15-at/apv5sdk-v15/build/../build
PATH: /home/zhangsiyu/pc018work-v15-at/apv5sdk-v15/build/../boot/redboot/ecos/tools/bin
PATH: `pwd`
PATH: /opt/hisi-linux/x86-arm/arm-hisiv200-linux/target/bin
PATH: /usr/local/bin
PATH: /usr/bin
PATH: /bin
PATH: /usr/local/games
PATH: /usr/games


## ----------- ##
## Core tests. ##
## ----------- ##

configure:1398: creating cache ./config.cache
configure:1525: checking build system type
configure:1543: result: i386-pc-linux-gnu
configure:1551: checking host system type
configure:1565: result: i386-pc-linux-gnu
configure:1573: checking target system type
configure:1587: result: mips-unknown-linux-uclibc
configure:1609: checking for i386-pc-linux-gnu-gcc
configure:1635: result: /usr/bin/gcc -I/home/zhangsiyu/pc018work-v15-at/apv5sdk-v15/build/gcc-4.3.3/build_mips/host_dir/include -I/home/zhangsiyu/pc018work-v15-at/apv5sdk-v15/build/gcc-4.3.3/build_mips/host_dir/usr/include
configure:1919: checking for C compiler version
configure:1922: /usr/bin/gcc -I/home/zhangsiyu/pc018work-v15-at/apv5sdk-v15/build/gcc-4.3.3/build_mips/host_dir/include -I/home/zhangsiyu/pc018work-v15-at/apv5sdk-v15/build/gcc-4.3.3/build_mips/host_dir/usr/include --version </dev/null >&5
gcc (Debian 4.4.5-8) 4.4.5
Copyright (C) 2010 Free Software Foundation, Inc.
This is free software; see the source for copying conditions.  There is NO
warranty; not even for MERCHANTABILITY or FITNESS FOR A PARTICULAR PURPOSE.

configure:1925: $? = 0
configure:1927: /usr/bin/gcc -I/home/zhangsiyu/pc018work-v15-at/apv5sdk-v15/build/gcc-4.3.3/build_mips/host_dir/include -I/home/zhangsiyu/pc018work-v15-at/apv5sdk-v15/build/gcc-4.3.3/build_mips/host_dir/usr/include -v </dev/null >&5
Using built-in specs.
Target: i486-linux-gnu
Configured with: ../src/configure -v --with-pkgversion='Debian 4.4.5-8' --with-bugurl=file:///usr/share/doc/gcc-4.4/README.Bugs --enable-languages=c,c++,fortran,objc,obj-c++ --prefix=/usr --program-suffix=-4.4 --enable-shared --enable-multiarch --enable-linker-build-id --with-system-zlib --libexecdir=/usr/lib --without-included-gettext --enable-threads=posix --with-gxx-include-dir=/usr/include/c++/4.4 --libdir=/usr/lib --enable-nls --enable-clocale=gnu --enable-libstdcxx-debug --enable-objc-gc --enable-targets=all --with-arch-32=i586 --with-tune=generic --enable-checking=release --build=i486-linux-gnu --host=i486-linux-gnu --target=i486-linux-gnu
Thread model: posix
gcc version 4.4.5 (Debian 4.4.5-8) 
configure:1930: $? = 0
configure:1932: /usr/bin/gcc -I/home/zhangsiyu/pc018work-v15-at/apv5sdk-v15/build/gcc-4.3.3/build_mips/host_dir/include -I/home/zhangsiyu/pc018work-v15-at/apv5sdk-v15/build/gcc-4.3.3/build_mips/host_dir/usr/include -V </dev/null >&5
gcc: '-V' must come at the start of the command line
configure:1935: $? = 1
configure:1958: checking for C compiler default output file name
configure:1961: /usr/bin/gcc -I/home/zhangsiyu/pc018work-v15-at/apv5sdk-v15/build/gcc-4.3.3/build_mips/host_dir/include -I/home/zhangsiyu/pc018work-v15-at/apv5sdk-v15/build/gcc-4.3.3/build_mips/host_dir/usr/include -g -O2   conftest.c  >&5
configure:1964: $? = 0
configure:2012: result: a.out
configure:2017: checking whether the C compiler works
configure:2023: ./a.out
configure:2026: $? = 0
configure:2045: result: yes
configure:2052: checking whether we are cross compiling
configure:2054: result: no
configure:2057: checking for suffix of executables
configure:2059: /usr/bin/gcc -I/home/zhangsiyu/pc018work-v15-at/apv5sdk-v15/build/gcc-4.3.3/build_mips/host_dir/include -I/home/zhangsiyu/pc018work-v15-at/apv5sdk-v15/build/gcc-4.3.3/build_mips/host_dir/usr/include -o conftest -g -O2   conftest.c  >&5
configure:2062: $? = 0
configure:2089: result: 
configure:2095: checking for suffix of object files
configure:2116: /usr/bin/gcc -I/home/zhangsiyu/pc018work-v15-at/apv5sdk-v15/build/gcc-4.3.3/build_mips/host_dir/include -I/home/zhangsiyu/pc018work-v15-at/apv5sdk-v15/build/gcc-4.3.3/build_mips/host_dir/usr/include -c -g -O2  conftest.c >&5
configure:2119: $? = 0
configure:2143: result: o
configure:2147: checking whether we are using the GNU C compiler
configure:2171: /usr/bin/gcc -I/home/zhangsiyu/pc018work-v15-at/apv5sdk-v15/build/gcc-4.3.3/build_mips/host_dir/include -I/home/zhangsiyu/pc018work-v15-at/apv5sdk-v15/build/gcc-4.3.3/build_mips/host_dir/usr/include -c -g -O2  conftest.c >&5
configure:2177: $? = 0
configure:2181: test -z 
			 || test ! -s conftest.err
configure:2184: $? = 0
configure:2187: test -s conftest.o
configure:2190: $? = 0
configure:2203: result: yes
configure:2209: checking whether /usr/bin/gcc -I/home/zhangsiyu/pc018work-v15-at/apv5sdk-v15/build/gcc-4.3.3/build_mips/host_dir/include -I/home/zhangsiyu/pc018work-v15-at/apv5sdk-v15/build/gcc-4.3.3/build_mips/host_dir/usr/include accepts -g
configure:2230: /usr/bin/gcc -I/home/zhangsiyu/pc018work-v15-at/apv5sdk-v15/build/gcc-4.3.3/build_mips/host_dir/include -I/home/zhangsiyu/pc018work-v15-at/apv5sdk-v15/build/gcc-4.3.3/build_mips/host_dir/usr/include -c -g  conftest.c >&5
configure:2236: $? = 0
configure:2240: test -z 
			 || test ! -s conftest.err
configure:2243: $? = 0
configure:2246: test -s conftest.o
configure:2249: $? = 0
configure:2260: result: yes
configure:2277: checking for /usr/bin/gcc -I/home/zhangsiyu/pc018work-v15-at/apv5sdk-v15/build/gcc-4.3.3/build_mips/host_dir/include -I/home/zhangsiyu/pc018work-v15-at/apv5sdk-v15/build/gcc-4.3.3/build_mips/host_dir/usr/include option to accept ANSI C
configure:2347: /usr/bin/gcc -I/home/zhangsiyu/pc018work-v15-at/apv5sdk-v15/build/gcc-4.3.3/build_mips/host_dir/include -I/home/zhangsiyu/pc018work-v15-at/apv5sdk-v15/build/gcc-4.3.3/build_mips/host_dir/usr/include  -c -g -O2  conftest.c >&5
configure:2353: $? = 0
configure:2357: test -z 
			 || test ! -s conftest.err
configure:2360: $? = 0
configure:2363: test -s conftest.o
configure:2366: $? = 0
configure:2384: result: none needed
configure:2402: /usr/bin/gcc -I/home/zhangsiyu/pc018work-v15-at/apv5sdk-v15/build/gcc-4.3.3/build_mips/host_dir/include -I/home/zhangsiyu/pc018work-v15-at/apv5sdk-v15/build/gcc-4.3.3/build_mips/host_dir/usr/include -c -g -O2  conftest.c >&5
conftest.c:2: error: expected '=', ',', ';', 'asm' or '__attribute__' before 'me'
configure:2408: $? = 1
configure: failed program was:
| #ifndef __cplusplus
|   choke me
| #endif
configure:2542: checking for library containing strerror
configure:2572: /usr/bin/gcc -I/home/zhangsiyu/pc018work-v15-at/apv5sdk-v15/build/gcc-4.3.3/build_mips/host_dir/include -I/home/zhangsiyu/pc018work-v15-at/apv5sdk-v15/build/gcc-4.3.3/build_mips/host_dir/usr/include -o conftest -g -O2   conftest.c  >&5
configure:2578: $? = 0
configure:2582: test -z 
			 || test ! -s conftest.err
configure:2585: $? = 0
configure:2588: test -s conftest
configure:2591: $? = 0
configure:2661: result: none required
configure:2685: checking for a BSD-compatible install
configure:2751: result: /usr/bin/install -c
configure:2762: checking whether build environment is sane
configure:2805: result: yes
configure:2870: checking for gawk
configure:2886: found /usr/bin/gawk
configure:2896: result: gawk
configure:2906: checking whether /usr/bin/make sets $(MAKE)
configure:2926: result: yes
configure:2956: checking for style of include used by /usr/bin/make
configure:2984: result: GNU
configure:3160: checking dependency style of /usr/bin/gcc -I/home/zhangsiyu/pc018work-v15-at/apv5sdk-v15/build/gcc-4.3.3/build_mips/host_dir/include -I/home/zhangsiyu/pc018work-v15-at/apv5sdk-v15/build/gcc-4.3.3/build_mips/host_dir/usr/include
configure:3250: result: gcc3
configure:3277: checking for i386-pc-linux-gnu-gcc
configure:3303: result: /usr/bin/gcc -I/home/zhangsiyu/pc018work-v15-at/apv5sdk-v15/build/gcc-4.3.3/build_mips/host_dir/include -I/home/zhangsiyu/pc018work-v15-at/apv5sdk-v15/build/gcc-4.3.3/build_mips/host_dir/usr/include
configure:3587: checking for C compiler version
configure:3590: /usr/bin/gcc -I/home/zhangsiyu/pc018work-v15-at/apv5sdk-v15/build/gcc-4.3.3/build_mips/host_dir/include -I/home/zhangsiyu/pc018work-v15-at/apv5sdk-v15/build/gcc-4.3.3/build_mips/host_dir/usr/include --version </dev/null >&5
gcc (Debian 4.4.5-8) 4.4.5
Copyright (C) 2010 Free Software Foundation, Inc.
This is free software; see the source for copying conditions.  There is NO
warranty; not even for MERCHANTABILITY or FITNESS FOR A PARTICULAR PURPOSE.

configure:3593: $? = 0
configure:3595: /usr/bin/gcc -I/home/zhangsiyu/pc018work-v15-at/apv5sdk-v15/build/gcc-4.3.3/build_mips/host_dir/include -I/home/zhangsiyu/pc018work-v15-at/apv5sdk-v15/build/gcc-4.3.3/build_mips/host_dir/usr/include -v </dev/null >&5
Using built-in specs.
Target: i486-linux-gnu
Configured with: ../src/configure -v --with-pkgversion='Debian 4.4.5-8' --with-bugurl=file:///usr/share/doc/gcc-4.4/README.Bugs --enable-languages=c,c++,fortran,objc,obj-c++ --prefix=/usr --program-suffix=-4.4 --enable-shared --enable-multiarch --enable-linker-build-id --with-system-zlib --libexecdir=/usr/lib --without-included-gettext --enable-threads=posix --with-gxx-include-dir=/usr/include/c++/4.4 --libdir=/usr/lib --enable-nls --enable-clocale=gnu --enable-libstdcxx-debug --enable-objc-gc --enable-targets=all --with-arch-32=i586 --with-tune=generic --enable-checking=release --build=i486-linux-gnu --host=i486-linux-gnu --target=i486-linux-gnu
Thread model: posix
gcc version 4.4.5 (Debian 4.4.5-8) 
configure:3598: $? = 0
configure:3600: /usr/bin/gcc -I/home/zhangsiyu/pc018work-v15-at/apv5sdk-v15/build/gcc-4.3.3/build_mips/host_dir/include -I/home/zhangsiyu/pc018work-v15-at/apv5sdk-v15/build/gcc-4.3.3/build_mips/host_dir/usr/include -V </dev/null >&5
gcc: '-V' must come at the start of the command line
configure:3603: $? = 1
configure:3606: checking whether we are using the GNU C compiler
configure:3662: result: yes
configure:3668: checking whether /usr/bin/gcc -I/home/zhangsiyu/pc018work-v15-at/apv5sdk-v15/build/gcc-4.3.3/build_mips/host_dir/include -I/home/zhangsiyu/pc018work-v15-at/apv5sdk-v15/build/gcc-4.3.3/build_mips/host_dir/usr/include accepts -g
configure:3719: result: yes
configure:3736: checking for /usr/bin/gcc -I/home/zhangsiyu/pc018work-v15-at/apv5sdk-v15/build/gcc-4.3.3/build_mips/host_dir/include -I/home/zhangsiyu/pc018work-v15-at/apv5sdk-v15/build/gcc-4.3.3/build_mips/host_dir/usr/include option to accept ANSI C
configure:3843: result: none needed
configure:3861: /usr/bin/gcc -I/home/zhangsiyu/pc018work-v15-at/apv5sdk-v15/build/gcc-4.3.3/build_mips/host_dir/include -I/home/zhangsiyu/pc018work-v15-at/apv5sdk-v15/build/gcc-4.3.3/build_mips/host_dir/usr/include -c -g -O2  conftest.c >&5
conftest.c:2: error: expected '=', ',', ';', 'asm' or '__attribute__' before 'me'
configure:3867: $? = 1
configure: failed program was:
| #ifndef __cplusplus
|   choke me
| #endif
configure:4011: checking how to run the C preprocessor
configure:4046: /usr/bin/gcc -I/home/zhangsiyu/pc018work-v15-at/apv5sdk-v15/build/gcc-4.3.3/build_mips/host_dir/include -I/home/zhangsiyu/pc018work-v15-at/apv5sdk-v15/build/gcc-4.3.3/build_mips/host_dir/usr/include -E  conftest.c
configure:4052: $? = 0
configure:4084: /usr/bin/gcc -I/home/zhangsiyu/pc018work-v15-at/apv5sdk-v15/build/gcc-4.3.3/build_mips/host_dir/include -I/home/zhangsiyu/pc018work-v15-at/apv5sdk-v15/build/gcc-4.3.3/build_mips/host_dir/usr/include -E  conftest.c
conftest.c:12:28: error: ac_nonexistent.h: No such file or directory
configure:4090: $? = 1
configure: failed program was:
| /* confdefs.h.  */
| 
| #define PACKAGE_NAME ""
| #define PACKAGE_TARNAME ""
| #define PACKAGE_VERSION ""
| #define PACKAGE_STRING ""
| #define PACKAGE_BUGREPORT ""
| #define PACKAGE "binutils"
| #define VERSION "2.19.1"
| #define _GNU_SOURCE 1
| /* end confdefs.h.  */
| #include <ac_nonexistent.h>
configure:4129: result: /usr/bin/gcc -I/home/zhangsiyu/pc018work-v15-at/apv5sdk-v15/build/gcc-4.3.3/build_mips/host_dir/include -I/home/zhangsiyu/pc018work-v15-at/apv5sdk-v15/build/gcc-4.3.3/build_mips/host_dir/usr/include -E
configure:4153: /usr/bin/gcc -I/home/zhangsiyu/pc018work-v15-at/apv5sdk-v15/build/gcc-4.3.3/build_mips/host_dir/include -I/home/zhangsiyu/pc018work-v15-at/apv5sdk-v15/build/gcc-4.3.3/build_mips/host_dir/usr/include -E  conftest.c
configure:4159: $? = 0
configure:4191: /usr/bin/gcc -I/home/zhangsiyu/pc018work-v15-at/apv5sdk-v15/build/gcc-4.3.3/build_mips/host_dir/include -I/home/zhangsiyu/pc018work-v15-at/apv5sdk-v15/build/gcc-4.3.3/build_mips/host_dir/usr/include -E  conftest.c
conftest.c:12:28: error: ac_nonexistent.h: No such file or directory
configure:4197: $? = 1
configure: failed program was:
| /* confdefs.h.  */
| 
| #define PACKAGE_NAME ""
| #define PACKAGE_TARNAME ""
| #define PACKAGE_VERSION ""
| #define PACKAGE_STRING ""
| #define PACKAGE_BUGREPORT ""
| #define PACKAGE "binutils"
| #define VERSION "2.19.1"
| #define _GNU_SOURCE 1
| /* end confdefs.h.  */
| #include <ac_nonexistent.h>
configure:4243: checking for egrep
configure:4253: result: grep -E
configure:4258: checking for ANSI C header files
configure:4283: /usr/bin/gcc -I/home/zhangsiyu/pc018work-v15-at/apv5sdk-v15/build/gcc-4.3.3/build_mips/host_dir/include -I/home/zhangsiyu/pc018work-v15-at/apv5sdk-v15/build/gcc-4.3.3/build_mips/host_dir/usr/include -c -g -O2  conftest.c >&5
configure:4289: $? = 0
configure:4293: test -z 
			 || test ! -s conftest.err
configure:4296: $? = 0
configure:4299: test -s conftest.o
configure:4302: $? = 0
configure:4391: /usr/bin/gcc -I/home/zhangsiyu/pc018work-v15-at/apv5sdk-v15/build/gcc-4.3.3/build_mips/host_dir/include -I/home/zhangsiyu/pc018work-v15-at/apv5sdk-v15/build/gcc-4.3.3/build_mips/host_dir/usr/include -o conftest -g -O2   conftest.c  >&5
conftest.c: In function 'main':
conftest.c:29: warning: incompatible implicit declaration of built-in function 'exit'
configure:4394: $? = 0
configure:4396: ./conftest
configure:4399: $? = 0
configure:4414: result: yes
configure:4438: checking for sys/types.h
configure:4454: /usr/bin/gcc -I/home/zhangsiyu/pc018work-v15-at/apv5sdk-v15/build/gcc-4.3.3/build_mips/host_dir/include -I/home/zhangsiyu/pc018work-v15-at/apv5sdk-v15/build/gcc-4.3.3/build_mips/host_dir/usr/include -c -g -O2  conftest.c >&5
configure:4460: $? = 0
configure:4464: test -z 
			 || test ! -s conftest.err
configure:4467: $? = 0
configure:4470: test -s conftest.o
configure:4473: $? = 0
configure:4484: result: yes
configure:4438: checking for sys/stat.h
configure:4454: /usr/bin/gcc -I/home/zhangsiyu/pc018work-v15-at/apv5sdk-v15/build/gcc-4.3.3/build_mips/host_dir/include -I/home/zhangsiyu/pc018work-v15-at/apv5sdk-v15/build/gcc-4.3.3/build_mips/host_dir/usr/include -c -g -O2  conftest.c >&5
configure:4460: $? = 0
configure:4464: test -z 
			 || test ! -s conftest.err
configure:4467: $? = 0
configure:4470: test -s conftest.o
configure:4473: $? = 0
configure:4484: result: yes
configure:4438: checking for stdlib.h
configure:4454: /usr/bin/gcc -I/home/zhangsiyu/pc018work-v15-at/apv5sdk-v15/build/gcc-4.3.3/build_mips/host_dir/include -I/home/zhangsiyu/pc018work-v15-at/apv5sdk-v15/build/gcc-4.3.3/build_mips/host_dir/usr/include -c -g -O2  conftest.c >&5
configure:4460: $? = 0
configure:4464: test -z 
			 || test ! -s conftest.err
configure:4467: $? = 0
configure:4470: test -s conftest.o
configure:4473: $? = 0
configure:4484: result: yes
configure:4438: checking for string.h
configure:4454: /usr/bin/gcc -I/home/zhangsiyu/pc018work-v15-at/apv5sdk-v15/build/gcc-4.3.3/build_mips/host_dir/include -I/home/zhangsiyu/pc018work-v15-at/apv5sdk-v15/build/gcc-4.3.3/build_mips/host_dir/usr/include -c -g -O2  conftest.c >&5
configure:4460: $? = 0
configure:4464: test -z 
			 || test ! -s conftest.err
configure:4467: $? = 0
configure:4470: test -s conftest.o
configure:4473: $? = 0
configure:4484: result: yes
configure:4438: checking for memory.h
configure:4454: /usr/bin/gcc -I/home/zhangsiyu/pc018work-v15-at/apv5sdk-v15/build/gcc-4.3.3/build_mips/host_dir/include -I/home/zhangsiyu/pc018work-v15-at/apv5sdk-v15/build/gcc-4.3.3/build_mips/host_dir/usr/include -c -g -O2  conftest.c >&5
configure:4460: $? = 0
configure:4464: test -z 
			 || test ! -s conftest.err
configure:4467: $? = 0
configure:4470: test -s conftest.o
configure:4473: $? = 0
configure:4484: result: yes
configure:4438: checking for strings.h
configure:4454: /usr/bin/gcc -I/home/zhangsiyu/pc018work-v15-at/apv5sdk-v15/build/gcc-4.3.3/build_mips/host_dir/include -I/home/zhangsiyu/pc018work-v15-at/apv5sdk-v15/build/gcc-4.3.3/build_mips/host_dir/usr/include -c -g -O2  conftest.c >&5
configure:4460: $? = 0
configure:4464: test -z 
			 || test ! -s conftest.err
configure:4467: $? = 0
configure:4470: test -s conftest.o
configure:4473: $? = 0
configure:4484: result: yes
configure:4438: checking for inttypes.h
configure:4454: /usr/bin/gcc -I/home/zhangsiyu/pc018work-v15-at/apv5sdk-v15/build/gcc-4.3.3/build_mips/host_dir/include -I/home/zhangsiyu/pc018work-v15-at/apv5sdk-v15/build/gcc-4.3.3/build_mips/host_dir/usr/include -c -g -O2  conftest.c >&5
configure:4460: $? = 0
configure:4464: test -z 
			 || test ! -s conftest.err
configure:4467: $? = 0
configure:4470: test -s conftest.o
configure:4473: $? = 0
configure:4484: result: yes
configure:4438: checking for stdint.h
configure:4454: /usr/bin/gcc -I/home/zhangsiyu/pc018work-v15-at/apv5sdk-v15/build/gcc-4.3.3/build_mips/host_dir/include -I/home/zhangsiyu/pc018work-v15-at/apv5sdk-v15/build/gcc-4.3.3/build_mips/host_dir/usr/include -c -g -O2  conftest.c >&5
configure:4460: $? = 0
configure:4464: test -z 
			 || test ! -s conftest.err
configure:4467: $? = 0
configure:4470: test -s conftest.o
configure:4473: $? = 0
configure:4484: result: yes
configure:4438: checking for unistd.h
configure:4454: /usr/bin/gcc -I/home/zhangsiyu/pc018work-v15-at/apv5sdk-v15/build/gcc-4.3.3/build_mips/host_dir/include -I/home/zhangsiyu/pc018work-v15-at/apv5sdk-v15/build/gcc-4.3.3/build_mips/host_dir/usr/include -c -g -O2  conftest.c >&5
configure:4460: $? = 0
configure:4464: test -z 
			 || test ! -s conftest.err
configure:4467: $? = 0
configure:4470: test -s conftest.o
configure:4473: $? = 0
configure:4484: result: yes
configure:4507: checking minix/config.h usability
configure:4519: /usr/bin/gcc -I/home/zhangsiyu/pc018work-v15-at/apv5sdk-v15/build/gcc-4.3.3/build_mips/host_dir/include -I/home/zhangsiyu/pc018work-v15-at/apv5sdk-v15/build/gcc-4.3.3/build_mips/host_dir/usr/include -c -g -O2  conftest.c >&5
conftest.c:56:26: error: minix/config.h: No such file or directory
configure:4525: $? = 1
configure: failed program was:
| /* confdefs.h.  */
| 
| #define PACKAGE_NAME ""
| #define PACKAGE_TARNAME ""
| #define PACKAGE_VERSION ""
| #define PACKAGE_STRING ""
| #define PACKAGE_BUGREPORT ""
| #define PACKAGE "binutils"
| #define VERSION "2.19.1"
| #define _GNU_SOURCE 1
| #define STDC_HEADERS 1
| #define HAVE_SYS_TYPES_H 1
| #define HAVE_SYS_STAT_H 1
| #define HAVE_STDLIB_H 1
| #define HAVE_STRING_H 1
| #define HAVE_MEMORY_H 1
| #define HAVE_STRINGS_H 1
| #define HAVE_INTTYPES_H 1
| #define HAVE_STDINT_H 1
| #define HAVE_UNISTD_H 1
| /* end confdefs.h.  */
| #include <stdio.h>
| #if HAVE_SYS_TYPES_H
| # include <sys/types.h>
| #endif
| #if HAVE_SYS_STAT_H
| # include <sys/stat.h>
| #endif
| #if STDC_HEADERS
| # include <stdlib.h>
| # include <stddef.h>
| #else
| # if HAVE_STDLIB_H
| #  include <stdlib.h>
| # endif
| #endif
| #if HAVE_STRING_H
| # if !STDC_HEADERS && HAVE_MEMORY_H
| #  include <memory.h>
| # endif
| # include <string.h>
| #endif
| #if HAVE_STRINGS_H
| # include <strings.h>
| #endif
| #if HAVE_INTTYPES_H
| # include <inttypes.h>
| #else
| # if HAVE_STDINT_H
| #  include <stdint.h>
| # endif
| #endif
| #if HAVE_UNISTD_H
| # include <unistd.h>
| #endif
| #include <minix/config.h>
configure:4548: result: no
configure:4552: checking minix/config.h presence
configure:4562: /usr/bin/gcc -I/home/zhangsiyu/pc018work-v15-at/apv5sdk-v15/build/gcc-4.3.3/build_mips/host_dir/include -I/home/zhangsiyu/pc018work-v15-at/apv5sdk-v15/build/gcc-4.3.3/build_mips/host_dir/usr/include -E  conftest.c
conftest.c:22:26: error: minix/config.h: No such file or directory
configure:4568: $? = 1
configure: failed program was:
| /* confdefs.h.  */
| 
| #define PACKAGE_NAME ""
| #define PACKAGE_TARNAME ""
| #define PACKAGE_VERSION ""
| #define PACKAGE_STRING ""
| #define PACKAGE_BUGREPORT ""
| #define PACKAGE "binutils"
| #define VERSION "2.19.1"
| #define _GNU_SOURCE 1
| #define STDC_HEADERS 1
| #define HAVE_SYS_TYPES_H 1
| #define HAVE_SYS_STAT_H 1
| #define HAVE_STDLIB_H 1
| #define HAVE_STRING_H 1
| #define HAVE_MEMORY_H 1
| #define HAVE_STRINGS_H 1
| #define HAVE_INTTYPES_H 1
| #define HAVE_STDINT_H 1
| #define HAVE_UNISTD_H 1
| /* end confdefs.h.  */
| #include <minix/config.h>
configure:4588: result: no
configure:4623: checking for minix/config.h
configure:4630: result: no
configure:4661: checking whether it is safe to define __EXTENSIONS__
configure:4684: /usr/bin/gcc -I/home/zhangsiyu/pc018work-v15-at/apv5sdk-v15/build/gcc-4.3.3/build_mips/host_dir/include -I/home/zhangsiyu/pc018work-v15-at/apv5sdk-v15/build/gcc-4.3.3/build_mips/host_dir/usr/include -c -g -O2  conftest.c >&5
configure:4690: $? = 0
configure:4694: test -z 
			 || test ! -s conftest.err
configure:4697: $? = 0
configure:4700: test -s conftest.o
configure:4703: $? = 0
configure:4714: result: yes
configure:4874: checking for a sed that does not truncate output
configure:4930: result: /bin/sed
configure:4946: checking for fgrep
configure:4956: result: grep -F
configure:4991: checking for ld used by /usr/bin/gcc -I/home/zhangsiyu/pc018work-v15-at/apv5sdk-v15/build/gcc-4.3.3/build_mips/host_dir/include -I/home/zhangsiyu/pc018work-v15-at/apv5sdk-v15/build/gcc-4.3.3/build_mips/host_dir/usr/include
configure:5058: result: /usr/bin/ld -L/home/zhangsiyu/pc018work-v15-at/apv5sdk-v15/build/gcc-4.3.3/build_mips/host_dir/lib -L/home/zhangsiyu/pc018work-v15-at/apv5sdk-v15/build/gcc-4.3.3/build_mips/host_dir/usr/lib
configure:5067: checking if the linker (/usr/bin/ld -L/home/zhangsiyu/pc018work-v15-at/apv5sdk-v15/build/gcc-4.3.3/build_mips/host_dir/lib -L/home/zhangsiyu/pc018work-v15-at/apv5sdk-v15/build/gcc-4.3.3/build_mips/host_dir/usr/lib) is GNU ld
configure:5082: result: yes
configure:5095: checking for BSD- or MS-compatible name lister (nm)
configure:5144: result: /usr/bin/nm
configure:5249: checking the name lister (/usr/bin/nm) interface
configure:5256: /usr/bin/gcc -I/home/zhangsiyu/pc018work-v15-at/apv5sdk-v15/build/gcc-4.3.3/build_mips/host_dir/include -I/home/zhangsiyu/pc018work-v15-at/apv5sdk-v15/build/gcc-4.3.3/build_mips/host_dir/usr/include -c -g -O2  conftest.c >&5
configure:5259: /usr/bin/nm "conftest.o"
configure:5262: output
00000000 B some_variable
configure:5269: result: BSD nm
configure:5272: checking whether ln -s works
configure:5276: result: yes
configure:5284: checking the maximum length of command line arguments
configure:5404: result: 805306365
configure:5422: checking whether the shell understands some XSI constructs
configure:5430: result: yes
configure:5434: checking whether the shell understands "+="
configure:5440: result: yes
configure:5475: checking for /usr/bin/ld -L/home/zhangsiyu/pc018work-v15-at/apv5sdk-v15/build/gcc-4.3.3/build_mips/host_dir/lib -L/home/zhangsiyu/pc018work-v15-at/apv5sdk-v15/build/gcc-4.3.3/build_mips/host_dir/usr/lib option to reload object files
configure:5482: result: -r
configure:5509: checking how to recognize dependent libraries
configure:5699: result: pass_all
configure:5719: checking for i386-pc-linux-gnu-ar
configure:5745: result: /usr/bin/ar
configure:5812: checking for i386-pc-linux-gnu-strip
configure:5838: result: mips-linux-uclibc-strip
configure:5899: checking for i386-pc-linux-gnu-ranlib
configure:5925: result: ranlib
configure:6044: checking command to parse /usr/bin/nm output from /usr/bin/gcc -I/home/zhangsiyu/pc018work-v15-at/apv5sdk-v15/build/gcc-4.3.3/build_mips/host_dir/include -I/home/zhangsiyu/pc018work-v15-at/apv5sdk-v15/build/gcc-4.3.3/build_mips/host_dir/usr/include object
configure:6161: /usr/bin/gcc -I/home/zhangsiyu/pc018work-v15-at/apv5sdk-v15/build/gcc-4.3.3/build_mips/host_dir/include -I/home/zhangsiyu/pc018work-v15-at/apv5sdk-v15/build/gcc-4.3.3/build_mips/host_dir/usr/include -c -g -O2  conftest.c >&5
configure:6164: $? = 0
configure:6168: /usr/bin/nm conftest.o \| sed -n -e 's/^.*[	 ]\([ABCDGIRSTW][ABCDGIRSTW]*\)[	 ][	 ]*\([_A-Za-z][_A-Za-z0-9]*\)$/\1 \2 \2/p' \> conftest.nm
configure:6171: $? = 0
configure:6225: /usr/bin/gcc -I/home/zhangsiyu/pc018work-v15-at/apv5sdk-v15/build/gcc-4.3.3/build_mips/host_dir/include -I/home/zhangsiyu/pc018work-v15-at/apv5sdk-v15/build/gcc-4.3.3/build_mips/host_dir/usr/include -o conftest -g -O2   conftest.c conftstm.o >&5
configure:6228: $? = 0
configure:6266: result: ok
configure:6507: checking for dlfcn.h
configure:6523: /usr/bin/gcc -I/home/zhangsiyu/pc018work-v15-at/apv5sdk-v15/build/gcc-4.3.3/build_mips/host_dir/include -I/home/zhangsiyu/pc018work-v15-at/apv5sdk-v15/build/gcc-4.3.3/build_mips/host_dir/usr/include -c -g -O2  conftest.c >&5
configure:6529: $? = 0
configure:6533: test -z 
			 || test ! -s conftest.err
configure:6536: $? = 0
configure:6539: test -s conftest.o
configure:6542: $? = 0
configure:6553: result: yes
configure:6615: checking for objdir
configure:6630: result: .libs
configure:6926: checking if /usr/bin/gcc -I/home/zhangsiyu/pc018work-v15-at/apv5sdk-v15/build/gcc-4.3.3/build_mips/host_dir/include -I/home/zhangsiyu/pc018work-v15-at/apv5sdk-v15/build/gcc-4.3.3/build_mips/host_dir/usr/include supports -fno-rtti -fno-exceptions
configure:6944: /usr/bin/gcc -I/home/zhangsiyu/pc018work-v15-at/apv5sdk-v15/build/gcc-4.3.3/build_mips/host_dir/include -I/home/zhangsiyu/pc018work-v15-at/apv5sdk-v15/build/gcc-4.3.3/build_mips/host_dir/usr/include -c -g -O2  -fno-rtti -fno-exceptions conftest.c >&5
cc1: warning: command line option "-fno-rtti" is valid for C++/ObjC++ but not for C
configure:6948: $? = 0
configure:6961: result: no
configure:6981: checking for /usr/bin/gcc -I/home/zhangsiyu/pc018work-v15-at/apv5sdk-v15/build/gcc-4.3.3/build_mips/host_dir/include -I/home/zhangsiyu/pc018work-v15-at/apv5sdk-v15/build/gcc-4.3.3/build_mips/host_dir/usr/include option to produce PIC
configure:7236: result: -fPIC -DPIC
configure:7248: checking if /usr/bin/gcc -I/home/zhangsiyu/pc018work-v15-at/apv5sdk-v15/build/gcc-4.3.3/build_mips/host_dir/include -I/home/zhangsiyu/pc018work-v15-at/apv5sdk-v15/build/gcc-4.3.3/build_mips/host_dir/usr/include PIC flag -fPIC -DPIC works
configure:7266: /usr/bin/gcc -I/home/zhangsiyu/pc018work-v15-at/apv5sdk-v15/build/gcc-4.3.3/build_mips/host_dir/include -I/home/zhangsiyu/pc018work-v15-at/apv5sdk-v15/build/gcc-4.3.3/build_mips/host_dir/usr/include -c -g -O2  -fPIC -DPIC -DPIC conftest.c >&5
configure:7270: $? = 0
configure:7283: result: yes
configure:7307: checking if /usr/bin/gcc -I/home/zhangsiyu/pc018work-v15-at/apv5sdk-v15/build/gcc-4.3.3/build_mips/host_dir/include -I/home/zhangsiyu/pc018work-v15-at/apv5sdk-v15/build/gcc-4.3.3/build_mips/host_dir/usr/include static flag -static works
configure:7335: result: yes
configure:7350: checking if /usr/bin/gcc -I/home/zhangsiyu/pc018work-v15-at/apv5sdk-v15/build/gcc-4.3.3/build_mips/host_dir/include -I/home/zhangsiyu/pc018work-v15-at/apv5sdk-v15/build/gcc-4.3.3/build_mips/host_dir/usr/include supports -c -o file.o
configure:7371: /usr/bin/gcc -I/home/zhangsiyu/pc018work-v15-at/apv5sdk-v15/build/gcc-4.3.3/build_mips/host_dir/include -I/home/zhangsiyu/pc018work-v15-at/apv5sdk-v15/build/gcc-4.3.3/build_mips/host_dir/usr/include -c -g -O2  -o out/conftest2.o conftest.c >&5
configure:7375: $? = 0
configure:7397: result: yes
configure:7405: checking if /usr/bin/gcc -I/home/zhangsiyu/pc018work-v15-at/apv5sdk-v15/build/gcc-4.3.3/build_mips/host_dir/include -I/home/zhangsiyu/pc018work-v15-at/apv5sdk-v15/build/gcc-4.3.3/build_mips/host_dir/usr/include supports -c -o file.o
configure:7452: result: yes
configure:7485: checking whether the /usr/bin/gcc -I/home/zhangsiyu/pc018work-v15-at/apv5sdk-v15/build/gcc-4.3.3/build_mips/host_dir/include -I/home/zhangsiyu/pc018work-v15-at/apv5sdk-v15/build/gcc-4.3.3/build_mips/host_dir/usr/include linker (/usr/bin/ld -L/home/zhangsiyu/pc018work-v15-at/apv5sdk-v15/build/gcc-4.3.3/build_mips/host_dir/lib -L/home/zhangsiyu/pc018work-v15-at/apv5sdk-v15/build/gcc-4.3.3/build_mips/host_dir/usr/lib) supports shared libraries
configure:8565: result: yes
configure:8602: checking whether -lc should be explicitly linked in
configure:8607: /usr/bin/gcc -I/home/zhangsiyu/pc018work-v15-at/apv5sdk-v15/build/gcc-4.3.3/build_mips/host_dir/include -I/home/zhangsiyu/pc018work-v15-at/apv5sdk-v15/build/gcc-4.3.3/build_mips/host_dir/usr/include -c -g -O2  conftest.c >&5
configure:8610: $? = 0
configure:8625: /usr/bin/gcc -I/home/zhangsiyu/pc018work-v15-at/apv5sdk-v15/build/gcc-4.3.3/build_mips/host_dir/include -I/home/zhangsiyu/pc018work-v15-at/apv5sdk-v15/build/gcc-4.3.3/build_mips/host_dir/usr/include -shared conftest.o  -v -Wl,-soname -Wl,conftest -o conftest 2\>\&1 \| grep  -lc  \>/dev/null 2\>\&1
configure:8628: $? = 0
configure:8640: result: no
configure:8804: checking dynamic linker characteristics
configure:9237: /usr/bin/gcc -I/home/zhangsiyu/pc018work-v15-at/apv5sdk-v15/build/gcc-4.3.3/build_mips/host_dir/include -I/home/zhangsiyu/pc018work-v15-at/apv5sdk-v15/build/gcc-4.3.3/build_mips/host_dir/usr/include -o conftest -g -O2   -Wl,-rpath -Wl,/foo conftest.c  >&5
configure:9243: $? = 0
configure:9247: test -z 
			 || test ! -s conftest.err
configure:9250: $? = 0
configure:9253: test -s conftest
configure:9256: $? = 0
configure:9480: result: GNU/Linux ld.so
configure:9575: checking how to hardcode library paths into programs
configure:9600: result: immediate
configure:10446: checking whether stripping libraries is possible
configure:10468: result: no
configure:10486: checking if libtool supports shared libraries
configure:10488: result: yes
configure:10491: checking whether to build shared libraries
configure:10512: result: yes
configure:10515: checking whether to build static libraries
configure:10519: result: yes
configure:10659: checking for bison
configure:10685: result: bison -y
configure:10700: checking for flex
configure:10726: result: flex
configure:10739: checking for yywrap in -lfl
configure:10769: /usr/bin/gcc -I/home/zhangsiyu/pc018work-v15-at/apv5sdk-v15/build/gcc-4.3.3/build_mips/host_dir/include -I/home/zhangsiyu/pc018work-v15-at/apv5sdk-v15/build/gcc-4.3.3/build_mips/host_dir/usr/include -o conftest -g -O2   conftest.c -lfl   >&5
configure:10775: $? = 0
configure:10779: test -z 
			 || test ! -s conftest.err
configure:10782: $? = 0
configure:10785: test -s conftest
configure:10788: $? = 0
configure:10801: result: yes
configure:10879: checking lex output file root
configure:10890: flex conftest.l
configure:10893: $? = 0
configure:10905: result: lex.yy
configure:10910: checking whether yytext is a pointer
configure:10926: /usr/bin/gcc -I/home/zhangsiyu/pc018work-v15-at/apv5sdk-v15/build/gcc-4.3.3/build_mips/host_dir/include -I/home/zhangsiyu/pc018work-v15-at/apv5sdk-v15/build/gcc-4.3.3/build_mips/host_dir/usr/include -o conftest -g -O2   conftest.c  -lfl >&5
configure:10932: $? = 0
configure:10936: test -z 
			 || test ! -s conftest.err
configure:10939: $? = 0
configure:10942: test -s conftest
configure:10945: $? = 0
configure:10959: result: yes
configure:10988: checking whether NLS is requested
configure:10991: result: no
configure:11061: checking whether NLS is requested
configure:11070: result: no
configure:11108: checking for msgfmt
configure:11139: result: /usr/bin/msgfmt
configure:11148: checking for gmsgfmt
configure:11179: result: /usr/bin/msgfmt
configure:11218: checking for xgettext
configure:11249: result: /usr/bin/xgettext
configure:11289: checking for msgmerge
configure:11319: result: /usr/bin/msgmerge
configure:11355: checking whether to enable maintainer-specific portions of Makefiles
configure:11364: result: no
configure:11415: checking for i386-pc-linux-gnu-ranlib
configure:11441: result: ranlib
configure:11506: checking for a BSD-compatible install
configure:11572: result: /usr/bin/install -c
configure:11641: checking for string.h
configure:11646: result: yes
configure:11641: checking for strings.h
configure:11646: result: yes
configure:11641: checking for stdlib.h
configure:11646: result: yes
configure:11641: checking for unistd.h
configure:11646: result: yes
configure:11650: checking fcntl.h usability
configure:11662: /usr/bin/gcc -I/home/zhangsiyu/pc018work-v15-at/apv5sdk-v15/build/gcc-4.3.3/build_mips/host_dir/include -I/home/zhangsiyu/pc018work-v15-at/apv5sdk-v15/build/gcc-4.3.3/build_mips/host_dir/usr/include -c -g -O2  conftest.c >&5
configure:11668: $? = 0
configure:11672: test -z 
			 || test ! -s conftest.err
configure:11675: $? = 0
configure:11678: test -s conftest.o
configure:11681: $? = 0
configure:11691: result: yes
configure:11695: checking fcntl.h presence
configure:11705: /usr/bin/gcc -I/home/zhangsiyu/pc018work-v15-at/apv5sdk-v15/build/gcc-4.3.3/build_mips/host_dir/include -I/home/zhangsiyu/pc018work-v15-at/apv5sdk-v15/build/gcc-4.3.3/build_mips/host_dir/usr/include -E  conftest.c
configure:11711: $? = 0
configure:11731: result: yes
configure:11766: checking for fcntl.h
configure:11773: result: yes
configure:11650: checking sys/file.h usability
configure:11662: /usr/bin/gcc -I/home/zhangsiyu/pc018work-v15-at/apv5sdk-v15/build/gcc-4.3.3/build_mips/host_dir/include -I/home/zhangsiyu/pc018work-v15-at/apv5sdk-v15/build/gcc-4.3.3/build_mips/host_dir/usr/include -c -g -O2  conftest.c >&5
configure:11668: $? = 0
configure:11672: test -z 
			 || test ! -s conftest.err
configure:11675: $? = 0
configure:11678: test -s conftest.o
configure:11681: $? = 0
configure:11691: result: yes
configure:11695: checking sys/file.h presence
configure:11705: /usr/bin/gcc -I/home/zhangsiyu/pc018work-v15-at/apv5sdk-v15/build/gcc-4.3.3/build_mips/host_dir/include -I/home/zhangsiyu/pc018work-v15-at/apv5sdk-v15/build/gcc-4.3.3/build_mips/host_dir/usr/include -E  conftest.c
configure:11711: $? = 0
configure:11731: result: yes
configure:11766: checking for sys/file.h
configure:11773: result: yes
configure:11650: checking limits.h usability
configure:11662: /usr/bin/gcc -I/home/zhangsiyu/pc018work-v15-at/apv5sdk-v15/build/gcc-4.3.3/build_mips/host_dir/include -I/home/zhangsiyu/pc018work-v15-at/apv5sdk-v15/build/gcc-4.3.3/build_mips/host_dir/usr/include -c -g -O2  conftest.c >&5
configure:11668: $? = 0
configure:11672: test -z 
			 || test ! -s conftest.err
configure:11675: $? = 0
configure:11678: test -s conftest.o
configure:11681: $? = 0
configure:11691: result: yes
configure:11695: checking limits.h presence
configure:11705: /usr/bin/gcc -I/home/zhangsiyu/pc018work-v15-at/apv5sdk-v15/build/gcc-4.3.3/build_mips/host_dir/include -I/home/zhangsiyu/pc018work-v15-at/apv5sdk-v15/build/gcc-4.3.3/build_mips/host_dir/usr/include -E  conftest.c
configure:11711: $? = 0
configure:11731: result: yes
configure:11766: checking for limits.h
configure:11773: result: yes
configure:11650: checking sys/param.h usability
configure:11662: /usr/bin/gcc -I/home/zhangsiyu/pc018work-v15-at/apv5sdk-v15/build/gcc-4.3.3/build_mips/host_dir/include -I/home/zhangsiyu/pc018work-v15-at/apv5sdk-v15/build/gcc-4.3.3/build_mips/host_dir/usr/include -c -g -O2  conftest.c >&5
configure:11668: $? = 0
configure:11672: test -z 
			 || test ! -s conftest.err
configure:11675: $? = 0
configure:11678: test -s conftest.o
configure:11681: $? = 0
configure:11691: result: yes
configure:11695: checking sys/param.h presence
configure:11705: /usr/bin/gcc -I/home/zhangsiyu/pc018work-v15-at/apv5sdk-v15/build/gcc-4.3.3/build_mips/host_dir/include -I/home/zhangsiyu/pc018work-v15-at/apv5sdk-v15/build/gcc-4.3.3/build_mips/host_dir/usr/include -E  conftest.c
configure:11711: $? = 0
configure:11731: result: yes
configure:11766: checking for sys/param.h
configure:11773: result: yes
configure:11786: checking for sys/wait.h that is POSIX.1 compatible
configure:11817: /usr/bin/gcc -I/home/zhangsiyu/pc018work-v15-at/apv5sdk-v15/build/gcc-4.3.3/build_mips/host_dir/include -I/home/zhangsiyu/pc018work-v15-at/apv5sdk-v15/build/gcc-4.3.3/build_mips/host_dir/usr/include -c -g -O2  conftest.c >&5
configure:11823: $? = 0
configure:11827: test -z 
			 || test ! -s conftest.err
configure:11830: $? = 0
configure:11833: test -s conftest.o
configure:11836: $? = 0
configure:11847: result: yes
configure:11859: checking for working alloca.h
configure:11880: /usr/bin/gcc -I/home/zhangsiyu/pc018work-v15-at/apv5sdk-v15/build/gcc-4.3.3/build_mips/host_dir/include -I/home/zhangsiyu/pc018work-v15-at/apv5sdk-v15/build/gcc-4.3.3/build_mips/host_dir/usr/include -o conftest -g -O2   conftest.c  >&5
configure:11886: $? = 0
configure:11890: test -z 
			 || test ! -s conftest.err
configure:11893: $? = 0
configure:11896: test -s conftest
configure:11899: $? = 0
configure:11911: result: yes
configure:11921: checking for alloca
configure:11962: /usr/bin/gcc -I/home/zhangsiyu/pc018work-v15-at/apv5sdk-v15/build/gcc-4.3.3/build_mips/host_dir/include -I/home/zhangsiyu/pc018work-v15-at/apv5sdk-v15/build/gcc-4.3.3/build_mips/host_dir/usr/include -o conftest -g -O2   conftest.c  >&5
configure:11968: $? = 0
configure:11972: test -z 
			 || test ! -s conftest.err
configure:11975: $? = 0
configure:11978: test -s conftest
configure:11981: $? = 0
configure:11993: result: yes
configure:12224: checking for sbrk
configure:12281: /usr/bin/gcc -I/home/zhangsiyu/pc018work-v15-at/apv5sdk-v15/build/gcc-4.3.3/build_mips/host_dir/include -I/home/zhangsiyu/pc018work-v15-at/apv5sdk-v15/build/gcc-4.3.3/build_mips/host_dir/usr/include -o conftest -g -O2   conftest.c  >&5
configure:12287: $? = 0
configure:12291: test -z 
			 || test ! -s conftest.err
configure:12294: $? = 0
configure:12297: test -s conftest
configure:12300: $? = 0
configure:12312: result: yes
configure:12224: checking for utimes
configure:12281: /usr/bin/gcc -I/home/zhangsiyu/pc018work-v15-at/apv5sdk-v15/build/gcc-4.3.3/build_mips/host_dir/include -I/home/zhangsiyu/pc018work-v15-at/apv5sdk-v15/build/gcc-4.3.3/build_mips/host_dir/usr/include -o conftest -g -O2   conftest.c  >&5
configure:12287: $? = 0
configure:12291: test -z 
			 || test ! -s conftest.err
configure:12294: $? = 0
configure:12297: test -s conftest
configure:12300: $? = 0
configure:12312: result: yes
configure:12224: checking for setmode
configure:12281: /usr/bin/gcc -I/home/zhangsiyu/pc018work-v15-at/apv5sdk-v15/build/gcc-4.3.3/build_mips/host_dir/include -I/home/zhangsiyu/pc018work-v15-at/apv5sdk-v15/build/gcc-4.3.3/build_mips/host_dir/usr/include -o conftest -g -O2   conftest.c  >&5
/tmp/ccMbS916.o: In function `main':
/home/zhangsiyu/pc018work-v15-at/apv5sdk-v15/build/gcc-4.3.3/toolchain_build_mips/binutils-2.19.1-build/binutils/conftest.c:83: undefined reference to `setmode'
/tmp/ccMbS916.o:(.data+0x0): undefined reference to `setmode'
collect2: ld returned 1 exit status
configure:12287: $? = 1
configure: failed program was:
| /* confdefs.h.  */
| 
| #define PACKAGE_NAME ""
| #define PACKAGE_TARNAME ""
| #define PACKAGE_VERSION ""
| #define PACKAGE_STRING ""
| #define PACKAGE_BUGREPORT ""
| #define PACKAGE "binutils"
| #define VERSION "2.19.1"
| #define _GNU_SOURCE 1
| #define STDC_HEADERS 1
| #define HAVE_SYS_TYPES_H 1
| #define HAVE_SYS_STAT_H 1
| #define HAVE_STDLIB_H 1
| #define HAVE_STRING_H 1
| #define HAVE_MEMORY_H 1
| #define HAVE_STRINGS_H 1
| #define HAVE_INTTYPES_H 1
| #define HAVE_STDINT_H 1
| #define HAVE_UNISTD_H 1
| #define __EXTENSIONS__ 1
| #define _ALL_SOURCE 1
| #define _GNU_SOURCE 1
| #define _POSIX_PTHREAD_SEMANTICS 1
| #define _TANDEM_SOURCE 1
| #define HAVE_DLFCN_H 1
| #define LT_OBJDIR ".libs/"
| #define YYTEXT_POINTER 1
| #define EXECUTABLE_SUFFIX ""
| #define HAVE_STRING_H 1
| #define HAVE_STRINGS_H 1
| #define HAVE_STDLIB_H 1
| #define HAVE_UNISTD_H 1
| #define HAVE_FCNTL_H 1
| #define HAVE_SYS_FILE_H 1
| #define HAVE_LIMITS_H 1
| #define HAVE_SYS_PARAM_H 1
| #define HAVE_SYS_WAIT_H 1
| #define HAVE_ALLOCA_H 1
| #define HAVE_ALLOCA 1
| #define HAVE_SBRK 1
| #define HAVE_UTIMES 1
| /* end confdefs.h.  */
| /* Define setmode to an innocuous variant, in case <limits.h> declares setmode.
|    For example, HP-UX 11i <limits.h> declares gettimeofday.  */
| #define setmode innocuous_setmode
| 
| /* System header to define __stub macros and hopefully few prototypes,
|     which can conflict with char setmode (); below.
|     Prefer <limits.h> to <assert.h> if __STDC__ is defined, since
|     <limits.h> exists even on freestanding compilers.  */
| 
| #ifdef __STDC__
| # include <limits.h>
| #else
| # include <assert.h>
| #endif
| 
| #undef setmode
| 
| /* Override any gcc2 internal prototype to avoid an error.  */
| #ifdef __cplusplus
| extern "C"
| {
| #endif
| /* We use char because int might match the return type of a gcc2
|    builtin and then its argument prototype would still apply.  */
| char setmode ();
| /* The GNU C library defines this for functions which it implements
|     to always fail with ENOSYS.  Some functions are actually named
|     something starting with __ and the normal name is an alias.  */
| #if defined (__stub_setmode) || defined (__stub___setmode)
| choke me
| #else
| char (*f) () = setmode;
| #endif
| #ifdef __cplusplus
| }
| #endif
| 
| int
| main ()
| {
| return f != setmode;
|   ;
|   return 0;
| }
configure:12312: result: no
configure:12224: checking for getc_unlocked
configure:12281: /usr/bin/gcc -I/home/zhangsiyu/pc018work-v15-at/apv5sdk-v15/build/gcc-4.3.3/build_mips/host_dir/include -I/home/zhangsiyu/pc018work-v15-at/apv5sdk-v15/build/gcc-4.3.3/build_mips/host_dir/usr/include -o conftest -g -O2   conftest.c  >&5
configure:12287: $? = 0
configure:12291: test -z 
			 || test ! -s conftest.err
configure:12294: $? = 0
configure:12297: test -s conftest
configure:12300: $? = 0
configure:12312: result: yes
configure:12224: checking for strcoll
configure:12281: /usr/bin/gcc -I/home/zhangsiyu/pc018work-v15-at/apv5sdk-v15/build/gcc-4.3.3/build_mips/host_dir/include -I/home/zhangsiyu/pc018work-v15-at/apv5sdk-v15/build/gcc-4.3.3/build_mips/host_dir/usr/include -o conftest -g -O2   conftest.c  >&5
configure:12287: $? = 0
configure:12291: test -z 
			 || test ! -s conftest.err
configure:12294: $? = 0
configure:12297: test -s conftest
configure:12300: $? = 0
configure:12312: result: yes
configure:12322: checking for mkstemp
configure:12379: /usr/bin/gcc -I/home/zhangsiyu/pc018work-v15-at/apv5sdk-v15/build/gcc-4.3.3/build_mips/host_dir/include -I/home/zhangsiyu/pc018work-v15-at/apv5sdk-v15/build/gcc-4.3.3/build_mips/host_dir/usr/include -o conftest -g -O2   conftest.c  >&5
configure:12385: $? = 0
configure:12389: test -z 
			 || test ! -s conftest.err
configure:12392: $? = 0
configure:12395: test -s conftest
configure:12398: $? = 0
configure:12410: result: yes
configure:12420: checking for mkdtemp
configure:12477: /usr/bin/gcc -I/home/zhangsiyu/pc018work-v15-at/apv5sdk-v15/build/gcc-4.3.3/build_mips/host_dir/include -I/home/zhangsiyu/pc018work-v15-at/apv5sdk-v15/build/gcc-4.3.3/build_mips/host_dir/usr/include -o conftest -g -O2   conftest.c  >&5
configure:12483: $? = 0
configure:12487: test -z 
			 || test ! -s conftest.err
configure:12490: $? = 0
configure:12493: test -s conftest
configure:12496: $? = 0
configure:12508: result: yes
configure:12521: checking for fopen64
configure:12542: /usr/bin/gcc -I/home/zhangsiyu/pc018work-v15-at/apv5sdk-v15/build/gcc-4.3.3/build_mips/host_dir/include -I/home/zhangsiyu/pc018work-v15-at/apv5sdk-v15/build/gcc-4.3.3/build_mips/host_dir/usr/include -o conftest -g -O2   conftest.c  >&5
configure:12548: $? = 0
configure:12552: test -z 
			 || test ! -s conftest.err
configure:12555: $? = 0
configure:12558: test -s conftest
configure:12561: $? = 0
configure:12622: result: yes
configure:12631: checking for stat64
configure:12652: /usr/bin/gcc -I/home/zhangsiyu/pc018work-v15-at/apv5sdk-v15/build/gcc-4.3.3/build_mips/host_dir/include -I/home/zhangsiyu/pc018work-v15-at/apv5sdk-v15/build/gcc-4.3.3/build_mips/host_dir/usr/include -o conftest -g -O2   conftest.c  >&5
configure:12658: $? = 0
configure:12662: test -z 
			 || test ! -s conftest.err
configure:12665: $? = 0
configure:12668: test -s conftest
configure:12671: $? = 0
configure:12732: result: yes
configure:12752: checking for library containing frexp
configure:12782: /usr/bin/gcc -I/home/zhangsiyu/pc018work-v15-at/apv5sdk-v15/build/gcc-4.3.3/build_mips/host_dir/include -I/home/zhangsiyu/pc018work-v15-at/apv5sdk-v15/build/gcc-4.3.3/build_mips/host_dir/usr/include -o conftest -g -O2   conftest.c  >&5
conftest.c:57: warning: conflicting types for built-in function 'frexp'
configure:12788: $? = 0
configure:12792: test -z 
			 || test ! -s conftest.err
configure:12795: $? = 0
configure:12798: test -s conftest
configure:12801: $? = 0
configure:12871: result: none required
configure:12879: checking for time_t in time.h
configure:12900: /usr/bin/gcc -I/home/zhangsiyu/pc018work-v15-at/apv5sdk-v15/build/gcc-4.3.3/build_mips/host_dir/include -I/home/zhangsiyu/pc018work-v15-at/apv5sdk-v15/build/gcc-4.3.3/build_mips/host_dir/usr/include -c -g -O2  conftest.c >&5
configure:12906: $? = 0
configure:12910: test -z 
			 || test ! -s conftest.err
configure:12913: $? = 0
configure:12916: test -s conftest.o
configure:12919: $? = 0
configure:12931: result: yes
configure:12941: checking for time_t in sys/types.h
configure:12962: /usr/bin/gcc -I/home/zhangsiyu/pc018work-v15-at/apv5sdk-v15/build/gcc-4.3.3/build_mips/host_dir/include -I/home/zhangsiyu/pc018work-v15-at/apv5sdk-v15/build/gcc-4.3.3/build_mips/host_dir/usr/include -c -g -O2  conftest.c >&5
configure:12968: $? = 0
configure:12972: test -z 
			 || test ! -s conftest.err
configure:12975: $? = 0
configure:12978: test -s conftest.o
configure:12981: $? = 0
configure:12993: result: yes
configure:13003: checking for a known getopt prototype in unistd.h
configure:13024: /usr/bin/gcc -I/home/zhangsiyu/pc018work-v15-at/apv5sdk-v15/build/gcc-4.3.3/build_mips/host_dir/include -I/home/zhangsiyu/pc018work-v15-at/apv5sdk-v15/build/gcc-4.3.3/build_mips/host_dir/usr/include -c -g -O2  conftest.c >&5
configure:13030: $? = 0
configure:13034: test -z 
			 || test ! -s conftest.err
configure:13037: $? = 0
configure:13040: test -s conftest.o
configure:13043: $? = 0
configure:13055: result: yes
configure:13067: checking for utime.h
configure:13092: /usr/bin/gcc -I/home/zhangsiyu/pc018work-v15-at/apv5sdk-v15/build/gcc-4.3.3/build_mips/host_dir/include -I/home/zhangsiyu/pc018work-v15-at/apv5sdk-v15/build/gcc-4.3.3/build_mips/host_dir/usr/include -c -g -O2  conftest.c >&5
configure:13098: $? = 0
configure:13102: test -z 
			 || test ! -s conftest.err
configure:13105: $? = 0
configure:13108: test -s conftest.o
configure:13111: $? = 0
configure:13123: result: yes
configure:13133: checking whether fprintf is declared
configure:13157: /usr/bin/gcc -I/home/zhangsiyu/pc018work-v15-at/apv5sdk-v15/build/gcc-4.3.3/build_mips/host_dir/include -I/home/zhangsiyu/pc018work-v15-at/apv5sdk-v15/build/gcc-4.3.3/build_mips/host_dir/usr/include -c -g -O2  conftest.c >&5
configure:13163: $? = 0
configure:13167: test -z 
			 || test ! -s conftest.err
configure:13170: $? = 0
configure:13173: test -s conftest.o
configure:13176: $? = 0
configure:13187: result: yes
configure:13203: checking whether stpcpy is declared
configure:13227: /usr/bin/gcc -I/home/zhangsiyu/pc018work-v15-at/apv5sdk-v15/build/gcc-4.3.3/build_mips/host_dir/include -I/home/zhangsiyu/pc018work-v15-at/apv5sdk-v15/build/gcc-4.3.3/build_mips/host_dir/usr/include -c -g -O2  conftest.c >&5
configure:13233: $? = 0
configure:13237: test -z 
			 || test ! -s conftest.err
configure:13240: $? = 0
configure:13243: test -s conftest.o
configure:13246: $? = 0
configure:13257: result: yes
configure:13273: checking whether strstr is declared
configure:13297: /usr/bin/gcc -I/home/zhangsiyu/pc018work-v15-at/apv5sdk-v15/build/gcc-4.3.3/build_mips/host_dir/include -I/home/zhangsiyu/pc018work-v15-at/apv5sdk-v15/build/gcc-4.3.3/build_mips/host_dir/usr/include -c -g -O2  conftest.c >&5
configure:13303: $? = 0
configure:13307: test -z 
			 || test ! -s conftest.err
configure:13310: $? = 0
configure:13313: test -s conftest.o
configure:13316: $? = 0
configure:13327: result: yes
configure:13343: checking whether sbrk is declared
configure:13367: /usr/bin/gcc -I/home/zhangsiyu/pc018work-v15-at/apv5sdk-v15/build/gcc-4.3.3/build_mips/host_dir/include -I/home/zhangsiyu/pc018work-v15-at/apv5sdk-v15/build/gcc-4.3.3/build_mips/host_dir/usr/include -c -g -O2  conftest.c >&5
configure:13373: $? = 0
configure:13377: test -z 
			 || test ! -s conftest.err
configure:13380: $? = 0
configure:13383: test -s conftest.o
configure:13386: $? = 0
configure:13397: result: yes
configure:13413: checking whether getenv is declared
configure:13437: /usr/bin/gcc -I/home/zhangsiyu/pc018work-v15-at/apv5sdk-v15/build/gcc-4.3.3/build_mips/host_dir/include -I/home/zhangsiyu/pc018work-v15-at/apv5sdk-v15/build/gcc-4.3.3/build_mips/host_dir/usr/include -c -g -O2  conftest.c >&5
configure:13443: $? = 0
configure:13447: test -z 
			 || test ! -s conftest.err
configure:13450: $? = 0
configure:13453: test -s conftest.o
configure:13456: $? = 0
configure:13467: result: yes
configure:13483: checking whether environ is declared
configure:13507: /usr/bin/gcc -I/home/zhangsiyu/pc018work-v15-at/apv5sdk-v15/build/gcc-4.3.3/build_mips/host_dir/include -I/home/zhangsiyu/pc018work-v15-at/apv5sdk-v15/build/gcc-4.3.3/build_mips/host_dir/usr/include -c -g -O2  conftest.c >&5
configure:13513: $? = 0
configure:13517: test -z 
			 || test ! -s conftest.err
configure:13520: $? = 0
configure:13523: test -s conftest.o
configure:13526: $? = 0
configure:13537: result: yes
configure:13553: checking whether getc_unlocked is declared
configure:13577: /usr/bin/gcc -I/home/zhangsiyu/pc018work-v15-at/apv5sdk-v15/build/gcc-4.3.3/build_mips/host_dir/include -I/home/zhangsiyu/pc018work-v15-at/apv5sdk-v15/build/gcc-4.3.3/build_mips/host_dir/usr/include -c -g -O2  conftest.c >&5
configure:13583: $? = 0
configure:13587: test -z 
			 || test ! -s conftest.err
configure:13590: $? = 0
configure:13593: test -s conftest.o
configure:13596: $? = 0
configure:13607: result: yes
configure:13623: checking whether snprintf is declared
configure:13647: /usr/bin/gcc -I/home/zhangsiyu/pc018work-v15-at/apv5sdk-v15/build/gcc-4.3.3/build_mips/host_dir/include -I/home/zhangsiyu/pc018work-v15-at/apv5sdk-v15/build/gcc-4.3.3/build_mips/host_dir/usr/include -c -g -O2  conftest.c >&5
configure:13653: $? = 0
configure:13657: test -z 
			 || test ! -s conftest.err
configure:13660: $? = 0
configure:13663: test -s conftest.o
configure:13666: $? = 0
configure:13677: result: yes
configure:13693: checking whether vsnprintf is declared
configure:13717: /usr/bin/gcc -I/home/zhangsiyu/pc018work-v15-at/apv5sdk-v15/build/gcc-4.3.3/build_mips/host_dir/include -I/home/zhangsiyu/pc018work-v15-at/apv5sdk-v15/build/gcc-4.3.3/build_mips/host_dir/usr/include -c -g -O2  conftest.c >&5
configure:13723: $? = 0
configure:13727: test -z 
			 || test ! -s conftest.err
configure:13730: $? = 0
configure:13733: test -s conftest.o
configure:13736: $? = 0
configure:13747: result: yes
configure:13769: checking for library containing zlibVersion
configure:13799: /usr/bin/gcc -I/home/zhangsiyu/pc018work-v15-at/apv5sdk-v15/build/gcc-4.3.3/build_mips/host_dir/include -I/home/zhangsiyu/pc018work-v15-at/apv5sdk-v15/build/gcc-4.3.3/build_mips/host_dir/usr/include -o conftest -g -O2   conftest.c  >&5
/tmp/ccKWOYnY.o: In function `main':
/home/zhangsiyu/pc018work-v15-at/apv5sdk-v15/build/gcc-4.3.3/toolchain_build_mips/binutils-2.19.1-build/binutils/conftest.c:74: undefined reference to `zlibVersion'
collect2: ld returned 1 exit status
configure:13805: $? = 1
configure: failed program was:
| /* confdefs.h.  */
| 
| #define PACKAGE_NAME ""
| #define PACKAGE_TARNAME ""
| #define PACKAGE_VERSION ""
| #define PACKAGE_STRING ""
| #define PACKAGE_BUGREPORT ""
| #define PACKAGE "binutils"
| #define VERSION "2.19.1"
| #define _GNU_SOURCE 1
| #define STDC_HEADERS 1
| #define HAVE_SYS_TYPES_H 1
| #define HAVE_SYS_STAT_H 1
| #define HAVE_STDLIB_H 1
| #define HAVE_STRING_H 1
| #define HAVE_MEMORY_H 1
| #define HAVE_STRINGS_H 1
| #define HAVE_INTTYPES_H 1
| #define HAVE_STDINT_H 1
| #define HAVE_UNISTD_H 1
| #define __EXTENSIONS__ 1
| #define _ALL_SOURCE 1
| #define _GNU_SOURCE 1
| #define _POSIX_PTHREAD_SEMANTICS 1
| #define _TANDEM_SOURCE 1
| #define HAVE_DLFCN_H 1
| #define LT_OBJDIR ".libs/"
| #define YYTEXT_POINTER 1
| #define EXECUTABLE_SUFFIX ""
| #define HAVE_STRING_H 1
| #define HAVE_STRINGS_H 1
| #define HAVE_STDLIB_H 1
| #define HAVE_UNISTD_H 1
| #define HAVE_FCNTL_H 1
| #define HAVE_SYS_FILE_H 1
| #define HAVE_LIMITS_H 1
| #define HAVE_SYS_PARAM_H 1
| #define HAVE_SYS_WAIT_H 1
| #define HAVE_ALLOCA_H 1
| #define HAVE_ALLOCA 1
| #define HAVE_SBRK 1
| #define HAVE_UTIMES 1
| #define HAVE_GETC_UNLOCKED 1
| #define HAVE_STRCOLL 1
| #define HAVE_MKSTEMP 1
| #define HAVE_MKDTEMP 1
| #define HAVE_FOPEN64 1
| #define HAVE_STAT64 1
| #define HAVE_TIME_T_IN_TIME_H 1
| #define HAVE_TIME_T_IN_TYPES_H 1
| #define HAVE_DECL_GETOPT 1
| #define HAVE_GOOD_UTIME_H 1
| #define HAVE_DECL_FPRINTF 1
| #define HAVE_DECL_STPCPY 1
| #define HAVE_DECL_STRSTR 1
| #define HAVE_DECL_SBRK 1
| #define HAVE_DECL_GETENV 1
| #define HAVE_DECL_ENVIRON 1
| #define HAVE_DECL_GETC_UNLOCKED 1
| #define HAVE_DECL_SNPRINTF 1
| #define HAVE_DECL_VSNPRINTF 1
| /* end confdefs.h.  */
| 
| /* Override any gcc2 internal prototype to avoid an error.  */
| #ifdef __cplusplus
| extern "C"
| #endif
| /* We use char because int might match the return type of a gcc2
|    builtin and then its argument prototype would still apply.  */
| char zlibVersion ();
| int
| main ()
| {
| zlibVersion ();
|   ;
|   return 0;
| }
configure:13854: /usr/bin/gcc -I/home/zhangsiyu/pc018work-v15-at/apv5sdk-v15/build/gcc-4.3.3/build_mips/host_dir/include -I/home/zhangsiyu/pc018work-v15-at/apv5sdk-v15/build/gcc-4.3.3/build_mips/host_dir/usr/include -o conftest -g -O2   conftest.c -lz   >&5
configure:13860: $? = 0
configure:13864: test -z 
			 || test ! -s conftest.err
configure:13867: $? = 0
configure:13870: test -s conftest
configure:13873: $? = 0
configure:13888: result: -lz
configure:13906: checking zlib.h usability
configure:13918: /usr/bin/gcc -I/home/zhangsiyu/pc018work-v15-at/apv5sdk-v15/build/gcc-4.3.3/build_mips/host_dir/include -I/home/zhangsiyu/pc018work-v15-at/apv5sdk-v15/build/gcc-4.3.3/build_mips/host_dir/usr/include -c -g -O2  conftest.c >&5
configure:13924: $? = 0
configure:13928: test -z 
			 || test ! -s conftest.err
configure:13931: $? = 0
configure:13934: test -s conftest.o
configure:13937: $? = 0
configure:13947: result: yes
configure:13951: checking zlib.h presence
configure:13961: /usr/bin/gcc -I/home/zhangsiyu/pc018work-v15-at/apv5sdk-v15/build/gcc-4.3.3/build_mips/host_dir/include -I/home/zhangsiyu/pc018work-v15-at/apv5sdk-v15/build/gcc-4.3.3/build_mips/host_dir/usr/include -E  conftest.c
configure:13967: $? = 0
configure:13987: result: yes
configure:14022: checking for zlib.h
configure:14029: result: yes
configure:14081: checking iconv.h usability
configure:14093: /usr/bin/gcc -I/home/zhangsiyu/pc018work-v15-at/apv5sdk-v15/build/gcc-4.3.3/build_mips/host_dir/include -I/home/zhangsiyu/pc018work-v15-at/apv5sdk-v15/build/gcc-4.3.3/build_mips/host_dir/usr/include -c -g -O2  conftest.c >&5
configure:14099: $? = 0
configure:14103: test -z 
			 || test ! -s conftest.err
configure:14106: $? = 0
configure:14109: test -s conftest.o
configure:14112: $? = 0
configure:14122: result: yes
configure:14126: checking iconv.h presence
configure:14136: /usr/bin/gcc -I/home/zhangsiyu/pc018work-v15-at/apv5sdk-v15/build/gcc-4.3.3/build_mips/host_dir/include -I/home/zhangsiyu/pc018work-v15-at/apv5sdk-v15/build/gcc-4.3.3/build_mips/host_dir/usr/include -E  conftest.c
configure:14142: $? = 0
configure:14162: result: yes
configure:14197: checking for iconv.h
configure:14204: result: yes
configure:14250: checking for ld used by GCC
configure:14313: result: /usr/bin/ld -L/home/zhangsiyu/pc018work-v15-at/apv5sdk-v15/build/gcc-4.3.3/build_mips/host_dir/lib -L/home/zhangsiyu/pc018work-v15-at/apv5sdk-v15/build/gcc-4.3.3/build_mips/host_dir/usr/lib
configure:14322: checking if the linker (/usr/bin/ld -L/home/zhangsiyu/pc018work-v15-at/apv5sdk-v15/build/gcc-4.3.3/build_mips/host_dir/lib -L/home/zhangsiyu/pc018work-v15-at/apv5sdk-v15/build/gcc-4.3.3/build_mips/host_dir/usr/lib) is GNU ld
GNU ld (GNU Binutils for Debian) 2.20.1-system.20100303
configure:14334: result: yes
configure:14340: checking for shared library run path origin
configure:14353: result: done
configure:14783: checking for iconv
configure:14810: /usr/bin/gcc -I/home/zhangsiyu/pc018work-v15-at/apv5sdk-v15/build/gcc-4.3.3/build_mips/host_dir/include -I/home/zhangsiyu/pc018work-v15-at/apv5sdk-v15/build/gcc-4.3.3/build_mips/host_dir/usr/include -o conftest -g -O2   conftest.c -lz  >&5
configure:14816: $? = 0
configure:14820: test -z 
			 || test ! -s conftest.err
configure:14823: $? = 0
configure:14826: test -s conftest
configure:14829: $? = 0
configure:14895: result: yes
configure:14918: checking for iconv declaration
configure:14952: /usr/bin/gcc -I/home/zhangsiyu/pc018work-v15-at/apv5sdk-v15/build/gcc-4.3.3/build_mips/host_dir/include -I/home/zhangsiyu/pc018work-v15-at/apv5sdk-v15/build/gcc-4.3.3/build_mips/host_dir/usr/include -c -g -O2  conftest.c >&5
configure:14958: $? = 0
configure:14962: test -z 
			 || test ! -s conftest.err
configure:14965: $? = 0
configure:14968: test -s conftest.o
configure:14971: $? = 0
configure:14986: result: 
         extern size_t iconv (iconv_t cd, char * *inbuf, size_t *inbytesleft, char * *outbuf, size_t *outbytesleft);
configure:15365: creating ./config.status

## ---------------------- ##
## Running config.status. ##
## ---------------------- ##

This file was extended by config.status, which was
generated by GNU Autoconf 2.59.  Invocation command line was

  CONFIG_FILES    = 
  CONFIG_HEADERS  = 
  CONFIG_LINKS    = 
  CONFIG_COMMANDS = 
  $ ./config.status 

on debian

config.status:952: creating Makefile
config.status:952: creating doc/Makefile
config.status:952: creating po/Makefile.in
config.status:1049: creating config.h
config.status:1447: executing depfiles commands
config.status:1447: executing libtool commands
config.status:1447: executing default-1 commands

## ---------------- ##
## Cache variables. ##
## ---------------- ##

ac_cv_build=i386-pc-linux-gnu
ac_cv_build_alias=i386-pc-linux-gnu
ac_cv_c_compiler_gnu=yes
ac_cv_env_CC_set=set
ac_cv_env_CC_value='/usr/bin/gcc -I/home/zhangsiyu/pc018work-v15-at/apv5sdk-v15/build/gcc-4.3.3/build_mips/host_dir/include -I/home/zhangsiyu/pc018work-v15-at/apv5sdk-v15/build/gcc-4.3.3/build_mips/host_dir/usr/include'
ac_cv_env_CFLAGS_set=set
ac_cv_env_CFLAGS_value='-g -O2'
ac_cv_env_CPPFLAGS_set=
ac_cv_env_CPPFLAGS_value=
ac_cv_env_CPP_set=
ac_cv_env_CPP_value=
ac_cv_env_LDFLAGS_set=set
ac_cv_env_LDFLAGS_value=
ac_cv_env_build_alias_set=set
ac_cv_env_build_alias_value=i386-pc-linux-gnu
ac_cv_env_host_alias_set=set
ac_cv_env_host_alias_value=i386-pc-linux-gnu
ac_cv_env_target_alias_set=set
ac_cv_env_target_alias_value=mips-linux-uclibc
ac_cv_exeext=
ac_cv_func_alloca_works=yes
ac_cv_func_getc_unlocked=yes
ac_cv_func_mkdtemp=yes
ac_cv_func_mkstemp=yes
ac_cv_func_sbrk=yes
ac_cv_func_setmode=no
ac_cv_func_strcoll=yes
ac_cv_func_utimes=yes
ac_cv_have_decl_environ=yes
ac_cv_have_decl_fprintf=yes
ac_cv_have_decl_getc_unlocked=yes
ac_cv_have_decl_getenv=yes
ac_cv_have_decl_sbrk=yes
ac_cv_have_decl_snprintf=yes
ac_cv_have_decl_stpcpy=yes
ac_cv_have_decl_strstr=yes
ac_cv_have_decl_vsnprintf=yes
ac_cv_header_dlfcn_h=yes
ac_cv_header_fcntl_h=yes
ac_cv_header_iconv_h=yes
ac_cv_header_inttypes_h=yes
ac_cv_header_limits_h=yes
ac_cv_header_memory_h=yes
ac_cv_header_minix_config_h=no
ac_cv_header_stdc=yes
ac_cv_header_stdint_h=yes
ac_cv_header_stdlib_h=yes
ac_cv_header_string_h=yes
ac_cv_header_strings_h=yes
ac_cv_header_sys_file_h=yes
ac_cv_header_sys_param_h=yes
ac_cv_header_sys_stat_h=yes
ac_cv_header_sys_types_h=yes
ac_cv_header_sys_wait_h=yes
ac_cv_header_unistd_h=yes
ac_cv_header_zlib_h=yes
ac_cv_host=i386-pc-linux-gnu
ac_cv_host_alias=i386-pc-linux-gnu
ac_cv_lib_fl_yywrap=yes
ac_cv_objext=o
ac_cv_path_GMSGFMT=/usr/bin/msgfmt
ac_cv_path_MSGFMT=/usr/bin/msgfmt
ac_cv_path_MSGMERGE=/usr/bin/msgmerge
ac_cv_path_XGETTEXT=/usr/bin/xgettext
ac_cv_prog_AR=/usr/bin/ar
ac_cv_prog_AWK=gawk
ac_cv_prog_CC='/usr/bin/gcc -I/home/zhangsiyu/pc018work-v15-at/apv5sdk-v15/build/gcc-4.3.3/build_mips/host_dir/include -I/home/zhangsiyu/pc018work-v15-at/apv5sdk-v15/build/gcc-4.3.3/build_mips/host_dir/usr/include'
ac_cv_prog_CPP='/usr/bin/gcc -I/home/zhangsiyu/pc018work-v15-at/apv5sdk-v15/build/gcc-4.3.3/build_mips/host_dir/include -I/home/zhangsiyu/pc018work-v15-at/apv5sdk-v15/build/gcc-4.3.3/build_mips/host_dir/usr/include -E'
ac_cv_prog_LEX=flex
ac_cv_prog_RANLIB=ranlib
ac_cv_prog_STRIP=mips-linux-uclibc-strip
ac_cv_prog_YACC='bison -y'
ac_cv_prog_cc_g=yes
ac_cv_prog_cc_stdc=
ac_cv_prog_egrep='grep -E'
ac_cv_prog_fgrep='grep -F'
ac_cv_prog_lex_root=lex.yy
ac_cv_prog_lex_yytext_pointer=yes
ac_cv_prog_make__usr_bin_make_set=yes
ac_cv_safe_to_define___extensions__=yes
ac_cv_search_frexp='none required'
ac_cv_search_strerror='none required'
ac_cv_search_zlibVersion=-lz
ac_cv_target=mips-unknown-linux-uclibc
ac_cv_target_alias=mips-linux-uclibc
ac_cv_working_alloca_h=yes
acl_cv_hardcode_direct=no
acl_cv_hardcode_libdir_flag_spec='${wl}-rpath ${wl}$libdir'
acl_cv_hardcode_libdir_separator=
acl_cv_hardcode_minus_L=no
acl_cv_libext=a
acl_cv_path_LD='/usr/bin/ld -L/home/zhangsiyu/pc018work-v15-at/apv5sdk-v15/build/gcc-4.3.3/build_mips/host_dir/lib -L/home/zhangsiyu/pc018work-v15-at/apv5sdk-v15/build/gcc-4.3.3/build_mips/host_dir/usr/lib'
acl_cv_prog_gnu_ld=yes
acl_cv_rpath=done
acl_cv_shlibext=so
acl_cv_wl=-Wl,
am_cv_CC_dependencies_compiler_type=gcc3
am_cv_func_iconv=yes
am_cv_lib_iconv=no
am_cv_proto_iconv='extern size_t iconv (iconv_t cd, char * *inbuf, size_t *inbytesleft, char * *outbuf, size_t *outbytesleft);'
am_cv_proto_iconv_arg1=
bu_cv_decl_getopt_unistd_h=yes
bu_cv_decl_time_t_time_h=yes
bu_cv_decl_time_t_types_h=yes
bu_cv_have_fopen64=yes
bu_cv_have_stat64=yes
bu_cv_header_utime_h=yes
lt_cv_deplibs_check_method=pass_all
lt_cv_file_magic_cmd='$MAGIC_CMD'
lt_cv_file_magic_test_file=
lt_cv_ld_reload_flag=-r
lt_cv_nm_interface='BSD nm'
lt_cv_objdir=.libs
lt_cv_path_LD='/usr/bin/ld -L/home/zhangsiyu/pc018work-v15-at/apv5sdk-v15/build/gcc-4.3.3/build_mips/host_dir/lib -L/home/zhangsiyu/pc018work-v15-at/apv5sdk-v15/build/gcc-4.3.3/build_mips/host_dir/usr/lib'
lt_cv_path_NM=/usr/bin/nm
lt_cv_path_SED=/bin/sed
lt_cv_prog_compiler_c_o=yes
lt_cv_prog_compiler_rtti_exceptions=no
lt_cv_prog_gnu_ld=yes
lt_cv_sys_global_symbol_pipe='sed -n -e '\''s/^.*[	 ]\([ABCDGIRSTW][ABCDGIRSTW]*\)[	 ][	 ]*\([_A-Za-z][_A-Za-z0-9]*\)$/\1 \2 \2/p'\'''
lt_cv_sys_global_symbol_to_c_name_address='sed -n -e '\''s/^: \([^ ]*\) $/  {\"\1\", (void *) 0},/p'\'' -e '\''s/^[ABCDGIRSTW]* \([^ ]*\) \([^ ]*\)$/  {"\2", (void *) \&\2},/p'\'''
lt_cv_sys_global_symbol_to_cdecl='sed -n -e '\''s/^T .* \(.*\)$/extern int \1();/p'\'' -e '\''s/^[ABCDGIRSTW]* .* \(.*\)$/extern char \1;/p'\'''
lt_cv_sys_max_cmd_len=805306365

## ----------------- ##
## Output variables. ##
## ----------------- ##

ACLOCAL='${SHELL} /home/zhangsiyu/pc018work-v15-at/apv5sdk-v15/build/gcc-4.3.3/toolchain_build_mips/binutils-2.19.1/missing --run aclocal-1.9'
ALLOCA=''
AMDEPBACKSLASH='\'
AMDEP_FALSE='#'
AMDEP_TRUE=''
AMTAR='${SHELL} /home/zhangsiyu/pc018work-v15-at/apv5sdk-v15/build/gcc-4.3.3/toolchain_build_mips/binutils-2.19.1/missing --run tar'
AR='/usr/bin/ar'
AUTOCONF='${SHELL} /home/zhangsiyu/pc018work-v15-at/apv5sdk-v15/build/gcc-4.3.3/toolchain_build_mips/binutils-2.19.1/missing --run autoconf'
AUTOHEADER='${SHELL} /home/zhangsiyu/pc018work-v15-at/apv5sdk-v15/build/gcc-4.3.3/toolchain_build_mips/binutils-2.19.1/missing --run autoheader'
AUTOMAKE='${SHELL} /home/zhangsiyu/pc018work-v15-at/apv5sdk-v15/build/gcc-4.3.3/toolchain_build_mips/binutils-2.19.1/missing --run automake-1.9'
AWK='gawk'
BUILD_DLLTOOL=''
BUILD_DLLWRAP=''
BUILD_INSTALL_MISC=''
BUILD_MISC=''
BUILD_NLMCONV=''
BUILD_SRCONV=''
BUILD_WINDMC=''
BUILD_WINDRES=''
CATALOGS=''
CATOBJEXT=''
CC='/usr/bin/gcc -I/home/zhangsiyu/pc018work-v15-at/apv5sdk-v15/build/gcc-4.3.3/build_mips/host_dir/include -I/home/zhangsiyu/pc018work-v15-at/apv5sdk-v15/build/gcc-4.3.3/build_mips/host_dir/usr/include'
CCDEPMODE='depmode=gcc3'
CC_FOR_BUILD='/usr/bin/gcc -I/home/zhangsiyu/pc018work-v15-at/apv5sdk-v15/build/gcc-4.3.3/build_mips/host_dir/include -I/home/zhangsiyu/pc018work-v15-at/apv5sdk-v15/build/gcc-4.3.3/build_mips/host_dir/usr/include'
CFLAGS='-g -O2'
CPP='/usr/bin/gcc -I/home/zhangsiyu/pc018work-v15-at/apv5sdk-v15/build/gcc-4.3.3/build_mips/host_dir/include -I/home/zhangsiyu/pc018work-v15-at/apv5sdk-v15/build/gcc-4.3.3/build_mips/host_dir/usr/include -E'
CPPFLAGS=''
CYGPATH_W='echo'
DATADIRNAME=''
DEFS='-DHAVE_CONFIG_H'
DEMANGLER_NAME='c++filt'
DEPDIR='.deps'
DLLTOOL_DEFS=' '
DUMPBIN=''
ECHO_C=''
ECHO_N='-n'
ECHO_T=''
EGREP='grep -E'
EMULATION='vanilla'
EMULATION_VECTOR='bin_vanilla_emulation'
EXEEXT=''
EXEEXT_FOR_BUILD='$(EXEEXT)'
FGREP='grep -F'
GENCAT=''
GENINSRC_NEVER_FALSE=''
GENINSRC_NEVER_TRUE='#'
GMSGFMT='/usr/bin/msgfmt'
GREP='grep'
HDEFINES=''
INCINTL=''
INSTALL_DATA='/usr/bin/install -c -m 644'
INSTALL_PROGRAM='/usr/bin/install -c'
INSTALL_SCRIPT='/usr/bin/install -c'
INSTALL_STRIP_PROGRAM='${SHELL} $(install_sh) -c -s'
INSTOBJEXT=''
LD='/usr/bin/ld -L/home/zhangsiyu/pc018work-v15-at/apv5sdk-v15/build/gcc-4.3.3/build_mips/host_dir/lib -L/home/zhangsiyu/pc018work-v15-at/apv5sdk-v15/build/gcc-4.3.3/build_mips/host_dir/usr/lib'
LDFLAGS=''
LEX='flex'
LEXLIB='-lfl'
LEX_OUTPUT_ROOT='lex.yy'
LIBICONV=''
LIBINTL=''
LIBINTL_DEP=''
LIBOBJS=''
LIBS='-lz '
LIBTOOL='$(SHELL) $(top_builddir)/libtool'
LN_S='ln -s'
LTLIBICONV=''
LTLIBOBJS=''
MAINT='#'
MAINTAINER_MODE_FALSE=''
MAINTAINER_MODE_TRUE='#'
MAKEINFO='makeinfo --split-size=5000000'
MKINSTALLDIRS='/home/zhangsiyu/pc018work-v15-at/apv5sdk-v15/build/gcc-4.3.3/toolchain_build_mips/binutils-2.19.1/binutils/../mkinstalldirs'
MSGFMT='/usr/bin/msgfmt'
MSGMERGE='/usr/bin/msgmerge'
NLMCONV_DEFS=''
NM='/usr/bin/nm'
NO_WERROR=''
OBJDUMP_DEFS=''
OBJEXT='o'
PACKAGE='binutils'
PACKAGE_BUGREPORT=''
PACKAGE_NAME=''
PACKAGE_STRING=''
PACKAGE_TARNAME=''
PACKAGE_VERSION=''
PATH_SEPARATOR=':'
POSUB=''
RANLIB='ranlib'
SED='/bin/sed'
SET_MAKE=''
SHELL='/bin/sh'
STRIP='mips-linux-uclibc-strip'
USE_NLS='no'
VERSION='2.19.1'
WARN_CFLAGS='-W -Wall -Wstrict-prototypes -Wmissing-prototypes'
XGETTEXT='/usr/bin/xgettext'
YACC='bison -y'
ac_ct_AR=''
ac_ct_CC=''
ac_ct_DUMPBIN=''
ac_ct_RANLIB=''
ac_ct_STRIP=''
am__fastdepCC_FALSE='#'
am__fastdepCC_TRUE=''
am__include='include'
am__leading_dot='.'
am__quote=''
am__tar='${AMTAR} chof - "$$tardir"'
am__untar='${AMTAR} xf -'
bindir='${exec_prefix}/bin'
build='i386-pc-linux-gnu'
build_alias='i386-pc-linux-gnu'
build_cpu='i386'
build_os='linux-gnu'
build_vendor='pc'
datadir='${prefix}/share'
datarootdir='/usr/share'
docdir='/usr/share/doc'
exec_prefix='${prefix}'
host='i386-pc-linux-gnu'
host_alias='i386-pc-linux-gnu'
host_cpu='i386'
host_os='linux-gnu'
host_vendor='pc'
htmldir='/usr/share/doc'
includedir='${prefix}/include'
infodir='/usr/share/info'
install_sh='/home/zhangsiyu/pc018work-v15-at/apv5sdk-v15/build/gcc-4.3.3/toolchain_build_mips/binutils-2.19.1/install-sh'
libdir='${exec_prefix}/lib'
libexecdir='${exec_prefix}/libexec'
localstatedir='${prefix}/var'
lt_ECHO='echo'
mandir='/usr/share/man'
mkdir_p='mkdir -p --'
oldincludedir='/usr/include'
prefix='/usr'
program_transform_name='s,^,mips-linux-uclibc-,'
sbindir='${exec_prefix}/sbin'
sharedstatedir='${prefix}/com'
sysconfdir='${prefix}/etc'
target='mips-unknown-linux-uclibc'
target_alias='mips-linux-uclibc'
target_cpu='mips'
target_os='linux-uclibc'
target_vendor='unknown'

## ----------- ##
## confdefs.h. ##
## ----------- ##

#define EXECUTABLE_SUFFIX ""
#define HAVE_ALLOCA 1
#define HAVE_ALLOCA_H 1
#define HAVE_DECL_ENVIRON 1
#define HAVE_DECL_FPRINTF 1
#define HAVE_DECL_GETC_UNLOCKED 1
#define HAVE_DECL_GETENV 1
#define HAVE_DECL_GETOPT 1
#define HAVE_DECL_SBRK 1
#define HAVE_DECL_SNPRINTF 1
#define HAVE_DECL_STPCPY 1
#define HAVE_DECL_STRSTR 1
#define HAVE_DECL_VSNPRINTF 1
#define HAVE_DLFCN_H 1
#define HAVE_FCNTL_H 1
#define HAVE_FOPEN64 1
#define HAVE_GETC_UNLOCKED 1
#define HAVE_GOOD_UTIME_H 1
#define HAVE_ICONV 1
#define HAVE_INTTYPES_H 1
#define HAVE_LIMITS_H 1
#define HAVE_MEMORY_H 1
#define HAVE_MKDTEMP 1
#define HAVE_MKSTEMP 1
#define HAVE_SBRK 1
#define HAVE_STAT64 1
#define HAVE_STDINT_H 1
#define HAVE_STDLIB_H 1
#define HAVE_STDLIB_H 1
#define HAVE_STRCOLL 1
#define HAVE_STRINGS_H 1
#define HAVE_STRINGS_H 1
#define HAVE_STRING_H 1
#define HAVE_STRING_H 1
#define HAVE_SYS_FILE_H 1
#define HAVE_SYS_PARAM_H 1
#define HAVE_SYS_STAT_H 1
#define HAVE_SYS_TYPES_H 1
#define HAVE_SYS_WAIT_H 1
#define HAVE_TIME_T_IN_TIME_H 1
#define HAVE_TIME_T_IN_TYPES_H 1
#define HAVE_UNISTD_H 1
#define HAVE_UNISTD_H 1
#define HAVE_UTIMES 1
#define HAVE_ZLIB_H 1
#define ICONV_CONST 
#define LT_OBJDIR ".libs/"
#define PACKAGE "binutils"
#define PACKAGE_BUGREPORT ""
#define PACKAGE_NAME ""
#define PACKAGE_STRING ""
#define PACKAGE_TARNAME ""
#define PACKAGE_VERSION ""
#define STDC_HEADERS 1
#define TARGET "mips-unknown-linux-uclibc"
#define TARGET_PREPENDS_UNDERSCORE 0
#define VERSION "2.19.1"
#define YYTEXT_POINTER 1
#define _ALL_SOURCE 1
#define _GNU_SOURCE 1
#define _GNU_SOURCE 1
#define _POSIX_PTHREAD_SEMANTICS 1
#define _TANDEM_SOURCE 1
#define __EXTENSIONS__ 1

configure: exit 0
