This file contains any messages produced by compilers while
running configure, to aid debugging if configure makes a mistake.

It was created by libgssapi configure 0.11, which was
generated by GNU Autoconf 2.60.  Invocation command line was

  $ ./configure --host=mips-linux

## --------- ##
## Platform. ##
## --------- ##

hostname = shark-linux
uname -m = i686
uname -r = 2.6.24-19-generic
uname -s = Linux
uname -v = #1 SMP Wed Jun 4 16:35:01 UTC 2008

/usr/bin/uname -p = unknown
/bin/uname -X     = unknown

/bin/arch              = unknown
/usr/bin/arch -k       = unknown
/usr/convex/getsysinfo = unknown
/usr/bin/hostinfo      = unknown
/bin/machine           = unknown
/usr/bin/oslevel       = unknown
/bin/universe          = unknown

PATH: /home/shark/new_cavium/caviumworkspace/OCTEON-SDK/tools/bin
PATH: /home/shark/new_cavium/caviumworkspace/OCTEON-SDK/host/bin
PATH: /usr/local/sbin
PATH: /usr/local/bin
PATH: /usr/sbin
PATH: /usr/bin
PATH: /sbin
PATH: /bin
PATH: /usr/games 
PATH: /home/shark/new_cavium/caviumworkspace/OCTEON-SDK/tools/bin
PATH: /home/shark/new_cavium/caviumworkspace/OCTEON-SDK/host/bin


## ----------- ##
## Core tests. ##
## ----------- ##

configure:1960: checking for a BSD-compatible install
configure:2016: result: /usr/bin/install -c
configure:2027: checking whether build environment is sane
configure:2070: result: yes
configure:2135: checking for gawk
configure:2151: found /usr/bin/gawk
configure:2162: result: gawk
configure:2173: checking whether make sets $(MAKE)
configure:2194: result: yes
configure:2270: checking for mips-linux-strip
configure:2297: result: mips64-octeon-linux-gnu-strip
configure:2456: checking build system type
configure:2474: result: i686-pc-linux-gnu
configure:2496: checking host system type
configure:2511: result: mips-unknown-linux-gnu
configure:2545: checking for style of include used by make
configure:2573: result: GNU
configure:2606: checking for mips-linux-gcc
configure:2633: result: mips64-octeon-linux-gnu-gcc
configure:2911: checking for C compiler version
configure:2918: mips64-octeon-linux-gnu-gcc --version >&5
mips64-octeon-linux-gnu-gcc (GCC) 4.1.2 (Cavium Networks Version: 1_7_3, build 58)
Copyright (C) 2006 Free Software Foundation, Inc.
This is free software; see the source for copying conditions.  There is NO
warranty; not even for MERCHANTABILITY or FITNESS FOR A PARTICULAR PURPOSE.

configure:2921: $? = 0
configure:2928: mips64-octeon-linux-gnu-gcc -v >&5
Using built-in specs.
Target: mips64-octeon-linux-gnu
Configured with: ../src/configure --target=mips64-octeon-linux-gnu --prefix=/usr/local/Cavium_Networks/toolchain/tools --disable-sim --enable-symvers=gnu --enable-__cxa_atexit --enable-languages=c,c++ --with-local-prefix=/usr/local/Cavium_Networks/toolchain/tools/mips64-octeon-linux-gnu/sys-root --with-sysroot
Thread model: posix
gcc version 4.1.2 (Cavium Networks Version: 1_7_3, build 58)
configure:2931: $? = 0
configure:2938: mips64-octeon-linux-gnu-gcc -V >&5
mips64-octeon-linux-gnu-gcc: '-V' option must have argument
configure:2941: $? = 1
configure:2964: checking for C compiler default output file name
configure:2991: mips64-octeon-linux-gnu-gcc    conftest.c  >&5
configure:2994: $? = 0
configure:3040: result: a.out
configure:3045: checking whether the C compiler works
configure:3055: ./a.out
./configure: line 3056: ./a.out: cannot execute binary file
configure:3058: $? = 126
configure:3075: result: yes
configure:3082: checking whether we are cross compiling
configure:3084: result: yes
configure:3087: checking for suffix of executables
configure:3094: mips64-octeon-linux-gnu-gcc -o conftest    conftest.c  >&5
configure:3097: $? = 0
configure:3121: result: 
configure:3127: checking for suffix of object files
configure:3153: mips64-octeon-linux-gnu-gcc -c   conftest.c >&5
configure:3156: $? = 0
configure:3179: result: o
configure:3183: checking whether we are using the GNU C compiler
configure:3212: mips64-octeon-linux-gnu-gcc -c   conftest.c >&5
configure:3218: $? = 0
configure:3225: test -z "$ac_c_werror_flag" || test ! -s conftest.err
configure:3228: $? = 0
configure:3235: test -s conftest.o
configure:3238: $? = 0
configure:3252: result: yes
configure:3257: checking whether mips64-octeon-linux-gnu-gcc accepts -g
configure:3287: mips64-octeon-linux-gnu-gcc -c -g  conftest.c >&5
configure:3293: $? = 0
configure:3300: test -z "$ac_c_werror_flag" || test ! -s conftest.err
configure:3303: $? = 0
configure:3310: test -s conftest.o
configure:3313: $? = 0
configure:3443: result: yes
configure:3460: checking for mips64-octeon-linux-gnu-gcc option to accept ISO C89
configure:3534: mips64-octeon-linux-gnu-gcc  -c -g -O2  conftest.c >&5
configure:3540: $? = 0
configure:3547: test -z "$ac_c_werror_flag" || test ! -s conftest.err
configure:3550: $? = 0
configure:3557: test -s conftest.o
configure:3560: $? = 0
configure:3580: result: none needed
configure:3600: checking dependency style of mips64-octeon-linux-gnu-gcc
configure:3690: result: gcc3
configure:3707: checking for a sed that does not truncate output
configure:3761: result: /bin/sed
configure:3764: checking for grep that handles long lines and -e
configure:3838: result: /bin/grep
configure:3843: checking for egrep
configure:3921: result: /bin/grep -E
configure:3937: checking for ld used by mips64-octeon-linux-gnu-gcc
configure:4004: result: mips64-octeon-linux-gnu-ld
configure:4013: checking if the linker (mips64-octeon-linux-gnu-ld) is GNU ld
configure:4028: result: yes
configure:4033: checking for mips64-octeon-linux-gnu-ld option to reload object files
configure:4040: result: -r
configure:4049: checking for BSD-compatible nm
configure:4091: result: mips64-octeon-linux-gnu-nm
configure:4095: checking whether ln -s works
configure:4099: result: yes
configure:4106: checking how to recognise dependent libraries
configure:4289: result: pass_all
configure:4516: checking how to run the C preprocessor
configure:4556: mips64-octeon-linux-gnu-gcc -E  conftest.c
configure:4562: $? = 0
configure:4600: mips64-octeon-linux-gnu-gcc -E  conftest.c
conftest.c:10:28: error: ac_nonexistent.h: No such file or directory
configure:4606: $? = 1
configure: failed program was:
| /* confdefs.h.  */
| #define PACKAGE_NAME "libgssapi"
| #define PACKAGE_TARNAME "libgssapi"
| #define PACKAGE_VERSION "0.11"
| #define PACKAGE_STRING "libgssapi 0.11"
| #define PACKAGE_BUGREPORT "nfsv4-wg@citi.umich.edu"
| #define PACKAGE "libgssapi"
| #define VERSION "0.11"
| /* end confdefs.h.  */
| #include <ac_nonexistent.h>
configure:4646: result: mips64-octeon-linux-gnu-gcc -E
configure:4675: mips64-octeon-linux-gnu-gcc -E  conftest.c
configure:4681: $? = 0
configure:4719: mips64-octeon-linux-gnu-gcc -E  conftest.c
conftest.c:10:28: error: ac_nonexistent.h: No such file or directory
configure:4725: $? = 1
configure: failed program was:
| /* confdefs.h.  */
| #define PACKAGE_NAME "libgssapi"
| #define PACKAGE_TARNAME "libgssapi"
| #define PACKAGE_VERSION "0.11"
| #define PACKAGE_STRING "libgssapi 0.11"
| #define PACKAGE_BUGREPORT "nfsv4-wg@citi.umich.edu"
| #define PACKAGE "libgssapi"
| #define VERSION "0.11"
| /* end confdefs.h.  */
| #include <ac_nonexistent.h>
configure:4770: checking for ANSI C header files
configure:4800: mips64-octeon-linux-gnu-gcc -c -g -O2  conftest.c >&5
configure:4806: $? = 0
configure:4813: test -z "$ac_c_werror_flag" || test ! -s conftest.err
configure:4816: $? = 0
configure:4823: test -s conftest.o
configure:4826: $? = 0
configure:4951: result: yes
configure:4975: checking for sys/types.h
configure:4996: mips64-octeon-linux-gnu-gcc -c -g -O2  conftest.c >&5
configure:5002: $? = 0
configure:5009: test -z "$ac_c_werror_flag" || test ! -s conftest.err
configure:5012: $? = 0
configure:5019: test -s conftest.o
configure:5022: $? = 0
configure:5035: result: yes
configure:4975: checking for sys/stat.h
configure:4996: mips64-octeon-linux-gnu-gcc -c -g -O2  conftest.c >&5
configure:5002: $? = 0
configure:5009: test -z "$ac_c_werror_flag" || test ! -s conftest.err
configure:5012: $? = 0
configure:5019: test -s conftest.o
configure:5022: $? = 0
configure:5035: result: yes
configure:4975: checking for stdlib.h
configure:4996: mips64-octeon-linux-gnu-gcc -c -g -O2  conftest.c >&5
configure:5002: $? = 0
configure:5009: test -z "$ac_c_werror_flag" || test ! -s conftest.err
configure:5012: $? = 0
configure:5019: test -s conftest.o
configure:5022: $? = 0
configure:5035: result: yes
configure:4975: checking for string.h
configure:4996: mips64-octeon-linux-gnu-gcc -c -g -O2  conftest.c >&5
configure:5002: $? = 0
configure:5009: test -z "$ac_c_werror_flag" || test ! -s conftest.err
configure:5012: $? = 0
configure:5019: test -s conftest.o
configure:5022: $? = 0
configure:5035: result: yes
configure:4975: checking for memory.h
configure:4996: mips64-octeon-linux-gnu-gcc -c -g -O2  conftest.c >&5
configure:5002: $? = 0
configure:5009: test -z "$ac_c_werror_flag" || test ! -s conftest.err
configure:5012: $? = 0
configure:5019: test -s conftest.o
configure:5022: $? = 0
configure:5035: result: yes
configure:4975: checking for strings.h
configure:4996: mips64-octeon-linux-gnu-gcc -c -g -O2  conftest.c >&5
configure:5002: $? = 0
configure:5009: test -z "$ac_c_werror_flag" || test ! -s conftest.err
configure:5012: $? = 0
configure:5019: test -s conftest.o
configure:5022: $? = 0
configure:5035: result: yes
configure:4975: checking for inttypes.h
configure:4996: mips64-octeon-linux-gnu-gcc -c -g -O2  conftest.c >&5
configure:5002: $? = 0
configure:5009: test -z "$ac_c_werror_flag" || test ! -s conftest.err
configure:5012: $? = 0
configure:5019: test -s conftest.o
configure:5022: $? = 0
configure:5035: result: yes
configure:4975: checking for stdint.h
configure:4996: mips64-octeon-linux-gnu-gcc -c -g -O2  conftest.c >&5
configure:5002: $? = 0
configure:5009: test -z "$ac_c_werror_flag" || test ! -s conftest.err
configure:5012: $? = 0
configure:5019: test -s conftest.o
configure:5022: $? = 0
configure:5035: result: yes
configure:4975: checking for unistd.h
configure:4996: mips64-octeon-linux-gnu-gcc -c -g -O2  conftest.c >&5
configure:5002: $? = 0
configure:5009: test -z "$ac_c_werror_flag" || test ! -s conftest.err
configure:5012: $? = 0
configure:5019: test -s conftest.o
configure:5022: $? = 0
configure:5035: result: yes
configure:5062: checking dlfcn.h usability
configure:5079: mips64-octeon-linux-gnu-gcc -c -g -O2  conftest.c >&5
configure:5085: $? = 0
configure:5092: test -z "$ac_c_werror_flag" || test ! -s conftest.err
configure:5095: $? = 0
configure:5102: test -s conftest.o
configure:5105: $? = 0
configure:5116: result: yes
configure:5120: checking dlfcn.h presence
configure:5135: mips64-octeon-linux-gnu-gcc -E  conftest.c
configure:5141: $? = 0
configure:5162: result: yes
configure:5195: checking for dlfcn.h
configure:5203: result: yes
configure:5332: checking for C++ compiler version
configure:5339: mips64-octeon-linux-gnu-g++ --version >&5
mips64-octeon-linux-gnu-g++ (GCC) 4.1.2 (Cavium Networks Version: 1_7_3, build 58)
Copyright (C) 2006 Free Software Foundation, Inc.
This is free software; see the source for copying conditions.  There is NO
warranty; not even for MERCHANTABILITY or FITNESS FOR A PARTICULAR PURPOSE.

configure:5342: $? = 0
configure:5349: mips64-octeon-linux-gnu-g++ -v >&5
Using built-in specs.
Target: mips64-octeon-linux-gnu
Configured with: ../src/configure --target=mips64-octeon-linux-gnu --prefix=/usr/local/Cavium_Networks/toolchain/tools --disable-sim --enable-symvers=gnu --enable-__cxa_atexit --enable-languages=c,c++ --with-local-prefix=/usr/local/Cavium_Networks/toolchain/tools/mips64-octeon-linux-gnu/sys-root --with-sysroot
Thread model: posix
gcc version 4.1.2 (Cavium Networks Version: 1_7_3, build 58)
configure:5352: $? = 0
configure:5359: mips64-octeon-linux-gnu-g++ -V >&5
mips64-octeon-linux-gnu-g++: '-V' option must have argument
configure:5362: $? = 1
configure:5365: checking whether we are using the GNU C++ compiler
configure:5394: mips64-octeon-linux-gnu-g++ -c   conftest.cpp >&5
configure:5400: $? = 0
configure:5407: test -z "$ac_cxx_werror_flag" || test ! -s conftest.err
configure:5410: $? = 0
configure:5417: test -s conftest.o
configure:5420: $? = 0
configure:5434: result: yes
configure:5439: checking whether mips64-octeon-linux-gnu-g++ accepts -g
configure:5469: mips64-octeon-linux-gnu-g++ -c -g  conftest.cpp >&5
configure:5475: $? = 0
configure:5482: test -z "$ac_cxx_werror_flag" || test ! -s conftest.err
configure:5485: $? = 0
configure:5492: test -s conftest.o
configure:5495: $? = 0
configure:5625: result: yes
configure:5650: checking dependency style of mips64-octeon-linux-gnu-g++
configure:5740: result: gcc3
configure:5762: checking how to run the C++ preprocessor
configure:5798: mips64-octeon-linux-gnu-g++ -E  conftest.cpp
configure:5804: $? = 0
configure:5842: mips64-octeon-linux-gnu-g++ -E  conftest.cpp
conftest.cpp:21:28: error: ac_nonexistent.h: No such file or directory
configure:5848: $? = 1
configure: failed program was:
| /* confdefs.h.  */
| #define PACKAGE_NAME "libgssapi"
| #define PACKAGE_TARNAME "libgssapi"
| #define PACKAGE_VERSION "0.11"
| #define PACKAGE_STRING "libgssapi 0.11"
| #define PACKAGE_BUGREPORT "nfsv4-wg@citi.umich.edu"
| #define PACKAGE "libgssapi"
| #define VERSION "0.11"
| #define STDC_HEADERS 1
| #define HAVE_SYS_TYPES_H 1
| #define HAVE_SYS_STAT_H 1
| #define HAVE_STDLIB_H 1
| #define HAVE_STRING_H 1
| #define HAVE_MEMORY_H 1
| #define HAVE_STRINGS_H 1
| #define HAVE_INTTYPES_H 1
| #define HAVE_STDINT_H 1
| #define HAVE_UNISTD_H 1
| #define HAVE_DLFCN_H 1
| /* end confdefs.h.  */
| #include <ac_nonexistent.h>
configure:5888: result: mips64-octeon-linux-gnu-g++ -E
configure:5917: mips64-octeon-linux-gnu-g++ -E  conftest.cpp
configure:5923: $? = 0
configure:5961: mips64-octeon-linux-gnu-g++ -E  conftest.cpp
conftest.cpp:21:28: error: ac_nonexistent.h: No such file or directory
configure:5967: $? = 1
configure: failed program was:
| /* confdefs.h.  */
| #define PACKAGE_NAME "libgssapi"
| #define PACKAGE_TARNAME "libgssapi"
| #define PACKAGE_VERSION "0.11"
| #define PACKAGE_STRING "libgssapi 0.11"
| #define PACKAGE_BUGREPORT "nfsv4-wg@citi.umich.edu"
| #define PACKAGE "libgssapi"
| #define VERSION "0.11"
| #define STDC_HEADERS 1
| #define HAVE_SYS_TYPES_H 1
| #define HAVE_SYS_STAT_H 1
| #define HAVE_STDLIB_H 1
| #define HAVE_STRING_H 1
| #define HAVE_MEMORY_H 1
| #define HAVE_STRINGS_H 1
| #define HAVE_INTTYPES_H 1
| #define HAVE_STDINT_H 1
| #define HAVE_UNISTD_H 1
| #define HAVE_DLFCN_H 1
| /* end confdefs.h.  */
| #include <ac_nonexistent.h>
configure:6021: checking for mips-linux-g77
configure:6051: result: no
configure:6021: checking for mips-linux-f77
configure:6051: result: no
configure:6021: checking for mips-linux-xlf
configure:6051: result: no
configure:6021: checking for mips-linux-frt
configure:6051: result: no
configure:6021: checking for mips-linux-pgf77
configure:6051: result: no
configure:6021: checking for mips-linux-cf77
configure:6051: result: no
configure:6021: checking for mips-linux-fort77
configure:6051: result: no
configure:6021: checking for mips-linux-fl32
configure:6051: result: no
configure:6021: checking for mips-linux-af77
configure:6051: result: no
configure:6021: checking for mips-linux-f90
configure:6051: result: no
configure:6021: checking for mips-linux-xlf90
configure:6051: result: no
configure:6021: checking for mips-linux-pgf90
configure:6051: result: no
configure:6021: checking for mips-linux-pghpf
configure:6051: result: no
configure:6021: checking for mips-linux-epcf90
configure:6051: result: no
configure:6021: checking for mips-linux-gfortran
configure:6051: result: no
configure:6021: checking for mips-linux-g95
configure:6051: result: no
configure:6021: checking for mips-linux-f95
configure:6051: result: no
configure:6021: checking for mips-linux-fort
configure:6051: result: no
configure:6021: checking for mips-linux-xlf95
configure:6051: result: no
configure:6021: checking for mips-linux-ifort
configure:6051: result: no
configure:6021: checking for mips-linux-ifc
configure:6051: result: no
configure:6021: checking for mips-linux-efc
configure:6051: result: no
configure:6021: checking for mips-linux-pgf95
configure:6051: result: no
configure:6021: checking for mips-linux-lf95
configure:6051: result: no
configure:6021: checking for mips-linux-ftn
configure:6051: result: no
configure:6065: checking for g77
configure:6095: result: no
configure:6065: checking for f77
configure:6095: result: no
configure:6065: checking for xlf
configure:6095: result: no
configure:6065: checking for frt
configure:6095: result: no
configure:6065: checking for pgf77
configure:6095: result: no
configure:6065: checking for cf77
configure:6095: result: no
configure:6065: checking for fort77
configure:6095: result: no
configure:6065: checking for fl32
configure:6095: result: no
configure:6065: checking for af77
configure:6095: result: no
configure:6065: checking for f90
configure:6095: result: no
configure:6065: checking for xlf90
configure:6095: result: no
configure:6065: checking for pgf90
configure:6095: result: no
configure:6065: checking for pghpf
configure:6095: result: no
configure:6065: checking for epcf90
configure:6095: result: no
configure:6065: checking for gfortran
configure:6095: result: no
configure:6065: checking for g95
configure:6095: result: no
configure:6065: checking for f95
configure:6095: result: no
configure:6065: checking for fort
configure:6095: result: no
configure:6065: checking for xlf95
configure:6095: result: no
configure:6065: checking for ifort
configure:6095: result: no
configure:6065: checking for ifc
configure:6095: result: no
configure:6065: checking for efc
configure:6095: result: no
configure:6065: checking for pgf95
configure:6095: result: no
configure:6065: checking for lf95
configure:6095: result: no
configure:6065: checking for ftn
configure:6095: result: no
configure:6122: checking for Fortran 77 compiler version
configure:6129:  --version >&5
./configure: line 6130: --version: command not found
configure:6132: $? = 127
configure:6139:  -v >&5
./configure: line 6140: -v: command not found
configure:6142: $? = 127
configure:6149:  -V >&5
./configure: line 6150: -V: command not found
configure:6152: $? = 127
configure:6160: checking whether we are using the GNU Fortran 77 compiler
configure:6179:  -c  conftest.F >&5
./configure: line 6180: -c: command not found
configure:6185: $? = 127
configure: failed program was:
|       program main
| #ifndef __GNUC__
|        choke me
| #endif
| 
|       end
configure:6219: result: no
configure:6225: checking whether  accepts -g
configure:6242:  -c -g conftest.f >&5
./configure: line 6243: -c: command not found
configure:6248: $? = 127
configure: failed program was:
|       program main
| 
|       end
configure:6281: result: no
configure:6311: checking the maximum length of command line arguments
configure:6376: result: 32768
configure:6387: checking command to parse mips64-octeon-linux-gnu-nm output from mips64-octeon-linux-gnu-gcc object
configure:6476: mips64-octeon-linux-gnu-gcc -c -g -O2  conftest.c >&5
configure:6479: $? = 0
configure:6483: mips64-octeon-linux-gnu-nm conftest.o \| sed -n -e 's/^.*[ 	]\([ABCDGIRSTW][ABCDGIRSTW]*\)[ 	][ 	]*\(\)\([_A-Za-z][_A-Za-z0-9]*\)$/\1 \2\3 \3/p' \> conftest.nm
configure:6486: $? = 0
configure:6538: mips64-octeon-linux-gnu-gcc -o conftest -g -O2   conftest.c conftstm.o >&5
configure:6541: $? = 0
configure:6579: result: ok
configure:6583: checking for objdir
configure:6598: result: .libs
configure:6650: checking for mips-linux-ar
configure:6677: result: mips64-octeon-linux-gnu-ar
configure:6746: checking for mips-linux-ranlib
configure:6773: result: ranlib
configure:6842: checking for mips-linux-strip
configure:6869: result: mips64-octeon-linux-gnu-strip
configure:7185: checking if mips64-octeon-linux-gnu-gcc static flag  works
configure:7208: result: yes
configure:7226: checking if mips64-octeon-linux-gnu-gcc supports -fno-rtti -fno-exceptions
configure:7244: mips64-octeon-linux-gnu-gcc -c -g -O2  -fno-rtti -fno-exceptions conftest.c >&5
cc1: warning: command line option "-fno-rtti" is valid for C++/ObjC++ but not for C
configure:7248: $? = 0
configure:7259: result: no
configure:7274: checking for mips64-octeon-linux-gnu-gcc option to produce PIC
configure:7451: result: -fPIC
configure:7459: checking if mips64-octeon-linux-gnu-gcc PIC flag -fPIC works
configure:7477: mips64-octeon-linux-gnu-gcc -c -g -O2  -fPIC -DPIC conftest.c >&5
configure:7481: $? = 0
configure:7492: result: yes
configure:7516: checking if mips64-octeon-linux-gnu-gcc supports -c -o file.o
configure:7537: mips64-octeon-linux-gnu-gcc -c -g -O2  -o out/conftest2.o conftest.c >&5
configure:7541: $? = 0
configure:7561: result: yes
configure:7587: checking whether the mips64-octeon-linux-gnu-gcc linker (mips64-octeon-linux-gnu-ld) supports shared libraries
configure:8463: result: yes
configure:8489: checking whether -lc should be explicitly linked in
configure:8494: mips64-octeon-linux-gnu-gcc -c -g -O2  conftest.c >&5
configure:8497: $? = 0
configure:8511: mips64-octeon-linux-gnu-gcc -shared conftest.o  -v -Wl,-soname -Wl,conftest -o conftest 2\>\&1 \| grep  -lc  \>/dev/null 2\>\&1
configure:8514: $? = 0
configure:8526: result: no
configure:8534: checking dynamic linker characteristics
configure:9095: result: GNU/Linux ld.so
configure:9099: checking how to hardcode library paths into programs
configure:9124: result: immediate
configure:9138: checking whether stripping libraries is possible
configure:9143: result: yes
configure:10052: checking if libtool supports shared libraries
configure:10054: result: yes
configure:10057: checking whether to build shared libraries
configure:10115: result: yes
configure:10118: checking whether to build static libraries
configure:10122: result: yes
configure:10214: creating libtool
configure:10761: checking for ld used by mips64-octeon-linux-gnu-g++
configure:10828: result: mips64-octeon-linux-gnu-ld
configure:10837: checking if the linker (mips64-octeon-linux-gnu-ld) is GNU ld
configure:10852: result: yes
configure:10903: checking whether the mips64-octeon-linux-gnu-g++ linker (mips64-octeon-linux-gnu-ld) supports shared libraries
configure:11759: result: yes
configure:11777: mips64-octeon-linux-gnu-g++ -c -g -O2  conftest.cc >&5
configure:11780: $? = 0
configure:11876: checking for mips64-octeon-linux-gnu-g++ option to produce PIC
configure:12128: result: -fPIC
configure:12136: checking if mips64-octeon-linux-gnu-g++ PIC flag -fPIC works
configure:12154: mips64-octeon-linux-gnu-g++ -c -g -O2  -fPIC -DPIC conftest.cc >&5
configure:12158: $? = 0
configure:12169: result: yes
configure:12193: checking if mips64-octeon-linux-gnu-g++ supports -c -o file.o
configure:12214: mips64-octeon-linux-gnu-g++ -c -g -O2  -o out/conftest2.o conftest.cc >&5
configure:12218: $? = 0
configure:12238: result: yes
configure:12264: checking whether the mips64-octeon-linux-gnu-g++ linker (mips64-octeon-linux-gnu-ld) supports shared libraries
configure:12289: result: yes
configure:12360: checking dynamic linker characteristics
configure:12921: result: GNU/Linux ld.so
configure:12925: checking how to hardcode library paths into programs
configure:12950: result: immediate
configure:12964: checking whether stripping libraries is possible
configure:12969: result: yes
configure:20471: checking for mips-linux-gcc
configure:20498: result: mips64-octeon-linux-gnu-gcc
configure:20776: checking for C compiler version
configure:20783: mips64-octeon-linux-gnu-gcc --version >&5
mips64-octeon-linux-gnu-gcc (GCC) 4.1.2 (Cavium Networks Version: 1_7_3, build 58)
Copyright (C) 2006 Free Software Foundation, Inc.
This is free software; see the source for copying conditions.  There is NO
warranty; not even for MERCHANTABILITY or FITNESS FOR A PARTICULAR PURPOSE.

configure:20786: $? = 0
configure:20793: mips64-octeon-linux-gnu-gcc -v >&5
Using built-in specs.
Target: mips64-octeon-linux-gnu
Configured with: ../src/configure --target=mips64-octeon-linux-gnu --prefix=/usr/local/Cavium_Networks/toolchain/tools --disable-sim --enable-symvers=gnu --enable-__cxa_atexit --enable-languages=c,c++ --with-local-prefix=/usr/local/Cavium_Networks/toolchain/tools/mips64-octeon-linux-gnu/sys-root --with-sysroot
Thread model: posix
gcc version 4.1.2 (Cavium Networks Version: 1_7_3, build 58)
configure:20796: $? = 0
configure:20803: mips64-octeon-linux-gnu-gcc -V >&5
mips64-octeon-linux-gnu-gcc: '-V' option must have argument
configure:20806: $? = 1
configure:20809: checking whether we are using the GNU C compiler
configure:20878: result: yes
configure:20883: checking whether mips64-octeon-linux-gnu-gcc accepts -g
configure:21069: result: yes
configure:21086: checking for mips64-octeon-linux-gnu-gcc option to accept ISO C89
configure:21206: result: none needed
configure:21226: checking dependency style of mips64-octeon-linux-gnu-gcc
configure:21316: result: gcc3
configure:21336: checking for mips-linux-ranlib
configure:21363: result: ranlib
configure:21433: checking for ANSI C header files
configure:21614: result: yes
configure:21642: checking stddef.h usability
configure:21659: mips64-octeon-linux-gnu-gcc -c -g -O2  conftest.c >&5
configure:21665: $? = 0
configure:21672: test -z "$ac_c_werror_flag" || test ! -s conftest.err
configure:21675: $? = 0
configure:21682: test -s conftest.o
configure:21685: $? = 0
configure:21696: result: yes
configure:21700: checking stddef.h presence
configure:21715: mips64-octeon-linux-gnu-gcc -E  conftest.c
configure:21721: $? = 0
configure:21742: result: yes
configure:21775: checking for stddef.h
configure:21783: result: yes
configure:21632: checking for stdlib.h
configure:21638: result: yes
configure:21632: checking for string.h
configure:21638: result: yes
configure:21632: checking for unistd.h
configure:21638: result: yes
configure:21798: checking for an ANSI C-conforming const
configure:21873: mips64-octeon-linux-gnu-gcc -c -g -O2  conftest.c >&5
configure:21879: $? = 0
configure:21886: test -z "$ac_c_werror_flag" || test ! -s conftest.err
configure:21889: $? = 0
configure:21896: test -s conftest.o
configure:21899: $? = 0
configure:21911: result: yes
configure:21921: checking for size_t
configure:21951: mips64-octeon-linux-gnu-gcc -c -g -O2  conftest.c >&5
configure:21957: $? = 0
configure:21964: test -z "$ac_c_werror_flag" || test ! -s conftest.err
configure:21967: $? = 0
configure:21974: test -s conftest.o
configure:21977: $? = 0
configure:21989: result: yes
configure:22001: checking for uid_t in sys/types.h
configure:22024: result: yes
configure:22039: checking for short
configure:22069: mips64-octeon-linux-gnu-gcc -c -g -O2  conftest.c >&5
configure:22075: $? = 0
configure:22082: test -z "$ac_c_werror_flag" || test ! -s conftest.err
configure:22085: $? = 0
configure:22092: test -s conftest.o
configure:22095: $? = 0
configure:22107: result: yes
configure:22110: checking size of short
configure:22146: mips64-octeon-linux-gnu-gcc -c -g -O2  conftest.c >&5
configure:22152: $? = 0
configure:22159: test -z "$ac_c_werror_flag" || test ! -s conftest.err
configure:22162: $? = 0
configure:22169: test -s conftest.o
configure:22172: $? = 0
configure:22200: mips64-octeon-linux-gnu-gcc -c -g -O2  conftest.c >&5
conftest.c: In function 'main':
conftest.c:63: error: size of array 'test_array' is negative
configure:22206: $? = 1
configure: failed program was:
| /* confdefs.h.  */
| #define PACKAGE_NAME "libgssapi"
| #define PACKAGE_TARNAME "libgssapi"
| #define PACKAGE_VERSION "0.11"
| #define PACKAGE_STRING "libgssapi 0.11"
| #define PACKAGE_BUGREPORT "nfsv4-wg@citi.umich.edu"
| #define PACKAGE "libgssapi"
| #define VERSION "0.11"
| #define STDC_HEADERS 1
| #define HAVE_SYS_TYPES_H 1
| #define HAVE_SYS_STAT_H 1
| #define HAVE_STDLIB_H 1
| #define HAVE_STRING_H 1
| #define HAVE_MEMORY_H 1
| #define HAVE_STRINGS_H 1
| #define HAVE_INTTYPES_H 1
| #define HAVE_STDINT_H 1
| #define HAVE_UNISTD_H 1
| #define HAVE_DLFCN_H 1
| #define STDC_HEADERS 1
| #define HAVE_STDDEF_H 1
| #define HAVE_STDLIB_H 1
| #define HAVE_STRING_H 1
| #define HAVE_UNISTD_H 1
| /* end confdefs.h.  */
| #include <stdio.h>
| #if HAVE_SYS_TYPES_H
| # include <sys/types.h>
| #endif
| #if HAVE_SYS_STAT_H
| # include <sys/stat.h>
| #endif
| #if STDC_HEADERS
| # include <stdlib.h>
| # include <stddef.h>
| #else
| # if HAVE_STDLIB_H
| #  include <stdlib.h>
| # endif
| #endif
| #if HAVE_STRING_H
| # if !STDC_HEADERS && HAVE_MEMORY_H
| #  include <memory.h>
| # endif
| # include <string.h>
| #endif
| #if HAVE_STRINGS_H
| # include <strings.h>
| #endif
| #if HAVE_INTTYPES_H
| # include <inttypes.h>
| #endif
| #if HAVE_STDINT_H
| # include <stdint.h>
| #endif
| #if HAVE_UNISTD_H
| # include <unistd.h>
| #endif
| 		   typedef short ac__type_sizeof_;
| int
| main ()
| {
| static int test_array [1 - 2 * !(((long int) (sizeof (ac__type_sizeof_))) <= 0)];
| test_array [0] = 0
| 
|   ;
|   return 0;
| }
configure:22200: mips64-octeon-linux-gnu-gcc -c -g -O2  conftest.c >&5
conftest.c: In function 'main':
conftest.c:63: error: size of array 'test_array' is negative
configure:22206: $? = 1
configure: failed program was:
| /* confdefs.h.  */
| #define PACKAGE_NAME "libgssapi"
| #define PACKAGE_TARNAME "libgssapi"
| #define PACKAGE_VERSION "0.11"
| #define PACKAGE_STRING "libgssapi 0.11"
| #define PACKAGE_BUGREPORT "nfsv4-wg@citi.umich.edu"
| #define PACKAGE "libgssapi"
| #define VERSION "0.11"
| #define STDC_HEADERS 1
| #define HAVE_SYS_TYPES_H 1
| #define HAVE_SYS_STAT_H 1
| #define HAVE_STDLIB_H 1
| #define HAVE_STRING_H 1
| #define HAVE_MEMORY_H 1
| #define HAVE_STRINGS_H 1
| #define HAVE_INTTYPES_H 1
| #define HAVE_STDINT_H 1
| #define HAVE_UNISTD_H 1
| #define HAVE_DLFCN_H 1
| #define STDC_HEADERS 1
| #define HAVE_STDDEF_H 1
| #define HAVE_STDLIB_H 1
| #define HAVE_STRING_H 1
| #define HAVE_UNISTD_H 1
| /* end confdefs.h.  */
| #include <stdio.h>
| #if HAVE_SYS_TYPES_H
| # include <sys/types.h>
| #endif
| #if HAVE_SYS_STAT_H
| # include <sys/stat.h>
| #endif
| #if STDC_HEADERS
| # include <stdlib.h>
| # include <stddef.h>
| #else
| # if HAVE_STDLIB_H
| #  include <stdlib.h>
| # endif
| #endif
| #if HAVE_STRING_H
| # if !STDC_HEADERS && HAVE_MEMORY_H
| #  include <memory.h>
| # endif
| # include <string.h>
| #endif
| #if HAVE_STRINGS_H
| # include <strings.h>
| #endif
| #if HAVE_INTTYPES_H
| # include <inttypes.h>
| #endif
| #if HAVE_STDINT_H
| # include <stdint.h>
| #endif
| #if HAVE_UNISTD_H
| # include <unistd.h>
| #endif
| 		   typedef short ac__type_sizeof_;
| int
| main ()
| {
| static int test_array [1 - 2 * !(((long int) (sizeof (ac__type_sizeof_))) <= 1)];
| test_array [0] = 0
| 
|   ;
|   return 0;
| }
configure:22200: mips64-octeon-linux-gnu-gcc -c -g -O2  conftest.c >&5
configure:22206: $? = 0
configure:22213: test -z "$ac_c_werror_flag" || test ! -s conftest.err
configure:22216: $? = 0
configure:22223: test -s conftest.o
configure:22226: $? = 0
configure:22406: mips64-octeon-linux-gnu-gcc -c -g -O2  conftest.c >&5
configure:22412: $? = 0
configure:22419: test -z "$ac_c_werror_flag" || test ! -s conftest.err
configure:22422: $? = 0
configure:22429: test -s conftest.o
configure:22432: $? = 0
configure:22532: result: 2
configure:22539: checking for int
configure:22569: mips64-octeon-linux-gnu-gcc -c -g -O2  conftest.c >&5
configure:22575: $? = 0
configure:22582: test -z "$ac_c_werror_flag" || test ! -s conftest.err
configure:22585: $? = 0
configure:22592: test -s conftest.o
configure:22595: $? = 0
configure:22607: result: yes
configure:22610: checking size of int
configure:22646: mips64-octeon-linux-gnu-gcc -c -g -O2  conftest.c >&5
configure:22652: $? = 0
configure:22659: test -z "$ac_c_werror_flag" || test ! -s conftest.err
configure:22662: $? = 0
configure:22669: test -s conftest.o
configure:22672: $? = 0
configure:22700: mips64-octeon-linux-gnu-gcc -c -g -O2  conftest.c >&5
conftest.c: In function 'main':
conftest.c:64: error: size of array 'test_array' is negative
configure:22706: $? = 1
configure: failed program was:
| /* confdefs.h.  */
| #define PACKAGE_NAME "libgssapi"
| #define PACKAGE_TARNAME "libgssapi"
| #define PACKAGE_VERSION "0.11"
| #define PACKAGE_STRING "libgssapi 0.11"
| #define PACKAGE_BUGREPORT "nfsv4-wg@citi.umich.edu"
| #define PACKAGE "libgssapi"
| #define VERSION "0.11"
| #define STDC_HEADERS 1
| #define HAVE_SYS_TYPES_H 1
| #define HAVE_SYS_STAT_H 1
| #define HAVE_STDLIB_H 1
| #define HAVE_STRING_H 1
| #define HAVE_MEMORY_H 1
| #define HAVE_STRINGS_H 1
| #define HAVE_INTTYPES_H 1
| #define HAVE_STDINT_H 1
| #define HAVE_UNISTD_H 1
| #define HAVE_DLFCN_H 1
| #define STDC_HEADERS 1
| #define HAVE_STDDEF_H 1
| #define HAVE_STDLIB_H 1
| #define HAVE_STRING_H 1
| #define HAVE_UNISTD_H 1
| #define SIZEOF_SHORT 2
| /* end confdefs.h.  */
| #include <stdio.h>
| #if HAVE_SYS_TYPES_H
| # include <sys/types.h>
| #endif
| #if HAVE_SYS_STAT_H
| # include <sys/stat.h>
| #endif
| #if STDC_HEADERS
| # include <stdlib.h>
| # include <stddef.h>
| #else
| # if HAVE_STDLIB_H
| #  include <stdlib.h>
| # endif
| #endif
| #if HAVE_STRING_H
| # if !STDC_HEADERS && HAVE_MEMORY_H
| #  include <memory.h>
| # endif
| # include <string.h>
| #endif
| #if HAVE_STRINGS_H
| # include <strings.h>
| #endif
| #if HAVE_INTTYPES_H
| # include <inttypes.h>
| #endif
| #if HAVE_STDINT_H
| # include <stdint.h>
| #endif
| #if HAVE_UNISTD_H
| # include <unistd.h>
| #endif
| 		   typedef int ac__type_sizeof_;
| int
| main ()
| {
| static int test_array [1 - 2 * !(((long int) (sizeof (ac__type_sizeof_))) <= 0)];
| test_array [0] = 0
| 
|   ;
|   return 0;
| }
configure:22700: mips64-octeon-linux-gnu-gcc -c -g -O2  conftest.c >&5
conftest.c: In function 'main':
conftest.c:64: error: size of array 'test_array' is negative
configure:22706: $? = 1
configure: failed program was:
| /* confdefs.h.  */
| #define PACKAGE_NAME "libgssapi"
| #define PACKAGE_TARNAME "libgssapi"
| #define PACKAGE_VERSION "0.11"
| #define PACKAGE_STRING "libgssapi 0.11"
| #define PACKAGE_BUGREPORT "nfsv4-wg@citi.umich.edu"
| #define PACKAGE "libgssapi"
| #define VERSION "0.11"
| #define STDC_HEADERS 1
| #define HAVE_SYS_TYPES_H 1
| #define HAVE_SYS_STAT_H 1
| #define HAVE_STDLIB_H 1
| #define HAVE_STRING_H 1
| #define HAVE_MEMORY_H 1
| #define HAVE_STRINGS_H 1
| #define HAVE_INTTYPES_H 1
| #define HAVE_STDINT_H 1
| #define HAVE_UNISTD_H 1
| #define HAVE_DLFCN_H 1
| #define STDC_HEADERS 1
| #define HAVE_STDDEF_H 1
| #define HAVE_STDLIB_H 1
| #define HAVE_STRING_H 1
| #define HAVE_UNISTD_H 1
| #define SIZEOF_SHORT 2
| /* end confdefs.h.  */
| #include <stdio.h>
| #if HAVE_SYS_TYPES_H
| # include <sys/types.h>
| #endif
| #if HAVE_SYS_STAT_H
| # include <sys/stat.h>
| #endif
| #if STDC_HEADERS
| # include <stdlib.h>
| # include <stddef.h>
| #else
| # if HAVE_STDLIB_H
| #  include <stdlib.h>
| # endif
| #endif
| #if HAVE_STRING_H
| # if !STDC_HEADERS && HAVE_MEMORY_H
| #  include <memory.h>
| # endif
| # include <string.h>
| #endif
| #if HAVE_STRINGS_H
| # include <strings.h>
| #endif
| #if HAVE_INTTYPES_H
| # include <inttypes.h>
| #endif
| #if HAVE_STDINT_H
| # include <stdint.h>
| #endif
| #if HAVE_UNISTD_H
| # include <unistd.h>
| #endif
| 		   typedef int ac__type_sizeof_;
| int
| main ()
| {
| static int test_array [1 - 2 * !(((long int) (sizeof (ac__type_sizeof_))) <= 1)];
| test_array [0] = 0
| 
|   ;
|   return 0;
| }
configure:22700: mips64-octeon-linux-gnu-gcc -c -g -O2  conftest.c >&5
conftest.c: In function 'main':
conftest.c:64: error: size of array 'test_array' is negative
configure:22706: $? = 1
configure: failed program was:
| /* confdefs.h.  */
| #define PACKAGE_NAME "libgssapi"
| #define PACKAGE_TARNAME "libgssapi"
| #define PACKAGE_VERSION "0.11"
| #define PACKAGE_STRING "libgssapi 0.11"
| #define PACKAGE_BUGREPORT "nfsv4-wg@citi.umich.edu"
| #define PACKAGE "libgssapi"
| #define VERSION "0.11"
| #define STDC_HEADERS 1
| #define HAVE_SYS_TYPES_H 1
| #define HAVE_SYS_STAT_H 1
| #define HAVE_STDLIB_H 1
| #define HAVE_STRING_H 1
| #define HAVE_MEMORY_H 1
| #define HAVE_STRINGS_H 1
| #define HAVE_INTTYPES_H 1
| #define HAVE_STDINT_H 1
| #define HAVE_UNISTD_H 1
| #define HAVE_DLFCN_H 1
| #define STDC_HEADERS 1
| #define HAVE_STDDEF_H 1
| #define HAVE_STDLIB_H 1
| #define HAVE_STRING_H 1
| #define HAVE_UNISTD_H 1
| #define SIZEOF_SHORT 2
| /* end confdefs.h.  */
| #include <stdio.h>
| #if HAVE_SYS_TYPES_H
| # include <sys/types.h>
| #endif
| #if HAVE_SYS_STAT_H
| # include <sys/stat.h>
| #endif
| #if STDC_HEADERS
| # include <stdlib.h>
| # include <stddef.h>
| #else
| # if HAVE_STDLIB_H
| #  include <stdlib.h>
| # endif
| #endif
| #if HAVE_STRING_H
| # if !STDC_HEADERS && HAVE_MEMORY_H
| #  include <memory.h>
| # endif
| # include <string.h>
| #endif
| #if HAVE_STRINGS_H
| # include <strings.h>
| #endif
| #if HAVE_INTTYPES_H
| # include <inttypes.h>
| #endif
| #if HAVE_STDINT_H
| # include <stdint.h>
| #endif
| #if HAVE_UNISTD_H
| # include <unistd.h>
| #endif
| 		   typedef int ac__type_sizeof_;
| int
| main ()
| {
| static int test_array [1 - 2 * !(((long int) (sizeof (ac__type_sizeof_))) <= 3)];
| test_array [0] = 0
| 
|   ;
|   return 0;
| }
configure:22700: mips64-octeon-linux-gnu-gcc -c -g -O2  conftest.c >&5
configure:22706: $? = 0
configure:22713: test -z "$ac_c_werror_flag" || test ! -s conftest.err
configure:22716: $? = 0
configure:22723: test -s conftest.o
configure:22726: $? = 0
configure:22906: mips64-octeon-linux-gnu-gcc -c -g -O2  conftest.c >&5
configure:22912: $? = 0
configure:22919: test -z "$ac_c_werror_flag" || test ! -s conftest.err
configure:22922: $? = 0
configure:22929: test -s conftest.o
configure:22932: $? = 0
configure:22906: mips64-octeon-linux-gnu-gcc -c -g -O2  conftest.c >&5
configure:22912: $? = 0
configure:22919: test -z "$ac_c_werror_flag" || test ! -s conftest.err
configure:22922: $? = 0
configure:22929: test -s conftest.o
configure:22932: $? = 0
configure:23032: result: 4
configure:23039: checking for long
configure:23069: mips64-octeon-linux-gnu-gcc -c -g -O2  conftest.c >&5
configure:23075: $? = 0
configure:23082: test -z "$ac_c_werror_flag" || test ! -s conftest.err
configure:23085: $? = 0
configure:23092: test -s conftest.o
configure:23095: $? = 0
configure:23107: result: yes
configure:23110: checking size of long
configure:23146: mips64-octeon-linux-gnu-gcc -c -g -O2  conftest.c >&5
configure:23152: $? = 0
configure:23159: test -z "$ac_c_werror_flag" || test ! -s conftest.err
configure:23162: $? = 0
configure:23169: test -s conftest.o
configure:23172: $? = 0
configure:23200: mips64-octeon-linux-gnu-gcc -c -g -O2  conftest.c >&5
conftest.c: In function 'main':
conftest.c:65: error: size of array 'test_array' is negative
configure:23206: $? = 1
configure: failed program was:
| /* confdefs.h.  */
| #define PACKAGE_NAME "libgssapi"
| #define PACKAGE_TARNAME "libgssapi"
| #define PACKAGE_VERSION "0.11"
| #define PACKAGE_STRING "libgssapi 0.11"
| #define PACKAGE_BUGREPORT "nfsv4-wg@citi.umich.edu"
| #define PACKAGE "libgssapi"
| #define VERSION "0.11"
| #define STDC_HEADERS 1
| #define HAVE_SYS_TYPES_H 1
| #define HAVE_SYS_STAT_H 1
| #define HAVE_STDLIB_H 1
| #define HAVE_STRING_H 1
| #define HAVE_MEMORY_H 1
| #define HAVE_STRINGS_H 1
| #define HAVE_INTTYPES_H 1
| #define HAVE_STDINT_H 1
| #define HAVE_UNISTD_H 1
| #define HAVE_DLFCN_H 1
| #define STDC_HEADERS 1
| #define HAVE_STDDEF_H 1
| #define HAVE_STDLIB_H 1
| #define HAVE_STRING_H 1
| #define HAVE_UNISTD_H 1
| #define SIZEOF_SHORT 2
| #define SIZEOF_INT 4
| /* end confdefs.h.  */
| #include <stdio.h>
| #if HAVE_SYS_TYPES_H
| # include <sys/types.h>
| #endif
| #if HAVE_SYS_STAT_H
| # include <sys/stat.h>
| #endif
| #if STDC_HEADERS
| # include <stdlib.h>
| # include <stddef.h>
| #else
| # if HAVE_STDLIB_H
| #  include <stdlib.h>
| # endif
| #endif
| #if HAVE_STRING_H
| # if !STDC_HEADERS && HAVE_MEMORY_H
| #  include <memory.h>
| # endif
| # include <string.h>
| #endif
| #if HAVE_STRINGS_H
| # include <strings.h>
| #endif
| #if HAVE_INTTYPES_H
| # include <inttypes.h>
| #endif
| #if HAVE_STDINT_H
| # include <stdint.h>
| #endif
| #if HAVE_UNISTD_H
| # include <unistd.h>
| #endif
| 		   typedef long ac__type_sizeof_;
| int
| main ()
| {
| static int test_array [1 - 2 * !(((long int) (sizeof (ac__type_sizeof_))) <= 0)];
| test_array [0] = 0
| 
|   ;
|   return 0;
| }
configure:23200: mips64-octeon-linux-gnu-gcc -c -g -O2  conftest.c >&5
conftest.c: In function 'main':
conftest.c:65: error: size of array 'test_array' is negative
configure:23206: $? = 1
configure: failed program was:
| /* confdefs.h.  */
| #define PACKAGE_NAME "libgssapi"
| #define PACKAGE_TARNAME "libgssapi"
| #define PACKAGE_VERSION "0.11"
| #define PACKAGE_STRING "libgssapi 0.11"
| #define PACKAGE_BUGREPORT "nfsv4-wg@citi.umich.edu"
| #define PACKAGE "libgssapi"
| #define VERSION "0.11"
| #define STDC_HEADERS 1
| #define HAVE_SYS_TYPES_H 1
| #define HAVE_SYS_STAT_H 1
| #define HAVE_STDLIB_H 1
| #define HAVE_STRING_H 1
| #define HAVE_MEMORY_H 1
| #define HAVE_STRINGS_H 1
| #define HAVE_INTTYPES_H 1
| #define HAVE_STDINT_H 1
| #define HAVE_UNISTD_H 1
| #define HAVE_DLFCN_H 1
| #define STDC_HEADERS 1
| #define HAVE_STDDEF_H 1
| #define HAVE_STDLIB_H 1
| #define HAVE_STRING_H 1
| #define HAVE_UNISTD_H 1
| #define SIZEOF_SHORT 2
| #define SIZEOF_INT 4
| /* end confdefs.h.  */
| #include <stdio.h>
| #if HAVE_SYS_TYPES_H
| # include <sys/types.h>
| #endif
| #if HAVE_SYS_STAT_H
| # include <sys/stat.h>
| #endif
| #if STDC_HEADERS
| # include <stdlib.h>
| # include <stddef.h>
| #else
| # if HAVE_STDLIB_H
| #  include <stdlib.h>
| # endif
| #endif
| #if HAVE_STRING_H
| # if !STDC_HEADERS && HAVE_MEMORY_H
| #  include <memory.h>
| # endif
| # include <string.h>
| #endif
| #if HAVE_STRINGS_H
| # include <strings.h>
| #endif
| #if HAVE_INTTYPES_H
| # include <inttypes.h>
| #endif
| #if HAVE_STDINT_H
| # include <stdint.h>
| #endif
| #if HAVE_UNISTD_H
| # include <unistd.h>
| #endif
| 		   typedef long ac__type_sizeof_;
| int
| main ()
| {
| static int test_array [1 - 2 * !(((long int) (sizeof (ac__type_sizeof_))) <= 1)];
| test_array [0] = 0
| 
|   ;
|   return 0;
| }
configure:23200: mips64-octeon-linux-gnu-gcc -c -g -O2  conftest.c >&5
conftest.c: In function 'main':
conftest.c:65: error: size of array 'test_array' is negative
configure:23206: $? = 1
configure: failed program was:
| /* confdefs.h.  */
| #define PACKAGE_NAME "libgssapi"
| #define PACKAGE_TARNAME "libgssapi"
| #define PACKAGE_VERSION "0.11"
| #define PACKAGE_STRING "libgssapi 0.11"
| #define PACKAGE_BUGREPORT "nfsv4-wg@citi.umich.edu"
| #define PACKAGE "libgssapi"
| #define VERSION "0.11"
| #define STDC_HEADERS 1
| #define HAVE_SYS_TYPES_H 1
| #define HAVE_SYS_STAT_H 1
| #define HAVE_STDLIB_H 1
| #define HAVE_STRING_H 1
| #define HAVE_MEMORY_H 1
| #define HAVE_STRINGS_H 1
| #define HAVE_INTTYPES_H 1
| #define HAVE_STDINT_H 1
| #define HAVE_UNISTD_H 1
| #define HAVE_DLFCN_H 1
| #define STDC_HEADERS 1
| #define HAVE_STDDEF_H 1
| #define HAVE_STDLIB_H 1
| #define HAVE_STRING_H 1
| #define HAVE_UNISTD_H 1
| #define SIZEOF_SHORT 2
| #define SIZEOF_INT 4
| /* end confdefs.h.  */
| #include <stdio.h>
| #if HAVE_SYS_TYPES_H
| # include <sys/types.h>
| #endif
| #if HAVE_SYS_STAT_H
| # include <sys/stat.h>
| #endif
| #if STDC_HEADERS
| # include <stdlib.h>
| # include <stddef.h>
| #else
| # if HAVE_STDLIB_H
| #  include <stdlib.h>
| # endif
| #endif
| #if HAVE_STRING_H
| # if !STDC_HEADERS && HAVE_MEMORY_H
| #  include <memory.h>
| # endif
| # include <string.h>
| #endif
| #if HAVE_STRINGS_H
| # include <strings.h>
| #endif
| #if HAVE_INTTYPES_H
| # include <inttypes.h>
| #endif
| #if HAVE_STDINT_H
| # include <stdint.h>
| #endif
| #if HAVE_UNISTD_H
| # include <unistd.h>
| #endif
| 		   typedef long ac__type_sizeof_;
| int
| main ()
| {
| static int test_array [1 - 2 * !(((long int) (sizeof (ac__type_sizeof_))) <= 3)];
| test_array [0] = 0
| 
|   ;
|   return 0;
| }
configure:23200: mips64-octeon-linux-gnu-gcc -c -g -O2  conftest.c >&5
conftest.c: In function 'main':
conftest.c:65: error: size of array 'test_array' is negative
configure:23206: $? = 1
configure: failed program was:
| /* confdefs.h.  */
| #define PACKAGE_NAME "libgssapi"
| #define PACKAGE_TARNAME "libgssapi"
| #define PACKAGE_VERSION "0.11"
| #define PACKAGE_STRING "libgssapi 0.11"
| #define PACKAGE_BUGREPORT "nfsv4-wg@citi.umich.edu"
| #define PACKAGE "libgssapi"
| #define VERSION "0.11"
| #define STDC_HEADERS 1
| #define HAVE_SYS_TYPES_H 1
| #define HAVE_SYS_STAT_H 1
| #define HAVE_STDLIB_H 1
| #define HAVE_STRING_H 1
| #define HAVE_MEMORY_H 1
| #define HAVE_STRINGS_H 1
| #define HAVE_INTTYPES_H 1
| #define HAVE_STDINT_H 1
| #define HAVE_UNISTD_H 1
| #define HAVE_DLFCN_H 1
| #define STDC_HEADERS 1
| #define HAVE_STDDEF_H 1
| #define HAVE_STDLIB_H 1
| #define HAVE_STRING_H 1
| #define HAVE_UNISTD_H 1
| #define SIZEOF_SHORT 2
| #define SIZEOF_INT 4
| /* end confdefs.h.  */
| #include <stdio.h>
| #if HAVE_SYS_TYPES_H
| # include <sys/types.h>
| #endif
| #if HAVE_SYS_STAT_H
| # include <sys/stat.h>
| #endif
| #if STDC_HEADERS
| # include <stdlib.h>
| # include <stddef.h>
| #else
| # if HAVE_STDLIB_H
| #  include <stdlib.h>
| # endif
| #endif
| #if HAVE_STRING_H
| # if !STDC_HEADERS && HAVE_MEMORY_H
| #  include <memory.h>
| # endif
| # include <string.h>
| #endif
| #if HAVE_STRINGS_H
| # include <strings.h>
| #endif
| #if HAVE_INTTYPES_H
| # include <inttypes.h>
| #endif
| #if HAVE_STDINT_H
| # include <stdint.h>
| #endif
| #if HAVE_UNISTD_H
| # include <unistd.h>
| #endif
| 		   typedef long ac__type_sizeof_;
| int
| main ()
| {
| static int test_array [1 - 2 * !(((long int) (sizeof (ac__type_sizeof_))) <= 7)];
| test_array [0] = 0
| 
|   ;
|   return 0;
| }
configure:23200: mips64-octeon-linux-gnu-gcc -c -g -O2  conftest.c >&5
configure:23206: $? = 0
configure:23213: test -z "$ac_c_werror_flag" || test ! -s conftest.err
configure:23216: $? = 0
configure:23223: test -s conftest.o
configure:23226: $? = 0
configure:23406: mips64-octeon-linux-gnu-gcc -c -g -O2  conftest.c >&5
configure:23412: $? = 0
configure:23419: test -z "$ac_c_werror_flag" || test ! -s conftest.err
configure:23422: $? = 0
configure:23429: test -s conftest.o
configure:23432: $? = 0
configure:23406: mips64-octeon-linux-gnu-gcc -c -g -O2  conftest.c >&5
configure:23412: $? = 0
configure:23419: test -z "$ac_c_werror_flag" || test ! -s conftest.err
configure:23422: $? = 0
configure:23429: test -s conftest.o
configure:23432: $? = 0
configure:23406: mips64-octeon-linux-gnu-gcc -c -g -O2  conftest.c >&5
configure:23412: $? = 0
configure:23419: test -z "$ac_c_werror_flag" || test ! -s conftest.err
configure:23422: $? = 0
configure:23429: test -s conftest.o
configure:23432: $? = 0
configure:23532: result: 8
configure:23539: checking for size_t
configure:23607: result: yes
configure:23610: checking size of size_t
configure:23646: mips64-octeon-linux-gnu-gcc -c -g -O2  conftest.c >&5
configure:23652: $? = 0
configure:23659: test -z "$ac_c_werror_flag" || test ! -s conftest.err
configure:23662: $? = 0
configure:23669: test -s conftest.o
configure:23672: $? = 0
configure:23700: mips64-octeon-linux-gnu-gcc -c -g -O2  conftest.c >&5
conftest.c: In function 'main':
conftest.c:66: error: size of array 'test_array' is negative
configure:23706: $? = 1
configure: failed program was:
| /* confdefs.h.  */
| #define PACKAGE_NAME "libgssapi"
| #define PACKAGE_TARNAME "libgssapi"
| #define PACKAGE_VERSION "0.11"
| #define PACKAGE_STRING "libgssapi 0.11"
| #define PACKAGE_BUGREPORT "nfsv4-wg@citi.umich.edu"
| #define PACKAGE "libgssapi"
| #define VERSION "0.11"
| #define STDC_HEADERS 1
| #define HAVE_SYS_TYPES_H 1
| #define HAVE_SYS_STAT_H 1
| #define HAVE_STDLIB_H 1
| #define HAVE_STRING_H 1
| #define HAVE_MEMORY_H 1
| #define HAVE_STRINGS_H 1
| #define HAVE_INTTYPES_H 1
| #define HAVE_STDINT_H 1
| #define HAVE_UNISTD_H 1
| #define HAVE_DLFCN_H 1
| #define STDC_HEADERS 1
| #define HAVE_STDDEF_H 1
| #define HAVE_STDLIB_H 1
| #define HAVE_STRING_H 1
| #define HAVE_UNISTD_H 1
| #define SIZEOF_SHORT 2
| #define SIZEOF_INT 4
| #define SIZEOF_LONG 8
| /* end confdefs.h.  */
| #include <stdio.h>
| #if HAVE_SYS_TYPES_H
| # include <sys/types.h>
| #endif
| #if HAVE_SYS_STAT_H
| # include <sys/stat.h>
| #endif
| #if STDC_HEADERS
| # include <stdlib.h>
| # include <stddef.h>
| #else
| # if HAVE_STDLIB_H
| #  include <stdlib.h>
| # endif
| #endif
| #if HAVE_STRING_H
| # if !STDC_HEADERS && HAVE_MEMORY_H
| #  include <memory.h>
| # endif
| # include <string.h>
| #endif
| #if HAVE_STRINGS_H
| # include <strings.h>
| #endif
| #if HAVE_INTTYPES_H
| # include <inttypes.h>
| #endif
| #if HAVE_STDINT_H
| # include <stdint.h>
| #endif
| #if HAVE_UNISTD_H
| # include <unistd.h>
| #endif
| 		   typedef size_t ac__type_sizeof_;
| int
| main ()
| {
| static int test_array [1 - 2 * !(((long int) (sizeof (ac__type_sizeof_))) <= 0)];
| test_array [0] = 0
| 
|   ;
|   return 0;
| }
configure:23700: mips64-octeon-linux-gnu-gcc -c -g -O2  conftest.c >&5
conftest.c: In function 'main':
conftest.c:66: error: size of array 'test_array' is negative
configure:23706: $? = 1
configure: failed program was:
| /* confdefs.h.  */
| #define PACKAGE_NAME "libgssapi"
| #define PACKAGE_TARNAME "libgssapi"
| #define PACKAGE_VERSION "0.11"
| #define PACKAGE_STRING "libgssapi 0.11"
| #define PACKAGE_BUGREPORT "nfsv4-wg@citi.umich.edu"
| #define PACKAGE "libgssapi"
| #define VERSION "0.11"
| #define STDC_HEADERS 1
| #define HAVE_SYS_TYPES_H 1
| #define HAVE_SYS_STAT_H 1
| #define HAVE_STDLIB_H 1
| #define HAVE_STRING_H 1
| #define HAVE_MEMORY_H 1
| #define HAVE_STRINGS_H 1
| #define HAVE_INTTYPES_H 1
| #define HAVE_STDINT_H 1
| #define HAVE_UNISTD_H 1
| #define HAVE_DLFCN_H 1
| #define STDC_HEADERS 1
| #define HAVE_STDDEF_H 1
| #define HAVE_STDLIB_H 1
| #define HAVE_STRING_H 1
| #define HAVE_UNISTD_H 1
| #define SIZEOF_SHORT 2
| #define SIZEOF_INT 4
| #define SIZEOF_LONG 8
| /* end confdefs.h.  */
| #include <stdio.h>
| #if HAVE_SYS_TYPES_H
| # include <sys/types.h>
| #endif
| #if HAVE_SYS_STAT_H
| # include <sys/stat.h>
| #endif
| #if STDC_HEADERS
| # include <stdlib.h>
| # include <stddef.h>
| #else
| # if HAVE_STDLIB_H
| #  include <stdlib.h>
| # endif
| #endif
| #if HAVE_STRING_H
| # if !STDC_HEADERS && HAVE_MEMORY_H
| #  include <memory.h>
| # endif
| # include <string.h>
| #endif
| #if HAVE_STRINGS_H
| # include <strings.h>
| #endif
| #if HAVE_INTTYPES_H
| # include <inttypes.h>
| #endif
| #if HAVE_STDINT_H
| # include <stdint.h>
| #endif
| #if HAVE_UNISTD_H
| # include <unistd.h>
| #endif
| 		   typedef size_t ac__type_sizeof_;
| int
| main ()
| {
| static int test_array [1 - 2 * !(((long int) (sizeof (ac__type_sizeof_))) <= 1)];
| test_array [0] = 0
| 
|   ;
|   return 0;
| }
configure:23700: mips64-octeon-linux-gnu-gcc -c -g -O2  conftest.c >&5
conftest.c: In function 'main':
conftest.c:66: error: size of array 'test_array' is negative
configure:23706: $? = 1
configure: failed program was:
| /* confdefs.h.  */
| #define PACKAGE_NAME "libgssapi"
| #define PACKAGE_TARNAME "libgssapi"
| #define PACKAGE_VERSION "0.11"
| #define PACKAGE_STRING "libgssapi 0.11"
| #define PACKAGE_BUGREPORT "nfsv4-wg@citi.umich.edu"
| #define PACKAGE "libgssapi"
| #define VERSION "0.11"
| #define STDC_HEADERS 1
| #define HAVE_SYS_TYPES_H 1
| #define HAVE_SYS_STAT_H 1
| #define HAVE_STDLIB_H 1
| #define HAVE_STRING_H 1
| #define HAVE_MEMORY_H 1
| #define HAVE_STRINGS_H 1
| #define HAVE_INTTYPES_H 1
| #define HAVE_STDINT_H 1
| #define HAVE_UNISTD_H 1
| #define HAVE_DLFCN_H 1
| #define STDC_HEADERS 1
| #define HAVE_STDDEF_H 1
| #define HAVE_STDLIB_H 1
| #define HAVE_STRING_H 1
| #define HAVE_UNISTD_H 1
| #define SIZEOF_SHORT 2
| #define SIZEOF_INT 4
| #define SIZEOF_LONG 8
| /* end confdefs.h.  */
| #include <stdio.h>
| #if HAVE_SYS_TYPES_H
| # include <sys/types.h>
| #endif
| #if HAVE_SYS_STAT_H
| # include <sys/stat.h>
| #endif
| #if STDC_HEADERS
| # include <stdlib.h>
| # include <stddef.h>
| #else
| # if HAVE_STDLIB_H
| #  include <stdlib.h>
| # endif
| #endif
| #if HAVE_STRING_H
| # if !STDC_HEADERS && HAVE_MEMORY_H
| #  include <memory.h>
| # endif
| # include <string.h>
| #endif
| #if HAVE_STRINGS_H
| # include <strings.h>
| #endif
| #if HAVE_INTTYPES_H
| # include <inttypes.h>
| #endif
| #if HAVE_STDINT_H
| # include <stdint.h>
| #endif
| #if HAVE_UNISTD_H
| # include <unistd.h>
| #endif
| 		   typedef size_t ac__type_sizeof_;
| int
| main ()
| {
| static int test_array [1 - 2 * !(((long int) (sizeof (ac__type_sizeof_))) <= 3)];
| test_array [0] = 0
| 
|   ;
|   return 0;
| }
configure:23700: mips64-octeon-linux-gnu-gcc -c -g -O2  conftest.c >&5
conftest.c: In function 'main':
conftest.c:66: error: size of array 'test_array' is negative
configure:23706: $? = 1
configure: failed program was:
| /* confdefs.h.  */
| #define PACKAGE_NAME "libgssapi"
| #define PACKAGE_TARNAME "libgssapi"
| #define PACKAGE_VERSION "0.11"
| #define PACKAGE_STRING "libgssapi 0.11"
| #define PACKAGE_BUGREPORT "nfsv4-wg@citi.umich.edu"
| #define PACKAGE "libgssapi"
| #define VERSION "0.11"
| #define STDC_HEADERS 1
| #define HAVE_SYS_TYPES_H 1
| #define HAVE_SYS_STAT_H 1
| #define HAVE_STDLIB_H 1
| #define HAVE_STRING_H 1
| #define HAVE_MEMORY_H 1
| #define HAVE_STRINGS_H 1
| #define HAVE_INTTYPES_H 1
| #define HAVE_STDINT_H 1
| #define HAVE_UNISTD_H 1
| #define HAVE_DLFCN_H 1
| #define STDC_HEADERS 1
| #define HAVE_STDDEF_H 1
| #define HAVE_STDLIB_H 1
| #define HAVE_STRING_H 1
| #define HAVE_UNISTD_H 1
| #define SIZEOF_SHORT 2
| #define SIZEOF_INT 4
| #define SIZEOF_LONG 8
| /* end confdefs.h.  */
| #include <stdio.h>
| #if HAVE_SYS_TYPES_H
| # include <sys/types.h>
| #endif
| #if HAVE_SYS_STAT_H
| # include <sys/stat.h>
| #endif
| #if STDC_HEADERS
| # include <stdlib.h>
| # include <stddef.h>
| #else
| # if HAVE_STDLIB_H
| #  include <stdlib.h>
| # endif
| #endif
| #if HAVE_STRING_H
| # if !STDC_HEADERS && HAVE_MEMORY_H
| #  include <memory.h>
| # endif
| # include <string.h>
| #endif
| #if HAVE_STRINGS_H
| # include <strings.h>
| #endif
| #if HAVE_INTTYPES_H
| # include <inttypes.h>
| #endif
| #if HAVE_STDINT_H
| # include <stdint.h>
| #endif
| #if HAVE_UNISTD_H
| # include <unistd.h>
| #endif
| 		   typedef size_t ac__type_sizeof_;
| int
| main ()
| {
| static int test_array [1 - 2 * !(((long int) (sizeof (ac__type_sizeof_))) <= 7)];
| test_array [0] = 0
| 
|   ;
|   return 0;
| }
configure:23700: mips64-octeon-linux-gnu-gcc -c -g -O2  conftest.c >&5
configure:23706: $? = 0
configure:23713: test -z "$ac_c_werror_flag" || test ! -s conftest.err
configure:23716: $? = 0
configure:23723: test -s conftest.o
configure:23726: $? = 0
configure:23906: mips64-octeon-linux-gnu-gcc -c -g -O2  conftest.c >&5
configure:23912: $? = 0
configure:23919: test -z "$ac_c_werror_flag" || test ! -s conftest.err
configure:23922: $? = 0
configure:23929: test -s conftest.o
configure:23932: $? = 0
configure:23906: mips64-octeon-linux-gnu-gcc -c -g -O2  conftest.c >&5
configure:23912: $? = 0
configure:23919: test -z "$ac_c_werror_flag" || test ! -s conftest.err
configure:23922: $? = 0
configure:23929: test -s conftest.o
configure:23932: $? = 0
configure:23906: mips64-octeon-linux-gnu-gcc -c -g -O2  conftest.c >&5
configure:23912: $? = 0
configure:23919: test -z "$ac_c_werror_flag" || test ! -s conftest.err
configure:23922: $? = 0
configure:23929: test -s conftest.o
configure:23932: $? = 0
configure:24032: result: 8
configure:24046: checking for stdlib.h
configure:24052: result: yes
configure:24210: checking for GNU libc compatible malloc
configure:24272: result: no
configure:24300: checking for working memcmp
configure:24381: result: no
configure:24395: checking for stdlib.h
configure:24401: result: yes
configure:24559: checking for GNU libc compatible realloc
configure:24621: result: no
configure:24654: checking for memset
configure:24710: mips64-octeon-linux-gnu-gcc -o conftest -g -O2   conftest.c  >&5
conftest.c:59: warning: conflicting types for built-in function 'memset'
configure:24716: $? = 0
configure:24723: test -z "$ac_c_werror_flag" || test ! -s conftest.err
configure:24726: $? = 0
configure:24733: test -s conftest
configure:24736: $? = 0
configure:24750: result: yes
configure:24654: checking for strerror
configure:24710: mips64-octeon-linux-gnu-gcc -o conftest -g -O2   conftest.c  >&5
configure:24716: $? = 0
configure:24723: test -z "$ac_c_werror_flag" || test ! -s conftest.err
configure:24726: $? = 0
configure:24733: test -s conftest
configure:24736: $? = 0
configure:24750: result: yes
configure:24894: creating ./config.status

## ---------------------- ##
## Running config.status. ##
## ---------------------- ##

This file was extended by libgssapi config.status 0.11, which was
generated by GNU Autoconf 2.60.  Invocation command line was

  CONFIG_FILES    = 
  CONFIG_HEADERS  = 
  CONFIG_LINKS    = 
  CONFIG_COMMANDS = 
  $ ./config.status 

on shark-linux

config.status:648: creating Makefile
config.status:648: creating src/Makefile
config.status:648: creating libgssapi.pc
config.status:648: creating src/gssglue/config.h
config.status:886: src/gssglue/config.h is unchanged
config.status:932: executing depfiles commands

## ---------------- ##
## Cache variables. ##
## ---------------- ##

ac_cv_build=i686-pc-linux-gnu
ac_cv_c_compiler_gnu=yes
ac_cv_c_const=yes
ac_cv_cxx_compiler_gnu=yes
ac_cv_env_CCC_set=
ac_cv_env_CCC_value=
ac_cv_env_CC_set=set
ac_cv_env_CC_value=mips64-octeon-linux-gnu-gcc
ac_cv_env_CFLAGS_set=
ac_cv_env_CFLAGS_value=
ac_cv_env_CPPFLAGS_set=
ac_cv_env_CPPFLAGS_value=
ac_cv_env_CPP_set=
ac_cv_env_CPP_value=
ac_cv_env_CXXCPP_set=
ac_cv_env_CXXCPP_value=
ac_cv_env_CXXFLAGS_set=
ac_cv_env_CXXFLAGS_value=
ac_cv_env_CXX_set=set
ac_cv_env_CXX_value=mips64-octeon-linux-gnu-g++
ac_cv_env_F77_set=
ac_cv_env_F77_value=
ac_cv_env_FFLAGS_set=
ac_cv_env_FFLAGS_value=
ac_cv_env_LDFLAGS_set=
ac_cv_env_LDFLAGS_value=
ac_cv_env_build_alias_set=
ac_cv_env_build_alias_value=
ac_cv_env_host_alias_set=set
ac_cv_env_host_alias_value=mips-linux
ac_cv_env_target_alias_set=
ac_cv_env_target_alias_value=
ac_cv_f77_compiler_gnu=no
ac_cv_func_malloc_0_nonnull=no
ac_cv_func_memcmp_working=no
ac_cv_func_memset=yes
ac_cv_func_realloc_0_nonnull=no
ac_cv_func_strerror=yes
ac_cv_header_dlfcn_h=yes
ac_cv_header_inttypes_h=yes
ac_cv_header_memory_h=yes
ac_cv_header_stdc=yes
ac_cv_header_stddef_h=yes
ac_cv_header_stdint_h=yes
ac_cv_header_stdlib_h=yes
ac_cv_header_string_h=yes
ac_cv_header_strings_h=yes
ac_cv_header_sys_stat_h=yes
ac_cv_header_sys_types_h=yes
ac_cv_header_unistd_h=yes
ac_cv_host=mips-unknown-linux-gnu
ac_cv_objext=o
ac_cv_path_EGREP='/bin/grep -E'
ac_cv_path_GREP=/bin/grep
ac_cv_path_install='/usr/bin/install -c'
ac_cv_prog_AR=mips64-octeon-linux-gnu-ar
ac_cv_prog_AWK=gawk
ac_cv_prog_CC=mips64-octeon-linux-gnu-gcc
ac_cv_prog_CPP='mips64-octeon-linux-gnu-gcc -E'
ac_cv_prog_CXXCPP='mips64-octeon-linux-gnu-g++ -E'
ac_cv_prog_RANLIB=ranlib
ac_cv_prog_STRIP=mips64-octeon-linux-gnu-strip
ac_cv_prog_cc_c89=
ac_cv_prog_cc_g=yes
ac_cv_prog_cxx_g=yes
ac_cv_prog_f77_g=no
ac_cv_prog_make_make_set=yes
ac_cv_sizeof_int=4
ac_cv_sizeof_long=8
ac_cv_sizeof_short=2
ac_cv_sizeof_size_t=8
ac_cv_type_int=yes
ac_cv_type_long=yes
ac_cv_type_short=yes
ac_cv_type_size_t=yes
ac_cv_type_uid_t=yes
am_cv_CC_dependencies_compiler_type=gcc3
am_cv_CXX_dependencies_compiler_type=gcc3
lt_cv_deplibs_check_method=pass_all
lt_cv_file_magic_cmd='$MAGIC_CMD'
lt_cv_file_magic_test_file='/lib/libc.so.6 /lib/libc-2.7.so'
lt_cv_ld_reload_flag=-r
lt_cv_objdir=.libs
lt_cv_path_LD=mips64-octeon-linux-gnu-ld
lt_cv_path_LDCXX=mips64-octeon-linux-gnu-ld
lt_cv_path_NM=mips64-octeon-linux-gnu-nm
lt_cv_path_SED=/bin/sed
lt_cv_prog_compiler_c_o=yes
lt_cv_prog_compiler_c_o_CXX=yes
lt_cv_prog_compiler_rtti_exceptions=no
lt_cv_prog_gnu_ld=yes
lt_cv_prog_gnu_ldcxx=yes
lt_cv_sys_global_symbol_pipe='sed -n -e '\''s/^.*[ 	]\([ABCDGIRSTW][ABCDGIRSTW]*\)[ 	][ 	]*\(\)\([_A-Za-z][_A-Za-z0-9]*\)$/\1 \2\3 \3/p'\'''
lt_cv_sys_global_symbol_to_c_name_address='sed -n -e '\''s/^: \([^ ]*\) $/  {\"\1\", (lt_ptr) 0},/p'\'' -e '\''s/^[BCDEGRST] \([^ ]*\) \([^ ]*\)$/  {"\2", (lt_ptr) \&\2},/p'\'''
lt_cv_sys_global_symbol_to_cdecl='sed -n -e '\''s/^. .* \(.*\)$/extern int \1;/p'\'''
lt_cv_sys_max_cmd_len=32768
lt_lt_cv_prog_compiler_c_o='"yes"'
lt_lt_cv_prog_compiler_c_o_CXX='"yes"'
lt_lt_cv_sys_global_symbol_pipe='"sed -n -e '\''s/^.*[ 	]\\([ABCDGIRSTW][ABCDGIRSTW]*\\)[ 	][ 	]*\\(\\)\\([_A-Za-z][_A-Za-z0-9]*\\)\$/\\1 \\2\\3 \\3/p'\''"'
lt_lt_cv_sys_global_symbol_to_c_name_address='"sed -n -e '\''s/^: \\([^ ]*\\) \$/  {\\\"\\1\\\", (lt_ptr) 0},/p'\'' -e '\''s/^[BCDEGRST] \\([^ ]*\\) \\([^ ]*\\)\$/  {\"\\2\", (lt_ptr) \\&\\2},/p'\''"'
lt_lt_cv_sys_global_symbol_to_cdecl='"sed -n -e '\''s/^. .* \\(.*\\)\$/extern int \\1;/p'\''"'

## ----------------- ##
## Output variables. ##
## ----------------- ##

ACLOCAL='${SHELL} /home/shark/workspace/caviumworkspace/builddir/source/libgssapi/src/missing --run aclocal-1.9'
AMDEPBACKSLASH='\'
AMDEP_FALSE='#'
AMDEP_TRUE=''
AMTAR='${SHELL} /home/shark/workspace/caviumworkspace/builddir/source/libgssapi/src/missing --run tar'
AR='mips64-octeon-linux-gnu-ar'
AUTOCONF='${SHELL} /home/shark/workspace/caviumworkspace/builddir/source/libgssapi/src/missing --run autoconf'
AUTOHEADER='${SHELL} /home/shark/workspace/caviumworkspace/builddir/source/libgssapi/src/missing --run autoheader'
AUTOMAKE='${SHELL} /home/shark/workspace/caviumworkspace/builddir/source/libgssapi/src/missing --run automake-1.9'
AWK='gawk'
CC='mips64-octeon-linux-gnu-gcc'
CCDEPMODE='depmode=gcc3'
CFLAGS='-g -O2'
CPP='mips64-octeon-linux-gnu-gcc -E'
CPPFLAGS=''
CXX='mips64-octeon-linux-gnu-g++'
CXXCPP='mips64-octeon-linux-gnu-g++ -E'
CXXDEPMODE='depmode=gcc3'
CXXFLAGS='-g -O2'
CYGPATH_W='echo'
DEFS='-DHAVE_CONFIG_H'
DEPDIR='.deps'
ECHO='echo'
ECHO_C=''
ECHO_N='-n'
ECHO_T=''
EGREP='/bin/grep -E'
EXEEXT=''
F77=''
FFLAGS=''
GREP='/bin/grep'
INSTALL_DATA='${INSTALL} -m 644'
INSTALL_PROGRAM='${INSTALL}'
INSTALL_SCRIPT='${INSTALL}'
INSTALL_STRIP_PROGRAM='${SHELL} $(install_sh) -c -s'
LDFLAGS=''
LIBOBJS=' ${LIBOBJDIR}malloc$U.o ${LIBOBJDIR}memcmp$U.o ${LIBOBJDIR}realloc$U.o'
LIBS=''
LIBTOOL='$(SHELL) $(top_builddir)/libtool'
LN_S='ln -s'
LTLIBOBJS=' ${LIBOBJDIR}malloc$U.lo ${LIBOBJDIR}memcmp$U.lo ${LIBOBJDIR}realloc$U.lo'
MAKEINFO='${SHELL} /home/shark/workspace/caviumworkspace/builddir/source/libgssapi/src/missing --run makeinfo'
OBJEXT='o'
PACKAGE='libgssapi'
PACKAGE_BUGREPORT='nfsv4-wg@citi.umich.edu'
PACKAGE_NAME='libgssapi'
PACKAGE_STRING='libgssapi 0.11'
PACKAGE_TARNAME='libgssapi'
PACKAGE_VERSION='0.11'
PATH_SEPARATOR=':'
RANLIB='ranlib'
SET_MAKE=''
SHELL='/bin/sh'
STRIP='mips64-octeon-linux-gnu-strip'
VERSION='0.11'
ac_ct_CC=''
ac_ct_CXX=''
ac_ct_F77=''
am__fastdepCC_FALSE='#'
am__fastdepCC_TRUE=''
am__fastdepCXX_FALSE='#'
am__fastdepCXX_TRUE=''
am__include='include'
am__leading_dot='.'
am__quote=''
am__tar='${AMTAR} chof - "$$tardir"'
am__untar='${AMTAR} xf -'
bindir='${exec_prefix}/bin'
build='i686-pc-linux-gnu'
build_alias=''
build_cpu='i686'
build_os='linux-gnu'
build_vendor='pc'
datadir='${datarootdir}'
datarootdir='${prefix}/share'
docdir='${datarootdir}/doc/${PACKAGE_TARNAME}'
dvidir='${docdir}'
exec_prefix='${prefix}'
host='mips-unknown-linux-gnu'
host_alias='mips-linux'
host_cpu='mips'
host_os='linux-gnu'
host_vendor='unknown'
htmldir='${docdir}'
includedir='${prefix}/include'
infodir='${datarootdir}/info'
install_sh='/home/shark/workspace/caviumworkspace/builddir/source/libgssapi/src/install-sh'
libdir='${exec_prefix}/lib'
libexecdir='${exec_prefix}/libexec'
localedir='${datarootdir}/locale'
localstatedir='${prefix}/var'
mandir='${datarootdir}/man'
mkdir_p='mkdir -p --'
oldincludedir='/usr/include'
pdfdir='${docdir}'
prefix='/usr/local'
program_transform_name='s,x,x,'
psdir='${docdir}'
sbindir='${exec_prefix}/sbin'
sharedstatedir='${prefix}/com'
sysconfdir='${prefix}/etc'
target_alias=''

## ----------- ##
## confdefs.h. ##
## ----------- ##

#define PACKAGE_NAME "libgssapi"
#define PACKAGE_TARNAME "libgssapi"
#define PACKAGE_VERSION "0.11"
#define PACKAGE_STRING "libgssapi 0.11"
#define PACKAGE_BUGREPORT "nfsv4-wg@citi.umich.edu"
#define PACKAGE "libgssapi"
#define VERSION "0.11"
#define STDC_HEADERS 1
#define HAVE_SYS_TYPES_H 1
#define HAVE_SYS_STAT_H 1
#define HAVE_STDLIB_H 1
#define HAVE_STRING_H 1
#define HAVE_MEMORY_H 1
#define HAVE_STRINGS_H 1
#define HAVE_INTTYPES_H 1
#define HAVE_STDINT_H 1
#define HAVE_UNISTD_H 1
#define HAVE_DLFCN_H 1
#define STDC_HEADERS 1
#define HAVE_STDDEF_H 1
#define HAVE_STDLIB_H 1
#define HAVE_STRING_H 1
#define HAVE_UNISTD_H 1
#define SIZEOF_SHORT 2
#define SIZEOF_INT 4
#define SIZEOF_LONG 8
#define SIZEOF_SIZE_T 8
#define HAVE_STDLIB_H 1
#define HAVE_MALLOC 0
#define malloc rpl_malloc
#define HAVE_STDLIB_H 1
#define HAVE_REALLOC 0
#define realloc rpl_realloc
#define HAVE_MEMSET 1
#define HAVE_STRERROR 1

configure: exit 0
