This file contains any messages produced by compilers while
running configure, to aid debugging if configure makes a mistake.

It was created by configure, which was
generated by GNU Autoconf 2.59.  Invocation command line was

  $ /home/zhangsiyu/pc018work-v15-at/apv5sdk-v15/build/gcc-4.3.3/toolchain_build_mips/gdb-6.8/sim/mips/configure --prefix=/home/zhangsiyu/pc018work-v15-at/apv5sdk-v15/build/gcc-4.3.3/build_mips/staging_dir --cache-file=./config.cache --with-stabs --prefix=/home/zhangsiyu/pc018work-v15-at/apv5sdk-v15/build/gcc-4.3.3/build_mips/staging_dir --disable-nls --without-uiout --disable-tui --disable-gdbtk --without-x --without-included-gettext --enable-threads --disable-werror --program-transform-name=s,^,mips-linux-uclibc-, --build=i386-pc-linux-gnu --host=i386-pc-linux-gnu --target=mips-linux-uclibc --srcdir=/home/zhangsiyu/pc018work-v15-at/apv5sdk-v15/build/gcc-4.3.3/toolchain_build_mips/gdb-6.8/sim CC=gcc CFLAGS=-g -O2 LDFLAGS= build_alias=i386-pc-linux-gnu host_alias=i386-pc-linux-gnu target_alias=mips-linux-uclibc --cache-file=.././config.cache --srcdir=/home/zhangsiyu/pc018work-v15-at/apv5sdk-v15/build/gcc-4.3.3/toolchain_build_mips/gdb-6.8/sim/mips

## --------- ##
## Platform. ##
## --------- ##

hostname = debian
uname -m = i686
uname -r = 2.6.32-5-686
uname -s = Linux
uname -v = #1 SMP Mon Sep 23 23:00:18 UTC 2013

/usr/bin/uname -p = unknown
/bin/uname -X     = unknown

/bin/arch              = unknown
/usr/bin/arch -k       = unknown
/usr/convex/getsysinfo = unknown
hostinfo               = unknown
/bin/machine           = unknown
/usr/bin/oslevel       = unknown
/bin/universe          = unknown

PATH: /home/zhangsiyu/pc018work-v15-at/apv5sdk-v15/build/../build/util
PATH: /home/zhangsiyu/pc018work-v15-at/apv5sdk-v15/build/../build/gcc-4.3.3/build_mips/staging_dir/usr//bin
PATH: /home/zhangsiyu/pc018work-v15-at/apv5sdk-v15/build/../linux
PATH: /home/zhangsiyu/pc018work-v15-at/apv5sdk-v15/build/../build
PATH: /home/zhangsiyu/pc018work-v15-at/apv5sdk-v15/build/../boot/redboot/ecos/tools/bin
PATH: `pwd`
PATH: /opt/hisi-linux/x86-arm/arm-hisiv200-linux/target/bin
PATH: /usr/local/bin
PATH: /usr/bin
PATH: /bin
PATH: /usr/local/games
PATH: /usr/games


## ----------- ##
## Core tests. ##
## ----------- ##

configure:1240: loading cache .././config.cache
configure:1504: checking build system type
configure:1522: result: i386-pc-linux-gnu
configure:1530: checking host system type
configure:1544: result: i386-pc-linux-gnu
configure:1552: checking target system type
configure:1566: result: mips-unknown-linux-uclibc
configure:1601: checking for i386-pc-linux-gnu-gcc
configure:1627: result: gcc
configure:1909: checking for C compiler version
configure:1912: gcc --version </dev/null >&5
gcc (Debian 4.4.5-8) 4.4.5
Copyright (C) 2010 Free Software Foundation, Inc.
This is free software; see the source for copying conditions.  There is NO
warranty; not even for MERCHANTABILITY or FITNESS FOR A PARTICULAR PURPOSE.

configure:1915: $? = 0
configure:1917: gcc -v </dev/null >&5
Using built-in specs.
Target: i486-linux-gnu
Configured with: ../src/configure -v --with-pkgversion='Debian 4.4.5-8' --with-bugurl=file:///usr/share/doc/gcc-4.4/README.Bugs --enable-languages=c,c++,fortran,objc,obj-c++ --prefix=/usr --program-suffix=-4.4 --enable-shared --enable-multiarch --enable-linker-build-id --with-system-zlib --libexecdir=/usr/lib --without-included-gettext --enable-threads=posix --with-gxx-include-dir=/usr/include/c++/4.4 --libdir=/usr/lib --enable-nls --enable-clocale=gnu --enable-libstdcxx-debug --enable-objc-gc --enable-targets=all --with-arch-32=i586 --with-tune=generic --enable-checking=release --build=i486-linux-gnu --host=i486-linux-gnu --target=i486-linux-gnu
Thread model: posix
gcc version 4.4.5 (Debian 4.4.5-8) 
configure:1920: $? = 0
configure:1922: gcc -V </dev/null >&5
gcc: '-V' option must have argument
configure:1925: $? = 1
configure:1948: checking for C compiler default output file name
configure:1951: gcc -g -O2   conftest.c  >&5
configure:1954: $? = 0
configure:2000: result: a.out
configure:2005: checking whether the C compiler works
configure:2011: ./a.out
configure:2014: $? = 0
configure:2031: result: yes
configure:2038: checking whether we are cross compiling
configure:2040: result: no
configure:2043: checking for suffix of executables
configure:2045: gcc -o conftest -g -O2   conftest.c  >&5
configure:2048: $? = 0
configure:2073: result: 
configure:2079: checking for suffix of object files
configure:2125: result: o
configure:2129: checking whether we are using the GNU C compiler
configure:2185: result: yes
configure:2191: checking whether gcc accepts -g
configure:2242: result: yes
configure:2259: checking for gcc option to accept ANSI C
configure:2366: result: none needed
configure:2384: gcc -c -g -O2  conftest.c >&5
conftest.c:2: error: expected '=', ',', ';', 'asm' or '__attribute__' before 'me'
configure:2390: $? = 1
configure: failed program was:
| #ifndef __cplusplus
|   choke me
| #endif
configure:2536: checking for a BSD-compatible install
configure:2591: result: /usr/bin/install -c
configure:2618: checking for i386-pc-linux-gnu-ranlib
configure:2644: result: ranlib
configure:2710: checking whether NLS is requested
configure:2713: result: no
configure:2779: checking how to run the C preprocessor
configure:2814: gcc -E  conftest.c
configure:2820: $? = 0
configure:2852: gcc -E  conftest.c
conftest.c:9:28: error: ac_nonexistent.h: No such file or directory
configure:2858: $? = 1
configure: failed program was:
| /* confdefs.h.  */
| 
| #define PACKAGE_NAME ""
| #define PACKAGE_TARNAME ""
| #define PACKAGE_VERSION ""
| #define PACKAGE_STRING ""
| #define PACKAGE_BUGREPORT ""
| /* end confdefs.h.  */
| #include <ac_nonexistent.h>
configure:2897: result: gcc -E
configure:2921: gcc -E  conftest.c
configure:2927: $? = 0
configure:2959: gcc -E  conftest.c
conftest.c:9:28: error: ac_nonexistent.h: No such file or directory
configure:2965: $? = 1
configure: failed program was:
| /* confdefs.h.  */
| 
| #define PACKAGE_NAME ""
| #define PACKAGE_TARNAME ""
| #define PACKAGE_VERSION ""
| #define PACKAGE_STRING ""
| #define PACKAGE_BUGREPORT ""
| /* end confdefs.h.  */
| #include <ac_nonexistent.h>
configure:3009: checking for egrep
configure:3019: result: grep -E
configure:3024: checking for ANSI C header files
configure:3049: gcc -c -g -O2  conftest.c >&5
configure:3055: $? = 0
configure:3059: test -z 
			 || test ! -s conftest.err
configure:3062: $? = 0
configure:3065: test -s conftest.o
configure:3068: $? = 0
configure:3157: gcc -o conftest -g -O2   conftest.c  >&5
conftest.c: In function 'main':
conftest.c:26: warning: incompatible implicit declaration of built-in function 'exit'
configure:3160: $? = 0
configure:3162: ./conftest
configure:3165: $? = 0
configure:3180: result: yes
configure:3204: checking for sys/types.h
configure:3220: gcc -c -g -O2  conftest.c >&5
configure:3226: $? = 0
configure:3230: test -z 
			 || test ! -s conftest.err
configure:3233: $? = 0
configure:3236: test -s conftest.o
configure:3239: $? = 0
configure:3250: result: yes
configure:3204: checking for sys/stat.h
configure:3220: gcc -c -g -O2  conftest.c >&5
configure:3226: $? = 0
configure:3230: test -z 
			 || test ! -s conftest.err
configure:3233: $? = 0
configure:3236: test -s conftest.o
configure:3239: $? = 0
configure:3250: result: yes
configure:3204: checking for stdlib.h
configure:3220: gcc -c -g -O2  conftest.c >&5
configure:3226: $? = 0
configure:3230: test -z 
			 || test ! -s conftest.err
configure:3233: $? = 0
configure:3236: test -s conftest.o
configure:3239: $? = 0
configure:3250: result: yes
configure:3204: checking for string.h
configure:3220: gcc -c -g -O2  conftest.c >&5
configure:3226: $? = 0
configure:3230: test -z 
			 || test ! -s conftest.err
configure:3233: $? = 0
configure:3236: test -s conftest.o
configure:3239: $? = 0
configure:3250: result: yes
configure:3204: checking for memory.h
configure:3220: gcc -c -g -O2  conftest.c >&5
configure:3226: $? = 0
configure:3230: test -z 
			 || test ! -s conftest.err
configure:3233: $? = 0
configure:3236: test -s conftest.o
configure:3239: $? = 0
configure:3250: result: yes
configure:3204: checking for strings.h
configure:3220: gcc -c -g -O2  conftest.c >&5
configure:3226: $? = 0
configure:3230: test -z 
			 || test ! -s conftest.err
configure:3233: $? = 0
configure:3236: test -s conftest.o
configure:3239: $? = 0
configure:3250: result: yes
configure:3204: checking for inttypes.h
configure:3220: gcc -c -g -O2  conftest.c >&5
configure:3226: $? = 0
configure:3230: test -z 
			 || test ! -s conftest.err
configure:3233: $? = 0
configure:3236: test -s conftest.o
configure:3239: $? = 0
configure:3250: result: yes
configure:3204: checking for stdint.h
configure:3220: gcc -c -g -O2  conftest.c >&5
configure:3226: $? = 0
configure:3230: test -z 
			 || test ! -s conftest.err
configure:3233: $? = 0
configure:3236: test -s conftest.o
configure:3239: $? = 0
configure:3250: result: yes
configure:3204: checking for unistd.h
configure:3220: gcc -c -g -O2  conftest.c >&5
configure:3226: $? = 0
configure:3230: test -z 
			 || test ! -s conftest.err
configure:3233: $? = 0
configure:3236: test -s conftest.o
configure:3239: $? = 0
configure:3250: result: yes
configure:3271: checking for stdlib.h
configure:3276: result: yes
configure:3271: checking for string.h
configure:3276: result: yes
configure:3271: checking for strings.h
configure:3276: result: yes
configure:3271: checking for unistd.h
configure:3276: result: yes
configure:3280: checking time.h usability
configure:3292: gcc -c -g -O2  conftest.c >&5
configure:3298: $? = 0
configure:3302: test -z 
			 || test ! -s conftest.err
configure:3305: $? = 0
configure:3308: test -s conftest.o
configure:3311: $? = 0
configure:3321: result: yes
configure:3325: checking time.h presence
configure:3335: gcc -E  conftest.c
configure:3341: $? = 0
configure:3361: result: yes
configure:3396: checking for time.h
configure:3403: result: yes
configure:3431: checking sys/time.h usability
configure:3443: gcc -c -g -O2  conftest.c >&5
configure:3449: $? = 0
configure:3453: test -z 
			 || test ! -s conftest.err
configure:3456: $? = 0
configure:3459: test -s conftest.o
configure:3462: $? = 0
configure:3472: result: yes
configure:3476: checking sys/time.h presence
configure:3486: gcc -E  conftest.c
configure:3492: $? = 0
configure:3512: result: yes
configure:3547: checking for sys/time.h
configure:3554: result: yes
configure:3431: checking sys/resource.h usability
configure:3443: gcc -c -g -O2  conftest.c >&5
configure:3449: $? = 0
configure:3453: test -z 
			 || test ! -s conftest.err
configure:3456: $? = 0
configure:3459: test -s conftest.o
configure:3462: $? = 0
configure:3472: result: yes
configure:3476: checking sys/resource.h presence
configure:3486: gcc -E  conftest.c
configure:3492: $? = 0
configure:3512: result: yes
configure:3547: checking for sys/resource.h
configure:3554: result: yes
configure:3582: checking fcntl.h usability
configure:3594: gcc -c -g -O2  conftest.c >&5
configure:3600: $? = 0
configure:3604: test -z 
			 || test ! -s conftest.err
configure:3607: $? = 0
configure:3610: test -s conftest.o
configure:3613: $? = 0
configure:3623: result: yes
configure:3627: checking fcntl.h presence
configure:3637: gcc -E  conftest.c
configure:3643: $? = 0
configure:3663: result: yes
configure:3698: checking for fcntl.h
configure:3705: result: yes
configure:3582: checking fpu_control.h usability
configure:3594: gcc -c -g -O2  conftest.c >&5
configure:3600: $? = 0
configure:3604: test -z 
			 || test ! -s conftest.err
configure:3607: $? = 0
configure:3610: test -s conftest.o
configure:3613: $? = 0
configure:3623: result: yes
configure:3627: checking fpu_control.h presence
configure:3637: gcc -E  conftest.c
configure:3643: $? = 0
configure:3663: result: yes
configure:3698: checking for fpu_control.h
configure:3705: result: yes
configure:3734: checking dlfcn.h usability
configure:3746: gcc -c -g -O2  conftest.c >&5
configure:3752: $? = 0
configure:3756: test -z 
			 || test ! -s conftest.err
configure:3759: $? = 0
configure:3762: test -s conftest.o
configure:3765: $? = 0
configure:3775: result: yes
configure:3779: checking dlfcn.h presence
configure:3789: gcc -E  conftest.c
configure:3795: $? = 0
configure:3815: result: yes
configure:3850: checking for dlfcn.h
configure:3857: result: yes
configure:3734: checking errno.h usability
configure:3746: gcc -c -g -O2  conftest.c >&5
configure:3752: $? = 0
configure:3756: test -z 
			 || test ! -s conftest.err
configure:3759: $? = 0
configure:3762: test -s conftest.o
configure:3765: $? = 0
configure:3775: result: yes
configure:3779: checking errno.h presence
configure:3789: gcc -E  conftest.c
configure:3795: $? = 0
configure:3815: result: yes
configure:3850: checking for errno.h
configure:3857: result: yes
configure:3725: checking for sys/stat.h
configure:3730: result: yes
configure:3877: checking for getrusage
configure:3934: gcc -o conftest -g -O2   conftest.c  >&5
configure:3940: $? = 0
configure:3944: test -z 
			 || test ! -s conftest.err
configure:3947: $? = 0
configure:3950: test -s conftest
configure:3953: $? = 0
configure:3965: result: yes
configure:3877: checking for time
configure:3934: gcc -o conftest -g -O2   conftest.c  >&5
configure:3940: $? = 0
configure:3944: test -z 
			 || test ! -s conftest.err
configure:3947: $? = 0
configure:3950: test -s conftest
configure:3953: $? = 0
configure:3965: result: yes
configure:3877: checking for sigaction
configure:3934: gcc -o conftest -g -O2   conftest.c  >&5
configure:3940: $? = 0
configure:3944: test -z 
			 || test ! -s conftest.err
configure:3947: $? = 0
configure:3950: test -s conftest
configure:3953: $? = 0
configure:3965: result: yes
configure:3877: checking for __setfpucw
configure:3934: gcc -o conftest -g -O2   conftest.c  >&5
/tmp/ccICGGrc.o: In function `main':
/home/zhangsiyu/pc018work-v15-at/apv5sdk-v15/build/gcc-4.3.3/toolchain_build_mips/gdbhost-6.8/sim/mips/conftest.c:73: undefined reference to `__setfpucw'
/tmp/ccICGGrc.o:(.data+0x0): undefined reference to `__setfpucw'
collect2: ld returned 1 exit status
configure:3940: $? = 1
configure: failed program was:
| /* confdefs.h.  */
| 
| #define PACKAGE_NAME ""
| #define PACKAGE_TARNAME ""
| #define PACKAGE_VERSION ""
| #define PACKAGE_STRING ""
| #define PACKAGE_BUGREPORT ""
| #define STDC_HEADERS 1
| #define HAVE_SYS_TYPES_H 1
| #define HAVE_SYS_STAT_H 1
| #define HAVE_STDLIB_H 1
| #define HAVE_STRING_H 1
| #define HAVE_MEMORY_H 1
| #define HAVE_STRINGS_H 1
| #define HAVE_INTTYPES_H 1
| #define HAVE_STDINT_H 1
| #define HAVE_UNISTD_H 1
| #define HAVE_STDLIB_H 1
| #define HAVE_STRING_H 1
| #define HAVE_STRINGS_H 1
| #define HAVE_UNISTD_H 1
| #define HAVE_TIME_H 1
| #define HAVE_SYS_TIME_H 1
| #define HAVE_SYS_RESOURCE_H 1
| #define HAVE_FCNTL_H 1
| #define HAVE_FPU_CONTROL_H 1
| #define HAVE_DLFCN_H 1
| #define HAVE_ERRNO_H 1
| #define HAVE_SYS_STAT_H 1
| #define HAVE_GETRUSAGE 1
| #define HAVE_TIME 1
| #define HAVE_SIGACTION 1
| /* end confdefs.h.  */
| /* Define __setfpucw to an innocuous variant, in case <limits.h> declares __setfpucw.
|    For example, HP-UX 11i <limits.h> declares gettimeofday.  */
| #define __setfpucw innocuous___setfpucw
| 
| /* System header to define __stub macros and hopefully few prototypes,
|     which can conflict with char __setfpucw (); below.
|     Prefer <limits.h> to <assert.h> if __STDC__ is defined, since
|     <limits.h> exists even on freestanding compilers.  */
| 
| #ifdef __STDC__
| # include <limits.h>
| #else
| # include <assert.h>
| #endif
| 
| #undef __setfpucw
| 
| /* Override any gcc2 internal prototype to avoid an error.  */
| #ifdef __cplusplus
| extern "C"
| {
| #endif
| /* We use char because int might match the return type of a gcc2
|    builtin and then its argument prototype would still apply.  */
| char __setfpucw ();
| /* The GNU C library defines this for functions which it implements
|     to always fail with ENOSYS.  Some functions are actually named
|     something starting with __ and the normal name is an alias.  */
| #if defined (__stub___setfpucw) || defined (__stub_____setfpucw)
| choke me
| #else
| char (*f) () = __setfpucw;
| #endif
| #ifdef __cplusplus
| }
| #endif
| 
| int
| main ()
| {
| return f != __setfpucw;
|   ;
|   return 0;
| }
configure:3965: result: no
configure:3978: checking for bind in -lsocket
configure:4008: gcc -o conftest -g -O2   conftest.c -lsocket   >&5
/usr/bin/ld: cannot find -lsocket
collect2: ld returned 1 exit status
configure:4014: $? = 1
configure: failed program was:
| /* confdefs.h.  */
| 
| #define PACKAGE_NAME ""
| #define PACKAGE_TARNAME ""
| #define PACKAGE_VERSION ""
| #define PACKAGE_STRING ""
| #define PACKAGE_BUGREPORT ""
| #define STDC_HEADERS 1
| #define HAVE_SYS_TYPES_H 1
| #define HAVE_SYS_STAT_H 1
| #define HAVE_STDLIB_H 1
| #define HAVE_STRING_H 1
| #define HAVE_MEMORY_H 1
| #define HAVE_STRINGS_H 1
| #define HAVE_INTTYPES_H 1
| #define HAVE_STDINT_H 1
| #define HAVE_UNISTD_H 1
| #define HAVE_STDLIB_H 1
| #define HAVE_STRING_H 1
| #define HAVE_STRINGS_H 1
| #define HAVE_UNISTD_H 1
| #define HAVE_TIME_H 1
| #define HAVE_SYS_TIME_H 1
| #define HAVE_SYS_RESOURCE_H 1
| #define HAVE_FCNTL_H 1
| #define HAVE_FPU_CONTROL_H 1
| #define HAVE_DLFCN_H 1
| #define HAVE_ERRNO_H 1
| #define HAVE_SYS_STAT_H 1
| #define HAVE_GETRUSAGE 1
| #define HAVE_TIME 1
| #define HAVE_SIGACTION 1
| /* end confdefs.h.  */
| 
| /* Override any gcc2 internal prototype to avoid an error.  */
| #ifdef __cplusplus
| extern "C"
| #endif
| /* We use char because int might match the return type of a gcc2
|    builtin and then its argument prototype would still apply.  */
| char bind ();
| int
| main ()
| {
| bind ();
|   ;
|   return 0;
| }
configure:4040: result: no
configure:4052: checking for gethostbyname in -lnsl
configure:4082: gcc -o conftest -g -O2   conftest.c -lnsl   >&5
configure:4088: $? = 0
configure:4092: test -z 
			 || test ! -s conftest.err
configure:4095: $? = 0
configure:4098: test -s conftest
configure:4101: $? = 0
configure:4114: result: yes
configure:4274: checking return type of signal handlers
configure:4305: gcc -c -g -O2  conftest.c >&5
configure:4311: $? = 0
configure:4315: test -z 
			 || test ! -s conftest.err
configure:4318: $? = 0
configure:4321: test -s conftest.o
configure:4324: $? = 0
configure:4335: result: void
configure:4475: checking whether byte ordering is bigendian
configure:4502: gcc -c -g -O2  conftest.c >&5
configure:4508: $? = 0
configure:4512: test -z 
			 || test ! -s conftest.err
configure:4515: $? = 0
configure:4518: test -s conftest.o
configure:4521: $? = 0
configure:4545: gcc -c -g -O2  conftest.c >&5
conftest.c: In function 'main':
conftest.c:43: error: 'not' undeclared (first use in this function)
conftest.c:43: error: (Each undeclared identifier is reported only once
conftest.c:43: error: for each function it appears in.)
conftest.c:43: error: expected ';' before 'big'
configure:4551: $? = 1
configure: failed program was:
| /* confdefs.h.  */
| 
| #define PACKAGE_NAME ""
| #define PACKAGE_TARNAME ""
| #define PACKAGE_VERSION ""
| #define PACKAGE_STRING ""
| #define PACKAGE_BUGREPORT ""
| #define STDC_HEADERS 1
| #define HAVE_SYS_TYPES_H 1
| #define HAVE_SYS_STAT_H 1
| #define HAVE_STDLIB_H 1
| #define HAVE_STRING_H 1
| #define HAVE_MEMORY_H 1
| #define HAVE_STRINGS_H 1
| #define HAVE_INTTYPES_H 1
| #define HAVE_STDINT_H 1
| #define HAVE_UNISTD_H 1
| #define HAVE_STDLIB_H 1
| #define HAVE_STRING_H 1
| #define HAVE_STRINGS_H 1
| #define HAVE_UNISTD_H 1
| #define HAVE_TIME_H 1
| #define HAVE_SYS_TIME_H 1
| #define HAVE_SYS_RESOURCE_H 1
| #define HAVE_FCNTL_H 1
| #define HAVE_FPU_CONTROL_H 1
| #define HAVE_DLFCN_H 1
| #define HAVE_ERRNO_H 1
| #define HAVE_SYS_STAT_H 1
| #define HAVE_GETRUSAGE 1
| #define HAVE_TIME 1
| #define HAVE_SIGACTION 1
| #define HAVE_LIBNSL 1
| #define RETSIGTYPE void
| /* end confdefs.h.  */
| #include <sys/types.h>
| #include <sys/param.h>
| 
| int
| main ()
| {
| #if BYTE_ORDER != BIG_ENDIAN
|  not big endian
| #endif
| 
|   ;
|   return 0;
| }
configure:4686: result: no
configure:4772: checking compiler warning flags
configure:4798: gcc -c -g -O2 -Wimplicit  conftest.c >&5
configure:4804: $? = 0
configure:4808: test -z 
			 || test ! -s conftest.err
configure:4811: $? = 0
configure:4814: test -s conftest.o
configure:4817: $? = 0
configure:4798: gcc -c -g -O2 -Wreturn-type  conftest.c >&5
configure:4804: $? = 0
configure:4808: test -z 
			 || test ! -s conftest.err
configure:4811: $? = 0
configure:4814: test -s conftest.o
configure:4817: $? = 0
configure:4798: gcc -c -g -O2 -Wcomment  conftest.c >&5
configure:4804: $? = 0
configure:4808: test -z 
			 || test ! -s conftest.err
configure:4811: $? = 0
configure:4814: test -s conftest.o
configure:4817: $? = 0
configure:4798: gcc -c -g -O2 -Wtrigraphs  conftest.c >&5
configure:4804: $? = 0
configure:4808: test -z 
			 || test ! -s conftest.err
configure:4811: $? = 0
configure:4814: test -s conftest.o
configure:4817: $? = 0
configure:4798: gcc -c -g -O2 -Wformat  conftest.c >&5
configure:4804: $? = 0
configure:4808: test -z 
			 || test ! -s conftest.err
configure:4811: $? = 0
configure:4814: test -s conftest.o
configure:4817: $? = 0
configure:4798: gcc -c -g -O2 -Wparentheses  conftest.c >&5
configure:4804: $? = 0
configure:4808: test -z 
			 || test ! -s conftest.err
configure:4811: $? = 0
configure:4814: test -s conftest.o
configure:4817: $? = 0
configure:4798: gcc -c -g -O2 -Wpointer-arith  conftest.c >&5
configure:4804: $? = 0
configure:4808: test -z 
			 || test ! -s conftest.err
configure:4811: $? = 0
configure:4814: test -s conftest.o
configure:4817: $? = 0
configure:4798: gcc -c -g -O2 -Wuninitialized  conftest.c >&5
configure:4804: $? = 0
configure:4808: test -z 
			 || test ! -s conftest.err
configure:4811: $? = 0
configure:4814: test -s conftest.o
configure:4817: $? = 0
configure:4829: result:  -Wimplicit -Wreturn-type -Wcomment -Wtrigraphs -Wformat -Wparentheses -Wpointer-arith -Wuninitialized
configure:5484: checking for X
configure:5704: result: disabled
configure:5729: checking for string.h
configure:5734: result: yes
configure:5729: checking for strings.h
configure:5734: result: yes
configure:5729: checking for stdlib.h
configure:5734: result: yes
configure:5729: checking for stdlib.h
configure:5734: result: yes
configure:5875: checking for fabs in -lm
configure:5905: gcc -o conftest -g -O2   conftest.c -lm  -lnsl  >&5
conftest.c:47: warning: conflicting types for built-in function 'fabs'
configure:5911: $? = 0
configure:5915: test -z 
			 || test ! -s conftest.err
configure:5918: $? = 0
configure:5921: test -s conftest
configure:5924: $? = 0
configure:5937: result: yes
configure:5954: checking for aint
configure:6011: gcc -o conftest -g -O2   conftest.c -lm -lnsl  >&5
/tmp/ccjiESjA.o: In function `main':
/home/zhangsiyu/pc018work-v15-at/apv5sdk-v15/build/gcc-4.3.3/toolchain_build_mips/gdbhost-6.8/sim/mips/conftest.c:80: undefined reference to `aint'
/tmp/ccjiESjA.o:(.data+0x0): undefined reference to `aint'
collect2: ld returned 1 exit status
configure:6017: $? = 1
configure: failed program was:
| /* confdefs.h.  */
| 
| #define PACKAGE_NAME ""
| #define PACKAGE_TARNAME ""
| #define PACKAGE_VERSION ""
| #define PACKAGE_STRING ""
| #define PACKAGE_BUGREPORT ""
| #define STDC_HEADERS 1
| #define HAVE_SYS_TYPES_H 1
| #define HAVE_SYS_STAT_H 1
| #define HAVE_STDLIB_H 1
| #define HAVE_STRING_H 1
| #define HAVE_MEMORY_H 1
| #define HAVE_STRINGS_H 1
| #define HAVE_INTTYPES_H 1
| #define HAVE_STDINT_H 1
| #define HAVE_UNISTD_H 1
| #define HAVE_STDLIB_H 1
| #define HAVE_STRING_H 1
| #define HAVE_STRINGS_H 1
| #define HAVE_UNISTD_H 1
| #define HAVE_TIME_H 1
| #define HAVE_SYS_TIME_H 1
| #define HAVE_SYS_RESOURCE_H 1
| #define HAVE_FCNTL_H 1
| #define HAVE_FPU_CONTROL_H 1
| #define HAVE_DLFCN_H 1
| #define HAVE_ERRNO_H 1
| #define HAVE_SYS_STAT_H 1
| #define HAVE_GETRUSAGE 1
| #define HAVE_TIME 1
| #define HAVE_SIGACTION 1
| #define HAVE_LIBNSL 1
| #define RETSIGTYPE void
| #define HAVE_STRING_H 1
| #define HAVE_STRINGS_H 1
| #define HAVE_STDLIB_H 1
| #define HAVE_STDLIB_H 1
| #define HAVE_LIBM 1
| /* end confdefs.h.  */
| /* Define aint to an innocuous variant, in case <limits.h> declares aint.
|    For example, HP-UX 11i <limits.h> declares gettimeofday.  */
| #define aint innocuous_aint
| 
| /* System header to define __stub macros and hopefully few prototypes,
|     which can conflict with char aint (); below.
|     Prefer <limits.h> to <assert.h> if __STDC__ is defined, since
|     <limits.h> exists even on freestanding compilers.  */
| 
| #ifdef __STDC__
| # include <limits.h>
| #else
| # include <assert.h>
| #endif
| 
| #undef aint
| 
| /* Override any gcc2 internal prototype to avoid an error.  */
| #ifdef __cplusplus
| extern "C"
| {
| #endif
| /* We use char because int might match the return type of a gcc2
|    builtin and then its argument prototype would still apply.  */
| char aint ();
| /* The GNU C library defines this for functions which it implements
|     to always fail with ENOSYS.  Some functions are actually named
|     something starting with __ and the normal name is an alias.  */
| #if defined (__stub_aint) || defined (__stub___aint)
| choke me
| #else
| char (*f) () = aint;
| #endif
| #ifdef __cplusplus
| }
| #endif
| 
| int
| main ()
| {
| return f != aint;
|   ;
|   return 0;
| }
configure:6042: result: no
configure:5954: checking for anint
configure:6011: gcc -o conftest -g -O2   conftest.c -lm -lnsl  >&5
/tmp/ccthXDSC.o: In function `main':
/home/zhangsiyu/pc018work-v15-at/apv5sdk-v15/build/gcc-4.3.3/toolchain_build_mips/gdbhost-6.8/sim/mips/conftest.c:80: undefined reference to `anint'
/tmp/ccthXDSC.o:(.data+0x0): undefined reference to `anint'
collect2: ld returned 1 exit status
configure:6017: $? = 1
configure: failed program was:
| /* confdefs.h.  */
| 
| #define PACKAGE_NAME ""
| #define PACKAGE_TARNAME ""
| #define PACKAGE_VERSION ""
| #define PACKAGE_STRING ""
| #define PACKAGE_BUGREPORT ""
| #define STDC_HEADERS 1
| #define HAVE_SYS_TYPES_H 1
| #define HAVE_SYS_STAT_H 1
| #define HAVE_STDLIB_H 1
| #define HAVE_STRING_H 1
| #define HAVE_MEMORY_H 1
| #define HAVE_STRINGS_H 1
| #define HAVE_INTTYPES_H 1
| #define HAVE_STDINT_H 1
| #define HAVE_UNISTD_H 1
| #define HAVE_STDLIB_H 1
| #define HAVE_STRING_H 1
| #define HAVE_STRINGS_H 1
| #define HAVE_UNISTD_H 1
| #define HAVE_TIME_H 1
| #define HAVE_SYS_TIME_H 1
| #define HAVE_SYS_RESOURCE_H 1
| #define HAVE_FCNTL_H 1
| #define HAVE_FPU_CONTROL_H 1
| #define HAVE_DLFCN_H 1
| #define HAVE_ERRNO_H 1
| #define HAVE_SYS_STAT_H 1
| #define HAVE_GETRUSAGE 1
| #define HAVE_TIME 1
| #define HAVE_SIGACTION 1
| #define HAVE_LIBNSL 1
| #define RETSIGTYPE void
| #define HAVE_STRING_H 1
| #define HAVE_STRINGS_H 1
| #define HAVE_STDLIB_H 1
| #define HAVE_STDLIB_H 1
| #define HAVE_LIBM 1
| /* end confdefs.h.  */
| /* Define anint to an innocuous variant, in case <limits.h> declares anint.
|    For example, HP-UX 11i <limits.h> declares gettimeofday.  */
| #define anint innocuous_anint
| 
| /* System header to define __stub macros and hopefully few prototypes,
|     which can conflict with char anint (); below.
|     Prefer <limits.h> to <assert.h> if __STDC__ is defined, since
|     <limits.h> exists even on freestanding compilers.  */
| 
| #ifdef __STDC__
| # include <limits.h>
| #else
| # include <assert.h>
| #endif
| 
| #undef anint
| 
| /* Override any gcc2 internal prototype to avoid an error.  */
| #ifdef __cplusplus
| extern "C"
| {
| #endif
| /* We use char because int might match the return type of a gcc2
|    builtin and then its argument prototype would still apply.  */
| char anint ();
| /* The GNU C library defines this for functions which it implements
|     to always fail with ENOSYS.  Some functions are actually named
|     something starting with __ and the normal name is an alias.  */
| #if defined (__stub_anint) || defined (__stub___anint)
| choke me
| #else
| char (*f) () = anint;
| #endif
| #ifdef __cplusplus
| }
| #endif
| 
| int
| main ()
| {
| return f != anint;
|   ;
|   return 0;
| }
configure:6042: result: no
configure:5954: checking for sqrt
configure:6011: gcc -o conftest -g -O2   conftest.c -lm -lnsl  >&5
conftest.c:65: warning: conflicting types for built-in function 'sqrt'
configure:6017: $? = 0
configure:6021: test -z 
			 || test ! -s conftest.err
configure:6024: $? = 0
configure:6027: test -s conftest
configure:6030: $? = 0
configure:6042: result: yes
configure:6173: creating ./config.status

## ---------------------- ##
## Running config.status. ##
## ---------------------- ##

This file was extended by config.status, which was
generated by GNU Autoconf 2.59.  Invocation command line was

  CONFIG_FILES    = 
  CONFIG_HEADERS  = 
  CONFIG_LINKS    = 
  CONFIG_COMMANDS = 
  $ ./config.status 

on debian

config.status:733: creating Makefile.sim
config.status:733: creating Make-common.sim
config.status:733: creating .gdbinit
config.status:830: creating config.h
config.status:1033: linking /home/zhangsiyu/pc018work-v15-at/apv5sdk-v15/build/gcc-4.3.3/toolchain_build_mips/gdb-6.8/sim/mips/tconfig.in to tconfig.h
config.status:1033: linking /home/zhangsiyu/pc018work-v15-at/apv5sdk-v15/build/gcc-4.3.3/toolchain_build_mips/gdb-6.8/sim/mips/../common/nltvals.def to targ-vals.def
config.status:1270: executing Makefile commands
config.status:1270: executing stamp-h commands

## ---------------- ##
## Cache variables. ##
## ---------------- ##

ac_cv_build=i386-pc-linux-gnu
ac_cv_build_alias=i386-pc-linux-gnu
ac_cv_c_bigendian=no
ac_cv_c_compiler_gnu=yes
ac_cv_env_CC_set=set
ac_cv_env_CC_value=gcc
ac_cv_env_CFLAGS_set=set
ac_cv_env_CFLAGS_value='-g -O2'
ac_cv_env_CPPFLAGS_set=
ac_cv_env_CPPFLAGS_value=
ac_cv_env_CPP_set=
ac_cv_env_CPP_value=
ac_cv_env_LDFLAGS_set=set
ac_cv_env_LDFLAGS_value=
ac_cv_env_build_alias_set=set
ac_cv_env_build_alias_value=i386-pc-linux-gnu
ac_cv_env_host_alias_set=set
ac_cv_env_host_alias_value=i386-pc-linux-gnu
ac_cv_env_target_alias_set=set
ac_cv_env_target_alias_value=mips-linux-uclibc
ac_cv_exeext=
ac_cv_func___setfpucw=no
ac_cv_func_aint=no
ac_cv_func_anint=no
ac_cv_func_getrusage=yes
ac_cv_func_sigaction=yes
ac_cv_func_sqrt=yes
ac_cv_func_time=yes
ac_cv_header_dlfcn_h=yes
ac_cv_header_errno_h=yes
ac_cv_header_fcntl_h=yes
ac_cv_header_fpu_control_h=yes
ac_cv_header_inttypes_h=yes
ac_cv_header_memory_h=yes
ac_cv_header_stdc=yes
ac_cv_header_stdint_h=yes
ac_cv_header_stdlib_h=yes
ac_cv_header_string_h=yes
ac_cv_header_strings_h=yes
ac_cv_header_sys_resource_h=yes
ac_cv_header_sys_stat_h=yes
ac_cv_header_sys_time_h=yes
ac_cv_header_sys_types_h=yes
ac_cv_header_time_h=yes
ac_cv_header_unistd_h=yes
ac_cv_host=i386-pc-linux-gnu
ac_cv_host_alias=i386-pc-linux-gnu
ac_cv_lib_m_fabs=yes
ac_cv_lib_nsl_gethostbyname=yes
ac_cv_lib_socket_bind=no
ac_cv_objext=o
ac_cv_prog_AR=ar
ac_cv_prog_CC=gcc
ac_cv_prog_CPP='gcc -E'
ac_cv_prog_RANLIB=ranlib
ac_cv_prog_cc_g=yes
ac_cv_prog_cc_stdc=
ac_cv_prog_egrep='grep -E'
ac_cv_target=mips-unknown-linux-uclibc
ac_cv_target_alias=mips-linux-uclibc
ac_cv_type_signal=void

## ----------------- ##
## Output variables. ##
## ----------------- ##

AR='ar'
CATALOGS=''
CATOBJEXT=''
CC='gcc'
CC_FOR_BUILD='$(CC)'
CFLAGS='-g -O2'
CPP='gcc -E'
CPPFLAGS=''
DATADIRNAME=''
DEFS='-DHAVE_CONFIG_H'
ECHO_C=''
ECHO_N='-n'
ECHO_T=''
EGREP='grep -E'
EXEEXT=''
GENCAT=''
GMSGFMT='/usr/bin/msgfmt'
HDEFINES=''
INCINTL=''
INSTALL_DATA='/usr/bin/install -c -m 644'
INSTALL_PROGRAM='/usr/bin/install -c'
INSTALL_SCRIPT='/usr/bin/install -c'
INSTOBJEXT=''
LDFLAGS=''
LIBINTL=''
LIBINTL_DEP=''
LIBOBJS=''
LIBS='-lm -lnsl '
LTLIBOBJS=''
MAINT='#'
OBJEXT='o'
PACKAGE_BUGREPORT=''
PACKAGE_NAME=''
PACKAGE_STRING=''
PACKAGE_TARNAME=''
PACKAGE_VERSION=''
PATH_SEPARATOR=':'
POSUB=''
RANLIB='ranlib'
SHELL='/bin/sh'
SIM_SUBTARGET=' -DMIPS_MACH_DEFAULT=bfd_mach_mips8000'
USE_NLS='no'
WARN_CFLAGS=' -Wimplicit -Wreturn-type -Wcomment -Wtrigraphs -Wformat -Wparentheses -Wpointer-arith -Wuninitialized'
WERROR_CFLAGS=''
XGETTEXT='/usr/bin/xgettext'
ac_ct_CC=''
ac_ct_RANLIB=''
bindir='${exec_prefix}/bin'
build='i386-pc-linux-gnu'
build_alias='i386-pc-linux-gnu'
build_cpu='i386'
build_os='linux-gnu'
build_vendor='pc'
cgen_breaks=''
datadir='${prefix}/share'
exec_prefix='${prefix}'
host='i386-pc-linux-gnu'
host_alias='i386-pc-linux-gnu'
host_cpu='i386'
host_os='linux-gnu'
host_vendor='pc'
includedir='${prefix}/include'
infodir='${prefix}/info'
libdir='${exec_prefix}/lib'
libexecdir='${exec_prefix}/libexec'
localstatedir='${prefix}/var'
mandir='${prefix}/man'
mips_extra_libs=''
mips_extra_objs=''
mips_igen_engine='engine.o'
oldincludedir='/usr/include'
prefix='/home/zhangsiyu/pc018work-v15-at/apv5sdk-v15/build/gcc-4.3.3/build_mips/staging_dir'
program_transform_name='s,^,mips-linux-uclibc-,'
sbindir='${exec_prefix}/sbin'
sharedstatedir='${prefix}/com'
sim_alignment='-DWITH_ALIGNMENT=NONSTRICT_ALIGNMENT'
sim_assert=''
sim_bitsize=' -DWITH_TARGET_WORD_BITSIZE=32 -DWITH_TARGET_WORD_MSB=31'
sim_bswap=''
sim_cflags=''
sim_debug=''
sim_default_model=''
sim_endian='-DWITH_DEFAULT_TARGET_BYTE_ORDER=BIG_ENDIAN'
sim_environment=''
sim_float='-DWITH_FLOATING_POINT=HARD_FLOATING_POINT -DWITH_TARGET_FLOATING_POINT_BITSIZE=32'
sim_gen='IGEN'
sim_hostendian='-DWITH_HOST_BYTE_ORDER=LITTLE_ENDIAN'
sim_hw=''
sim_hw_cflags='-DWITH_HW=0'
sim_hw_objs=''
sim_igen_flags='-F 32,f -M mipsIV -N 0'
sim_inline=''
sim_m16_flags=' -F 16  -M mips16,mipsIII  -N 0'
sim_multi_flags=''
sim_multi_igen_configs=''
sim_multi_obj=''
sim_multi_src='doesnt-exist.c'
sim_packages=''
sim_profile='-DPROFILE=1 -DWITH_PROFILE=-1'
sim_regparm=''
sim_reserved_bits='-DWITH_RESERVED_BITS=1'
sim_scache=''
sim_smp='-DWITH_SMP=0'
sim_stdcall=''
sim_stdio=''
sim_trace=''
sim_xor_endian=''
sysconfdir='${prefix}/etc'
target='mips-unknown-linux-uclibc'
target_alias='mips-linux-uclibc'
target_cpu='mips'
target_os='linux-uclibc'
target_vendor='unknown'

## ----------- ##
## confdefs.h. ##
## ----------- ##

#define HAVE_DLFCN_H 1
#define HAVE_ERRNO_H 1
#define HAVE_FCNTL_H 1
#define HAVE_FPU_CONTROL_H 1
#define HAVE_GETRUSAGE 1
#define HAVE_INTTYPES_H 1
#define HAVE_LIBM 1
#define HAVE_LIBNSL 1
#define HAVE_MEMORY_H 1
#define HAVE_SIGACTION 1
#define HAVE_SQRT 1
#define HAVE_STDINT_H 1
#define HAVE_STDLIB_H 1
#define HAVE_STDLIB_H 1
#define HAVE_STDLIB_H 1
#define HAVE_STDLIB_H 1
#define HAVE_STRINGS_H 1
#define HAVE_STRINGS_H 1
#define HAVE_STRINGS_H 1
#define HAVE_STRING_H 1
#define HAVE_STRING_H 1
#define HAVE_STRING_H 1
#define HAVE_SYS_RESOURCE_H 1
#define HAVE_SYS_STAT_H 1
#define HAVE_SYS_STAT_H 1
#define HAVE_SYS_TIME_H 1
#define HAVE_SYS_TYPES_H 1
#define HAVE_TIME 1
#define HAVE_TIME_H 1
#define HAVE_UNISTD_H 1
#define HAVE_UNISTD_H 1
#define PACKAGE_BUGREPORT ""
#define PACKAGE_NAME ""
#define PACKAGE_STRING ""
#define PACKAGE_TARNAME ""
#define PACKAGE_VERSION ""
#define RETSIGTYPE void
#define STDC_HEADERS 1

configure: exit 0
