This file contains any messages produced by compilers while
running configure, to aid debugging if configure makes a mistake.

It was created by configure, which was
generated by GNU Autoconf 2.59.  Invocation command line was

  $ /home/zhangsiyu/pc018work-v15-at/apv5sdk-v15/build/gcc-4.3.3/toolchain_build_mips/gdb-6.8/sim/common/configure --prefix=/home/zhangsiyu/pc018work-v15-at/apv5sdk-v15/build/gcc-4.3.3/build_mips/staging_dir --cache-file=./config.cache --with-stabs --prefix=/home/zhangsiyu/pc018work-v15-at/apv5sdk-v15/build/gcc-4.3.3/build_mips/staging_dir --disable-nls --without-uiout --disable-tui --disable-gdbtk --without-x --without-included-gettext --enable-threads --disable-werror --program-transform-name=s,^,mips-linux-uclibc-, --build=i386-pc-linux-gnu --host=i386-pc-linux-gnu --target=mips-linux-uclibc --srcdir=/home/zhangsiyu/pc018work-v15-at/apv5sdk-v15/build/gcc-4.3.3/toolchain_build_mips/gdb-6.8/sim CC=gcc CFLAGS=-g -O2 LDFLAGS= build_alias=i386-pc-linux-gnu host_alias=i386-pc-linux-gnu target_alias=mips-linux-uclibc --cache-file=.././config.cache --srcdir=/home/zhangsiyu/pc018work-v15-at/apv5sdk-v15/build/gcc-4.3.3/toolchain_build_mips/gdb-6.8/sim/common

## --------- ##
## Platform. ##
## --------- ##

hostname = debian
uname -m = i686
uname -r = 2.6.32-5-686
uname -s = Linux
uname -v = #1 SMP Mon Sep 23 23:00:18 UTC 2013

/usr/bin/uname -p = unknown
/bin/uname -X     = unknown

/bin/arch              = unknown
/usr/bin/arch -k       = unknown
/usr/convex/getsysinfo = unknown
hostinfo               = unknown
/bin/machine           = unknown
/usr/bin/oslevel       = unknown
/bin/universe          = unknown

PATH: /home/zhangsiyu/pc018work-v15-at/apv5sdk-v15/build/../build/util
PATH: /home/zhangsiyu/pc018work-v15-at/apv5sdk-v15/build/../build/gcc-4.3.3/build_mips/staging_dir/usr//bin
PATH: /home/zhangsiyu/pc018work-v15-at/apv5sdk-v15/build/../linux
PATH: /home/zhangsiyu/pc018work-v15-at/apv5sdk-v15/build/../build
PATH: /home/zhangsiyu/pc018work-v15-at/apv5sdk-v15/build/../boot/redboot/ecos/tools/bin
PATH: `pwd`
PATH: /opt/hisi-linux/x86-arm/arm-hisiv200-linux/target/bin
PATH: /usr/local/bin
PATH: /usr/bin
PATH: /bin
PATH: /usr/local/games
PATH: /usr/games


## ----------- ##
## Core tests. ##
## ----------- ##

configure:1220: loading cache .././config.cache
configure:1363: checking build system type
configure:1381: result: i386-pc-linux-gnu
configure:1389: checking host system type
configure:1403: result: i386-pc-linux-gnu
configure:1411: checking target system type
configure:1425: result: mips-unknown-linux-uclibc
configure:1460: checking for i386-pc-linux-gnu-gcc
configure:1486: result: gcc
configure:1768: checking for C compiler version
configure:1771: gcc --version </dev/null >&5
gcc (Debian 4.4.5-8) 4.4.5
Copyright (C) 2010 Free Software Foundation, Inc.
This is free software; see the source for copying conditions.  There is NO
warranty; not even for MERCHANTABILITY or FITNESS FOR A PARTICULAR PURPOSE.

configure:1774: $? = 0
configure:1776: gcc -v </dev/null >&5
Using built-in specs.
Target: i486-linux-gnu
Configured with: ../src/configure -v --with-pkgversion='Debian 4.4.5-8' --with-bugurl=file:///usr/share/doc/gcc-4.4/README.Bugs --enable-languages=c,c++,fortran,objc,obj-c++ --prefix=/usr --program-suffix=-4.4 --enable-shared --enable-multiarch --enable-linker-build-id --with-system-zlib --libexecdir=/usr/lib --without-included-gettext --enable-threads=posix --with-gxx-include-dir=/usr/include/c++/4.4 --libdir=/usr/lib --enable-nls --enable-clocale=gnu --enable-libstdcxx-debug --enable-objc-gc --enable-targets=all --with-arch-32=i586 --with-tune=generic --enable-checking=release --build=i486-linux-gnu --host=i486-linux-gnu --target=i486-linux-gnu
Thread model: posix
gcc version 4.4.5 (Debian 4.4.5-8) 
configure:1779: $? = 0
configure:1781: gcc -V </dev/null >&5
gcc: '-V' option must have argument
configure:1784: $? = 1
configure:1807: checking for C compiler default output file name
configure:1810: gcc -g -O2   conftest.c  >&5
configure:1813: $? = 0
configure:1859: result: a.out
configure:1864: checking whether the C compiler works
configure:1870: ./a.out
configure:1873: $? = 0
configure:1890: result: yes
configure:1897: checking whether we are cross compiling
configure:1899: result: no
configure:1902: checking for suffix of executables
configure:1904: gcc -o conftest -g -O2   conftest.c  >&5
configure:1907: $? = 0
configure:1932: result: 
configure:1938: checking for suffix of object files
configure:1984: result: o
configure:1988: checking whether we are using the GNU C compiler
configure:2044: result: yes
configure:2050: checking whether gcc accepts -g
configure:2101: result: yes
configure:2118: checking for gcc option to accept ANSI C
configure:2225: result: none needed
configure:2243: gcc -c -g -O2  conftest.c >&5
conftest.c:2: error: expected '=', ',', ';', 'asm' or '__attribute__' before 'me'
configure:2249: $? = 1
configure: failed program was:
| #ifndef __cplusplus
|   choke me
| #endif
configure:2395: checking for a BSD-compatible install
configure:2450: result: /usr/bin/install -c
configure:2477: checking for i386-pc-linux-gnu-ranlib
configure:2503: result: ranlib
configure:2569: checking whether NLS is requested
configure:2572: result: no
configure:2638: checking how to run the C preprocessor
configure:2756: result: gcc -E
configure:2780: gcc -E  conftest.c
configure:2786: $? = 0
configure:2818: gcc -E  conftest.c
conftest.c:9:28: error: ac_nonexistent.h: No such file or directory
configure:2824: $? = 1
configure: failed program was:
| /* confdefs.h.  */
| 
| #define PACKAGE_NAME ""
| #define PACKAGE_TARNAME ""
| #define PACKAGE_VERSION ""
| #define PACKAGE_STRING ""
| #define PACKAGE_BUGREPORT ""
| /* end confdefs.h.  */
| #include <ac_nonexistent.h>
configure:2868: checking for egrep
configure:2878: result: grep -E
configure:2883: checking for ANSI C header files
configure:3039: result: yes
configure:3063: checking for sys/types.h
configure:3109: result: yes
configure:3063: checking for sys/stat.h
configure:3109: result: yes
configure:3063: checking for stdlib.h
configure:3109: result: yes
configure:3063: checking for string.h
configure:3109: result: yes
configure:3063: checking for memory.h
configure:3109: result: yes
configure:3063: checking for strings.h
configure:3109: result: yes
configure:3063: checking for inttypes.h
configure:3109: result: yes
configure:3063: checking for stdint.h
configure:3109: result: yes
configure:3063: checking for unistd.h
configure:3109: result: yes
configure:3130: checking for stdlib.h
configure:3135: result: yes
configure:3130: checking for string.h
configure:3135: result: yes
configure:3130: checking for strings.h
configure:3135: result: yes
configure:3130: checking for unistd.h
configure:3135: result: yes
configure:3130: checking for time.h
configure:3135: result: yes
configure:3281: checking for sys/time.h
configure:3286: result: yes
configure:3281: checking for sys/resource.h
configure:3286: result: yes
configure:3432: checking for fcntl.h
configure:3437: result: yes
configure:3432: checking for fpu_control.h
configure:3437: result: yes
configure:3584: checking for dlfcn.h
configure:3589: result: yes
configure:3584: checking for errno.h
configure:3589: result: yes
configure:3584: checking for sys/stat.h
configure:3589: result: yes
configure:3736: checking for getrusage
configure:3824: result: yes
configure:3736: checking for time
configure:3824: result: yes
configure:3736: checking for sigaction
configure:3824: result: yes
configure:3736: checking for __setfpucw
configure:3824: result: no
configure:3837: checking for bind in -lsocket
configure:3899: result: no
configure:3911: checking for gethostbyname in -lnsl
configure:3973: result: yes
configure:4133: checking return type of signal handlers
configure:4194: result: void
configure:4264: checking for stdlib.h
configure:4269: result: yes
configure:4264: checking for string.h
configure:4269: result: yes
configure:4264: checking for strings.h
configure:4269: result: yes
configure:4264: checking for time.h
configure:4269: result: yes
configure:4273: checking sys/times.h usability
configure:4285: gcc -c -g -O2  conftest.c >&5
configure:4291: $? = 0
configure:4295: test -z 
			 || test ! -s conftest.err
configure:4298: $? = 0
configure:4301: test -s conftest.o
configure:4304: $? = 0
configure:4314: result: yes
configure:4318: checking sys/times.h presence
configure:4328: gcc -E  conftest.c
configure:4334: $? = 0
configure:4354: result: yes
configure:4389: checking for sys/times.h
configure:4396: result: yes
configure:4264: checking for sys/stat.h
configure:4269: result: yes
configure:4273: checking sys/mman.h usability
configure:4285: gcc -c -g -O2  conftest.c >&5
configure:4291: $? = 0
configure:4295: test -z 
			 || test ! -s conftest.err
configure:4298: $? = 0
configure:4301: test -s conftest.o
configure:4304: $? = 0
configure:4314: result: yes
configure:4318: checking sys/mman.h presence
configure:4328: gcc -E  conftest.c
configure:4334: $? = 0
configure:4354: result: yes
configure:4389: checking for sys/mman.h
configure:4396: result: yes
configure:4417: checking for mmap
configure:4474: gcc -o conftest -g -O2   conftest.c -lnsl  >&5
configure:4480: $? = 0
configure:4484: test -z 
			 || test ! -s conftest.err
configure:4487: $? = 0
configure:4490: test -s conftest
configure:4493: $? = 0
configure:4505: result: yes
configure:4417: checking for munmap
configure:4474: gcc -o conftest -g -O2   conftest.c -lnsl  >&5
configure:4480: $? = 0
configure:4484: test -z 
			 || test ! -s conftest.err
configure:4487: $? = 0
configure:4490: test -s conftest
configure:4493: $? = 0
configure:4505: result: yes
configure:4417: checking for lstat
configure:4474: gcc -o conftest -g -O2   conftest.c -lnsl  >&5
configure:4480: $? = 0
configure:4484: test -z 
			 || test ! -s conftest.err
configure:4487: $? = 0
configure:4490: test -s conftest
configure:4493: $? = 0
configure:4505: result: yes
configure:4417: checking for truncate
configure:4474: gcc -o conftest -g -O2   conftest.c -lnsl  >&5
configure:4480: $? = 0
configure:4484: test -z 
			 || test ! -s conftest.err
configure:4487: $? = 0
configure:4490: test -s conftest
configure:4493: $? = 0
configure:4505: result: yes
configure:4417: checking for ftruncate
configure:4474: gcc -o conftest -g -O2   conftest.c -lnsl  >&5
configure:4480: $? = 0
configure:4484: test -z 
			 || test ! -s conftest.err
configure:4487: $? = 0
configure:4490: test -s conftest
configure:4493: $? = 0
configure:4505: result: yes
configure:4515: checking for struct stat.st_dev
configure:4545: gcc -c -g -O2  conftest.c >&5
configure:4551: $? = 0
configure:4555: test -z 
			 || test ! -s conftest.err
configure:4558: $? = 0
configure:4561: test -s conftest.o
configure:4564: $? = 0
configure:4634: result: yes
configure:4637: checking for struct stat.st_ino
configure:4667: gcc -c -g -O2  conftest.c >&5
configure:4673: $? = 0
configure:4677: test -z 
			 || test ! -s conftest.err
configure:4680: $? = 0
configure:4683: test -s conftest.o
configure:4686: $? = 0
configure:4756: result: yes
configure:4759: checking for struct stat.st_mode
configure:4789: gcc -c -g -O2  conftest.c >&5
configure:4795: $? = 0
configure:4799: test -z 
			 || test ! -s conftest.err
configure:4802: $? = 0
configure:4805: test -s conftest.o
configure:4808: $? = 0
configure:4878: result: yes
configure:4881: checking for struct stat.st_nlink
configure:4911: gcc -c -g -O2  conftest.c >&5
configure:4917: $? = 0
configure:4921: test -z 
			 || test ! -s conftest.err
configure:4924: $? = 0
configure:4927: test -s conftest.o
configure:4930: $? = 0
configure:5000: result: yes
configure:5003: checking for struct stat.st_uid
configure:5033: gcc -c -g -O2  conftest.c >&5
configure:5039: $? = 0
configure:5043: test -z 
			 || test ! -s conftest.err
configure:5046: $? = 0
configure:5049: test -s conftest.o
configure:5052: $? = 0
configure:5122: result: yes
configure:5125: checking for struct stat.st_gid
configure:5155: gcc -c -g -O2  conftest.c >&5
configure:5161: $? = 0
configure:5165: test -z 
			 || test ! -s conftest.err
configure:5168: $? = 0
configure:5171: test -s conftest.o
configure:5174: $? = 0
configure:5244: result: yes
configure:5247: checking for struct stat.st_rdev
configure:5277: gcc -c -g -O2  conftest.c >&5
configure:5283: $? = 0
configure:5287: test -z 
			 || test ! -s conftest.err
configure:5290: $? = 0
configure:5293: test -s conftest.o
configure:5296: $? = 0
configure:5366: result: yes
configure:5369: checking for struct stat.st_size
configure:5399: gcc -c -g -O2  conftest.c >&5
configure:5405: $? = 0
configure:5409: test -z 
			 || test ! -s conftest.err
configure:5412: $? = 0
configure:5415: test -s conftest.o
configure:5418: $? = 0
configure:5488: result: yes
configure:5491: checking for struct stat.st_blksize
configure:5521: gcc -c -g -O2  conftest.c >&5
configure:5527: $? = 0
configure:5531: test -z 
			 || test ! -s conftest.err
configure:5534: $? = 0
configure:5537: test -s conftest.o
configure:5540: $? = 0
configure:5610: result: yes
configure:5613: checking for struct stat.st_blocks
configure:5643: gcc -c -g -O2  conftest.c >&5
configure:5649: $? = 0
configure:5653: test -z 
			 || test ! -s conftest.err
configure:5656: $? = 0
configure:5659: test -s conftest.o
configure:5662: $? = 0
configure:5732: result: yes
configure:5735: checking for struct stat.st_atime
configure:5765: gcc -c -g -O2  conftest.c >&5
configure:5771: $? = 0
configure:5775: test -z 
			 || test ! -s conftest.err
configure:5778: $? = 0
configure:5781: test -s conftest.o
configure:5784: $? = 0
configure:5854: result: yes
configure:5857: checking for struct stat.st_mtime
configure:5887: gcc -c -g -O2  conftest.c >&5
configure:5893: $? = 0
configure:5897: test -z 
			 || test ! -s conftest.err
configure:5900: $? = 0
configure:5903: test -s conftest.o
configure:5906: $? = 0
configure:5976: result: yes
configure:5979: checking for struct stat.st_ctime
configure:6009: gcc -c -g -O2  conftest.c >&5
configure:6015: $? = 0
configure:6019: test -z 
			 || test ! -s conftest.err
configure:6022: $? = 0
configure:6025: test -s conftest.o
configure:6028: $? = 0
configure:6098: result: yes
configure:6198: creating ./config.status

## ---------------------- ##
## Running config.status. ##
## ---------------------- ##

This file was extended by config.status, which was
generated by GNU Autoconf 2.59.  Invocation command line was

  CONFIG_FILES    = 
  CONFIG_HEADERS  = 
  CONFIG_LINKS    = 
  CONFIG_COMMANDS = 
  $ ./config.status 

on debian

config.status:714: creating Makefile
config.status:811: creating cconfig.h
config.status:1173: executing default commands

## ---------------- ##
## Cache variables. ##
## ---------------- ##

ac_cv_build=i386-pc-linux-gnu
ac_cv_build_alias=i386-pc-linux-gnu
ac_cv_c_bigendian=no
ac_cv_c_compiler_gnu=yes
ac_cv_env_CC_set=set
ac_cv_env_CC_value=gcc
ac_cv_env_CFLAGS_set=set
ac_cv_env_CFLAGS_value='-g -O2'
ac_cv_env_CPPFLAGS_set=
ac_cv_env_CPPFLAGS_value=
ac_cv_env_CPP_set=
ac_cv_env_CPP_value=
ac_cv_env_LDFLAGS_set=set
ac_cv_env_LDFLAGS_value=
ac_cv_env_build_alias_set=set
ac_cv_env_build_alias_value=i386-pc-linux-gnu
ac_cv_env_host_alias_set=set
ac_cv_env_host_alias_value=i386-pc-linux-gnu
ac_cv_env_target_alias_set=set
ac_cv_env_target_alias_value=mips-linux-uclibc
ac_cv_exeext=
ac_cv_func___setfpucw=no
ac_cv_func_aint=no
ac_cv_func_anint=no
ac_cv_func_ftruncate=yes
ac_cv_func_getrusage=yes
ac_cv_func_lstat=yes
ac_cv_func_mmap=yes
ac_cv_func_munmap=yes
ac_cv_func_sigaction=yes
ac_cv_func_sqrt=yes
ac_cv_func_time=yes
ac_cv_func_truncate=yes
ac_cv_header_dlfcn_h=yes
ac_cv_header_errno_h=yes
ac_cv_header_fcntl_h=yes
ac_cv_header_fpu_control_h=yes
ac_cv_header_inttypes_h=yes
ac_cv_header_memory_h=yes
ac_cv_header_stdc=yes
ac_cv_header_stdint_h=yes
ac_cv_header_stdlib_h=yes
ac_cv_header_string_h=yes
ac_cv_header_strings_h=yes
ac_cv_header_sys_mman_h=yes
ac_cv_header_sys_resource_h=yes
ac_cv_header_sys_stat_h=yes
ac_cv_header_sys_time_h=yes
ac_cv_header_sys_times_h=yes
ac_cv_header_sys_types_h=yes
ac_cv_header_time_h=yes
ac_cv_header_unistd_h=yes
ac_cv_host=i386-pc-linux-gnu
ac_cv_host_alias=i386-pc-linux-gnu
ac_cv_lib_m_fabs=yes
ac_cv_lib_nsl_gethostbyname=yes
ac_cv_lib_socket_bind=no
ac_cv_objext=o
ac_cv_prog_AR=ar
ac_cv_prog_CC=gcc
ac_cv_prog_CPP='gcc -E'
ac_cv_prog_RANLIB=ranlib
ac_cv_prog_cc_g=yes
ac_cv_prog_cc_stdc=
ac_cv_prog_egrep='grep -E'
ac_cv_target=mips-unknown-linux-uclibc
ac_cv_target_alias=mips-linux-uclibc
ac_cv_type_signal=void

## ----------------- ##
## Output variables. ##
## ----------------- ##

AR='ar'
CATALOGS=''
CATOBJEXT=''
CC='gcc'
CC_FOR_BUILD='$(CC)'
CFLAGS='-g -O2'
CPP='gcc -E'
CPPFLAGS=''
CPP_FOR_TARGET='`   if test -f $${rootme}/../../gcc/Makefile ; then     if test -f $${rootme}/../../$(TARGET_SUBDIR)/newlib/Makefile ; then       echo $${rootme}/../../gcc/xgcc -B$${rootme}/../../gcc/ -idirafter $${rootme}/../../$(TARGET_SUBDIR)/newlib/targ-include -idirafter $(srcroot)/newlib/libc/include -nostdinc;     else       echo $${rootme}/../../gcc/xgcc -B$${rootme}/../../gcc/;     fi;   else     if test '$(host_canonical)' = '$(target_canonical)' ; then       echo $(CC);     else       t='$(program_transform_name)'; echo gcc | sed -e 's/x/x/' $$t;     fi;   fi` -E'
DATADIRNAME=''
DEFS='-DHAVE_CONFIG_H'
ECHO_C=''
ECHO_N='-n'
ECHO_T=''
EGREP='grep -E'
EXEEXT=''
GENCAT=''
GMSGFMT='/usr/bin/msgfmt'
HDEFINES=''
INCINTL=''
INSTALL_DATA='/usr/bin/install -c -m 644'
INSTALL_PROGRAM='/usr/bin/install -c'
INSTALL_SCRIPT='/usr/bin/install -c'
INSTOBJEXT=''
LDFLAGS=''
LIBINTL=''
LIBINTL_DEP=''
LIBOBJS=''
LIBS='-lnsl '
LTLIBOBJS=''
MAINT='#'
OBJEXT='o'
PACKAGE_BUGREPORT=''
PACKAGE_NAME=''
PACKAGE_STRING=''
PACKAGE_TARNAME=''
PACKAGE_VERSION=''
PATH_SEPARATOR=':'
POSUB=''
RANLIB='ranlib'
SHELL='/bin/sh'
TARGET_SUBDIR='mips-linux-uclibc'
USE_NLS='no'
WARN_CFLAGS=''
WERROR_CFLAGS=''
XGETTEXT='/usr/bin/xgettext'
ac_ct_CC=''
ac_ct_RANLIB=''
bindir='${exec_prefix}/bin'
build='i386-pc-linux-gnu'
build_alias='i386-pc-linux-gnu'
build_cpu='i386'
build_os='linux-gnu'
build_vendor='pc'
datadir='${prefix}/share'
exec_prefix='${prefix}'
host='i386-pc-linux-gnu'
host_alias='i386-pc-linux-gnu'
host_cpu='i386'
host_os='linux-gnu'
host_vendor='pc'
includedir='${prefix}/include'
infodir='${prefix}/info'
libdir='${exec_prefix}/lib'
libexecdir='${exec_prefix}/libexec'
localstatedir='${prefix}/var'
mandir='${prefix}/man'
oldincludedir='/usr/include'
prefix='/home/zhangsiyu/pc018work-v15-at/apv5sdk-v15/build/gcc-4.3.3/build_mips/staging_dir'
program_transform_name='s,^,mips-linux-uclibc-,'
sbindir='${exec_prefix}/sbin'
sharedstatedir='${prefix}/com'
sim_alignment=''
sim_assert=''
sim_bitsize=''
sim_bswap=''
sim_cflags=''
sim_debug=''
sim_default_model=''
sim_endian=''
sim_environment=''
sim_float=''
sim_hostendian=''
sim_hw=''
sim_hw_cflags=''
sim_hw_objs=''
sim_inline=''
sim_packages=''
sim_profile='-DPROFILE=1 -DWITH_PROFILE=-1'
sim_regparm=''
sim_reserved_bits=''
sim_scache=''
sim_smp=''
sim_stdcall=''
sim_stdio=''
sim_trace=''
sim_xor_endian=''
sysconfdir='${prefix}/etc'
target='mips-unknown-linux-uclibc'
target_alias='mips-linux-uclibc'
target_cpu='mips'
target_os='linux-uclibc'
target_vendor='unknown'

## ----------- ##
## confdefs.h. ##
## ----------- ##

#define HAVE_DLFCN_H 1
#define HAVE_ERRNO_H 1
#define HAVE_FCNTL_H 1
#define HAVE_FPU_CONTROL_H 1
#define HAVE_FTRUNCATE 1
#define HAVE_GETRUSAGE 1
#define HAVE_INTTYPES_H 1
#define HAVE_LIBNSL 1
#define HAVE_LSTAT 1
#define HAVE_MEMORY_H 1
#define HAVE_MMAP 1
#define HAVE_MUNMAP 1
#define HAVE_SIGACTION 1
#define HAVE_STDINT_H 1
#define HAVE_STDLIB_H 1
#define HAVE_STDLIB_H 1
#define HAVE_STDLIB_H 1
#define HAVE_STRINGS_H 1
#define HAVE_STRINGS_H 1
#define HAVE_STRINGS_H 1
#define HAVE_STRING_H 1
#define HAVE_STRING_H 1
#define HAVE_STRING_H 1
#define HAVE_STRUCT_STAT_ST_ATIME 1
#define HAVE_STRUCT_STAT_ST_BLKSIZE 1
#define HAVE_STRUCT_STAT_ST_BLOCKS 1
#define HAVE_STRUCT_STAT_ST_CTIME 1
#define HAVE_STRUCT_STAT_ST_DEV 1
#define HAVE_STRUCT_STAT_ST_GID 1
#define HAVE_STRUCT_STAT_ST_INO 1
#define HAVE_STRUCT_STAT_ST_MODE 1
#define HAVE_STRUCT_STAT_ST_MTIME 1
#define HAVE_STRUCT_STAT_ST_NLINK 1
#define HAVE_STRUCT_STAT_ST_RDEV 1
#define HAVE_STRUCT_STAT_ST_SIZE 1
#define HAVE_STRUCT_STAT_ST_UID 1
#define HAVE_SYS_MMAN_H 1
#define HAVE_SYS_RESOURCE_H 1
#define HAVE_SYS_STAT_H 1
#define HAVE_SYS_STAT_H 1
#define HAVE_SYS_STAT_H 1
#define HAVE_SYS_TIMES_H 1
#define HAVE_SYS_TIME_H 1
#define HAVE_SYS_TYPES_H 1
#define HAVE_TIME 1
#define HAVE_TIME_H 1
#define HAVE_TIME_H 1
#define HAVE_TRUNCATE 1
#define HAVE_UNISTD_H 1
#define HAVE_UNISTD_H 1
#define PACKAGE_BUGREPORT ""
#define PACKAGE_NAME ""
#define PACKAGE_STRING ""
#define PACKAGE_TARNAME ""
#define PACKAGE_VERSION ""
#define RETSIGTYPE void
#define STDC_HEADERS 1

configure: exit 0
