This file contains any messages produced by compilers while
running configure, to aid debugging if configure makes a mistake.

It was created by configure, which was
generated by GNU Autoconf 2.59.  Invocation command line was

  $ /home/zhangsiyu/pc018work-v15-at/apv5sdk-v15/build/gcc-4.3.3/toolchain_build_mips/binutils-2.19.1/opcodes/configure --cache-file=./config.cache --with-gnu-as --with-gnu-ld --with-stabs --prefix=/usr --mandir=/usr/share/man --infodir=/usr/share/info --with-sysroot=/home/zhangsiyu/pc018work-v15-at/apv5sdk-v15/build/gcc-4.3.3/toolchain_build_mips/uClibc_dev/ --with-sysroot=/home/zhangsiyu/pc018work-v15-at/apv5sdk-v15/build/gcc-4.3.3/build_mips/staging_dir --disable-nls --disable-multilib --disable-werror --with-float=soft --with-gmp=/home/zhangsiyu/pc018work-v15-at/apv5sdk-v15/build/gcc-4.3.3/toolchain_build_mips/gmp --with-mpfr=/home/zhangsiyu/pc018work-v15-at/apv5sdk-v15/build/gcc-4.3.3/toolchain_build_mips/mpfr --program-transform-name=s,^,mips-linux-uclibc-, --build=i386-pc-linux-gnu --host=i386-pc-linux-gnu --target=mips-linux-uclibc --srcdir=/home/zhangsiyu/pc018work-v15-at/apv5sdk-v15/build/gcc-4.3.3/toolchain_build_mips/binutils-2.19.1/opcodes

## --------- ##
## Platform. ##
## --------- ##

hostname = debian
uname -m = i686
uname -r = 2.6.32-5-686
uname -s = Linux
uname -v = #1 SMP Mon Sep 23 23:00:18 UTC 2013

/usr/bin/uname -p = unknown
/bin/uname -X     = unknown

/bin/arch              = unknown
/usr/bin/arch -k       = unknown
/usr/convex/getsysinfo = unknown
hostinfo               = unknown
/bin/machine           = unknown
/usr/bin/oslevel       = unknown
/bin/universe          = unknown

PATH: /home/zhangsiyu/pc018work-v15-at/apv5sdk-v15/build/../build/util
PATH: /home/zhangsiyu/pc018work-v15-at/apv5sdk-v15/build/../build/gcc-4.3.3/build_mips/staging_dir/usr//bin
PATH: /home/zhangsiyu/pc018work-v15-at/apv5sdk-v15/build/../linux
PATH: /home/zhangsiyu/pc018work-v15-at/apv5sdk-v15/build/../build
PATH: /home/zhangsiyu/pc018work-v15-at/apv5sdk-v15/build/../boot/redboot/ecos/tools/bin
PATH: `pwd`
PATH: /opt/hisi-linux/x86-arm/arm-hisiv200-linux/target/bin
PATH: /usr/local/bin
PATH: /usr/bin
PATH: /bin
PATH: /usr/local/games
PATH: /usr/games


## ----------- ##
## Core tests. ##
## ----------- ##

configure:1396: creating cache ./config.cache
configure:1523: checking build system type
configure:1541: result: i386-pc-linux-gnu
configure:1549: checking host system type
configure:1563: result: i386-pc-linux-gnu
configure:1571: checking target system type
configure:1585: result: mips-unknown-linux-uclibc
configure:1607: checking for i386-pc-linux-gnu-gcc
configure:1633: result: /usr/bin/gcc -I/home/zhangsiyu/pc018work-v15-at/apv5sdk-v15/build/gcc-4.3.3/build_mips/host_dir/include -I/home/zhangsiyu/pc018work-v15-at/apv5sdk-v15/build/gcc-4.3.3/build_mips/host_dir/usr/include
configure:1917: checking for C compiler version
configure:1920: /usr/bin/gcc -I/home/zhangsiyu/pc018work-v15-at/apv5sdk-v15/build/gcc-4.3.3/build_mips/host_dir/include -I/home/zhangsiyu/pc018work-v15-at/apv5sdk-v15/build/gcc-4.3.3/build_mips/host_dir/usr/include --version </dev/null >&5
gcc (Debian 4.4.5-8) 4.4.5
Copyright (C) 2010 Free Software Foundation, Inc.
This is free software; see the source for copying conditions.  There is NO
warranty; not even for MERCHANTABILITY or FITNESS FOR A PARTICULAR PURPOSE.

configure:1923: $? = 0
configure:1925: /usr/bin/gcc -I/home/zhangsiyu/pc018work-v15-at/apv5sdk-v15/build/gcc-4.3.3/build_mips/host_dir/include -I/home/zhangsiyu/pc018work-v15-at/apv5sdk-v15/build/gcc-4.3.3/build_mips/host_dir/usr/include -v </dev/null >&5
Using built-in specs.
Target: i486-linux-gnu
Configured with: ../src/configure -v --with-pkgversion='Debian 4.4.5-8' --with-bugurl=file:///usr/share/doc/gcc-4.4/README.Bugs --enable-languages=c,c++,fortran,objc,obj-c++ --prefix=/usr --program-suffix=-4.4 --enable-shared --enable-multiarch --enable-linker-build-id --with-system-zlib --libexecdir=/usr/lib --without-included-gettext --enable-threads=posix --with-gxx-include-dir=/usr/include/c++/4.4 --libdir=/usr/lib --enable-nls --enable-clocale=gnu --enable-libstdcxx-debug --enable-objc-gc --enable-targets=all --with-arch-32=i586 --with-tune=generic --enable-checking=release --build=i486-linux-gnu --host=i486-linux-gnu --target=i486-linux-gnu
Thread model: posix
gcc version 4.4.5 (Debian 4.4.5-8) 
configure:1928: $? = 0
configure:1930: /usr/bin/gcc -I/home/zhangsiyu/pc018work-v15-at/apv5sdk-v15/build/gcc-4.3.3/build_mips/host_dir/include -I/home/zhangsiyu/pc018work-v15-at/apv5sdk-v15/build/gcc-4.3.3/build_mips/host_dir/usr/include -V </dev/null >&5
gcc: '-V' must come at the start of the command line
configure:1933: $? = 1
configure:1956: checking for C compiler default output file name
configure:1959: /usr/bin/gcc -I/home/zhangsiyu/pc018work-v15-at/apv5sdk-v15/build/gcc-4.3.3/build_mips/host_dir/include -I/home/zhangsiyu/pc018work-v15-at/apv5sdk-v15/build/gcc-4.3.3/build_mips/host_dir/usr/include -g -O2   conftest.c  >&5
configure:1962: $? = 0
configure:2010: result: a.out
configure:2015: checking whether the C compiler works
configure:2021: ./a.out
configure:2024: $? = 0
configure:2043: result: yes
configure:2050: checking whether we are cross compiling
configure:2052: result: no
configure:2055: checking for suffix of executables
configure:2057: /usr/bin/gcc -I/home/zhangsiyu/pc018work-v15-at/apv5sdk-v15/build/gcc-4.3.3/build_mips/host_dir/include -I/home/zhangsiyu/pc018work-v15-at/apv5sdk-v15/build/gcc-4.3.3/build_mips/host_dir/usr/include -o conftest -g -O2   conftest.c  >&5
configure:2060: $? = 0
configure:2087: result: 
configure:2093: checking for suffix of object files
configure:2114: /usr/bin/gcc -I/home/zhangsiyu/pc018work-v15-at/apv5sdk-v15/build/gcc-4.3.3/build_mips/host_dir/include -I/home/zhangsiyu/pc018work-v15-at/apv5sdk-v15/build/gcc-4.3.3/build_mips/host_dir/usr/include -c -g -O2  conftest.c >&5
configure:2117: $? = 0
configure:2141: result: o
configure:2145: checking whether we are using the GNU C compiler
configure:2169: /usr/bin/gcc -I/home/zhangsiyu/pc018work-v15-at/apv5sdk-v15/build/gcc-4.3.3/build_mips/host_dir/include -I/home/zhangsiyu/pc018work-v15-at/apv5sdk-v15/build/gcc-4.3.3/build_mips/host_dir/usr/include -c -g -O2  conftest.c >&5
configure:2175: $? = 0
configure:2179: test -z 
			 || test ! -s conftest.err
configure:2182: $? = 0
configure:2185: test -s conftest.o
configure:2188: $? = 0
configure:2201: result: yes
configure:2207: checking whether /usr/bin/gcc -I/home/zhangsiyu/pc018work-v15-at/apv5sdk-v15/build/gcc-4.3.3/build_mips/host_dir/include -I/home/zhangsiyu/pc018work-v15-at/apv5sdk-v15/build/gcc-4.3.3/build_mips/host_dir/usr/include accepts -g
configure:2228: /usr/bin/gcc -I/home/zhangsiyu/pc018work-v15-at/apv5sdk-v15/build/gcc-4.3.3/build_mips/host_dir/include -I/home/zhangsiyu/pc018work-v15-at/apv5sdk-v15/build/gcc-4.3.3/build_mips/host_dir/usr/include -c -g  conftest.c >&5
configure:2234: $? = 0
configure:2238: test -z 
			 || test ! -s conftest.err
configure:2241: $? = 0
configure:2244: test -s conftest.o
configure:2247: $? = 0
configure:2258: result: yes
configure:2275: checking for /usr/bin/gcc -I/home/zhangsiyu/pc018work-v15-at/apv5sdk-v15/build/gcc-4.3.3/build_mips/host_dir/include -I/home/zhangsiyu/pc018work-v15-at/apv5sdk-v15/build/gcc-4.3.3/build_mips/host_dir/usr/include option to accept ANSI C
configure:2345: /usr/bin/gcc -I/home/zhangsiyu/pc018work-v15-at/apv5sdk-v15/build/gcc-4.3.3/build_mips/host_dir/include -I/home/zhangsiyu/pc018work-v15-at/apv5sdk-v15/build/gcc-4.3.3/build_mips/host_dir/usr/include  -c -g -O2  conftest.c >&5
configure:2351: $? = 0
configure:2355: test -z 
			 || test ! -s conftest.err
configure:2358: $? = 0
configure:2361: test -s conftest.o
configure:2364: $? = 0
configure:2382: result: none needed
configure:2400: /usr/bin/gcc -I/home/zhangsiyu/pc018work-v15-at/apv5sdk-v15/build/gcc-4.3.3/build_mips/host_dir/include -I/home/zhangsiyu/pc018work-v15-at/apv5sdk-v15/build/gcc-4.3.3/build_mips/host_dir/usr/include -c -g -O2  conftest.c >&5
conftest.c:2: error: expected '=', ',', ';', 'asm' or '__attribute__' before 'me'
configure:2406: $? = 1
configure: failed program was:
| #ifndef __cplusplus
|   choke me
| #endif
configure:2540: checking for library containing strerror
configure:2570: /usr/bin/gcc -I/home/zhangsiyu/pc018work-v15-at/apv5sdk-v15/build/gcc-4.3.3/build_mips/host_dir/include -I/home/zhangsiyu/pc018work-v15-at/apv5sdk-v15/build/gcc-4.3.3/build_mips/host_dir/usr/include -o conftest -g -O2   conftest.c  >&5
configure:2576: $? = 0
configure:2580: test -z 
			 || test ! -s conftest.err
configure:2583: $? = 0
configure:2586: test -s conftest
configure:2589: $? = 0
configure:2659: result: none required
configure:2687: checking for a BSD-compatible install
configure:2753: result: /usr/bin/install -c
configure:2764: checking whether build environment is sane
configure:2807: result: yes
configure:2872: checking for gawk
configure:2888: found /usr/bin/gawk
configure:2898: result: gawk
configure:2908: checking whether /usr/bin/make sets $(MAKE)
configure:2928: result: yes
configure:2958: checking for style of include used by /usr/bin/make
configure:2986: result: GNU
configure:3162: checking dependency style of /usr/bin/gcc -I/home/zhangsiyu/pc018work-v15-at/apv5sdk-v15/build/gcc-4.3.3/build_mips/host_dir/include -I/home/zhangsiyu/pc018work-v15-at/apv5sdk-v15/build/gcc-4.3.3/build_mips/host_dir/usr/include
configure:3252: result: gcc3
configure:3279: checking for i386-pc-linux-gnu-gcc
configure:3305: result: /usr/bin/gcc -I/home/zhangsiyu/pc018work-v15-at/apv5sdk-v15/build/gcc-4.3.3/build_mips/host_dir/include -I/home/zhangsiyu/pc018work-v15-at/apv5sdk-v15/build/gcc-4.3.3/build_mips/host_dir/usr/include
configure:3589: checking for C compiler version
configure:3592: /usr/bin/gcc -I/home/zhangsiyu/pc018work-v15-at/apv5sdk-v15/build/gcc-4.3.3/build_mips/host_dir/include -I/home/zhangsiyu/pc018work-v15-at/apv5sdk-v15/build/gcc-4.3.3/build_mips/host_dir/usr/include --version </dev/null >&5
gcc (Debian 4.4.5-8) 4.4.5
Copyright (C) 2010 Free Software Foundation, Inc.
This is free software; see the source for copying conditions.  There is NO
warranty; not even for MERCHANTABILITY or FITNESS FOR A PARTICULAR PURPOSE.

configure:3595: $? = 0
configure:3597: /usr/bin/gcc -I/home/zhangsiyu/pc018work-v15-at/apv5sdk-v15/build/gcc-4.3.3/build_mips/host_dir/include -I/home/zhangsiyu/pc018work-v15-at/apv5sdk-v15/build/gcc-4.3.3/build_mips/host_dir/usr/include -v </dev/null >&5
Using built-in specs.
Target: i486-linux-gnu
Configured with: ../src/configure -v --with-pkgversion='Debian 4.4.5-8' --with-bugurl=file:///usr/share/doc/gcc-4.4/README.Bugs --enable-languages=c,c++,fortran,objc,obj-c++ --prefix=/usr --program-suffix=-4.4 --enable-shared --enable-multiarch --enable-linker-build-id --with-system-zlib --libexecdir=/usr/lib --without-included-gettext --enable-threads=posix --with-gxx-include-dir=/usr/include/c++/4.4 --libdir=/usr/lib --enable-nls --enable-clocale=gnu --enable-libstdcxx-debug --enable-objc-gc --enable-targets=all --with-arch-32=i586 --with-tune=generic --enable-checking=release --build=i486-linux-gnu --host=i486-linux-gnu --target=i486-linux-gnu
Thread model: posix
gcc version 4.4.5 (Debian 4.4.5-8) 
configure:3600: $? = 0
configure:3602: /usr/bin/gcc -I/home/zhangsiyu/pc018work-v15-at/apv5sdk-v15/build/gcc-4.3.3/build_mips/host_dir/include -I/home/zhangsiyu/pc018work-v15-at/apv5sdk-v15/build/gcc-4.3.3/build_mips/host_dir/usr/include -V </dev/null >&5
gcc: '-V' must come at the start of the command line
configure:3605: $? = 1
configure:3608: checking whether we are using the GNU C compiler
configure:3664: result: yes
configure:3670: checking whether /usr/bin/gcc -I/home/zhangsiyu/pc018work-v15-at/apv5sdk-v15/build/gcc-4.3.3/build_mips/host_dir/include -I/home/zhangsiyu/pc018work-v15-at/apv5sdk-v15/build/gcc-4.3.3/build_mips/host_dir/usr/include accepts -g
configure:3721: result: yes
configure:3738: checking for /usr/bin/gcc -I/home/zhangsiyu/pc018work-v15-at/apv5sdk-v15/build/gcc-4.3.3/build_mips/host_dir/include -I/home/zhangsiyu/pc018work-v15-at/apv5sdk-v15/build/gcc-4.3.3/build_mips/host_dir/usr/include option to accept ANSI C
configure:3845: result: none needed
configure:3863: /usr/bin/gcc -I/home/zhangsiyu/pc018work-v15-at/apv5sdk-v15/build/gcc-4.3.3/build_mips/host_dir/include -I/home/zhangsiyu/pc018work-v15-at/apv5sdk-v15/build/gcc-4.3.3/build_mips/host_dir/usr/include -c -g -O2  conftest.c >&5
conftest.c:2: error: expected '=', ',', ';', 'asm' or '__attribute__' before 'me'
configure:3869: $? = 1
configure: failed program was:
| #ifndef __cplusplus
|   choke me
| #endif
configure:4013: checking how to run the C preprocessor
configure:4048: /usr/bin/gcc -I/home/zhangsiyu/pc018work-v15-at/apv5sdk-v15/build/gcc-4.3.3/build_mips/host_dir/include -I/home/zhangsiyu/pc018work-v15-at/apv5sdk-v15/build/gcc-4.3.3/build_mips/host_dir/usr/include -E  conftest.c
configure:4054: $? = 0
configure:4086: /usr/bin/gcc -I/home/zhangsiyu/pc018work-v15-at/apv5sdk-v15/build/gcc-4.3.3/build_mips/host_dir/include -I/home/zhangsiyu/pc018work-v15-at/apv5sdk-v15/build/gcc-4.3.3/build_mips/host_dir/usr/include -E  conftest.c
conftest.c:12:28: error: ac_nonexistent.h: No such file or directory
configure:4092: $? = 1
configure: failed program was:
| /* confdefs.h.  */
| 
| #define PACKAGE_NAME ""
| #define PACKAGE_TARNAME ""
| #define PACKAGE_VERSION ""
| #define PACKAGE_STRING ""
| #define PACKAGE_BUGREPORT ""
| #define PACKAGE "opcodes"
| #define VERSION "2.19.1"
| #define _GNU_SOURCE 1
| /* end confdefs.h.  */
| #include <ac_nonexistent.h>
configure:4131: result: /usr/bin/gcc -I/home/zhangsiyu/pc018work-v15-at/apv5sdk-v15/build/gcc-4.3.3/build_mips/host_dir/include -I/home/zhangsiyu/pc018work-v15-at/apv5sdk-v15/build/gcc-4.3.3/build_mips/host_dir/usr/include -E
configure:4155: /usr/bin/gcc -I/home/zhangsiyu/pc018work-v15-at/apv5sdk-v15/build/gcc-4.3.3/build_mips/host_dir/include -I/home/zhangsiyu/pc018work-v15-at/apv5sdk-v15/build/gcc-4.3.3/build_mips/host_dir/usr/include -E  conftest.c
configure:4161: $? = 0
configure:4193: /usr/bin/gcc -I/home/zhangsiyu/pc018work-v15-at/apv5sdk-v15/build/gcc-4.3.3/build_mips/host_dir/include -I/home/zhangsiyu/pc018work-v15-at/apv5sdk-v15/build/gcc-4.3.3/build_mips/host_dir/usr/include -E  conftest.c
conftest.c:12:28: error: ac_nonexistent.h: No such file or directory
configure:4199: $? = 1
configure: failed program was:
| /* confdefs.h.  */
| 
| #define PACKAGE_NAME ""
| #define PACKAGE_TARNAME ""
| #define PACKAGE_VERSION ""
| #define PACKAGE_STRING ""
| #define PACKAGE_BUGREPORT ""
| #define PACKAGE "opcodes"
| #define VERSION "2.19.1"
| #define _GNU_SOURCE 1
| /* end confdefs.h.  */
| #include <ac_nonexistent.h>
configure:4245: checking for egrep
configure:4255: result: grep -E
configure:4260: checking for ANSI C header files
configure:4285: /usr/bin/gcc -I/home/zhangsiyu/pc018work-v15-at/apv5sdk-v15/build/gcc-4.3.3/build_mips/host_dir/include -I/home/zhangsiyu/pc018work-v15-at/apv5sdk-v15/build/gcc-4.3.3/build_mips/host_dir/usr/include -c -g -O2  conftest.c >&5
configure:4291: $? = 0
configure:4295: test -z 
			 || test ! -s conftest.err
configure:4298: $? = 0
configure:4301: test -s conftest.o
configure:4304: $? = 0
configure:4393: /usr/bin/gcc -I/home/zhangsiyu/pc018work-v15-at/apv5sdk-v15/build/gcc-4.3.3/build_mips/host_dir/include -I/home/zhangsiyu/pc018work-v15-at/apv5sdk-v15/build/gcc-4.3.3/build_mips/host_dir/usr/include -o conftest -g -O2   conftest.c  >&5
conftest.c: In function 'main':
conftest.c:29: warning: incompatible implicit declaration of built-in function 'exit'
configure:4396: $? = 0
configure:4398: ./conftest
configure:4401: $? = 0
configure:4416: result: yes
configure:4440: checking for sys/types.h
configure:4456: /usr/bin/gcc -I/home/zhangsiyu/pc018work-v15-at/apv5sdk-v15/build/gcc-4.3.3/build_mips/host_dir/include -I/home/zhangsiyu/pc018work-v15-at/apv5sdk-v15/build/gcc-4.3.3/build_mips/host_dir/usr/include -c -g -O2  conftest.c >&5
configure:4462: $? = 0
configure:4466: test -z 
			 || test ! -s conftest.err
configure:4469: $? = 0
configure:4472: test -s conftest.o
configure:4475: $? = 0
configure:4486: result: yes
configure:4440: checking for sys/stat.h
configure:4456: /usr/bin/gcc -I/home/zhangsiyu/pc018work-v15-at/apv5sdk-v15/build/gcc-4.3.3/build_mips/host_dir/include -I/home/zhangsiyu/pc018work-v15-at/apv5sdk-v15/build/gcc-4.3.3/build_mips/host_dir/usr/include -c -g -O2  conftest.c >&5
configure:4462: $? = 0
configure:4466: test -z 
			 || test ! -s conftest.err
configure:4469: $? = 0
configure:4472: test -s conftest.o
configure:4475: $? = 0
configure:4486: result: yes
configure:4440: checking for stdlib.h
configure:4456: /usr/bin/gcc -I/home/zhangsiyu/pc018work-v15-at/apv5sdk-v15/build/gcc-4.3.3/build_mips/host_dir/include -I/home/zhangsiyu/pc018work-v15-at/apv5sdk-v15/build/gcc-4.3.3/build_mips/host_dir/usr/include -c -g -O2  conftest.c >&5
configure:4462: $? = 0
configure:4466: test -z 
			 || test ! -s conftest.err
configure:4469: $? = 0
configure:4472: test -s conftest.o
configure:4475: $? = 0
configure:4486: result: yes
configure:4440: checking for string.h
configure:4456: /usr/bin/gcc -I/home/zhangsiyu/pc018work-v15-at/apv5sdk-v15/build/gcc-4.3.3/build_mips/host_dir/include -I/home/zhangsiyu/pc018work-v15-at/apv5sdk-v15/build/gcc-4.3.3/build_mips/host_dir/usr/include -c -g -O2  conftest.c >&5
configure:4462: $? = 0
configure:4466: test -z 
			 || test ! -s conftest.err
configure:4469: $? = 0
configure:4472: test -s conftest.o
configure:4475: $? = 0
configure:4486: result: yes
configure:4440: checking for memory.h
configure:4456: /usr/bin/gcc -I/home/zhangsiyu/pc018work-v15-at/apv5sdk-v15/build/gcc-4.3.3/build_mips/host_dir/include -I/home/zhangsiyu/pc018work-v15-at/apv5sdk-v15/build/gcc-4.3.3/build_mips/host_dir/usr/include -c -g -O2  conftest.c >&5
configure:4462: $? = 0
configure:4466: test -z 
			 || test ! -s conftest.err
configure:4469: $? = 0
configure:4472: test -s conftest.o
configure:4475: $? = 0
configure:4486: result: yes
configure:4440: checking for strings.h
configure:4456: /usr/bin/gcc -I/home/zhangsiyu/pc018work-v15-at/apv5sdk-v15/build/gcc-4.3.3/build_mips/host_dir/include -I/home/zhangsiyu/pc018work-v15-at/apv5sdk-v15/build/gcc-4.3.3/build_mips/host_dir/usr/include -c -g -O2  conftest.c >&5
configure:4462: $? = 0
configure:4466: test -z 
			 || test ! -s conftest.err
configure:4469: $? = 0
configure:4472: test -s conftest.o
configure:4475: $? = 0
configure:4486: result: yes
configure:4440: checking for inttypes.h
configure:4456: /usr/bin/gcc -I/home/zhangsiyu/pc018work-v15-at/apv5sdk-v15/build/gcc-4.3.3/build_mips/host_dir/include -I/home/zhangsiyu/pc018work-v15-at/apv5sdk-v15/build/gcc-4.3.3/build_mips/host_dir/usr/include -c -g -O2  conftest.c >&5
configure:4462: $? = 0
configure:4466: test -z 
			 || test ! -s conftest.err
configure:4469: $? = 0
configure:4472: test -s conftest.o
configure:4475: $? = 0
configure:4486: result: yes
configure:4440: checking for stdint.h
configure:4456: /usr/bin/gcc -I/home/zhangsiyu/pc018work-v15-at/apv5sdk-v15/build/gcc-4.3.3/build_mips/host_dir/include -I/home/zhangsiyu/pc018work-v15-at/apv5sdk-v15/build/gcc-4.3.3/build_mips/host_dir/usr/include -c -g -O2  conftest.c >&5
configure:4462: $? = 0
configure:4466: test -z 
			 || test ! -s conftest.err
configure:4469: $? = 0
configure:4472: test -s conftest.o
configure:4475: $? = 0
configure:4486: result: yes
configure:4440: checking for unistd.h
configure:4456: /usr/bin/gcc -I/home/zhangsiyu/pc018work-v15-at/apv5sdk-v15/build/gcc-4.3.3/build_mips/host_dir/include -I/home/zhangsiyu/pc018work-v15-at/apv5sdk-v15/build/gcc-4.3.3/build_mips/host_dir/usr/include -c -g -O2  conftest.c >&5
configure:4462: $? = 0
configure:4466: test -z 
			 || test ! -s conftest.err
configure:4469: $? = 0
configure:4472: test -s conftest.o
configure:4475: $? = 0
configure:4486: result: yes
configure:4509: checking minix/config.h usability
configure:4521: /usr/bin/gcc -I/home/zhangsiyu/pc018work-v15-at/apv5sdk-v15/build/gcc-4.3.3/build_mips/host_dir/include -I/home/zhangsiyu/pc018work-v15-at/apv5sdk-v15/build/gcc-4.3.3/build_mips/host_dir/usr/include -c -g -O2  conftest.c >&5
conftest.c:56:26: error: minix/config.h: No such file or directory
configure:4527: $? = 1
configure: failed program was:
| /* confdefs.h.  */
| 
| #define PACKAGE_NAME ""
| #define PACKAGE_TARNAME ""
| #define PACKAGE_VERSION ""
| #define PACKAGE_STRING ""
| #define PACKAGE_BUGREPORT ""
| #define PACKAGE "opcodes"
| #define VERSION "2.19.1"
| #define _GNU_SOURCE 1
| #define STDC_HEADERS 1
| #define HAVE_SYS_TYPES_H 1
| #define HAVE_SYS_STAT_H 1
| #define HAVE_STDLIB_H 1
| #define HAVE_STRING_H 1
| #define HAVE_MEMORY_H 1
| #define HAVE_STRINGS_H 1
| #define HAVE_INTTYPES_H 1
| #define HAVE_STDINT_H 1
| #define HAVE_UNISTD_H 1
| /* end confdefs.h.  */
| #include <stdio.h>
| #if HAVE_SYS_TYPES_H
| # include <sys/types.h>
| #endif
| #if HAVE_SYS_STAT_H
| # include <sys/stat.h>
| #endif
| #if STDC_HEADERS
| # include <stdlib.h>
| # include <stddef.h>
| #else
| # if HAVE_STDLIB_H
| #  include <stdlib.h>
| # endif
| #endif
| #if HAVE_STRING_H
| # if !STDC_HEADERS && HAVE_MEMORY_H
| #  include <memory.h>
| # endif
| # include <string.h>
| #endif
| #if HAVE_STRINGS_H
| # include <strings.h>
| #endif
| #if HAVE_INTTYPES_H
| # include <inttypes.h>
| #else
| # if HAVE_STDINT_H
| #  include <stdint.h>
| # endif
| #endif
| #if HAVE_UNISTD_H
| # include <unistd.h>
| #endif
| #include <minix/config.h>
configure:4550: result: no
configure:4554: checking minix/config.h presence
configure:4564: /usr/bin/gcc -I/home/zhangsiyu/pc018work-v15-at/apv5sdk-v15/build/gcc-4.3.3/build_mips/host_dir/include -I/home/zhangsiyu/pc018work-v15-at/apv5sdk-v15/build/gcc-4.3.3/build_mips/host_dir/usr/include -E  conftest.c
conftest.c:22:26: error: minix/config.h: No such file or directory
configure:4570: $? = 1
configure: failed program was:
| /* confdefs.h.  */
| 
| #define PACKAGE_NAME ""
| #define PACKAGE_TARNAME ""
| #define PACKAGE_VERSION ""
| #define PACKAGE_STRING ""
| #define PACKAGE_BUGREPORT ""
| #define PACKAGE "opcodes"
| #define VERSION "2.19.1"
| #define _GNU_SOURCE 1
| #define STDC_HEADERS 1
| #define HAVE_SYS_TYPES_H 1
| #define HAVE_SYS_STAT_H 1
| #define HAVE_STDLIB_H 1
| #define HAVE_STRING_H 1
| #define HAVE_MEMORY_H 1
| #define HAVE_STRINGS_H 1
| #define HAVE_INTTYPES_H 1
| #define HAVE_STDINT_H 1
| #define HAVE_UNISTD_H 1
| /* end confdefs.h.  */
| #include <minix/config.h>
configure:4590: result: no
configure:4625: checking for minix/config.h
configure:4632: result: no
configure:4663: checking whether it is safe to define __EXTENSIONS__
configure:4686: /usr/bin/gcc -I/home/zhangsiyu/pc018work-v15-at/apv5sdk-v15/build/gcc-4.3.3/build_mips/host_dir/include -I/home/zhangsiyu/pc018work-v15-at/apv5sdk-v15/build/gcc-4.3.3/build_mips/host_dir/usr/include -c -g -O2  conftest.c >&5
configure:4692: $? = 0
configure:4696: test -z 
			 || test ! -s conftest.err
configure:4699: $? = 0
configure:4702: test -s conftest.o
configure:4705: $? = 0
configure:4716: result: yes
configure:4744: checking for i386-pc-linux-gnu-ar
configure:4770: result: /usr/bin/ar
configure:4823: checking for i386-pc-linux-gnu-ranlib
configure:4849: result: ranlib
configure:5039: checking for a sed that does not truncate output
configure:5095: result: /bin/sed
configure:5111: checking for fgrep
configure:5121: result: grep -F
configure:5156: checking for ld used by /usr/bin/gcc -I/home/zhangsiyu/pc018work-v15-at/apv5sdk-v15/build/gcc-4.3.3/build_mips/host_dir/include -I/home/zhangsiyu/pc018work-v15-at/apv5sdk-v15/build/gcc-4.3.3/build_mips/host_dir/usr/include
configure:5223: result: /usr/bin/ld -L/home/zhangsiyu/pc018work-v15-at/apv5sdk-v15/build/gcc-4.3.3/build_mips/host_dir/lib -L/home/zhangsiyu/pc018work-v15-at/apv5sdk-v15/build/gcc-4.3.3/build_mips/host_dir/usr/lib
configure:5232: checking if the linker (/usr/bin/ld -L/home/zhangsiyu/pc018work-v15-at/apv5sdk-v15/build/gcc-4.3.3/build_mips/host_dir/lib -L/home/zhangsiyu/pc018work-v15-at/apv5sdk-v15/build/gcc-4.3.3/build_mips/host_dir/usr/lib) is GNU ld
configure:5247: result: yes
configure:5260: checking for BSD- or MS-compatible name lister (nm)
configure:5309: result: /usr/bin/nm
configure:5414: checking the name lister (/usr/bin/nm) interface
configure:5421: /usr/bin/gcc -I/home/zhangsiyu/pc018work-v15-at/apv5sdk-v15/build/gcc-4.3.3/build_mips/host_dir/include -I/home/zhangsiyu/pc018work-v15-at/apv5sdk-v15/build/gcc-4.3.3/build_mips/host_dir/usr/include -c -g -O2  conftest.c >&5
configure:5424: /usr/bin/nm "conftest.o"
configure:5427: output
00000000 B some_variable
configure:5434: result: BSD nm
configure:5437: checking whether ln -s works
configure:5441: result: yes
configure:5449: checking the maximum length of command line arguments
configure:5569: result: 805306365
configure:5587: checking whether the shell understands some XSI constructs
configure:5595: result: yes
configure:5599: checking whether the shell understands "+="
configure:5605: result: yes
configure:5640: checking for /usr/bin/ld -L/home/zhangsiyu/pc018work-v15-at/apv5sdk-v15/build/gcc-4.3.3/build_mips/host_dir/lib -L/home/zhangsiyu/pc018work-v15-at/apv5sdk-v15/build/gcc-4.3.3/build_mips/host_dir/usr/lib option to reload object files
configure:5647: result: -r
configure:5674: checking how to recognize dependent libraries
configure:5864: result: pass_all
configure:5884: checking for i386-pc-linux-gnu-ar
configure:5910: result: /usr/bin/ar
configure:5977: checking for i386-pc-linux-gnu-strip
configure:6003: result: mips-linux-uclibc-strip
configure:6064: checking for i386-pc-linux-gnu-ranlib
configure:6090: result: ranlib
configure:6209: checking command to parse /usr/bin/nm output from /usr/bin/gcc -I/home/zhangsiyu/pc018work-v15-at/apv5sdk-v15/build/gcc-4.3.3/build_mips/host_dir/include -I/home/zhangsiyu/pc018work-v15-at/apv5sdk-v15/build/gcc-4.3.3/build_mips/host_dir/usr/include object
configure:6326: /usr/bin/gcc -I/home/zhangsiyu/pc018work-v15-at/apv5sdk-v15/build/gcc-4.3.3/build_mips/host_dir/include -I/home/zhangsiyu/pc018work-v15-at/apv5sdk-v15/build/gcc-4.3.3/build_mips/host_dir/usr/include -c -g -O2  conftest.c >&5
configure:6329: $? = 0
configure:6333: /usr/bin/nm conftest.o \| sed -n -e 's/^.*[	 ]\([ABCDGIRSTW][ABCDGIRSTW]*\)[	 ][	 ]*\([_A-Za-z][_A-Za-z0-9]*\)$/\1 \2 \2/p' \> conftest.nm
configure:6336: $? = 0
configure:6390: /usr/bin/gcc -I/home/zhangsiyu/pc018work-v15-at/apv5sdk-v15/build/gcc-4.3.3/build_mips/host_dir/include -I/home/zhangsiyu/pc018work-v15-at/apv5sdk-v15/build/gcc-4.3.3/build_mips/host_dir/usr/include -o conftest -g -O2   conftest.c conftstm.o >&5
configure:6393: $? = 0
configure:6431: result: ok
configure:6672: checking for dlfcn.h
configure:6688: /usr/bin/gcc -I/home/zhangsiyu/pc018work-v15-at/apv5sdk-v15/build/gcc-4.3.3/build_mips/host_dir/include -I/home/zhangsiyu/pc018work-v15-at/apv5sdk-v15/build/gcc-4.3.3/build_mips/host_dir/usr/include -c -g -O2  conftest.c >&5
configure:6694: $? = 0
configure:6698: test -z 
			 || test ! -s conftest.err
configure:6701: $? = 0
configure:6704: test -s conftest.o
configure:6707: $? = 0
configure:6718: result: yes
configure:6780: checking for objdir
configure:6795: result: .libs
configure:7091: checking if /usr/bin/gcc -I/home/zhangsiyu/pc018work-v15-at/apv5sdk-v15/build/gcc-4.3.3/build_mips/host_dir/include -I/home/zhangsiyu/pc018work-v15-at/apv5sdk-v15/build/gcc-4.3.3/build_mips/host_dir/usr/include supports -fno-rtti -fno-exceptions
configure:7109: /usr/bin/gcc -I/home/zhangsiyu/pc018work-v15-at/apv5sdk-v15/build/gcc-4.3.3/build_mips/host_dir/include -I/home/zhangsiyu/pc018work-v15-at/apv5sdk-v15/build/gcc-4.3.3/build_mips/host_dir/usr/include -c -g -O2  -fno-rtti -fno-exceptions conftest.c >&5
cc1: warning: command line option "-fno-rtti" is valid for C++/ObjC++ but not for C
configure:7113: $? = 0
configure:7126: result: no
configure:7146: checking for /usr/bin/gcc -I/home/zhangsiyu/pc018work-v15-at/apv5sdk-v15/build/gcc-4.3.3/build_mips/host_dir/include -I/home/zhangsiyu/pc018work-v15-at/apv5sdk-v15/build/gcc-4.3.3/build_mips/host_dir/usr/include option to produce PIC
configure:7401: result: -fPIC -DPIC
configure:7413: checking if /usr/bin/gcc -I/home/zhangsiyu/pc018work-v15-at/apv5sdk-v15/build/gcc-4.3.3/build_mips/host_dir/include -I/home/zhangsiyu/pc018work-v15-at/apv5sdk-v15/build/gcc-4.3.3/build_mips/host_dir/usr/include PIC flag -fPIC -DPIC works
configure:7431: /usr/bin/gcc -I/home/zhangsiyu/pc018work-v15-at/apv5sdk-v15/build/gcc-4.3.3/build_mips/host_dir/include -I/home/zhangsiyu/pc018work-v15-at/apv5sdk-v15/build/gcc-4.3.3/build_mips/host_dir/usr/include -c -g -O2  -fPIC -DPIC -DPIC conftest.c >&5
configure:7435: $? = 0
configure:7448: result: yes
configure:7472: checking if /usr/bin/gcc -I/home/zhangsiyu/pc018work-v15-at/apv5sdk-v15/build/gcc-4.3.3/build_mips/host_dir/include -I/home/zhangsiyu/pc018work-v15-at/apv5sdk-v15/build/gcc-4.3.3/build_mips/host_dir/usr/include static flag -static works
configure:7500: result: yes
configure:7515: checking if /usr/bin/gcc -I/home/zhangsiyu/pc018work-v15-at/apv5sdk-v15/build/gcc-4.3.3/build_mips/host_dir/include -I/home/zhangsiyu/pc018work-v15-at/apv5sdk-v15/build/gcc-4.3.3/build_mips/host_dir/usr/include supports -c -o file.o
configure:7536: /usr/bin/gcc -I/home/zhangsiyu/pc018work-v15-at/apv5sdk-v15/build/gcc-4.3.3/build_mips/host_dir/include -I/home/zhangsiyu/pc018work-v15-at/apv5sdk-v15/build/gcc-4.3.3/build_mips/host_dir/usr/include -c -g -O2  -o out/conftest2.o conftest.c >&5
configure:7540: $? = 0
configure:7562: result: yes
configure:7570: checking if /usr/bin/gcc -I/home/zhangsiyu/pc018work-v15-at/apv5sdk-v15/build/gcc-4.3.3/build_mips/host_dir/include -I/home/zhangsiyu/pc018work-v15-at/apv5sdk-v15/build/gcc-4.3.3/build_mips/host_dir/usr/include supports -c -o file.o
configure:7617: result: yes
configure:7650: checking whether the /usr/bin/gcc -I/home/zhangsiyu/pc018work-v15-at/apv5sdk-v15/build/gcc-4.3.3/build_mips/host_dir/include -I/home/zhangsiyu/pc018work-v15-at/apv5sdk-v15/build/gcc-4.3.3/build_mips/host_dir/usr/include linker (/usr/bin/ld -L/home/zhangsiyu/pc018work-v15-at/apv5sdk-v15/build/gcc-4.3.3/build_mips/host_dir/lib -L/home/zhangsiyu/pc018work-v15-at/apv5sdk-v15/build/gcc-4.3.3/build_mips/host_dir/usr/lib) supports shared libraries
configure:8730: result: yes
configure:8969: checking dynamic linker characteristics
configure:9402: /usr/bin/gcc -I/home/zhangsiyu/pc018work-v15-at/apv5sdk-v15/build/gcc-4.3.3/build_mips/host_dir/include -I/home/zhangsiyu/pc018work-v15-at/apv5sdk-v15/build/gcc-4.3.3/build_mips/host_dir/usr/include -o conftest -g -O2   -Wl,-rpath -Wl,/foo conftest.c  >&5
configure:9408: $? = 0
configure:9412: test -z 
			 || test ! -s conftest.err
configure:9415: $? = 0
configure:9418: test -s conftest
configure:9421: $? = 0
configure:9645: result: GNU/Linux ld.so
configure:9740: checking how to hardcode library paths into programs
configure:9765: result: immediate
configure:10611: checking whether stripping libraries is possible
configure:10633: result: no
configure:10651: checking if libtool supports shared libraries
configure:10653: result: yes
configure:10656: checking whether to build shared libraries
configure:10677: result: no
configure:10680: checking whether to build static libraries
configure:10684: result: yes
configure:10815: checking whether to enable maintainer-specific portions of Makefiles
configure:10824: result: no
configure:10854: checking whether to install libbfd
configure:10867: result: no
configure:10913: checking whether NLS is requested
configure:10916: result: no
configure:10986: checking whether NLS is requested
configure:10995: result: no
configure:11033: checking for msgfmt
configure:11064: result: /usr/bin/msgfmt
configure:11073: checking for gmsgfmt
configure:11104: result: /usr/bin/msgfmt
configure:11143: checking for xgettext
configure:11174: result: /usr/bin/xgettext
configure:11214: checking for msgmerge
configure:11244: result: /usr/bin/msgmerge
configure:11335: checking for a BSD-compatible install
configure:11401: result: /usr/bin/install -c
configure:11421: checking for string.h
configure:11426: result: yes
configure:11421: checking for strings.h
configure:11426: result: yes
configure:11421: checking for stdlib.h
configure:11426: result: yes
configure:11430: checking limits.h usability
configure:11442: /usr/bin/gcc -I/home/zhangsiyu/pc018work-v15-at/apv5sdk-v15/build/gcc-4.3.3/build_mips/host_dir/include -I/home/zhangsiyu/pc018work-v15-at/apv5sdk-v15/build/gcc-4.3.3/build_mips/host_dir/usr/include -c -g -O2  conftest.c >&5
configure:11448: $? = 0
configure:11452: test -z 
			 || test ! -s conftest.err
configure:11455: $? = 0
configure:11458: test -s conftest.o
configure:11461: $? = 0
configure:11471: result: yes
configure:11475: checking limits.h presence
configure:11485: /usr/bin/gcc -I/home/zhangsiyu/pc018work-v15-at/apv5sdk-v15/build/gcc-4.3.3/build_mips/host_dir/include -I/home/zhangsiyu/pc018work-v15-at/apv5sdk-v15/build/gcc-4.3.3/build_mips/host_dir/usr/include -E  conftest.c
configure:11491: $? = 0
configure:11511: result: yes
configure:11546: checking for limits.h
configure:11553: result: yes
configure:11567: checking whether basename is declared
configure:11591: /usr/bin/gcc -I/home/zhangsiyu/pc018work-v15-at/apv5sdk-v15/build/gcc-4.3.3/build_mips/host_dir/include -I/home/zhangsiyu/pc018work-v15-at/apv5sdk-v15/build/gcc-4.3.3/build_mips/host_dir/usr/include -c -g -O2  conftest.c >&5
configure:11597: $? = 0
configure:11601: test -z 
			 || test ! -s conftest.err
configure:11604: $? = 0
configure:11607: test -s conftest.o
configure:11610: $? = 0
configure:11621: result: yes
configure:11637: checking whether stpcpy is declared
configure:11661: /usr/bin/gcc -I/home/zhangsiyu/pc018work-v15-at/apv5sdk-v15/build/gcc-4.3.3/build_mips/host_dir/include -I/home/zhangsiyu/pc018work-v15-at/apv5sdk-v15/build/gcc-4.3.3/build_mips/host_dir/usr/include -c -g -O2  conftest.c >&5
configure:11667: $? = 0
configure:11671: test -z 
			 || test ! -s conftest.err
configure:11674: $? = 0
configure:11677: test -s conftest.o
configure:11680: $? = 0
configure:11691: result: yes
configure:12073: creating ./config.status

## ---------------------- ##
## Running config.status. ##
## ---------------------- ##

This file was extended by config.status, which was
generated by GNU Autoconf 2.59.  Invocation command line was

  CONFIG_FILES    = 
  CONFIG_HEADERS  = 
  CONFIG_LINKS    = 
  CONFIG_COMMANDS = 
  $ ./config.status 

on debian

config.status:939: creating Makefile
config.status:939: creating po/Makefile.in
config.status:1036: creating config.h
config.status:1350: executing depfiles commands
config.status:1350: executing libtool commands
config.status:1350: executing default-1 commands

## ---------------- ##
## Cache variables. ##
## ---------------- ##

ac_cv_build=i386-pc-linux-gnu
ac_cv_build_alias=i386-pc-linux-gnu
ac_cv_c_compiler_gnu=yes
ac_cv_env_CC_set=set
ac_cv_env_CC_value='/usr/bin/gcc -I/home/zhangsiyu/pc018work-v15-at/apv5sdk-v15/build/gcc-4.3.3/build_mips/host_dir/include -I/home/zhangsiyu/pc018work-v15-at/apv5sdk-v15/build/gcc-4.3.3/build_mips/host_dir/usr/include'
ac_cv_env_CFLAGS_set=set
ac_cv_env_CFLAGS_value='-g -O2'
ac_cv_env_CPPFLAGS_set=
ac_cv_env_CPPFLAGS_value=
ac_cv_env_CPP_set=
ac_cv_env_CPP_value=
ac_cv_env_LDFLAGS_set=set
ac_cv_env_LDFLAGS_value=
ac_cv_env_build_alias_set=set
ac_cv_env_build_alias_value=i386-pc-linux-gnu
ac_cv_env_host_alias_set=set
ac_cv_env_host_alias_value=i386-pc-linux-gnu
ac_cv_env_target_alias_set=set
ac_cv_env_target_alias_value=mips-linux-uclibc
ac_cv_exeext=
ac_cv_have_decl_basename=yes
ac_cv_have_decl_stpcpy=yes
ac_cv_header_dlfcn_h=yes
ac_cv_header_inttypes_h=yes
ac_cv_header_limits_h=yes
ac_cv_header_memory_h=yes
ac_cv_header_minix_config_h=no
ac_cv_header_stdc=yes
ac_cv_header_stdint_h=yes
ac_cv_header_stdlib_h=yes
ac_cv_header_string_h=yes
ac_cv_header_strings_h=yes
ac_cv_header_sys_stat_h=yes
ac_cv_header_sys_types_h=yes
ac_cv_header_unistd_h=yes
ac_cv_host=i386-pc-linux-gnu
ac_cv_host_alias=i386-pc-linux-gnu
ac_cv_objext=o
ac_cv_path_GMSGFMT=/usr/bin/msgfmt
ac_cv_path_MSGFMT=/usr/bin/msgfmt
ac_cv_path_MSGMERGE=/usr/bin/msgmerge
ac_cv_path_XGETTEXT=/usr/bin/xgettext
ac_cv_prog_AR=/usr/bin/ar
ac_cv_prog_AWK=gawk
ac_cv_prog_CC='/usr/bin/gcc -I/home/zhangsiyu/pc018work-v15-at/apv5sdk-v15/build/gcc-4.3.3/build_mips/host_dir/include -I/home/zhangsiyu/pc018work-v15-at/apv5sdk-v15/build/gcc-4.3.3/build_mips/host_dir/usr/include'
ac_cv_prog_CPP='/usr/bin/gcc -I/home/zhangsiyu/pc018work-v15-at/apv5sdk-v15/build/gcc-4.3.3/build_mips/host_dir/include -I/home/zhangsiyu/pc018work-v15-at/apv5sdk-v15/build/gcc-4.3.3/build_mips/host_dir/usr/include -E'
ac_cv_prog_RANLIB=ranlib
ac_cv_prog_STRIP=mips-linux-uclibc-strip
ac_cv_prog_cc_g=yes
ac_cv_prog_cc_stdc=
ac_cv_prog_egrep='grep -E'
ac_cv_prog_fgrep='grep -F'
ac_cv_prog_make__usr_bin_make_set=yes
ac_cv_safe_to_define___extensions__=yes
ac_cv_search_strerror='none required'
ac_cv_target=mips-unknown-linux-uclibc
ac_cv_target_alias=mips-linux-uclibc
am_cv_CC_dependencies_compiler_type=gcc3
lt_cv_deplibs_check_method=pass_all
lt_cv_file_magic_cmd='$MAGIC_CMD'
lt_cv_file_magic_test_file=
lt_cv_ld_reload_flag=-r
lt_cv_nm_interface='BSD nm'
lt_cv_objdir=.libs
lt_cv_path_LD='/usr/bin/ld -L/home/zhangsiyu/pc018work-v15-at/apv5sdk-v15/build/gcc-4.3.3/build_mips/host_dir/lib -L/home/zhangsiyu/pc018work-v15-at/apv5sdk-v15/build/gcc-4.3.3/build_mips/host_dir/usr/lib'
lt_cv_path_NM=/usr/bin/nm
lt_cv_path_SED=/bin/sed
lt_cv_prog_compiler_c_o=yes
lt_cv_prog_compiler_rtti_exceptions=no
lt_cv_prog_gnu_ld=yes
lt_cv_sys_global_symbol_pipe='sed -n -e '\''s/^.*[	 ]\([ABCDGIRSTW][ABCDGIRSTW]*\)[	 ][	 ]*\([_A-Za-z][_A-Za-z0-9]*\)$/\1 \2 \2/p'\'''
lt_cv_sys_global_symbol_to_c_name_address='sed -n -e '\''s/^: \([^ ]*\) $/  {\"\1\", (void *) 0},/p'\'' -e '\''s/^[ABCDGIRSTW]* \([^ ]*\) \([^ ]*\)$/  {"\2", (void *) \&\2},/p'\'''
lt_cv_sys_global_symbol_to_cdecl='sed -n -e '\''s/^T .* \(.*\)$/extern int \1();/p'\'' -e '\''s/^[ABCDGIRSTW]* .* \(.*\)$/extern char \1;/p'\'''
lt_cv_sys_max_cmd_len=805306365

## ----------------- ##
## Output variables. ##
## ----------------- ##

ACLOCAL='${SHELL} /home/zhangsiyu/pc018work-v15-at/apv5sdk-v15/build/gcc-4.3.3/toolchain_build_mips/binutils-2.19.1/missing --run aclocal-1.9'
AMDEPBACKSLASH='\'
AMDEP_FALSE='#'
AMDEP_TRUE=''
AMTAR='${SHELL} /home/zhangsiyu/pc018work-v15-at/apv5sdk-v15/build/gcc-4.3.3/toolchain_build_mips/binutils-2.19.1/missing --run tar'
AR='/usr/bin/ar'
AUTOCONF='${SHELL} /home/zhangsiyu/pc018work-v15-at/apv5sdk-v15/build/gcc-4.3.3/toolchain_build_mips/binutils-2.19.1/missing --run autoconf'
AUTOHEADER='${SHELL} /home/zhangsiyu/pc018work-v15-at/apv5sdk-v15/build/gcc-4.3.3/toolchain_build_mips/binutils-2.19.1/missing --run autoheader'
AUTOMAKE='${SHELL} /home/zhangsiyu/pc018work-v15-at/apv5sdk-v15/build/gcc-4.3.3/toolchain_build_mips/binutils-2.19.1/missing --run automake-1.9'
AWK='gawk'
BFD_MACHINES=' mips-dis.lo mips-opc.lo mips16-opc.lo'
CATALOGS=''
CATOBJEXT=''
CC='/usr/bin/gcc -I/home/zhangsiyu/pc018work-v15-at/apv5sdk-v15/build/gcc-4.3.3/build_mips/host_dir/include -I/home/zhangsiyu/pc018work-v15-at/apv5sdk-v15/build/gcc-4.3.3/build_mips/host_dir/usr/include'
CCDEPMODE='depmode=gcc3'
CC_FOR_BUILD='/usr/bin/gcc -I/home/zhangsiyu/pc018work-v15-at/apv5sdk-v15/build/gcc-4.3.3/build_mips/host_dir/include -I/home/zhangsiyu/pc018work-v15-at/apv5sdk-v15/build/gcc-4.3.3/build_mips/host_dir/usr/include'
CFLAGS='-g -O2'
CGEN_MAINT_FALSE=''
CGEN_MAINT_TRUE='#'
CPP='/usr/bin/gcc -I/home/zhangsiyu/pc018work-v15-at/apv5sdk-v15/build/gcc-4.3.3/build_mips/host_dir/include -I/home/zhangsiyu/pc018work-v15-at/apv5sdk-v15/build/gcc-4.3.3/build_mips/host_dir/usr/include -E'
CPPFLAGS=''
CYGPATH_W='echo'
DATADIRNAME=''
DEFS='-DHAVE_CONFIG_H'
DEPDIR='.deps'
DUMPBIN=''
ECHO_C=''
ECHO_N='-n'
ECHO_T=''
EGREP='grep -E'
EXEEXT=''
EXEEXT_FOR_BUILD='$(EXEEXT)'
FGREP='grep -F'
GENCAT=''
GMSGFMT='/usr/bin/msgfmt'
GREP='grep'
HDEFINES=''
INCINTL=''
INSTALL_DATA='/usr/bin/install -c -m 644'
INSTALL_LIBBFD_FALSE=''
INSTALL_LIBBFD_TRUE='#'
INSTALL_PROGRAM='/usr/bin/install -c'
INSTALL_SCRIPT='/usr/bin/install -c'
INSTALL_STRIP_PROGRAM='${SHELL} $(install_sh) -c -s'
INSTOBJEXT=''
LD='/usr/bin/ld -L/home/zhangsiyu/pc018work-v15-at/apv5sdk-v15/build/gcc-4.3.3/build_mips/host_dir/lib -L/home/zhangsiyu/pc018work-v15-at/apv5sdk-v15/build/gcc-4.3.3/build_mips/host_dir/usr/lib'
LDFLAGS=''
LIBINTL=''
LIBINTL_DEP=''
LIBOBJS=''
LIBS=''
LIBTOOL='$(SHELL) $(top_builddir)/libtool'
LN_S='ln -s'
LTLIBOBJS=''
MAINT='#'
MAINTAINER_MODE_FALSE=''
MAINTAINER_MODE_TRUE='#'
MAKEINFO='makeinfo --split-size=5000000'
MKINSTALLDIRS='/home/zhangsiyu/pc018work-v15-at/apv5sdk-v15/build/gcc-4.3.3/toolchain_build_mips/binutils-2.19.1/opcodes/../mkinstalldirs'
MSGFMT='/usr/bin/msgfmt'
MSGMERGE='/usr/bin/msgmerge'
NM='/usr/bin/nm'
NO_WERROR=''
OBJEXT='o'
PACKAGE='opcodes'
PACKAGE_BUGREPORT=''
PACKAGE_NAME=''
PACKAGE_STRING=''
PACKAGE_TARNAME=''
PACKAGE_VERSION=''
PATH_SEPARATOR=':'
POSUB=''
RANLIB='ranlib'
SED='/bin/sed'
SET_MAKE=''
SHARED_DEPENDENCIES=''
SHARED_LDFLAGS=''
SHARED_LIBADD=''
SHELL='/bin/sh'
STRIP='mips-linux-uclibc-strip'
USE_NLS='no'
VERSION='2.19.1'
WARN_CFLAGS='-W -Wall -Wstrict-prototypes -Wmissing-prototypes'
XGETTEXT='/usr/bin/xgettext'
ac_ct_AR=''
ac_ct_CC=''
ac_ct_DUMPBIN=''
ac_ct_RANLIB=''
ac_ct_STRIP=''
am__fastdepCC_FALSE='#'
am__fastdepCC_TRUE=''
am__include='include'
am__leading_dot='.'
am__quote=''
am__tar='${AMTAR} chof - "$$tardir"'
am__untar='${AMTAR} xf -'
archdefs=' -DARCH_mips'
bfdincludedir='$(exec_prefix)/$(host_noncanonical)/$(target_noncanonical)/include'
bfdlibdir='$(exec_prefix)/$(host_noncanonical)/$(target_noncanonical)/lib'
bindir='${exec_prefix}/bin'
build='i386-pc-linux-gnu'
build_alias='i386-pc-linux-gnu'
build_cpu='i386'
build_os='linux-gnu'
build_vendor='pc'
cgendir='$(srcdir)/../cgen'
datadir='${prefix}/share'
exec_prefix='${prefix}'
host='i386-pc-linux-gnu'
host_alias='i386-pc-linux-gnu'
host_cpu='i386'
host_noncanonical='i386-pc-linux-gnu'
host_os='linux-gnu'
host_vendor='pc'
includedir='${prefix}/include'
infodir='/usr/share/info'
install_sh='/home/zhangsiyu/pc018work-v15-at/apv5sdk-v15/build/gcc-4.3.3/toolchain_build_mips/binutils-2.19.1/install-sh'
libdir='${exec_prefix}/lib'
libexecdir='${exec_prefix}/libexec'
localstatedir='${prefix}/var'
lt_ECHO='echo'
mandir='/usr/share/man'
mkdir_p='mkdir -p --'
oldincludedir='/usr/include'
prefix='/usr'
program_transform_name='s,^,mips-linux-uclibc-,'
sbindir='${exec_prefix}/sbin'
sharedstatedir='${prefix}/com'
sysconfdir='${prefix}/etc'
target='mips-unknown-linux-uclibc'
target_alias='mips-linux-uclibc'
target_cpu='mips'
target_noncanonical='mips-linux-uclibc'
target_os='linux-uclibc'
target_vendor='unknown'

## ----------- ##
## confdefs.h. ##
## ----------- ##

#define HAVE_DECL_BASENAME 1
#define HAVE_DECL_STPCPY 1
#define HAVE_DLFCN_H 1
#define HAVE_INTTYPES_H 1
#define HAVE_LIMITS_H 1
#define HAVE_MEMORY_H 1
#define HAVE_STDINT_H 1
#define HAVE_STDLIB_H 1
#define HAVE_STDLIB_H 1
#define HAVE_STRINGS_H 1
#define HAVE_STRINGS_H 1
#define HAVE_STRING_H 1
#define HAVE_STRING_H 1
#define HAVE_SYS_STAT_H 1
#define HAVE_SYS_TYPES_H 1
#define HAVE_UNISTD_H 1
#define LT_OBJDIR ".libs/"
#define PACKAGE "opcodes"
#define PACKAGE_BUGREPORT ""
#define PACKAGE_NAME ""
#define PACKAGE_STRING ""
#define PACKAGE_TARNAME ""
#define PACKAGE_VERSION ""
#define STDC_HEADERS 1
#define VERSION "2.19.1"
#define _ALL_SOURCE 1
#define _GNU_SOURCE 1
#define _GNU_SOURCE 1
#define _POSIX_PTHREAD_SEMANTICS 1
#define _TANDEM_SOURCE 1
#define __EXTENSIONS__ 1

configure: exit 0
