This file contains any messages produced by compilers while
running configure, to aid debugging if configure makes a mistake.

It was created by configure, which was
generated by GNU Autoconf 2.67.  Invocation command line was

  $ ./configure --target=mips-linux --host=mips-linux --build= --program-prefix= --program-suffix= --prefix=/usr --exec-prefix=/usr --bindir=/usr/bin --sbindir=/usr/sbin --libexecdir=/usr/lib --sysconfdir=/etc --datadir=/usr/share --localstatedir=/var --mandir=/usr/man --infodir=/usr/info build_alias= host_alias=mips-linux target_alias=mips-linux CC=mips-linux-uclibc-gcc CFLAGS=-g -O2 -fPIC  -fPIC LDFLAGS=-L/home/zhangsiyu/pc018work-v15-at/apv5sdk-v15/build/../build/gcc-4.3.3/build_mips/staging_dir/usr/mips-linux-uclibc/lib/ -L/home/zhangsiyu/pc018work-v15-at/apv5sdk-v15/build/../rootfs-db12x_f1e.build/../autelan/openssl/src -lssl -lcrypto -L/home/zhangsiyu/pc018work-v15-at/apv5sdk-v15/build/../rootfs-db12x_f1e.build/../autelan/zlib-1.2.3/src -lz CPPFLAGS=-I/home/zhangsiyu/pc018work-v15-at/apv5sdk-v15/build/../build/gcc-4.3.3/build_mips/staging_dir/usr/mips-linux-uclibc/sys-include -I/home/zhangsiyu/pc018work-v15-at/apv5sdk-v15/build/../rootfs-db12x_f1e.build/../autelan/openssl/src/include -I/home/zhangsiyu/pc018work-v15-at/apv5sdk-v15/build/../rootfs-db12x_f1e.build/../autelan/zlib-1.2.3/src --no-create --no-recursion

## --------- ##
## Platform. ##
## --------- ##

hostname = debian
uname -m = i686
uname -r = 2.6.32-5-686
uname -s = Linux
uname -v = #1 SMP Mon Sep 23 23:00:18 UTC 2013

/usr/bin/uname -p = unknown
/bin/uname -X     = unknown

/bin/arch              = unknown
/usr/bin/arch -k       = unknown
/usr/convex/getsysinfo = unknown
/usr/bin/hostinfo      = unknown
/bin/machine           = unknown
/usr/bin/oslevel       = unknown
/bin/universe          = unknown

PATH: /home/zhangsiyu/pc018work-v15-at/apv5sdk-v15/build/../build/util
PATH: /home/zhangsiyu/pc018work-v15-at/apv5sdk-v15/build/../build/gcc-4.3.3/build_mips/staging_dir/usr//bin
PATH: /home/zhangsiyu/pc018work-v15-at/apv5sdk-v15/build/../linux
PATH: /home/zhangsiyu/pc018work-v15-at/apv5sdk-v15/build/../build
PATH: /home/zhangsiyu/pc018work-v15-at/apv5sdk-v15/build/../boot/redboot/ecos/tools/bin
PATH: `pwd`
PATH: /opt/hisi-linux/x86-arm/arm-hisiv200-linux/target/bin
PATH: /usr/local/bin
PATH: /usr/bin
PATH: /bin
PATH: /usr/local/games
PATH: /usr/games


## ----------- ##
## Core tests. ##
## ----------- ##

configure:2000: checking build system type
configure:2014: result: i686-pc-linux-gnu
configure:2034: checking host system type
configure:2047: result: mips-mips-linux-gnu
configure:2083: checking for a BSD-compatible install
configure:2151: result: /usr/bin/install -c
configure:2162: checking whether build environment is sane
configure:2199: result: yes
configure:2229: checking for gawk
configure:2245: found /usr/bin/gawk
configure:2256: result: gawk
configure:2267: checking whether make sets $(MAKE)
configure:2289: result: yes
configure:2366: checking for mips-linux-strip
configure:2393: result: mips-linux-uclibc-strip
configure:2466: checking whether make sets $(MAKE)
configure:2488: result: yes
configure:2502: checking for bash
configure:2530: result: /bin/sh
configure:2542: checking for gawk
configure:2569: result: gawk
configure:2588: checking for mips-linux-gcc
configure:2615: result: mips-linux-uclibc-gcc
configure:2884: checking for C compiler version
configure:2893: mips-linux-uclibc-gcc --version >&5
mips-linux-uclibc-gcc (GCC) 4.3.3
Copyright (C) 2008 Free Software Foundation, Inc.
This is free software; see the source for copying conditions.  There is NO
warranty; not even for MERCHANTABILITY or FITNESS FOR A PARTICULAR PURPOSE.

configure:2904: $? = 0
configure:2893: mips-linux-uclibc-gcc -v >&5
Using built-in specs.
Target: mips-linux-uclibc
Configured with: /home/zhangsiyu/pc018work-v15-at/apv5sdk-v15/build/gcc-4.3.3/toolchain_build_mips/gcc-4.3.3/configure --prefix=/usr --build=i386-pc-linux-gnu --host=i386-pc-linux-gnu --target=mips-linux-uclibc --enable-languages=c --with-sysroot=/home/zhangsiyu/pc018work-v15-at/apv5sdk-v15/build/gcc-4.3.3/build_mips/staging_dir --with-build-time-tools=/home/zhangsiyu/pc018work-v15-at/apv5sdk-v15/build/gcc-4.3.3/build_mips/staging_dir/usr/mips-linux-uclibc/bin --disable-__cxa_atexit --enable-target-optspace --with-gnu-ld --disable-libssp --disable-tls --enable-shared --with-gmp=/home/zhangsiyu/pc018work-v15-at/apv5sdk-v15/build/gcc-4.3.3/toolchain_build_mips/gmp --with-mpfr=/home/zhangsiyu/pc018work-v15-at/apv5sdk-v15/build/gcc-4.3.3/toolchain_build_mips/mpfr --disable-nls --enable-threads --disable-multilib --disable-decimal-float --with-float=soft --with-abi=32 --with-tune=mips32r2
Thread model: posix
gcc version 4.3.3 (GCC) 
configure:2904: $? = 0
configure:2893: mips-linux-uclibc-gcc -V >&5
mips-linux-uclibc-gcc: '-V' option must have argument
configure:2904: $? = 1
configure:2893: mips-linux-uclibc-gcc -qversion >&5
mips-linux-uclibc-gcc: unrecognized option '-qversion'
mips-linux-uclibc-gcc: no input files
configure:2904: $? = 1
configure:2924: checking whether the C compiler works
configure:2946: mips-linux-uclibc-gcc -g -O2 -fPIC  -fPIC -I/home/zhangsiyu/pc018work-v15-at/apv5sdk-v15/build/../build/gcc-4.3.3/build_mips/staging_dir/usr/mips-linux-uclibc/sys-include -I/home/zhangsiyu/pc018work-v15-at/apv5sdk-v15/build/../rootfs-db12x_f1e.build/../autelan/openssl/src/include -I/home/zhangsiyu/pc018work-v15-at/apv5sdk-v15/build/../rootfs-db12x_f1e.build/../autelan/zlib-1.2.3/src -L/home/zhangsiyu/pc018work-v15-at/apv5sdk-v15/build/../build/gcc-4.3.3/build_mips/staging_dir/usr/mips-linux-uclibc/lib/ -L/home/zhangsiyu/pc018work-v15-at/apv5sdk-v15/build/../rootfs-db12x_f1e.build/../autelan/openssl/src -lssl -lcrypto -L/home/zhangsiyu/pc018work-v15-at/apv5sdk-v15/build/../rootfs-db12x_f1e.build/../autelan/zlib-1.2.3/src -lz conftest.c  >&5
configure:2950: $? = 0
configure:2998: result: yes
configure:3001: checking for C compiler default output file name
configure:3003: result: a.out
configure:3009: checking for suffix of executables
configure:3016: mips-linux-uclibc-gcc -o conftest -g -O2 -fPIC  -fPIC -I/home/zhangsiyu/pc018work-v15-at/apv5sdk-v15/build/../build/gcc-4.3.3/build_mips/staging_dir/usr/mips-linux-uclibc/sys-include -I/home/zhangsiyu/pc018work-v15-at/apv5sdk-v15/build/../rootfs-db12x_f1e.build/../autelan/openssl/src/include -I/home/zhangsiyu/pc018work-v15-at/apv5sdk-v15/build/../rootfs-db12x_f1e.build/../autelan/zlib-1.2.3/src -L/home/zhangsiyu/pc018work-v15-at/apv5sdk-v15/build/../build/gcc-4.3.3/build_mips/staging_dir/usr/mips-linux-uclibc/lib/ -L/home/zhangsiyu/pc018work-v15-at/apv5sdk-v15/build/../rootfs-db12x_f1e.build/../autelan/openssl/src -lssl -lcrypto -L/home/zhangsiyu/pc018work-v15-at/apv5sdk-v15/build/../rootfs-db12x_f1e.build/../autelan/zlib-1.2.3/src -lz conftest.c  >&5
configure:3020: $? = 0
configure:3042: result: 
configure:3064: checking whether we are cross compiling
configure:3072: mips-linux-uclibc-gcc -o conftest -g -O2 -fPIC  -fPIC -I/home/zhangsiyu/pc018work-v15-at/apv5sdk-v15/build/../build/gcc-4.3.3/build_mips/staging_dir/usr/mips-linux-uclibc/sys-include -I/home/zhangsiyu/pc018work-v15-at/apv5sdk-v15/build/../rootfs-db12x_f1e.build/../autelan/openssl/src/include -I/home/zhangsiyu/pc018work-v15-at/apv5sdk-v15/build/../rootfs-db12x_f1e.build/../autelan/zlib-1.2.3/src -L/home/zhangsiyu/pc018work-v15-at/apv5sdk-v15/build/../build/gcc-4.3.3/build_mips/staging_dir/usr/mips-linux-uclibc/lib/ -L/home/zhangsiyu/pc018work-v15-at/apv5sdk-v15/build/../rootfs-db12x_f1e.build/../autelan/openssl/src -lssl -lcrypto -L/home/zhangsiyu/pc018work-v15-at/apv5sdk-v15/build/../rootfs-db12x_f1e.build/../autelan/zlib-1.2.3/src -lz conftest.c  >&5
configure:3076: $? = 0
configure:3083: ./conftest
./configure: line 3085: ./conftest: cannot execute binary file
configure:3087: $? = 126
configure:3102: result: yes
configure:3107: checking for suffix of object files
configure:3129: mips-linux-uclibc-gcc -c -g -O2 -fPIC  -fPIC -I/home/zhangsiyu/pc018work-v15-at/apv5sdk-v15/build/../build/gcc-4.3.3/build_mips/staging_dir/usr/mips-linux-uclibc/sys-include -I/home/zhangsiyu/pc018work-v15-at/apv5sdk-v15/build/../rootfs-db12x_f1e.build/../autelan/openssl/src/include -I/home/zhangsiyu/pc018work-v15-at/apv5sdk-v15/build/../rootfs-db12x_f1e.build/../autelan/zlib-1.2.3/src conftest.c >&5
configure:3133: $? = 0
configure:3154: result: o
configure:3158: checking whether we are using the GNU C compiler
configure:3177: mips-linux-uclibc-gcc -c -g -O2 -fPIC  -fPIC -I/home/zhangsiyu/pc018work-v15-at/apv5sdk-v15/build/../build/gcc-4.3.3/build_mips/staging_dir/usr/mips-linux-uclibc/sys-include -I/home/zhangsiyu/pc018work-v15-at/apv5sdk-v15/build/../rootfs-db12x_f1e.build/../autelan/openssl/src/include -I/home/zhangsiyu/pc018work-v15-at/apv5sdk-v15/build/../rootfs-db12x_f1e.build/../autelan/zlib-1.2.3/src conftest.c >&5
configure:3177: $? = 0
configure:3186: result: yes
configure:3195: checking whether mips-linux-uclibc-gcc accepts -g
configure:3215: mips-linux-uclibc-gcc -c -g -I/home/zhangsiyu/pc018work-v15-at/apv5sdk-v15/build/../build/gcc-4.3.3/build_mips/staging_dir/usr/mips-linux-uclibc/sys-include -I/home/zhangsiyu/pc018work-v15-at/apv5sdk-v15/build/../rootfs-db12x_f1e.build/../autelan/openssl/src/include -I/home/zhangsiyu/pc018work-v15-at/apv5sdk-v15/build/../rootfs-db12x_f1e.build/../autelan/zlib-1.2.3/src conftest.c >&5
configure:3215: $? = 0
configure:3256: result: yes
configure:3273: checking for mips-linux-uclibc-gcc option to accept ISO C89
configure:3337: mips-linux-uclibc-gcc  -c -g -O2 -fPIC  -fPIC -I/home/zhangsiyu/pc018work-v15-at/apv5sdk-v15/build/../build/gcc-4.3.3/build_mips/staging_dir/usr/mips-linux-uclibc/sys-include -I/home/zhangsiyu/pc018work-v15-at/apv5sdk-v15/build/../rootfs-db12x_f1e.build/../autelan/openssl/src/include -I/home/zhangsiyu/pc018work-v15-at/apv5sdk-v15/build/../rootfs-db12x_f1e.build/../autelan/zlib-1.2.3/src conftest.c >&5
configure:3337: $? = 0
configure:3350: result: none needed
configure:3381: checking for style of include used by make
configure:3409: result: GNU
configure:3437: checking dependency style of mips-linux-uclibc-gcc
configure:3520: result: gcc3
configure:3538: checking whether ln -s works
configure:3542: result: yes
configure:3550: checking for library containing strerror
configure:3581: mips-linux-uclibc-gcc -o conftest -g -O2 -fPIC  -fPIC -I/home/zhangsiyu/pc018work-v15-at/apv5sdk-v15/build/../build/gcc-4.3.3/build_mips/staging_dir/usr/mips-linux-uclibc/sys-include -I/home/zhangsiyu/pc018work-v15-at/apv5sdk-v15/build/../rootfs-db12x_f1e.build/../autelan/openssl/src/include -I/home/zhangsiyu/pc018work-v15-at/apv5sdk-v15/build/../rootfs-db12x_f1e.build/../autelan/zlib-1.2.3/src -L/home/zhangsiyu/pc018work-v15-at/apv5sdk-v15/build/../build/gcc-4.3.3/build_mips/staging_dir/usr/mips-linux-uclibc/lib/ -L/home/zhangsiyu/pc018work-v15-at/apv5sdk-v15/build/../rootfs-db12x_f1e.build/../autelan/openssl/src -lssl -lcrypto -L/home/zhangsiyu/pc018work-v15-at/apv5sdk-v15/build/../rootfs-db12x_f1e.build/../autelan/zlib-1.2.3/src -lz conftest.c  >&5
configure:3581: $? = 0
configure:3598: result: none required
configure:3617: checking how to run the C preprocessor
configure:3648: mips-linux-uclibc-gcc -E -I/home/zhangsiyu/pc018work-v15-at/apv5sdk-v15/build/../build/gcc-4.3.3/build_mips/staging_dir/usr/mips-linux-uclibc/sys-include -I/home/zhangsiyu/pc018work-v15-at/apv5sdk-v15/build/../rootfs-db12x_f1e.build/../autelan/openssl/src/include -I/home/zhangsiyu/pc018work-v15-at/apv5sdk-v15/build/../rootfs-db12x_f1e.build/../autelan/zlib-1.2.3/src conftest.c
configure:3648: $? = 0
configure:3662: mips-linux-uclibc-gcc -E -I/home/zhangsiyu/pc018work-v15-at/apv5sdk-v15/build/../build/gcc-4.3.3/build_mips/staging_dir/usr/mips-linux-uclibc/sys-include -I/home/zhangsiyu/pc018work-v15-at/apv5sdk-v15/build/../rootfs-db12x_f1e.build/../autelan/openssl/src/include -I/home/zhangsiyu/pc018work-v15-at/apv5sdk-v15/build/../rootfs-db12x_f1e.build/../autelan/zlib-1.2.3/src conftest.c
conftest.c:11:28: error: ac_nonexistent.h: No such file or directory
configure:3662: $? = 1
configure: failed program was:
| /* confdefs.h */
| #define PACKAGE_NAME ""
| #define PACKAGE_TARNAME ""
| #define PACKAGE_VERSION ""
| #define PACKAGE_STRING ""
| #define PACKAGE_BUGREPORT ""
| #define PACKAGE_URL ""
| #define PACKAGE "libmxml"
| #define VERSION "0.9.1"
| /* end confdefs.h.  */
| #include <ac_nonexistent.h>
configure:3687: result: mips-linux-uclibc-gcc -E
configure:3707: mips-linux-uclibc-gcc -E -I/home/zhangsiyu/pc018work-v15-at/apv5sdk-v15/build/../build/gcc-4.3.3/build_mips/staging_dir/usr/mips-linux-uclibc/sys-include -I/home/zhangsiyu/pc018work-v15-at/apv5sdk-v15/build/../rootfs-db12x_f1e.build/../autelan/openssl/src/include -I/home/zhangsiyu/pc018work-v15-at/apv5sdk-v15/build/../rootfs-db12x_f1e.build/../autelan/zlib-1.2.3/src conftest.c
configure:3707: $? = 0
configure:3721: mips-linux-uclibc-gcc -E -I/home/zhangsiyu/pc018work-v15-at/apv5sdk-v15/build/../build/gcc-4.3.3/build_mips/staging_dir/usr/mips-linux-uclibc/sys-include -I/home/zhangsiyu/pc018work-v15-at/apv5sdk-v15/build/../rootfs-db12x_f1e.build/../autelan/openssl/src/include -I/home/zhangsiyu/pc018work-v15-at/apv5sdk-v15/build/../rootfs-db12x_f1e.build/../autelan/zlib-1.2.3/src conftest.c
conftest.c:11:28: error: ac_nonexistent.h: No such file or directory
configure:3721: $? = 1
configure: failed program was:
| /* confdefs.h */
| #define PACKAGE_NAME ""
| #define PACKAGE_TARNAME ""
| #define PACKAGE_VERSION ""
| #define PACKAGE_STRING ""
| #define PACKAGE_BUGREPORT ""
| #define PACKAGE_URL ""
| #define PACKAGE "libmxml"
| #define VERSION "0.9.1"
| /* end confdefs.h.  */
| #include <ac_nonexistent.h>
configure:3750: checking for grep that handles long lines and -e
configure:3808: result: /bin/grep
configure:3813: checking for egrep
configure:3875: result: /bin/grep -E
configure:3880: checking for ANSI C header files
configure:3900: mips-linux-uclibc-gcc -c -g -O2 -fPIC  -fPIC -I/home/zhangsiyu/pc018work-v15-at/apv5sdk-v15/build/../build/gcc-4.3.3/build_mips/staging_dir/usr/mips-linux-uclibc/sys-include -I/home/zhangsiyu/pc018work-v15-at/apv5sdk-v15/build/../rootfs-db12x_f1e.build/../autelan/openssl/src/include -I/home/zhangsiyu/pc018work-v15-at/apv5sdk-v15/build/../rootfs-db12x_f1e.build/../autelan/zlib-1.2.3/src conftest.c >&5
configure:3900: $? = 0
configure:3984: result: yes
configure:3994: checking for working POSIX fnmatch
configure:4037: result: cross
configure:4047: checking for vprintf
configure:4047: mips-linux-uclibc-gcc -o conftest -g -O2 -fPIC  -fPIC -I/home/zhangsiyu/pc018work-v15-at/apv5sdk-v15/build/../build/gcc-4.3.3/build_mips/staging_dir/usr/mips-linux-uclibc/sys-include -I/home/zhangsiyu/pc018work-v15-at/apv5sdk-v15/build/../rootfs-db12x_f1e.build/../autelan/openssl/src/include -I/home/zhangsiyu/pc018work-v15-at/apv5sdk-v15/build/../rootfs-db12x_f1e.build/../autelan/zlib-1.2.3/src -L/home/zhangsiyu/pc018work-v15-at/apv5sdk-v15/build/../build/gcc-4.3.3/build_mips/staging_dir/usr/mips-linux-uclibc/lib/ -L/home/zhangsiyu/pc018work-v15-at/apv5sdk-v15/build/../rootfs-db12x_f1e.build/../autelan/openssl/src -lssl -lcrypto -L/home/zhangsiyu/pc018work-v15-at/apv5sdk-v15/build/../rootfs-db12x_f1e.build/../autelan/zlib-1.2.3/src -lz conftest.c  >&5
conftest.c:35: warning: conflicting types for built-in function 'vprintf'
configure:4047: $? = 0
configure:4047: result: yes
configure:4053: checking for _doprnt
configure:4053: mips-linux-uclibc-gcc -o conftest -g -O2 -fPIC  -fPIC -I/home/zhangsiyu/pc018work-v15-at/apv5sdk-v15/build/../build/gcc-4.3.3/build_mips/staging_dir/usr/mips-linux-uclibc/sys-include -I/home/zhangsiyu/pc018work-v15-at/apv5sdk-v15/build/../rootfs-db12x_f1e.build/../autelan/openssl/src/include -I/home/zhangsiyu/pc018work-v15-at/apv5sdk-v15/build/../rootfs-db12x_f1e.build/../autelan/zlib-1.2.3/src -L/home/zhangsiyu/pc018work-v15-at/apv5sdk-v15/build/../build/gcc-4.3.3/build_mips/staging_dir/usr/mips-linux-uclibc/lib/ -L/home/zhangsiyu/pc018work-v15-at/apv5sdk-v15/build/../rootfs-db12x_f1e.build/../autelan/openssl/src -lssl -lcrypto -L/home/zhangsiyu/pc018work-v15-at/apv5sdk-v15/build/../rootfs-db12x_f1e.build/../autelan/zlib-1.2.3/src -lz conftest.c  >&5
/tmp/ccaAUL5M.o: In function `main':
/home/zhangsiyu/pc018work-v15-at/apv5sdk-v15/autelan/libmxml-0.9.1/src/conftest.c:47: undefined reference to `_doprnt'
collect2: ld returned 1 exit status
configure:4053: $? = 1
configure: failed program was:
| /* confdefs.h */
| #define PACKAGE_NAME ""
| #define PACKAGE_TARNAME ""
| #define PACKAGE_VERSION ""
| #define PACKAGE_STRING ""
| #define PACKAGE_BUGREPORT ""
| #define PACKAGE_URL ""
| #define PACKAGE "libmxml"
| #define VERSION "0.9.1"
| #define STDC_HEADERS 1
| #define HAVE_VPRINTF 1
| /* end confdefs.h.  */
| /* Define _doprnt to an innocuous variant, in case <limits.h> declares _doprnt.
|    For example, HP-UX 11i <limits.h> declares gettimeofday.  */
| #define _doprnt innocuous__doprnt
| 
| /* System header to define __stub macros and hopefully few prototypes,
|     which can conflict with char _doprnt (); below.
|     Prefer <limits.h> to <assert.h> if __STDC__ is defined, since
|     <limits.h> exists even on freestanding compilers.  */
| 
| #ifdef __STDC__
| # include <limits.h>
| #else
| # include <assert.h>
| #endif
| 
| #undef _doprnt
| 
| /* Override any GCC internal prototype to avoid an error.
|    Use char because int might match the return type of a GCC
|    builtin and then its argument prototype would still apply.  */
| #ifdef __cplusplus
| extern "C"
| #endif
| char _doprnt ();
| /* The GNU C library defines this for functions which it implements
|     to always fail with ENOSYS.  Some functions are actually named
|     something starting with __ and the normal name is an alias.  */
| #if defined __stub__doprnt || defined __stub____doprnt
| choke me
| #endif
| 
| int
| main ()
| {
| return _doprnt ();
|   ;
|   return 0;
| }
configure:4053: result: no
configure:4263: creating ./config.status

## ---------------- ##
## Cache variables. ##
## ---------------- ##

ac_cv_build=i686-pc-linux-gnu
ac_cv_c_compiler_gnu=yes
ac_cv_env_CC_set=set
ac_cv_env_CC_value=mips-linux-uclibc-gcc
ac_cv_env_CFLAGS_set=set
ac_cv_env_CFLAGS_value='-g -O2 -fPIC  -fPIC'
ac_cv_env_CPPFLAGS_set=set
ac_cv_env_CPPFLAGS_value='-I/home/zhangsiyu/pc018work-v15-at/apv5sdk-v15/build/../build/gcc-4.3.3/build_mips/staging_dir/usr/mips-linux-uclibc/sys-include -I/home/zhangsiyu/pc018work-v15-at/apv5sdk-v15/build/../rootfs-db12x_f1e.build/../autelan/openssl/src/include -I/home/zhangsiyu/pc018work-v15-at/apv5sdk-v15/build/../rootfs-db12x_f1e.build/../autelan/zlib-1.2.3/src'
ac_cv_env_CPP_set=
ac_cv_env_CPP_value=
ac_cv_env_LDFLAGS_set=set
ac_cv_env_LDFLAGS_value='-L/home/zhangsiyu/pc018work-v15-at/apv5sdk-v15/build/../build/gcc-4.3.3/build_mips/staging_dir/usr/mips-linux-uclibc/lib/ -L/home/zhangsiyu/pc018work-v15-at/apv5sdk-v15/build/../rootfs-db12x_f1e.build/../autelan/openssl/src -lssl -lcrypto -L/home/zhangsiyu/pc018work-v15-at/apv5sdk-v15/build/../rootfs-db12x_f1e.build/../autelan/zlib-1.2.3/src -lz'
ac_cv_env_LIBS_set=
ac_cv_env_LIBS_value=
ac_cv_env_build_alias_set=set
ac_cv_env_build_alias_value=
ac_cv_env_host_alias_set=set
ac_cv_env_host_alias_value=mips-linux
ac_cv_env_target_alias_set=set
ac_cv_env_target_alias_value=mips-linux
ac_cv_func__doprnt=no
ac_cv_func_fnmatch_works=cross
ac_cv_func_vprintf=yes
ac_cv_header_stdc=yes
ac_cv_host=mips-mips-linux-gnu
ac_cv_objext=o
ac_cv_path_EGREP='/bin/grep -E'
ac_cv_path_GREP=/bin/grep
ac_cv_path_install='/usr/bin/install -c'
ac_cv_prog_AWK=gawk
ac_cv_prog_CC=mips-linux-uclibc-gcc
ac_cv_prog_CPP='mips-linux-uclibc-gcc -E'
ac_cv_prog_SHELL=/bin/sh
ac_cv_prog_STRIP=mips-linux-uclibc-strip
ac_cv_prog_cc_c89=
ac_cv_prog_cc_g=yes
ac_cv_prog_make_make_set=yes
ac_cv_search_strerror='none required'
am_cv_CC_dependencies_compiler_type=gcc3

## ----------------- ##
## Output variables. ##
## ----------------- ##

ACLOCAL='${SHELL} /home/zhangsiyu/pc018work-v15-at/apv5sdk-v15/autelan/libmxml-0.9.1/src/missing --run aclocal-1.7'
AMDEPBACKSLASH='\'
AMDEP_FALSE='#'
AMDEP_TRUE=''
AMTAR='${SHELL} /home/zhangsiyu/pc018work-v15-at/apv5sdk-v15/autelan/libmxml-0.9.1/src/missing --run tar'
AUTOCONF='${SHELL} /home/zhangsiyu/pc018work-v15-at/apv5sdk-v15/autelan/libmxml-0.9.1/src/missing --run autoconf'
AUTOHEADER='${SHELL} /home/zhangsiyu/pc018work-v15-at/apv5sdk-v15/autelan/libmxml-0.9.1/src/missing --run autoheader'
AUTOMAKE='${SHELL} /home/zhangsiyu/pc018work-v15-at/apv5sdk-v15/autelan/libmxml-0.9.1/src/missing --run automake-1.7'
AWK='gawk'
BUILD_LT_FALSE=''
BUILD_LT_TRUE='#'
BUILD_TESTS_FALSE=''
BUILD_TESTS_TRUE='#'
CC='mips-linux-uclibc-gcc'
CCDEPMODE='depmode=gcc3'
CFLAGS='-O2'
CPP='mips-linux-uclibc-gcc -E'
CPPFLAGS='-I/home/zhangsiyu/pc018work-v15-at/apv5sdk-v15/build/../build/gcc-4.3.3/build_mips/staging_dir/usr/mips-linux-uclibc/sys-include -I/home/zhangsiyu/pc018work-v15-at/apv5sdk-v15/build/../rootfs-db12x_f1e.build/../autelan/openssl/src/include -I/home/zhangsiyu/pc018work-v15-at/apv5sdk-v15/build/../rootfs-db12x_f1e.build/../autelan/zlib-1.2.3/src'
CYGPATH_W='echo'
DEFS='-DHAVE_CONFIG_H'
DEPDIR='.deps'
ECHO_C=''
ECHO_N='-n'
ECHO_T=''
EGREP='/bin/grep -E'
EXEEXT=''
GREP='/bin/grep'
INSTALL_DATA='${INSTALL} -m 644'
INSTALL_PROGRAM='${INSTALL}'
INSTALL_SCRIPT='${INSTALL}'
INSTALL_STRIP_PROGRAM='${SHELL} $(install_sh) -c -s'
LDFLAGS='-L/home/zhangsiyu/pc018work-v15-at/apv5sdk-v15/build/../build/gcc-4.3.3/build_mips/staging_dir/usr/mips-linux-uclibc/lib/ -L/home/zhangsiyu/pc018work-v15-at/apv5sdk-v15/build/../rootfs-db12x_f1e.build/../autelan/openssl/src -lssl -lcrypto -L/home/zhangsiyu/pc018work-v15-at/apv5sdk-v15/build/../rootfs-db12x_f1e.build/../autelan/zlib-1.2.3/src -lz'
LIBOBJS=''
LIBS=''
LN_S='ln -s'
LTLIBOBJS=''
MAKEINFO='${SHELL} /home/zhangsiyu/pc018work-v15-at/apv5sdk-v15/autelan/libmxml-0.9.1/src/missing --run makeinfo'
OBJEXT='o'
PACKAGE='libmxml'
PACKAGE_BUGREPORT=''
PACKAGE_NAME=''
PACKAGE_STRING=''
PACKAGE_TARNAME=''
PACKAGE_URL=''
PACKAGE_VERSION=''
PATH_SEPARATOR=':'
RANLIB='ranlib'
SET_MAKE=''
SHELL='/bin/sh'
STRIP='mips-linux-uclibc-strip'
SUBDIRS='lib test doc'
TOPDIR='/home/zhangsiyu/pc018work-v15-at/apv5sdk-v15/build/..'
VERSION='0.9.1'
ac_ct_CC=''
am__fastdepCC_FALSE='#'
am__fastdepCC_TRUE=''
am__include='include'
am__leading_dot='.'
am__quote=''
bindir='/usr/bin'
build='i686-pc-linux-gnu'
build_alias=''
build_cpu='i686'
build_os='linux-gnu'
build_vendor='pc'
datadir='/usr/share'
datarootdir='${prefix}/share'
docdir='${datarootdir}/doc/${PACKAGE}'
dvidir='${docdir}'
enable_doc='no'
exec_prefix='/usr'
host='mips-mips-linux-gnu'
host_alias='mips-linux'
host_cpu='mips'
host_os='linux-gnu'
host_vendor='mips'
htmldir='${docdir}'
includedir='${prefix}/include'
infodir='/usr/info'
install_sh='/home/zhangsiyu/pc018work-v15-at/apv5sdk-v15/autelan/libmxml-0.9.1/src/install-sh'
libdir='${exec_prefix}/lib'
libexecdir='/usr/lib'
localedir='${datarootdir}/locale'
localstatedir='/var'
mandir='/usr/man'
oldincludedir='/usr/include'
pdfdir='${docdir}'
prefix='/usr'
program_transform_name='s&$$&&;s&^&&'
psdir='${docdir}'
sbindir='/usr/sbin'
sharedstatedir='${prefix}/com'
sysconfdir='/etc'
target_alias='mips-linux'

## ----------- ##
## confdefs.h. ##
## ----------- ##

/* confdefs.h */
#define PACKAGE_NAME ""
#define PACKAGE_TARNAME ""
#define PACKAGE_VERSION ""
#define PACKAGE_STRING ""
#define PACKAGE_BUGREPORT ""
#define PACKAGE_URL ""
#define PACKAGE "libmxml"
#define VERSION "0.9.1"
#define STDC_HEADERS 1
#define HAVE_VPRINTF 1

configure: exit 0

## ---------------------- ##
## Running config.status. ##
## ---------------------- ##

This file was extended by config.status, which was
generated by GNU Autoconf 2.67.  Invocation command line was

  CONFIG_FILES    = 
  CONFIG_HEADERS  = 
  CONFIG_LINKS    = 
  CONFIG_COMMANDS = 
  $ ./config.status Makefile

on debian

config.status:864: creating Makefile

## ---------------------- ##
## Running config.status. ##
## ---------------------- ##

This file was extended by config.status, which was
generated by GNU Autoconf 2.67.  Invocation command line was

  CONFIG_FILES    = 
  CONFIG_HEADERS  = 
  CONFIG_LINKS    = 
  CONFIG_COMMANDS = 
  $ ./config.status config.h

on debian

config.status:864: creating config.h
config.status:1038: config.h is unchanged

## ---------------------- ##
## Running config.status. ##
## ---------------------- ##

This file was extended by config.status, which was
generated by GNU Autoconf 2.67.  Invocation command line was

  CONFIG_FILES    = 
  CONFIG_HEADERS  = 
  CONFIG_LINKS    = 
  CONFIG_COMMANDS = 
  $ ./config.status lib/Makefile depfiles

on debian

config.status:864: creating lib/Makefile
config.status:1085: executing depfiles commands

## ---------------------- ##
## Running config.status. ##
## ---------------------- ##

This file was extended by config.status, which was
generated by GNU Autoconf 2.67.  Invocation command line was

  CONFIG_FILES    = 
  CONFIG_HEADERS  = 
  CONFIG_LINKS    = 
  CONFIG_COMMANDS = 
  $ ./config.status test/Makefile depfiles

on debian

config.status:864: creating test/Makefile
config.status:1085: executing depfiles commands

## ---------------------- ##
## Running config.status. ##
## ---------------------- ##

This file was extended by config.status, which was
generated by GNU Autoconf 2.67.  Invocation command line was

  CONFIG_FILES    = 
  CONFIG_HEADERS  = 
  CONFIG_LINKS    = 
  CONFIG_COMMANDS = 
  $ ./config.status doc/Makefile

on debian

config.status:864: creating doc/Makefile
